#
# There is insufficient memory for the Java Runtime Environment to continue.
# Native memory allocation (malloc) failed to allocate 1374928 bytes for Chunk::new
# Possible reasons:
#   The system is out of physical RAM or swap space
#   The process is running with CompressedOops enabled, and the Java Heap may be blocking the growth of the native heap
# Possible solutions:
#   Reduce memory load on the system
#   Increase physical memory or swap space
#   Check if swap backing store is full
#   Decrease Java heap size (-Xmx/-Xms)
#   Decrease number of Java threads
#   Decrease Java thread stack sizes (-Xss)
#   Set larger code cache with -XX:ReservedCodeCacheSize=
#   JVM is running with Unscaled Compressed Oops mode in which the Java heap is
#     placed in the first 4GB address space. The Java Heap base address is the
#     maximum limit for the native heap growth. Please use -XX:HeapBaseMinAddress
#     to set the Java Heap base and to place the Java Heap above 4GB virtual address.
# This output file may be truncated or incomplete.
#
#  Out of Memory Error (arena.cpp:189), pid=7032, tid=6732
#
# JRE version: Java(TM) SE Runtime Environment (17.0.2+8) (build 17.0.2+8-LTS-86)
# Java VM: Java HotSpot(TM) 64-Bit Server VM (17.0.2+8-LTS-86, mixed mode, sharing, tiered, compressed oops, compressed class ptrs, g1 gc, windows-amd64)
# No core dump will be written. Minidumps are not enabled by default on client versions of Windows
#

---------------  S U M M A R Y ------------

Command Line: --module-path=C:\Users\Pavel\.m2\repository\org\openjfx\javafx-base\19-ea+3\javafx-base-19-ea+3-win.jar;C:\Users\Pavel\.m2\repository\org\openjfx\javafx-base\19-ea+3\javafx-base-19-ea+3.jar;C:\Users\Pavel\.m2\repository\org\openjfx\javafx-controls\19-ea+3\javafx-controls-19-ea+3-win.jar;C:\Users\Pavel\.m2\repository\org\openjfx\javafx-controls\19-ea+3\javafx-controls-19-ea+3.jar;C:\Users\Pavel\.m2\repository\org\openjfx\javafx-fxml\19-ea+3\javafx-fxml-19-ea+3-win.jar;C:\Users\Pavel\.m2\repository\org\openjfx\javafx-fxml\19-ea+3\javafx-fxml-19-ea+3.jar;C:\Users\Pavel\.m2\repository\org\openjfx\javafx-graphics\19-ea+3\javafx-graphics-19-ea+3-win.jar;C:\Users\Pavel\.m2\repository\org\openjfx\javafx-graphics\19-ea+3\javafx-graphics-19-ea+3.jar;C:\Users\Pavel\.m2\repository\org\openjfx\javafx-media\19-ea+3\javafx-media-19-ea+3-win.jar;C:\Users\Pavel\.m2\repository\org\openjfx\javafx-media\19-ea+3\javafx-media-19-ea+3.jar;C:\Users\Pavel\.m2\repository\org\openjfx\javafx-swing\19-ea+3\javafx-swing-19-ea+3-win.jar;C:\Users\Pavel\.m2\repository\org\openjfx\javafx-swing\19-ea+3\javafx-swing-19-ea+3.jar;C:\Users\Pavel\.m2\repository\org\openjfx\javafx-web\19-ea+3\javafx-web-19-ea+3-win.jar;C:\Users\Pavel\.m2\repository\org\openjfx\javafx-web\19-ea+3\javafx-web-19-ea+3.jar --add-modules=javafx.base,javafx.controls,javafx.fxml,javafx.graphics,javafx.media,javafx.swing,javafx.web com.lifehouse.raceth.Main

Host: Intel(R) Pentium(R) Silver N5000 CPU @ 1.10GHz, 4 cores, 3G,  Windows 10 , 64 bit Build 19041 (10.0.19041.662)
Time: Sat Apr 23 14:53:02 2022 RTZ 2 (s 10 , 64 bit Build 19041 (10.0.19041.662) elapsed time: 5.264550 seconds (0d 0h 0m 5s)

---------------  T H R E A D  ---------------

Current thread (0x000001b5b39b5470):  JavaThread "C2 CompilerThread0" daemon [_thread_in_native, id=6732, stack(0x0000006d18000000,0x0000006d18100000)]


Current CompileTask:
C2:   5264 4024 %     4       com.sun.marlin.Renderer::_endRendering @ 1910 (2473 bytes)

Stack: [0x0000006d18000000,0x0000006d18100000]
Native frames: (J=compiled Java code, j=interpreted, Vv=VM code, C=native code)
V  [jvm.dll+0x670baa]
V  [jvm.dll+0x7cfcb4]
V  [jvm.dll+0x7d145e]
V  [jvm.dll+0x7d1ac3]
V  [jvm.dll+0x242bc5]
V  [jvm.dll+0xaa57b]
V  [jvm.dll+0xaab0c]
V  [jvm.dll+0x35fd07]
V  [jvm.dll+0x1b9b68]
V  [jvm.dll+0x215de9]
V  [jvm.dll+0x2150b1]
V  [jvm.dll+0x1a1bbd]
V  [jvm.dll+0x224908]
V  [jvm.dll+0x222a6c]
V  [jvm.dll+0x7859bb]
V  [jvm.dll+0x77ff7a]
V  [jvm.dll+0x66fa35]
C  [ucrtbase.dll+0x214c2]
C  [KERNEL32.DLL+0x17034]
C  [ntdll.dll+0x4d0d1]


---------------  P R O C E S S  ---------------

Threads class SMR info:
_java_thread_list=0x000001b5d6db8bb0, length=20, elements={
0x000001b5b38e1a20, 0x000001b5b3995860, 0x000001b5b39982f0, 0x000001b5b39ac350,
0x000001b5b39af930, 0x000001b5b39afef0, 0x000001b5b39b04b0, 0x000001b5b39b5470,
0x000001b5cea06060, 0x000001b5cea1e630, 0x000001b5cf41b7d0, 0x000001b5cf753dc0,
0x000001b5cf7772f0, 0x000001b5cfb788b0, 0x000001b5cfbb4100, 0x000001b5cfd4e5a0,
0x000001b5cfda18c0, 0x000001b5cff78430, 0x000001b5d4ffc3f0, 0x000001b5cffaf530
}

Java Threads: ( => current thread )
  0x000001b5b38e1a20 JavaThread "main" [_thread_blocked, id=7972, stack(0x0000006d17300000,0x0000006d17400000)]
  0x000001b5b3995860 JavaThread "Reference Handler" daemon [_thread_blocked, id=3628, stack(0x0000006d17a00000,0x0000006d17b00000)]
  0x000001b5b39982f0 JavaThread "Finalizer" daemon [_thread_blocked, id=7432, stack(0x0000006d17b00000,0x0000006d17c00000)]
  0x000001b5b39ac350 JavaThread "Signal Dispatcher" daemon [_thread_blocked, id=7248, stack(0x0000006d17c00000,0x0000006d17d00000)]
  0x000001b5b39af930 JavaThread "Attach Listener" daemon [_thread_blocked, id=6208, stack(0x0000006d17d00000,0x0000006d17e00000)]
  0x000001b5b39afef0 JavaThread "Service Thread" daemon [_thread_blocked, id=1152, stack(0x0000006d17e00000,0x0000006d17f00000)]
  0x000001b5b39b04b0 JavaThread "Monitor Deflation Thread" daemon [_thread_blocked, id=10728, stack(0x0000006d17f00000,0x0000006d18000000)]
=>0x000001b5b39b5470 JavaThread "C2 CompilerThread0" daemon [_thread_in_native, id=6732, stack(0x0000006d18000000,0x0000006d18100000)]
  0x000001b5cea06060 JavaThread "C1 CompilerThread0" daemon [_thread_blocked, id=11420, stack(0x0000006d18100000,0x0000006d18200000)]
  0x000001b5cea1e630 JavaThread "Sweeper thread" daemon [_thread_blocked, id=3884, stack(0x0000006d18200000,0x0000006d18300000)]
  0x000001b5cf41b7d0 JavaThread "Common-Cleaner" daemon [_thread_blocked, id=11968, stack(0x0000006d18300000,0x0000006d18400000)]
  0x000001b5cf753dc0 JavaThread "Notification Thread" daemon [_thread_blocked, id=10940, stack(0x0000006d18500000,0x0000006d18600000)]
  0x000001b5cf7772f0 JavaThread "QuantumRenderer-0" daemon [_thread_blocked, id=9732, stack(0x0000006d18900000,0x0000006d18a00000)]
  0x000001b5cfb788b0 JavaThread "InvokeLaterDispatcher" daemon [_thread_blocked, id=8900, stack(0x0000006d18a00000,0x0000006d18b00000)]
  0x000001b5cfbb4100 JavaThread "JavaFX Application Thread" [_thread_in_native, id=11920, stack(0x0000006d18b00000,0x0000006d18c00000)]
  0x000001b5cfd4e5a0 JavaThread "JavaFX-Launcher" [_thread_blocked, id=8844, stack(0x0000006d19000000,0x0000006d19100000)]
  0x000001b5cfda18c0 JavaThread "Thread-2" daemon [_thread_in_native, id=7916, stack(0x0000006d18f00000,0x0000006d19000000)]
  0x000001b5cff78430 JavaThread "C2 CompilerThread1" daemon [_thread_in_native, id=7984, stack(0x0000006d19100000,0x0000006d19200000)]
  0x000001b5d4ffc3f0 JavaThread "Prism Font Disposer" daemon [_thread_blocked, id=3340, stack(0x0000006d19500000,0x0000006d19600000)]
  0x000001b5cffaf530 JavaThread "Cleaner-0" daemon [_thread_blocked, id=3804, stack(0x0000006d19800000,0x0000006d19900000)]

Other Threads:
  0x000001b5b3990c60 VMThread "VM Thread" [stack: 0x0000006d17900000,0x0000006d17a00000] [id=9808]
  0x000001b5b399d080 WatcherThread [stack: 0x0000006d18600000,0x0000006d18700000] [id=9212]
  0x000001b5b390e730 GCTaskThread "GC Thread#0" [stack: 0x0000006d17400000,0x0000006d17500000] [id=1104]
  0x000001b5cf908f60 GCTaskThread "GC Thread#1" [stack: 0x0000006d18400000,0x0000006d18500000] [id=4876]
  0x000001b5cf909210 GCTaskThread "GC Thread#2" [stack: 0x0000006d18700000,0x0000006d18800000] [id=11760]
  0x000001b5cf909a20 GCTaskThread "GC Thread#3" [stack: 0x0000006d18800000,0x0000006d18900000] [id=9336]
  0x000001b5b3918100 ConcurrentGCThread "G1 Main Marker" [stack: 0x0000006d17500000,0x0000006d17600000] [id=5240]
  0x000001b5b39192b0 ConcurrentGCThread "G1 Conc#0" [stack: 0x0000006d17600000,0x0000006d17700000] [id=11716]
  0x000001b5b3959020 ConcurrentGCThread "G1 Refine#0" [stack: 0x0000006d17700000,0x0000006d17800000] [id=2284]
  0x000001b5b395b660 ConcurrentGCThread "G1 Service" [stack: 0x0000006d17800000,0x0000006d17900000] [id=9200]

Threads with active compile tasks:
C2 CompilerThread0     5319 4024 %     4       com.sun.marlin.Renderer::_endRendering @ 1910 (2473 bytes)
C2 CompilerThread1     5319 3002   !   4       javafx.scene.CssStyleHelper::lookup (514 bytes)

VM state: not at safepoint (normal execution)

VM Mutex/Monitor currently owned by a thread:  ([mutex/lock_event])
[0x000001b5b1702f10] CodeCache_lock - owner thread: 0x000001b5cff78430
[0x000001b5b38deb80] Compile_lock - owner thread: 0x000001b5cff78430
[0x000001b5b38ddce0] MethodCompileQueue_lock - owner thread: 0x000001b5cff78430

Heap address: 0x00000000c2c00000, size: 980 MB, Compressed Oops mode: 32-bit

CDS archive(s) mapped at: [0x0000000800000000-0x0000000800bc0000-0x0000000800bc0000), size 12320768, SharedBaseAddress: 0x0000000800000000, ArchiveRelocationMode: 0.
Compressed class space mapped at: 0x0000000800c00000-0x0000000840c00000, reserved size: 1073741824
Narrow klass base: 0x0000000800000000, Narrow klass shift: 0, Narrow klass range: 0x100000000

GC Precious Log:
 CPUs: 4 total, 4 available
 Memory: 3919M
 Large Page Support: Disabled
 NUMA Support: Disabled
 Compressed Oops: Enabled (32-bit)
 Heap Region Size: 1M
 Heap Min Capacity: 8M
 Heap Initial Capacity: 62M
 Heap Max Capacity: 980M
 Pre-touch: Disabled
 Parallel Workers: 4
 Concurrent Workers: 1
 Concurrent Refinement Workers: 4
 Periodic GC: Disabled

Heap:
 garbage-first heap   total 133120K, used 69455K [0x00000000c2c00000, 0x0000000100000000)
  region size 1024K, 4 young (4096K), 2 survivors (2048K)
 Metaspace       used 18361K, committed 18688K, reserved 1073152K
  class space    used 2639K, committed 2816K, reserved 1048576K

Heap Regions: E=young(eden), S=young(survivor), O=old, HS=humongous(starts), HC=humongous(continues), CS=collection set, F=free, OA=open archive, CA=closed archive, TAMS=top-at-mark-start (previous, next)
|   0|0x00000000c2c00000, 0x00000000c2d00000, 0x00000000c2d00000|100%|HS|  |TAMS 0x00000000c2d00000, 0x00000000c2c00000| Complete 
|   1|0x00000000c2d00000, 0x00000000c2e00000, 0x00000000c2e00000|100%| O|  |TAMS 0x00000000c2e00000, 0x00000000c2d00000| Untracked 
|   2|0x00000000c2e00000, 0x00000000c2f00000, 0x00000000c2f00000|100%| O|  |TAMS 0x00000000c2f00000, 0x00000000c2e00000| Untracked 
|   3|0x00000000c2f00000, 0x00000000c3000000, 0x00000000c3000000|100%|HS|  |TAMS 0x00000000c3000000, 0x00000000c2f00000| Complete 
|   4|0x00000000c3000000, 0x00000000c3100000, 0x00000000c3100000|100%|HC|  |TAMS 0x00000000c3100000, 0x00000000c3000000| Complete 
|   5|0x00000000c3100000, 0x00000000c3200000, 0x00000000c3200000|100%| O|  |TAMS 0x00000000c3200000, 0x00000000c3100000| Untracked 
|   6|0x00000000c3200000, 0x00000000c3300000, 0x00000000c3300000|100%|HS|  |TAMS 0x00000000c3300000, 0x00000000c3200000| Complete 
|   7|0x00000000c3300000, 0x00000000c3400000, 0x00000000c3400000|100%|HC|  |TAMS 0x00000000c3400000, 0x00000000c3300000| Complete 
|   8|0x00000000c3400000, 0x00000000c3500000, 0x00000000c3500000|100%| O|  |TAMS 0x00000000c3500000, 0x00000000c3400000| Untracked 
|   9|0x00000000c3500000, 0x00000000c3600000, 0x00000000c3600000|100%|HS|  |TAMS 0x00000000c3600000, 0x00000000c3500000| Complete 
|  10|0x00000000c3600000, 0x00000000c3700000, 0x00000000c3700000|100%|HC|  |TAMS 0x00000000c3700000, 0x00000000c3600000| Complete 
|  11|0x00000000c3700000, 0x00000000c3800000, 0x00000000c3800000|100%| O|  |TAMS 0x00000000c3800000, 0x00000000c3700000| Untracked 
|  12|0x00000000c3800000, 0x00000000c3900000, 0x00000000c3900000|100%|HS|  |TAMS 0x00000000c3900000, 0x00000000c3800000| Complete 
|  13|0x00000000c3900000, 0x00000000c3a00000, 0x00000000c3a00000|100%|HC|  |TAMS 0x00000000c3a00000, 0x00000000c3900000| Complete 
|  14|0x00000000c3a00000, 0x00000000c3b00000, 0x00000000c3b00000|100%| O|  |TAMS 0x00000000c3b00000, 0x00000000c3a00000| Untracked 
|  15|0x00000000c3b00000, 0x00000000c3c00000, 0x00000000c3c00000|100%|HS|  |TAMS 0x00000000c3c00000, 0x00000000c3b00000| Complete 
|  16|0x00000000c3c00000, 0x00000000c3d00000, 0x00000000c3d00000|100%|HC|  |TAMS 0x00000000c3d00000, 0x00000000c3c00000| Complete 
|  17|0x00000000c3d00000, 0x00000000c3e00000, 0x00000000c3e00000|100%| O|  |TAMS 0x00000000c3e00000, 0x00000000c3d00000| Untracked 
|  18|0x00000000c3e00000, 0x00000000c3f00000, 0x00000000c3f00000|100%|HS|  |TAMS 0x00000000c3f00000, 0x00000000c3e00000| Complete 
|  19|0x00000000c3f00000, 0x00000000c4000000, 0x00000000c4000000|100%|HC|  |TAMS 0x00000000c4000000, 0x00000000c3f00000| Complete 
|  20|0x00000000c4000000, 0x00000000c4100000, 0x00000000c4100000|100%| O|  |TAMS 0x00000000c4100000, 0x00000000c4000000| Untracked 
|  21|0x00000000c4100000, 0x00000000c4200000, 0x00000000c4200000|100%|HS|  |TAMS 0x00000000c4200000, 0x00000000c4100000| Complete 
|  22|0x00000000c4200000, 0x00000000c4300000, 0x00000000c4300000|100%|HC|  |TAMS 0x00000000c4300000, 0x00000000c4200000| Complete 
|  23|0x00000000c4300000, 0x00000000c4400000, 0x00000000c4400000|100%| O|  |TAMS 0x00000000c4400000, 0x00000000c4300000| Untracked 
|  24|0x00000000c4400000, 0x00000000c4500000, 0x00000000c4500000|100%|HS|  |TAMS 0x00000000c4500000, 0x00000000c4400000| Complete 
|  25|0x00000000c4500000, 0x00000000c4600000, 0x00000000c4600000|100%|HC|  |TAMS 0x00000000c4600000, 0x00000000c4500000| Complete 
|  26|0x00000000c4600000, 0x00000000c4700000, 0x00000000c4700000|100%| O|  |TAMS 0x00000000c4700000, 0x00000000c4600000| Untracked 
|  27|0x00000000c4700000, 0x00000000c4800000, 0x00000000c4800000|100%| O|  |TAMS 0x00000000c4800000, 0x00000000c4700000| Untracked 
|  28|0x00000000c4800000, 0x00000000c4900000, 0x00000000c4900000|100%| O|  |TAMS 0x00000000c4900000, 0x00000000c4800000| Untracked 
|  29|0x00000000c4900000, 0x00000000c4a00000, 0x00000000c4a00000|100%| O|  |TAMS 0x00000000c4a00000, 0x00000000c4900000| Untracked 
|  30|0x00000000c4a00000, 0x00000000c4b00000, 0x00000000c4b00000|100%|HS|  |TAMS 0x00000000c4b00000, 0x00000000c4a00000| Complete 
|  31|0x00000000c4b00000, 0x00000000c4c00000, 0x00000000c4c00000|100%|HC|  |TAMS 0x00000000c4c00000, 0x00000000c4b00000| Complete 
|  32|0x00000000c4c00000, 0x00000000c4d00000, 0x00000000c4d00000|100%|HS|  |TAMS 0x00000000c4d00000, 0x00000000c4c00000| Complete 
|  33|0x00000000c4d00000, 0x00000000c4e00000, 0x00000000c4e00000|100%|HC|  |TAMS 0x00000000c4e00000, 0x00000000c4d00000| Complete 
|  34|0x00000000c4e00000, 0x00000000c4f00000, 0x00000000c4f00000|100%|HS|  |TAMS 0x00000000c4f00000, 0x00000000c4e00000| Complete 
|  35|0x00000000c4f00000, 0x00000000c5000000, 0x00000000c5000000|100%|HC|  |TAMS 0x00000000c5000000, 0x00000000c4f00000| Complete 
|  36|0x00000000c5000000, 0x00000000c5100000, 0x00000000c5100000|100%|HS|  |TAMS 0x00000000c5100000, 0x00000000c5000000| Complete 
|  37|0x00000000c5100000, 0x00000000c5200000, 0x00000000c5200000|100%|HC|  |TAMS 0x00000000c5200000, 0x00000000c5100000| Complete 
|  38|0x00000000c5200000, 0x00000000c5300000, 0x00000000c5300000|100%|HS|  |TAMS 0x00000000c5300000, 0x00000000c5200000| Complete 
|  39|0x00000000c5300000, 0x00000000c5400000, 0x00000000c5400000|100%|HC|  |TAMS 0x00000000c5400000, 0x00000000c5300000| Complete 
|  40|0x00000000c5400000, 0x00000000c5500000, 0x00000000c5500000|100%|HS|  |TAMS 0x00000000c5500000, 0x00000000c5400000| Complete 
|  41|0x00000000c5500000, 0x00000000c5600000, 0x00000000c5600000|100%|HC|  |TAMS 0x00000000c5600000, 0x00000000c5500000| Complete 
|  42|0x00000000c5600000, 0x00000000c5700000, 0x00000000c5700000|100%|HS|  |TAMS 0x00000000c5700000, 0x00000000c5600000| Complete 
|  43|0x00000000c5700000, 0x00000000c5800000, 0x00000000c5800000|100%|HC|  |TAMS 0x00000000c5800000, 0x00000000c5700000| Complete 
|  44|0x00000000c5800000, 0x00000000c5900000, 0x00000000c5900000|100%|HS|  |TAMS 0x00000000c5900000, 0x00000000c5800000| Complete 
|  45|0x00000000c5900000, 0x00000000c5a00000, 0x00000000c5a00000|100%|HC|  |TAMS 0x00000000c5a00000, 0x00000000c5900000| Complete 
|  46|0x00000000c5a00000, 0x00000000c5b00000, 0x00000000c5b00000|100%|HS|  |TAMS 0x00000000c5b00000, 0x00000000c5a00000| Complete 
|  47|0x00000000c5b00000, 0x00000000c5c00000, 0x00000000c5c00000|100%|HC|  |TAMS 0x00000000c5c00000, 0x00000000c5b00000| Complete 
|  48|0x00000000c5c00000, 0x00000000c5d00000, 0x00000000c5d00000|100%|HS|  |TAMS 0x00000000c5d00000, 0x00000000c5c00000| Complete 
|  49|0x00000000c5d00000, 0x00000000c5e00000, 0x00000000c5e00000|100%|HC|  |TAMS 0x00000000c5e00000, 0x00000000c5d00000| Complete 
|  50|0x00000000c5e00000, 0x00000000c5f00000, 0x00000000c5f00000|100%|HS|  |TAMS 0x00000000c5f00000, 0x00000000c5e00000| Complete 
|  51|0x00000000c5f00000, 0x00000000c6000000, 0x00000000c6000000|100%|HC|  |TAMS 0x00000000c6000000, 0x00000000c5f00000| Complete 
|  52|0x00000000c6000000, 0x00000000c6100000, 0x00000000c6100000|100%|HS|  |TAMS 0x00000000c6100000, 0x00000000c6000000| Complete 
|  53|0x00000000c6100000, 0x00000000c6200000, 0x00000000c6200000|100%|HC|  |TAMS 0x00000000c6200000, 0x00000000c6100000| Complete 
|  54|0x00000000c6200000, 0x00000000c6300000, 0x00000000c6300000|100%|HS|  |TAMS 0x00000000c6300000, 0x00000000c6200000| Complete 
|  55|0x00000000c6300000, 0x00000000c6400000, 0x00000000c6400000|100%|HC|  |TAMS 0x00000000c6400000, 0x00000000c6300000| Complete 
|  56|0x00000000c6400000, 0x00000000c6500000, 0x00000000c6500000|100%|HS|  |TAMS 0x00000000c6500000, 0x00000000c6400000| Complete 
|  57|0x00000000c6500000, 0x00000000c6600000, 0x00000000c6600000|100%|HC|  |TAMS 0x00000000c6600000, 0x00000000c6500000| Complete 
|  58|0x00000000c6600000, 0x00000000c6700000, 0x00000000c6700000|100%|HS|  |TAMS 0x00000000c6700000, 0x00000000c6600000| Complete 
|  59|0x00000000c6700000, 0x00000000c6800000, 0x00000000c6800000|100%|HC|  |TAMS 0x00000000c6800000, 0x00000000c6700000| Complete 
|  60|0x00000000c6800000, 0x00000000c6900000, 0x00000000c6900000|100%|HS|  |TAMS 0x00000000c6900000, 0x00000000c6800000| Complete 
|  61|0x00000000c6900000, 0x00000000c6a00000, 0x00000000c6a00000|100%|HC|  |TAMS 0x00000000c6a00000, 0x00000000c6900000| Complete 
|  62|0x00000000c6a00000, 0x00000000c6b00000, 0x00000000c6b00000|100%|HS|  |TAMS 0x00000000c6a00000, 0x00000000c6a00000| Complete 
|  63|0x00000000c6b00000, 0x00000000c6c00000, 0x00000000c6c00000|100%|HC|  |TAMS 0x00000000c6b00000, 0x00000000c6b00000| Complete 
|  64|0x00000000c6c00000, 0x00000000c6d00000, 0x00000000c6d00000|100%| O|  |TAMS 0x00000000c6d00000, 0x00000000c6c00000| Untracked 
|  65|0x00000000c6d00000, 0x00000000c6d8a200, 0x00000000c6e00000| 53%| O|  |TAMS 0x00000000c6d8a200, 0x00000000c6d00000| Untracked 
|  66|0x00000000c6e00000, 0x00000000c6e00000, 0x00000000c6f00000|  0%| F|  |TAMS 0x00000000c6e00000, 0x00000000c6e00000| Untracked 
|  67|0x00000000c6f00000, 0x00000000c6f00000, 0x00000000c7000000|  0%| F|  |TAMS 0x00000000c6f00000, 0x00000000c6f00000| Untracked 
|  68|0x00000000c7000000, 0x00000000c7000000, 0x00000000c7100000|  0%| F|  |TAMS 0x00000000c7000000, 0x00000000c7000000| Untracked 
|  69|0x00000000c7100000, 0x00000000c7100000, 0x00000000c7200000|  0%| F|  |TAMS 0x00000000c7100000, 0x00000000c7100000| Untracked 
|  70|0x00000000c7200000, 0x00000000c7200000, 0x00000000c7300000|  0%| F|  |TAMS 0x00000000c7200000, 0x00000000c7200000| Untracked 
|  71|0x00000000c7300000, 0x00000000c7300000, 0x00000000c7400000|  0%| F|  |TAMS 0x00000000c7300000, 0x00000000c7300000| Untracked 
|  72|0x00000000c7400000, 0x00000000c7400000, 0x00000000c7500000|  0%| F|  |TAMS 0x00000000c7400000, 0x00000000c7400000| Untracked 
|  73|0x00000000c7500000, 0x00000000c7500000, 0x00000000c7600000|  0%| F|  |TAMS 0x00000000c7500000, 0x00000000c7500000| Untracked 
|  74|0x00000000c7600000, 0x00000000c7600000, 0x00000000c7700000|  0%| F|  |TAMS 0x00000000c7600000, 0x00000000c7600000| Untracked 
|  75|0x00000000c7700000, 0x00000000c7700000, 0x00000000c7800000|  0%| F|  |TAMS 0x00000000c7700000, 0x00000000c7700000| Untracked 
|  76|0x00000000c7800000, 0x00000000c7800000, 0x00000000c7900000|  0%| F|  |TAMS 0x00000000c7800000, 0x00000000c7800000| Untracked 
|  77|0x00000000c7900000, 0x00000000c7900000, 0x00000000c7a00000|  0%| F|  |TAMS 0x00000000c7900000, 0x00000000c7900000| Untracked 
|  78|0x00000000c7a00000, 0x00000000c7a00000, 0x00000000c7b00000|  0%| F|  |TAMS 0x00000000c7a00000, 0x00000000c7a00000| Untracked 
|  79|0x00000000c7b00000, 0x00000000c7b00000, 0x00000000c7c00000|  0%| F|  |TAMS 0x00000000c7b00000, 0x00000000c7b00000| Untracked 
|  80|0x00000000c7c00000, 0x00000000c7c00000, 0x00000000c7d00000|  0%| F|  |TAMS 0x00000000c7c00000, 0x00000000c7c00000| Untracked 
|  81|0x00000000c7d00000, 0x00000000c7d00000, 0x00000000c7e00000|  0%| F|  |TAMS 0x00000000c7d00000, 0x00000000c7d00000| Untracked 
|  82|0x00000000c7e00000, 0x00000000c7e00000, 0x00000000c7f00000|  0%| F|  |TAMS 0x00000000c7e00000, 0x00000000c7e00000| Untracked 
|  83|0x00000000c7f00000, 0x00000000c7f00000, 0x00000000c8000000|  0%| F|  |TAMS 0x00000000c7f00000, 0x00000000c7f00000| Untracked 
|  84|0x00000000c8000000, 0x00000000c8000000, 0x00000000c8100000|  0%| F|  |TAMS 0x00000000c8000000, 0x00000000c8000000| Untracked 
|  85|0x00000000c8100000, 0x00000000c8100000, 0x00000000c8200000|  0%| F|  |TAMS 0x00000000c8100000, 0x00000000c8100000| Untracked 
|  86|0x00000000c8200000, 0x00000000c8200000, 0x00000000c8300000|  0%| F|  |TAMS 0x00000000c8200000, 0x00000000c8200000| Untracked 
|  87|0x00000000c8300000, 0x00000000c8300000, 0x00000000c8400000|  0%| F|  |TAMS 0x00000000c8300000, 0x00000000c8300000| Untracked 
|  88|0x00000000c8400000, 0x00000000c8400000, 0x00000000c8500000|  0%| F|  |TAMS 0x00000000c8400000, 0x00000000c8400000| Untracked 
|  89|0x00000000c8500000, 0x00000000c8500000, 0x00000000c8600000|  0%| F|  |TAMS 0x00000000c8500000, 0x00000000c8500000| Untracked 
|  90|0x00000000c8600000, 0x00000000c8600000, 0x00000000c8700000|  0%| F|  |TAMS 0x00000000c8600000, 0x00000000c8600000| Untracked 
|  91|0x00000000c8700000, 0x00000000c8700000, 0x00000000c8800000|  0%| F|  |TAMS 0x00000000c8700000, 0x00000000c8700000| Untracked 
|  92|0x00000000c8800000, 0x00000000c8800000, 0x00000000c8900000|  0%| F|  |TAMS 0x00000000c8800000, 0x00000000c8800000| Untracked 
|  93|0x00000000c8900000, 0x00000000c8900000, 0x00000000c8a00000|  0%| F|  |TAMS 0x00000000c8900000, 0x00000000c8900000| Untracked 
|  94|0x00000000c8a00000, 0x00000000c8a00000, 0x00000000c8b00000|  0%| F|  |TAMS 0x00000000c8a00000, 0x00000000c8a00000| Untracked 
|  95|0x00000000c8b00000, 0x00000000c8b00000, 0x00000000c8c00000|  0%| F|  |TAMS 0x00000000c8b00000, 0x00000000c8b00000| Untracked 
|  96|0x00000000c8c00000, 0x00000000c8c00000, 0x00000000c8d00000|  0%| F|  |TAMS 0x00000000c8c00000, 0x00000000c8c00000| Untracked 
|  97|0x00000000c8d00000, 0x00000000c8d00000, 0x00000000c8e00000|  0%| F|  |TAMS 0x00000000c8d00000, 0x00000000c8d00000| Untracked 
|  98|0x00000000c8e00000, 0x00000000c8e00000, 0x00000000c8f00000|  0%| F|  |TAMS 0x00000000c8e00000, 0x00000000c8e00000| Untracked 
|  99|0x00000000c8f00000, 0x00000000c8f00000, 0x00000000c9000000|  0%| F|  |TAMS 0x00000000c8f00000, 0x00000000c8f00000| Untracked 
| 100|0x00000000c9000000, 0x00000000c9000000, 0x00000000c9100000|  0%| F|  |TAMS 0x00000000c9000000, 0x00000000c9000000| Untracked 
| 101|0x00000000c9100000, 0x00000000c9100000, 0x00000000c9200000|  0%| F|  |TAMS 0x00000000c9100000, 0x00000000c9100000| Untracked 
| 102|0x00000000c9200000, 0x00000000c9200000, 0x00000000c9300000|  0%| F|  |TAMS 0x00000000c9200000, 0x00000000c9200000| Untracked 
| 103|0x00000000c9300000, 0x00000000c9300000, 0x00000000c9400000|  0%| F|  |TAMS 0x00000000c9300000, 0x00000000c9300000| Untracked 
| 104|0x00000000c9400000, 0x00000000c9400000, 0x00000000c9500000|  0%| F|  |TAMS 0x00000000c9400000, 0x00000000c9400000| Untracked 
| 105|0x00000000c9500000, 0x00000000c9500000, 0x00000000c9600000|  0%| F|  |TAMS 0x00000000c9500000, 0x00000000c9500000| Untracked 
| 106|0x00000000c9600000, 0x00000000c9600000, 0x00000000c9700000|  0%| F|  |TAMS 0x00000000c9600000, 0x00000000c9600000| Untracked 
| 107|0x00000000c9700000, 0x00000000c9700000, 0x00000000c9800000|  0%| F|  |TAMS 0x00000000c9700000, 0x00000000c9700000| Untracked 
| 108|0x00000000c9800000, 0x00000000c9800000, 0x00000000c9900000|  0%| F|  |TAMS 0x00000000c9800000, 0x00000000c9800000| Untracked 
| 109|0x00000000c9900000, 0x00000000c9900000, 0x00000000c9a00000|  0%| F|  |TAMS 0x00000000c9900000, 0x00000000c9900000| Untracked 
| 110|0x00000000c9a00000, 0x00000000c9a00000, 0x00000000c9b00000|  0%| F|  |TAMS 0x00000000c9a00000, 0x00000000c9a00000| Untracked 
| 111|0x00000000c9b00000, 0x00000000c9b00000, 0x00000000c9c00000|  0%| F|  |TAMS 0x00000000c9b00000, 0x00000000c9b00000| Untracked 
| 112|0x00000000c9c00000, 0x00000000c9c00000, 0x00000000c9d00000|  0%| F|  |TAMS 0x00000000c9c00000, 0x00000000c9c00000| Untracked 
| 113|0x00000000c9d00000, 0x00000000c9d00000, 0x00000000c9e00000|  0%| F|  |TAMS 0x00000000c9d00000, 0x00000000c9d00000| Untracked 
| 114|0x00000000c9e00000, 0x00000000c9e00000, 0x00000000c9f00000|  0%| F|  |TAMS 0x00000000c9e00000, 0x00000000c9e00000| Untracked 
| 115|0x00000000c9f00000, 0x00000000c9f00000, 0x00000000ca000000|  0%| F|  |TAMS 0x00000000c9f00000, 0x00000000c9f00000| Untracked 
| 116|0x00000000ca000000, 0x00000000ca000000, 0x00000000ca100000|  0%| F|  |TAMS 0x00000000ca000000, 0x00000000ca000000| Untracked 
| 117|0x00000000ca100000, 0x00000000ca100000, 0x00000000ca200000|  0%| F|  |TAMS 0x00000000ca100000, 0x00000000ca100000| Untracked 
| 118|0x00000000ca200000, 0x00000000ca200000, 0x00000000ca300000|  0%| F|  |TAMS 0x00000000ca200000, 0x00000000ca200000| Untracked 
| 119|0x00000000ca300000, 0x00000000ca300000, 0x00000000ca400000|  0%| F|  |TAMS 0x00000000ca300000, 0x00000000ca300000| Untracked 
| 120|0x00000000ca400000, 0x00000000ca400000, 0x00000000ca500000|  0%| F|  |TAMS 0x00000000ca400000, 0x00000000ca400000| Untracked 
| 121|0x00000000ca500000, 0x00000000ca500000, 0x00000000ca600000|  0%| F|  |TAMS 0x00000000ca500000, 0x00000000ca500000| Untracked 
| 122|0x00000000ca600000, 0x00000000ca600000, 0x00000000ca700000|  0%| F|  |TAMS 0x00000000ca600000, 0x00000000ca600000| Untracked 
| 123|0x00000000ca700000, 0x00000000ca700000, 0x00000000ca800000|  0%| F|  |TAMS 0x00000000ca700000, 0x00000000ca700000| Untracked 
| 124|0x00000000ca800000, 0x00000000ca849b30, 0x00000000ca900000| 28%| S|CS|TAMS 0x00000000ca800000, 0x00000000ca800000| Complete 
| 125|0x00000000ca900000, 0x00000000caa00000, 0x00000000caa00000|100%| S|CS|TAMS 0x00000000ca900000, 0x00000000ca900000| Complete 
| 126|0x00000000caa00000, 0x00000000caa00000, 0x00000000cab00000|  0%| F|  |TAMS 0x00000000caa00000, 0x00000000caa00000| Untracked 
| 127|0x00000000cab00000, 0x00000000cab00000, 0x00000000cac00000|  0%| F|  |TAMS 0x00000000cab00000, 0x00000000cab00000| Untracked 
| 128|0x00000000cac00000, 0x00000000cac40f30, 0x00000000cad00000| 25%| E|  |TAMS 0x00000000cac00000, 0x00000000cac00000| Complete 
| 129|0x00000000cad00000, 0x00000000cae00000, 0x00000000cae00000|100%| E|CS|TAMS 0x00000000cad00000, 0x00000000cad00000| Complete 

Card table byte_map: [0x000001b5ca330000,0x000001b5ca520000] _byte_map_base: 0x000001b5c9d1a000

Marking Bits (Prev, Next): (CMBitMap*) 0x000001b5b390fd50, (CMBitMap*) 0x000001b5b390fd90
 Prev Bits: [0x000001b5ca710000, 0x000001b5cb660000)
 Next Bits: [0x000001b5cb660000, 0x000001b5cc5b0000)

Polling page: 0x000001b5b30c0000

Metaspace:

Usage:
  Non-class:     15.35 MB used.
      Class:      2.58 MB used.
       Both:     17.93 MB used.

Virtual space:
  Non-class space:       24.00 MB reserved,      15.50 MB ( 65%) committed,  3 nodes.
      Class space:        1.00 GB reserved,       2.75 MB ( <1%) committed,  1 nodes.
             Both:        1.02 GB reserved,      18.25 MB (  2%) committed. 

Chunk freelists:
   Non-Class:  3.67 MB
       Class:  1.17 MB
        Both:  4.84 MB

MaxMetaspaceSize: unlimited
CompressedClassSpaceSize: 1.00 GB
Initial GC threshold: 21.00 MB
Current GC threshold: 30.31 MB
CDS: on
MetaspaceReclaimPolicy: balanced
 - commit_granule_bytes: 65536.
 - commit_granule_words: 8192.
 - virtual_space_node_default_size: 1048576.
 - enlarge_chunks_in_place: 1.
 - new_chunks_are_fully_committed: 0.
 - uncommit_free_chunks: 1.
 - use_allocation_guard: 0.
 - handle_deallocations: 1.


Internal statistics:

num_allocs_failed_limit: 0.
num_arena_births: 306.
num_arena_deaths: 0.
num_vsnodes_births: 4.
num_vsnodes_deaths: 0.
num_space_committed: 292.
num_space_uncommitted: 0.
num_chunks_returned_to_freelist: 0.
num_chunks_taken_from_freelist: 988.
num_chunk_merges: 0.
num_chunk_splits: 647.
num_chunks_enlarged: 450.
num_purges: 0.
num_inconsistent_stats: 0.

CodeHeap 'non-profiled nmethods': size=120000Kb used=1547Kb max_used=1547Kb free=118452Kb
 bounds [0x000001b5c2c10000, 0x000001b5c2e80000, 0x000001b5ca140000]
CodeHeap 'profiled nmethods': size=120000Kb used=7920Kb max_used=7920Kb free=112079Kb
 bounds [0x000001b5bb6e0000, 0x000001b5bbea0000, 0x000001b5c2c10000]
CodeHeap 'non-nmethods': size=5760Kb used=1423Kb max_used=1474Kb free=4336Kb
 bounds [0x000001b5bb140000, 0x000001b5bb3b0000, 0x000001b5bb6e0000]
 total_blobs=4875 nmethods=4086 adapters=700
 compilation: enabled
              stopped_count=0, restarted_count=0
 full_count=0

Compilation events (20 events):
Event: 5.241 Thread 0x000001b5cea06060 4086       3       com.sun.prism.impl.ManagedResource::bumpAge (18 bytes)
Event: 5.241 Thread 0x000001b5cea06060 nmethod 4086 0x000001b5bbe99310 code [0x000001b5bbe994a0, 0x000001b5bbe995f8]
Event: 5.241 Thread 0x000001b5cea06060 4084       3       java.io.Writer::write (11 bytes)
Event: 5.241 Thread 0x000001b5cea06060 nmethod 4084 0x000001b5bbe99690 code [0x000001b5bbe99840, 0x000001b5bbe99b28]
Event: 5.252 Thread 0x000001b5cea06060 4087       1       javafx.scene.input.MouseEvent::getScreenX (5 bytes)
Event: 5.252 Thread 0x000001b5cea06060 nmethod 4087 0x000001b5c2d82590 code [0x000001b5c2d82720, 0x000001b5c2d827f8]
Event: 5.252 Thread 0x000001b5cea06060 4088       1       javafx.scene.input.MouseEvent::getScreenY (5 bytes)
Event: 5.252 Thread 0x000001b5cea06060 nmethod 4088 0x000001b5c2d82890 code [0x000001b5c2d82a20, 0x000001b5c2d82af8]
Event: 5.252 Thread 0x000001b5cea06060 4089       1       javafx.scene.input.MouseEvent::getButton (5 bytes)
Event: 5.252 Thread 0x000001b5cea06060 nmethod 4089 0x000001b5c2d82b90 code [0x000001b5c2d82d20, 0x000001b5c2d82df8]
Event: 5.253 Thread 0x000001b5cea06060 4090       1       javafx.scene.input.MouseEvent::isPrimaryButtonDown (5 bytes)
Event: 5.253 Thread 0x000001b5cea06060 nmethod 4090 0x000001b5c2d82e90 code [0x000001b5c2d83020, 0x000001b5c2d830f8]
Event: 5.253 Thread 0x000001b5cea06060 4091       1       javafx.scene.input.MouseEvent::isMiddleButtonDown (5 bytes)
Event: 5.253 Thread 0x000001b5cea06060 nmethod 4091 0x000001b5c2d83190 code [0x000001b5c2d83320, 0x000001b5c2d833f8]
Event: 5.253 Thread 0x000001b5cea06060 4092       1       javafx.scene.input.MouseEvent::isSecondaryButtonDown (5 bytes)
Event: 5.253 Thread 0x000001b5cea06060 nmethod 4092 0x000001b5c2d83490 code [0x000001b5c2d83620, 0x000001b5c2d836f8]
Event: 5.253 Thread 0x000001b5cea06060 4093       1       javafx.scene.input.MouseEvent::isBackButtonDown (5 bytes)
Event: 5.253 Thread 0x000001b5cea06060 nmethod 4093 0x000001b5c2d83790 code [0x000001b5c2d83920, 0x000001b5c2d839f8]
Event: 5.253 Thread 0x000001b5cea06060 4094       1       javafx.scene.input.MouseEvent::isForwardButtonDown (5 bytes)
Event: 5.253 Thread 0x000001b5cea06060 nmethod 4094 0x000001b5c2d83a90 code [0x000001b5c2d83c20, 0x000001b5c2d83cf8]

GC Heap History (20 events):
Event: 2.304 GC heap before
{Heap before GC invocations=11 (full 0):
 garbage-first heap   total 70656K, used 39854K [0x00000000c2c00000, 0x0000000100000000)
  region size 1024K, 2 young (2048K), 1 survivors (1024K)
 Metaspace       used 10362K, committed 10624K, reserved 1064960K
  class space    used 1389K, committed 1536K, reserved 1048576K
}
Event: 2.305 GC heap after
{Heap after GC invocations=12 (full 0):
 garbage-first heap   total 70656K, used 38851K [0x00000000c2c00000, 0x0000000100000000)
  region size 1024K, 1 young (1024K), 1 survivors (1024K)
 Metaspace       used 10362K, committed 10624K, reserved 1064960K
  class space    used 1389K, committed 1536K, reserved 1048576K
}
Event: 2.337 GC heap before
{Heap before GC invocations=13 (full 0):
 garbage-first heap   total 73728K, used 42947K [0x00000000c2c00000, 0x0000000100000000)
  region size 1024K, 2 young (2048K), 1 survivors (1024K)
 Metaspace       used 10368K, committed 10624K, reserved 1064960K
  class space    used 1390K, committed 1536K, reserved 1048576K
}
Event: 2.339 GC heap after
{Heap after GC invocations=14 (full 0):
 garbage-first heap   total 73728K, used 41934K [0x00000000c2c00000, 0x0000000100000000)
  region size 1024K, 1 young (1024K), 1 survivors (1024K)
 Metaspace       used 10368K, committed 10624K, reserved 1064960K
  class space    used 1390K, committed 1536K, reserved 1048576K
}
Event: 2.513 GC heap before
{Heap before GC invocations=15 (full 0):
 garbage-first heap   total 76800K, used 47054K [0x00000000c2c00000, 0x0000000100000000)
  region size 1024K, 5 young (5120K), 1 survivors (1024K)
 Metaspace       used 10636K, committed 10880K, reserved 1064960K
  class space    used 1420K, committed 1536K, reserved 1048576K
}
Event: 2.515 GC heap after
{Heap after GC invocations=16 (full 0):
 garbage-first heap   total 76800K, used 43536K [0x00000000c2c00000, 0x0000000100000000)
  region size 1024K, 1 young (1024K), 1 survivors (1024K)
 Metaspace       used 10636K, committed 10880K, reserved 1064960K
  class space    used 1420K, committed 1536K, reserved 1048576K
}
Event: 2.542 GC heap before
{Heap before GC invocations=17 (full 0):
 garbage-first heap   total 81920K, used 47632K [0x00000000c2c00000, 0x0000000100000000)
  region size 1024K, 2 young (2048K), 1 survivors (1024K)
 Metaspace       used 10637K, committed 10880K, reserved 1064960K
  class space    used 1420K, committed 1536K, reserved 1048576K
}
Event: 2.544 GC heap after
{Heap after GC invocations=18 (full 0):
 garbage-first heap   total 81920K, used 46661K [0x00000000c2c00000, 0x0000000100000000)
  region size 1024K, 1 young (1024K), 1 survivors (1024K)
 Metaspace       used 10637K, committed 10880K, reserved 1064960K
  class space    used 1420K, committed 1536K, reserved 1048576K
}
Event: 2.574 GC heap before
{Heap before GC invocations=19 (full 0):
 garbage-first heap   total 86016K, used 51781K [0x00000000c2c00000, 0x0000000100000000)
  region size 1024K, 2 young (2048K), 1 survivors (1024K)
 Metaspace       used 10669K, committed 10880K, reserved 1064960K
  class space    used 1421K, committed 1536K, reserved 1048576K
}
Event: 2.576 GC heap after
{Heap after GC invocations=20 (full 0):
 garbage-first heap   total 86016K, used 49781K [0x00000000c2c00000, 0x0000000100000000)
  region size 1024K, 1 young (1024K), 1 survivors (1024K)
 Metaspace       used 10669K, committed 10880K, reserved 1064960K
  class space    used 1421K, committed 1536K, reserved 1048576K
}
Event: 2.602 GC heap before
{Heap before GC invocations=21 (full 0):
 garbage-first heap   total 92160K, used 53877K [0x00000000c2c00000, 0x0000000100000000)
  region size 1024K, 2 young (2048K), 1 survivors (1024K)
 Metaspace       used 10682K, committed 11008K, reserved 1064960K
  class space    used 1422K, committed 1600K, reserved 1048576K
}
Event: 2.605 GC heap after
{Heap after GC invocations=22 (full 0):
 garbage-first heap   total 133120K, used 52822K [0x00000000c2c00000, 0x0000000100000000)
  region size 1024K, 1 young (1024K), 1 survivors (1024K)
 Metaspace       used 10682K, committed 11008K, reserved 1064960K
  class space    used 1422K, committed 1600K, reserved 1048576K
}
Event: 4.222 GC heap before
{Heap before GC invocations=22 (full 0):
 garbage-first heap   total 133120K, used 100950K [0x00000000c2c00000, 0x0000000100000000)
  region size 1024K, 42 young (43008K), 1 survivors (1024K)
 Metaspace       used 16642K, committed 16832K, reserved 1064960K
  class space    used 2472K, committed 2560K, reserved 1048576K
}
Event: 4.243 GC heap after
{Heap after GC invocations=23 (full 0):
 garbage-first heap   total 133120K, used 65129K [0x00000000c2c00000, 0x0000000100000000)
  region size 1024K, 8 young (8192K), 8 survivors (8192K)
 Metaspace       used 16642K, committed 16832K, reserved 1064960K
  class space    used 2472K, committed 2560K, reserved 1048576K
}
Event: 4.665 GC heap before
{Heap before GC invocations=23 (full 0):
 garbage-first heap   total 133120K, used 73321K [0x00000000c2c00000, 0x0000000100000000)
  region size 1024K, 15 young (15360K), 8 survivors (8192K)
 Metaspace       used 17974K, committed 18304K, reserved 1064960K
  class space    used 2626K, committed 2816K, reserved 1048576K
}
Event: 4.680 GC heap after
{Heap after GC invocations=24 (full 0):
 garbage-first heap   total 133120K, used 66846K [0x00000000c2c00000, 0x0000000100000000)
  region size 1024K, 2 young (2048K), 2 survivors (2048K)
 Metaspace       used 17974K, committed 18304K, reserved 1064960K
  class space    used 2626K, committed 2816K, reserved 1048576K
}
Event: 4.850 GC heap before
{Heap before GC invocations=25 (full 0):
 garbage-first heap   total 133120K, used 69918K [0x00000000c2c00000, 0x0000000100000000)
  region size 1024K, 4 young (4096K), 2 survivors (2048K)
 Metaspace       used 18097K, committed 18432K, reserved 1073152K
  class space    used 2633K, committed 2816K, reserved 1048576K
}
Event: 4.853 GC heap after
{Heap after GC invocations=26 (full 0):
 garbage-first heap   total 133120K, used 66580K [0x00000000c2c00000, 0x0000000100000000)
  region size 1024K, 2 young (2048K), 2 survivors (2048K)
 Metaspace       used 18097K, committed 18432K, reserved 1073152K
  class space    used 2633K, committed 2816K, reserved 1048576K
}
Event: 5.093 GC heap before
{Heap before GC invocations=27 (full 0):
 garbage-first heap   total 133120K, used 69652K [0x00000000c2c00000, 0x0000000100000000)
  region size 1024K, 4 young (4096K), 2 survivors (2048K)
 Metaspace       used 18301K, committed 18624K, reserved 1073152K
  class space    used 2638K, committed 2816K, reserved 1048576K
}
Event: 5.096 GC heap after
{Heap after GC invocations=28 (full 0):
 garbage-first heap   total 133120K, used 66383K [0x00000000c2c00000, 0x0000000100000000)
  region size 1024K, 2 young (2048K), 2 survivors (2048K)
 Metaspace       used 18301K, committed 18624K, reserved 1073152K
  class space    used 2638K, committed 2816K, reserved 1048576K
}

Deoptimization events (20 events):
Event: 5.008 Thread 0x000001b5cf7772f0 DEOPT PACKING pc=0x000001b5bbe2a6bb sp=0x0000006d189fba30
Event: 5.008 Thread 0x000001b5cf7772f0 DEOPT UNPACKING pc=0x000001b5bb192b24 sp=0x0000006d189fae98 mode 0
Event: 5.015 Thread 0x000001b5cf7772f0 DEOPT PACKING pc=0x000001b5bbe2a69a sp=0x0000006d189fbf30
Event: 5.015 Thread 0x000001b5cf7772f0 DEOPT UNPACKING pc=0x000001b5bb192b24 sp=0x0000006d189fb388 mode 0
Event: 5.019 Thread 0x000001b5cf7772f0 DEOPT PACKING pc=0x000001b5bbe2a69a sp=0x0000006d189fbad0
Event: 5.019 Thread 0x000001b5cf7772f0 DEOPT UNPACKING pc=0x000001b5bb192b24 sp=0x0000006d189faf28 mode 0
Event: 5.030 Thread 0x000001b5cf7772f0 DEOPT PACKING pc=0x000001b5bbe2a69a sp=0x0000006d189fbdf0
Event: 5.030 Thread 0x000001b5cf7772f0 DEOPT UNPACKING pc=0x000001b5bb192b24 sp=0x0000006d189fb248 mode 0
Event: 5.090 Thread 0x000001b5cf7772f0 DEOPT PACKING pc=0x000001b5bbe724b0 sp=0x0000006d189faef0
Event: 5.090 Thread 0x000001b5cf7772f0 DEOPT UNPACKING pc=0x000001b5bb192b24 sp=0x0000006d189fa2a8 mode 0
Event: 5.122 Thread 0x000001b5cf7772f0 DEOPT PACKING pc=0x000001b5bbe16677 sp=0x0000006d189fc030
Event: 5.122 Thread 0x000001b5cf7772f0 DEOPT UNPACKING pc=0x000001b5bb192b24 sp=0x0000006d189fb450 mode 0
Event: 5.170 Thread 0x000001b5cfbb4100 Uncommon trap: trap_request=0xffffffc6 fr.pc=0x000001b5c2cd0c38 relative=0x00000000000003d8
Event: 5.170 Thread 0x000001b5cfbb4100 Uncommon trap: reason=bimorphic_or_optimized_type_check action=maybe_recompile pc=0x000001b5c2cd0c38 method=java.util.stream.ReduceOps$3ReducingSink.accept(Ljava/lang/Object;)V @ 9 c2
Event: 5.170 Thread 0x000001b5cfbb4100 DEOPT PACKING pc=0x000001b5c2cd0c38 sp=0x0000006d18bfd5e0
Event: 5.170 Thread 0x000001b5cfbb4100 DEOPT UNPACKING pc=0x000001b5bb19239d sp=0x0000006d18bfd590 mode 2
Event: 5.229 Thread 0x000001b5cfbb4100 Uncommon trap: trap_request=0xffffffc6 fr.pc=0x000001b5c2cd0c38 relative=0x00000000000003d8
Event: 5.229 Thread 0x000001b5cfbb4100 Uncommon trap: reason=bimorphic_or_optimized_type_check action=maybe_recompile pc=0x000001b5c2cd0c38 method=java.util.stream.ReduceOps$3ReducingSink.accept(Ljava/lang/Object;)V @ 9 c2
Event: 5.229 Thread 0x000001b5cfbb4100 DEOPT PACKING pc=0x000001b5c2cd0c38 sp=0x0000006d18bfd5e0
Event: 5.229 Thread 0x000001b5cfbb4100 DEOPT UNPACKING pc=0x000001b5bb19239d sp=0x0000006d18bfd590 mode 2

Classes unloaded (0 events):
No events

Classes redefined (0 events):
No events

Internal exceptions (20 events):
Event: 1.436 Thread 0x000001b5cfbb4100 Exception <a 'java/lang/NoSuchMethodError'{0x00000000c6603510}: 'void java.lang.invoke.DirectMethodHandle$Holder.invokeSpecial(java.lang.Object, java.lang.Object, java.lang.Object, java.lang.Object, java.lang.Object)'> (0x00000000c6603510) 
thrown [t:\workspace\open\src\hotspot\share\interpreter\linkResolver.cpp, line 766]
Event: 2.778 Thread 0x000001b5cfbb4100 Exception <a 'java/io/FileNotFoundException'{0x00000000ca8bede0}> (0x00000000ca8bede0) 
thrown [t:\workspace\open\src\hotspot\share\prims\jni.cpp, line 516]
Event: 2.848 Thread 0x000001b5cfbb4100 Exception <a 'java/io/FileNotFoundException'{0x00000000ca6b7f60}> (0x00000000ca6b7f60) 
thrown [t:\workspace\open\src\hotspot\share\prims\jni.cpp, line 516]
Event: 2.866 Thread 0x000001b5cfbb4100 Exception <a 'java/io/FileNotFoundException'{0x00000000ca507680}> (0x00000000ca507680) 
thrown [t:\workspace\open\src\hotspot\share\prims\jni.cpp, line 516]
Event: 2.874 Thread 0x000001b5cfbb4100 Exception <a 'java/io/FileNotFoundException'{0x00000000ca52e7a8}> (0x00000000ca52e7a8) 
thrown [t:\workspace\open\src\hotspot\share\prims\jni.cpp, line 516]
Event: 2.896 Thread 0x000001b5cfbb4100 Exception <a 'java/io/FileNotFoundException'{0x00000000ca5a7f88}> (0x00000000ca5a7f88) 
thrown [t:\workspace\open\src\hotspot\share\prims\jni.cpp, line 516]
Event: 2.901 Thread 0x000001b5cfbb4100 Exception <a 'java/io/FileNotFoundException'{0x00000000ca5ca440}> (0x00000000ca5ca440) 
thrown [t:\workspace\open\src\hotspot\share\prims\jni.cpp, line 516]
Event: 3.122 Thread 0x000001b5cfbb4100 Exception <a 'java/lang/NoSuchMethodError'{0x00000000ca1d5d38}: 'java.lang.Object java.lang.invoke.DirectMethodHandle$Holder.invokeInterface(java.lang.Object, java.lang.Object, java.lang.Object)'> (0x00000000ca1d5d38) 
thrown [t:\workspace\open\src\hotspot\share\interpreter\linkResolver.cpp, line 766]
Event: 3.123 Thread 0x000001b5cfbb4100 Exception <a 'java/lang/IncompatibleClassChangeError'{0x00000000ca1d96c0}: Found class java.lang.Object, but interface was expected> (0x00000000ca1d96c0) 
thrown [t:\workspace\open\src\hotspot\share\interpreter\linkResolver.cpp, line 833]
Event: 3.227 Thread 0x000001b5cfbb4100 Exception <a 'java/lang/ClassNotFoundException'{0x00000000c9ee5ae8}: com/sun/javafx/scene/control/skin/resources/controls> (0x00000000c9ee5ae8) 
thrown [t:\workspace\open\src\hotspot\share\prims\jni.cpp, line 535]
Event: 3.229 Thread 0x000001b5cfbb4100 Exception <a 'java/lang/ClassNotFoundException'{0x00000000c9ef3a88}: com/sun/javafx/scene/control/skin/resources/controls_ru> (0x00000000c9ef3a88) 
thrown [t:\workspace\open\src\hotspot\share\prims\jni.cpp, line 535]
Event: 3.230 Thread 0x000001b5cfbb4100 Exception <a 'java/lang/ClassNotFoundException'{0x00000000c9ef5408}: com/sun/javafx/scene/control/skin/resources/controls_ru_RU> (0x00000000c9ef5408) 
thrown [t:\workspace\open\src\hotspot\share\prims\jni.cpp, line 535]
Event: 3.249 Thread 0x000001b5cfbb4100 Implicit null exception at 0x000001b5c2ce1058 to 0x000001b5c2ce10ee
Event: 3.253 Thread 0x000001b5cfbb4100 Implicit null exception at 0x000001b5c2cef291 to 0x000001b5c2cef60c
Event: 3.270 Thread 0x000001b5cfbb4100 Implicit null exception at 0x000001b5c2cea891 to 0x000001b5c2ceac14
Event: 3.270 Thread 0x000001b5cfbb4100 Implicit null exception at 0x000001b5c2c37b0f to 0x000001b5c2c37b89
Event: 3.496 Thread 0x000001b5cfbb4100 Exception <a 'java/lang/NoSuchMethodError'{0x00000000c98e0108}: 'void java.lang.invoke.DirectMethodHandle$Holder.invokeSpecial(java.lang.Object, java.lang.Object, java.lang.Object, java.lang.Object, java.lang.Object, java.lang.Object)'> (0x00000000c98e0108) 
thrown [t:\workspace\open\src\hotspot\share\interpreter\linkResolver.cpp, line 766]
Event: 4.209 Thread 0x000001b5cfbb4100 Exception <a 'java/lang/NoSuchMethodError'{0x00000000c840ef08}: 'java.lang.Object java.lang.invoke.DirectMethodHandle$Holder.newInvokeSpecial(java.lang.Object, java.lang.Object, int)'> (0x00000000c840ef08) 
thrown [t:\workspace\open\src\hotspot\share\interpreter\linkResolver.cpp, line 766]
Event: 4.445 Thread 0x000001b5cf7772f0 Exception <a 'java/lang/NoSuchMethodError'{0x00000000cab9acf8}: 'int java.lang.invoke.DirectMethodHandle$Holder.invokeStaticInit(java.lang.Object, java.lang.Object)'> (0x00000000cab9acf8) 
thrown [t:\workspace\open\src\hotspot\share\interpreter\linkResolver.cpp, line 766]
Event: 4.472 Thread 0x000001b5cf7772f0 Exception <a 'java/lang/NoSuchMethodError'{0x00000000caa47b18}: 'java.lang.Object java.lang.invoke.DirectMethodHandle$Holder.invokeStaticInit(java.lang.Object, int)'> (0x00000000caa47b18) 
thrown [t:\workspace\open\src\hotspot\share\interpreter\linkResolver.cpp, line 766]

VM Operations (20 events):
Event: 4.273 Executing VM operation: HandshakeAllThreads
Event: 4.273 Executing VM operation: HandshakeAllThreads done
Event: 4.665 Executing VM operation: G1TryInitiateConcMark
Event: 4.680 Executing VM operation: G1TryInitiateConcMark done
Event: 4.709 Executing VM operation: G1Concurrent
Event: 4.713 Executing VM operation: G1Concurrent done
Event: 4.733 Executing VM operation: G1Concurrent
Event: 4.733 Executing VM operation: G1Concurrent done
Event: 4.849 Executing VM operation: G1TryInitiateConcMark
Event: 4.854 Executing VM operation: G1TryInitiateConcMark done
Event: 4.911 Executing VM operation: G1Concurrent
Event: 4.915 Executing VM operation: G1Concurrent done
Event: 4.937 Executing VM operation: G1Concurrent
Event: 4.937 Executing VM operation: G1Concurrent done
Event: 5.093 Executing VM operation: G1TryInitiateConcMark
Event: 5.104 Executing VM operation: G1TryInitiateConcMark done
Event: 5.152 Executing VM operation: G1Concurrent
Event: 5.155 Executing VM operation: G1Concurrent done
Event: 5.184 Executing VM operation: G1Concurrent
Event: 5.184 Executing VM operation: G1Concurrent done

Events (20 events):
Event: 4.492 loading class java/nio/DirectByteBuffer$Deallocator done
Event: 4.507 loading class java/nio/ShortBuffer
Event: 4.507 loading class java/nio/ShortBuffer done
Event: 4.507 loading class java/nio/DoubleBuffer
Event: 4.507 loading class java/nio/DoubleBuffer done
Event: 4.508 loading class java/nio/DirectFloatBufferU
Event: 4.508 loading class java/nio/DirectFloatBufferU done
Event: 4.624 loading class java/util/concurrent/ConcurrentLinkedQueue
Event: 4.625 loading class java/util/concurrent/ConcurrentLinkedQueue done
Event: 4.625 loading class java/util/concurrent/ConcurrentLinkedQueue$Node
Event: 4.625 loading class java/util/concurrent/ConcurrentLinkedQueue$Node done
Event: 4.630 loading class jdk/internal/ref/CleanerImpl$InnocuousThreadFactory
Event: 4.631 loading class jdk/internal/ref/CleanerImpl$InnocuousThreadFactory done
Event: 4.631 Thread 0x000001b5cffaf530 Thread added: 0x000001b5cffaf530
Event: 4.643 loading class sun/misc/Unsafe
Event: 4.643 loading class sun/misc/Unsafe done
Event: 5.166 loading class java/lang/Throwable$WrappedPrintStream
Event: 5.166 loading class java/lang/Throwable$PrintStreamOrWriter
Event: 5.166 loading class java/lang/Throwable$PrintStreamOrWriter done
Event: 5.166 loading class java/lang/Throwable$WrappedPrintStream done


Dynamic libraries:
0x00007ff6e88d0000 - 0x00007ff6e88e0000 	C:\Program Files\Java\jdk-17.0.2\bin\java.exe
0x00007ffb41090000 - 0x00007ffb41286000 	C:\Windows\SYSTEM32\ntdll.dll
0x00007ffb3fbe0000 - 0x00007ffb3fc9d000 	C:\Windows\System32\KERNEL32.DLL
0x00007ffb3ed70000 - 0x00007ffb3f039000 	C:\Windows\System32\KERNELBASE.dll
0x00007ffb3ec40000 - 0x00007ffb3ed40000 	C:\Windows\System32\ucrtbase.dll
0x00007ffb399e0000 - 0x00007ffb399f8000 	C:\Program Files\Java\jdk-17.0.2\bin\jli.dll
0x00007ffb3fca0000 - 0x00007ffb3fd4c000 	C:\Windows\System32\ADVAPI32.dll
0x00007ffb3ffd0000 - 0x00007ffb4006e000 	C:\Windows\System32\msvcrt.dll
0x00007ffb40480000 - 0x00007ffb4051c000 	C:\Windows\System32\sechost.dll
0x00007ffb3f0f0000 - 0x00007ffb3f21b000 	C:\Windows\System32\RPCRT4.dll
0x00007ffb37f60000 - 0x00007ffb37f7a000 	C:\Program Files\Java\jdk-17.0.2\bin\VCRUNTIME140.dll
0x00007ffb40100000 - 0x00007ffb402a0000 	C:\Windows\System32\USER32.dll
0x00007ffb3ed40000 - 0x00007ffb3ed62000 	C:\Windows\System32\win32u.dll
0x00007ffb40450000 - 0x00007ffb4047a000 	C:\Windows\System32\GDI32.dll
0x00007ffb3e7d0000 - 0x00007ffb3e8db000 	C:\Windows\System32\gdi32full.dll
0x00007ffb3eba0000 - 0x00007ffb3ec3d000 	C:\Windows\System32\msvcp_win.dll
0x00007ffb2a7b0000 - 0x00007ffb2aa4b000 	C:\Windows\WinSxS\amd64_microsoft.windows.common-controls_6595b64144ccf1df_6.0.19041.746_none_ca02b4b61b8320a4\COMCTL32.dll
0x00007ffb37250000 - 0x00007ffb3725a000 	C:\Windows\SYSTEM32\VERSION.dll
0x00007ffb40e70000 - 0x00007ffb40ea0000 	C:\Windows\System32\IMM32.DLL
0x00007ffb399a0000 - 0x00007ffb399ac000 	C:\Program Files\Java\jdk-17.0.2\bin\vcruntime140_1.dll
0x00007ffb27560000 - 0x00007ffb275ed000 	C:\Program Files\Java\jdk-17.0.2\bin\msvcp140.dll
0x00007ffafee80000 - 0x00007ffaffa41000 	C:\Program Files\Java\jdk-17.0.2\bin\server\jvm.dll
0x00007ffb3fb00000 - 0x00007ffb3fb08000 	C:\Windows\System32\PSAPI.DLL
0x00007ffb399b0000 - 0x00007ffb399b9000 	C:\Windows\SYSTEM32\WSOCK32.dll
0x00007ffb2d1c0000 - 0x00007ffb2d1e7000 	C:\Windows\SYSTEM32\WINMM.dll
0x00007ffb3fe80000 - 0x00007ffb3feeb000 	C:\Windows\System32\WS2_32.dll
0x00007ffb3d0b0000 - 0x00007ffb3d0c2000 	C:\Windows\SYSTEM32\kernel.appcore.dll
0x00007ffb37de0000 - 0x00007ffb37dea000 	C:\Program Files\Java\jdk-17.0.2\bin\jimage.dll
0x00007ffb3cdc0000 - 0x00007ffb3cfa4000 	C:\Windows\SYSTEM32\DBGHELP.DLL
0x00007ffb27f00000 - 0x00007ffb27f2c000 	C:\Windows\SYSTEM32\dbgcore.DLL
0x00007ffb3eb20000 - 0x00007ffb3eba0000 	C:\Windows\System32\bcryptPrimitives.dll
0x00007ffb35900000 - 0x00007ffb35925000 	C:\Program Files\Java\jdk-17.0.2\bin\java.dll
0x00007ffb1d160000 - 0x00007ffb1d236000 	C:\Program Files\Java\jdk-17.0.2\bin\jsvml.dll
0x00007ffb3f280000 - 0x00007ffb3f9c3000 	C:\Windows\System32\SHELL32.dll
0x00007ffb3c630000 - 0x00007ffb3cdbf000 	C:\Windows\SYSTEM32\windows.storage.dll
0x00007ffb405d0000 - 0x00007ffb40926000 	C:\Windows\System32\combase.dll
0x00007ffb3e160000 - 0x00007ffb3e18c000 	C:\Windows\SYSTEM32\Wldp.dll
0x00007ffb40520000 - 0x00007ffb405ce000 	C:\Windows\System32\SHCORE.dll
0x00007ffb3f9d0000 - 0x00007ffb3fa25000 	C:\Windows\System32\shlwapi.dll
0x00007ffb3e700000 - 0x00007ffb3e726000 	C:\Windows\SYSTEM32\profapi.dll
0x00007ffb2d2c0000 - 0x00007ffb2d2d9000 	C:\Program Files\Java\jdk-17.0.2\bin\net.dll
0x00007ffb36fd0000 - 0x00007ffb370d0000 	C:\Windows\SYSTEM32\WINHTTP.dll
0x00007ffb3dee0000 - 0x00007ffb3df4a000 	C:\Windows\system32\mswsock.dll
0x00007ffb2d2a0000 - 0x00007ffb2d2b6000 	C:\Program Files\Java\jdk-17.0.2\bin\nio.dll
0x00007ffb351f0000 - 0x00007ffb35208000 	C:\Program Files\Java\jdk-17.0.2\bin\zip.dll
0x000001b5b3860000 - 0x000001b5b3863000 	C:\Users\Pavel\.openjfx\cache\19-ea+3\api-ms-win-core-console-l1-1-0.dll
0x000001b5b3870000 - 0x000001b5b3873000 	C:\Users\Pavel\.openjfx\cache\19-ea+3\api-ms-win-core-console-l1-2-0.dll
0x000001b5b3880000 - 0x000001b5b3883000 	C:\Users\Pavel\.openjfx\cache\19-ea+3\api-ms-win-core-datetime-l1-1-0.dll
0x000001b5b3890000 - 0x000001b5b3893000 	C:\Users\Pavel\.openjfx\cache\19-ea+3\api-ms-win-core-debug-l1-1-0.dll
0x000001b5b38a0000 - 0x000001b5b38a3000 	C:\Users\Pavel\.openjfx\cache\19-ea+3\api-ms-win-core-errorhandling-l1-1-0.dll
0x000001b5b38b0000 - 0x000001b5b38b4000 	C:\Users\Pavel\.openjfx\cache\19-ea+3\api-ms-win-core-file-l1-1-0.dll
0x000001b5cebf0000 - 0x000001b5cebf3000 	C:\Users\Pavel\.openjfx\cache\19-ea+3\api-ms-win-core-file-l1-2-0.dll
0x000001b5d0000000 - 0x000001b5d0003000 	C:\Users\Pavel\.openjfx\cache\19-ea+3\api-ms-win-core-file-l2-1-0.dll
0x000001b5d0010000 - 0x000001b5d0013000 	C:\Users\Pavel\.openjfx\cache\19-ea+3\api-ms-win-core-handle-l1-1-0.dll
0x000001b5d0020000 - 0x000001b5d0023000 	C:\Users\Pavel\.openjfx\cache\19-ea+3\api-ms-win-core-heap-l1-1-0.dll
0x000001b5d0030000 - 0x000001b5d0033000 	C:\Users\Pavel\.openjfx\cache\19-ea+3\api-ms-win-core-interlocked-l1-1-0.dll
0x000001b5d0040000 - 0x000001b5d0043000 	C:\Users\Pavel\.openjfx\cache\19-ea+3\api-ms-win-core-libraryloader-l1-1-0.dll
0x000001b5d0050000 - 0x000001b5d0053000 	C:\Users\Pavel\.openjfx\cache\19-ea+3\api-ms-win-core-localization-l1-2-0.dll
0x000001b5d0060000 - 0x000001b5d0063000 	C:\Users\Pavel\.openjfx\cache\19-ea+3\api-ms-win-core-memory-l1-1-0.dll
0x000001b5d0070000 - 0x000001b5d0073000 	C:\Users\Pavel\.openjfx\cache\19-ea+3\api-ms-win-core-namedpipe-l1-1-0.dll
0x000001b5d0080000 - 0x000001b5d0083000 	C:\Users\Pavel\.openjfx\cache\19-ea+3\api-ms-win-core-processenvironment-l1-1-0.dll
0x000001b5d0090000 - 0x000001b5d0093000 	C:\Users\Pavel\.openjfx\cache\19-ea+3\api-ms-win-core-processthreads-l1-1-0.dll
0x000001b5d00a0000 - 0x000001b5d00a3000 	C:\Users\Pavel\.openjfx\cache\19-ea+3\api-ms-win-core-processthreads-l1-1-1.dll
0x000001b5d00b0000 - 0x000001b5d00b3000 	C:\Users\Pavel\.openjfx\cache\19-ea+3\api-ms-win-core-profile-l1-1-0.dll
0x000001b5d00c0000 - 0x000001b5d00c3000 	C:\Users\Pavel\.openjfx\cache\19-ea+3\api-ms-win-core-rtlsupport-l1-1-0.dll
0x000001b5d00d0000 - 0x000001b5d00d3000 	C:\Users\Pavel\.openjfx\cache\19-ea+3\api-ms-win-core-string-l1-1-0.dll
0x000001b5d00e0000 - 0x000001b5d00e3000 	C:\Users\Pavel\.openjfx\cache\19-ea+3\api-ms-win-core-synch-l1-1-0.dll
0x000001b5d00f0000 - 0x000001b5d00f3000 	C:\Users\Pavel\.openjfx\cache\19-ea+3\api-ms-win-core-synch-l1-2-0.dll
0x000001b5d0100000 - 0x000001b5d0103000 	C:\Users\Pavel\.openjfx\cache\19-ea+3\api-ms-win-core-sysinfo-l1-1-0.dll
0x000001b5d0110000 - 0x000001b5d0113000 	C:\Users\Pavel\.openjfx\cache\19-ea+3\api-ms-win-core-timezone-l1-1-0.dll
0x000001b5d0120000 - 0x000001b5d0123000 	C:\Users\Pavel\.openjfx\cache\19-ea+3\api-ms-win-core-util-l1-1-0.dll
0x000001b5d0130000 - 0x000001b5d0133000 	C:\Users\Pavel\.openjfx\cache\19-ea+3\api-ms-win-crt-conio-l1-1-0.dll
0x000001b5d0140000 - 0x000001b5d0144000 	C:\Users\Pavel\.openjfx\cache\19-ea+3\api-ms-win-crt-convert-l1-1-0.dll
0x000001b5d0150000 - 0x000001b5d0153000 	C:\Users\Pavel\.openjfx\cache\19-ea+3\api-ms-win-crt-environment-l1-1-0.dll
0x000001b5d0160000 - 0x000001b5d0163000 	C:\Users\Pavel\.openjfx\cache\19-ea+3\api-ms-win-crt-filesystem-l1-1-0.dll
0x000001b5d0170000 - 0x000001b5d0173000 	C:\Users\Pavel\.openjfx\cache\19-ea+3\api-ms-win-crt-heap-l1-1-0.dll
0x000001b5d0180000 - 0x000001b5d0183000 	C:\Users\Pavel\.openjfx\cache\19-ea+3\api-ms-win-crt-locale-l1-1-0.dll
0x000001b5d0190000 - 0x000001b5d0195000 	C:\Users\Pavel\.openjfx\cache\19-ea+3\api-ms-win-crt-math-l1-1-0.dll
0x000001b5d01a0000 - 0x000001b5d01a5000 	C:\Users\Pavel\.openjfx\cache\19-ea+3\api-ms-win-crt-multibyte-l1-1-0.dll
0x000001b5d01b0000 - 0x000001b5d01c0000 	C:\Users\Pavel\.openjfx\cache\19-ea+3\api-ms-win-crt-private-l1-1-0.dll
0x000001b5d01c0000 - 0x000001b5d01c3000 	C:\Users\Pavel\.openjfx\cache\19-ea+3\api-ms-win-crt-process-l1-1-0.dll
0x000001b5d01d0000 - 0x000001b5d01d4000 	C:\Users\Pavel\.openjfx\cache\19-ea+3\api-ms-win-crt-runtime-l1-1-0.dll
0x000001b5d01e0000 - 0x000001b5d01e4000 	C:\Users\Pavel\.openjfx\cache\19-ea+3\api-ms-win-crt-stdio-l1-1-0.dll
0x000001b5d01f0000 - 0x000001b5d01f4000 	C:\Users\Pavel\.openjfx\cache\19-ea+3\api-ms-win-crt-string-l1-1-0.dll
0x000001b5d0200000 - 0x000001b5d0203000 	C:\Users\Pavel\.openjfx\cache\19-ea+3\api-ms-win-crt-time-l1-1-0.dll
0x000001b5d0210000 - 0x000001b5d0213000 	C:\Users\Pavel\.openjfx\cache\19-ea+3\api-ms-win-crt-utility-l1-1-0.dll
0x00007ffb1d060000 - 0x00007ffb1d15c000 	C:\Users\Pavel\.openjfx\cache\19-ea+3\ucrtbase.dll
0x00007ffb29c40000 - 0x00007ffb29c5a000 	C:\Users\Pavel\.openjfx\cache\19-ea+3\vcruntime140.dll
0x00007ffb358f0000 - 0x00007ffb358fc000 	C:\Users\Pavel\.openjfx\cache\19-ea+3\vcruntime140_1.dll
0x00007ffb21aa0000 - 0x00007ffb21b2d000 	C:\Users\Pavel\.openjfx\cache\19-ea+3\msvcp140.dll
0x00007ffb285f0000 - 0x00007ffb2861c000 	C:\Users\Pavel\.openjfx\cache\19-ea+3\prism_d3d.dll
0x00007ffb0f5f0000 - 0x00007ffb0f7bf000 	C:\Windows\system32\d3d9.dll
0x00007ffb3c0a0000 - 0x00007ffb3c0cf000 	C:\Windows\SYSTEM32\dwmapi.dll
0x00007ffb3b6f0000 - 0x00007ffb3b78e000 	C:\Windows\system32\uxtheme.dll
0x00007ffb15850000 - 0x00007ffb159b2000 	C:\Windows\System32\DriverStore\FileRepository\iigd_dch.inf_amd64_9c1ab568b4fa57de\igdumdim64.dll
0x00007ffb31a50000 - 0x00007ffb31ba4000 	C:\Windows\System32\DriverStore\FileRepository\iigd_dch.inf_amd64_9c1ab568b4fa57de\igdgmm64.dll
0x00007ffb27840000 - 0x00007ffb27882000 	C:\Users\Pavel\.openjfx\cache\19-ea+3\glass.dll
0x00007ffb3fef0000 - 0x00007ffb3ffcb000 	C:\Windows\System32\COMDLG32.dll
0x00007ffb40320000 - 0x00007ffb4044a000 	C:\Windows\System32\ole32.dll
0x00007ffb3fb10000 - 0x00007ffb3fbdd000 	C:\Windows\System32\OLEAUT32.dll
0x00007ffb3fd50000 - 0x00007ffb3fe66000 	C:\Windows\System32\MSCTF.dll
0x00007ffafb260000 - 0x00007ffafee79000 	C:\Windows\System32\DriverStore\FileRepository\iigd_dch.inf_amd64_9c1ab568b4fa57de\igd9dxva64.dll
0x00007ffb27a80000 - 0x00007ffb27aa2000 	C:\Windows\System32\DriverStore\FileRepository\iigd_dch.inf_amd64_9c1ab568b4fa57de\igdinfo64.dll
0x00007ffb2f6a0000 - 0x00007ffb31a1d000 	C:\Windows\System32\DriverStore\FileRepository\iigd_dch.inf_amd64_9c1ab568b4fa57de\igc64.dll
0x00007ffb337a0000 - 0x00007ffb337db000 	C:\Windows\SYSTEM32\dxcore.dll
0x00007ffb3e940000 - 0x00007ffb3e98e000 	C:\Windows\System32\cfgmgr32.dll
0x00007ffb29af0000 - 0x00007ffb29b04000 	C:\Users\Pavel\.openjfx\cache\19-ea+3\javafx_font.dll
0x00007ffb2d960000 - 0x00007ffb2dbdf000 	C:\Windows\SYSTEM32\dwrite.dll
0x00007ffb3fa50000 - 0x00007ffb3faf9000 	C:\Windows\System32\clbcatq.dll
0x00007ffb35960000 - 0x00007ffb35b14000 	C:\Windows\SYSTEM32\WindowsCodecs.dll
0x00007ffb3e990000 - 0x00007ffb3e9b7000 	C:\Windows\System32\bcrypt.dll
0x00007ffb19bd0000 - 0x00007ffb19c0e000 	C:\Windows\system32\dataexchange.dll
0x00007ffb3a030000 - 0x00007ffb3a294000 	C:\Windows\system32\d3d11.dll
0x00007ffb3aaa0000 - 0x00007ffb3ac87000 	C:\Windows\system32\dcomp.dll
0x00007ffb3d120000 - 0x00007ffb3d213000 	C:\Windows\system32\dxgi.dll
0x00007ffb35e40000 - 0x00007ffb36041000 	C:\Windows\system32\twinapi.appcore.dll
0x00007ffb27520000 - 0x00007ffb27554000 	C:\Program Files\Common Files\Microsoft Shared\Ink\rtscom.dll
0x00007ffb31d30000 - 0x00007ffb31e2b000 	C:\Windows\SYSTEM32\textinputframework.dll
0x00007ffb3b370000 - 0x00007ffb3b462000 	C:\Windows\System32\CoreMessaging.dll
0x00007ffb3b010000 - 0x00007ffb3b36e000 	C:\Windows\System32\CoreUIComponents.dll
0x00007ffb3d510000 - 0x00007ffb3d543000 	C:\Windows\SYSTEM32\ntmarta.dll
0x00007ffb3a940000 - 0x00007ffb3aa94000 	C:\Windows\SYSTEM32\wintypes.dll
0x00007ffb3a2a0000 - 0x00007ffb3a860000 	C:\Windows\SYSTEM32\d2d1.dll
0x00007ffb337e0000 - 0x00007ffb33ed6000 	C:\Windows\SYSTEM32\D3D10Warp.dll

dbghelp: loaded successfully - version: 4.0.5 - missing functions: none
symbol engine: initialized successfully - sym options: 0x614 - pdb path: .;C:\Program Files\Java\jdk-17.0.2\bin;C:\Windows\SYSTEM32;C:\Windows\WinSxS\amd64_microsoft.windows.common-controls_6595b64144ccf1df_6.0.19041.746_none_ca02b4b61b8320a4;C:\Program Files\Java\jdk-17.0.2\bin\server;C:\Users\Pavel\.openjfx\cache\19-ea+3;C:\Windows\System32\DriverStore\FileRepository\iigd_dch.inf_amd64_9c1ab568b4fa57de;C:\Program Files\Common Files\Microsoft Shared\Ink

VM Arguments:
jvm_args: --module-path=C:\Users\Pavel\.m2\repository\org\openjfx\javafx-base\19-ea+3\javafx-base-19-ea+3-win.jar;C:\Users\Pavel\.m2\repository\org\openjfx\javafx-base\19-ea+3\javafx-base-19-ea+3.jar;C:\Users\Pavel\.m2\repository\org\openjfx\javafx-controls\19-ea+3\javafx-controls-19-ea+3-win.jar;C:\Users\Pavel\.m2\repository\org\openjfx\javafx-controls\19-ea+3\javafx-controls-19-ea+3.jar;C:\Users\Pavel\.m2\repository\org\openjfx\javafx-fxml\19-ea+3\javafx-fxml-19-ea+3-win.jar;C:\Users\Pavel\.m2\repository\org\openjfx\javafx-fxml\19-ea+3\javafx-fxml-19-ea+3.jar;C:\Users\Pavel\.m2\repository\org\openjfx\javafx-graphics\19-ea+3\javafx-graphics-19-ea+3-win.jar;C:\Users\Pavel\.m2\repository\org\openjfx\javafx-graphics\19-ea+3\javafx-graphics-19-ea+3.jar;C:\Users\Pavel\.m2\repository\org\openjfx\javafx-media\19-ea+3\javafx-media-19-ea+3-win.jar;C:\Users\Pavel\.m2\repository\org\openjfx\javafx-media\19-ea+3\javafx-media-19-ea+3.jar;C:\Users\Pavel\.m2\repository\org\openjfx\javafx-swing\19-ea+3\javafx-swing-19-ea+3-win.jar;C:\Users\Pavel\.m2\repository\org\openjfx\javafx-swing\19-ea+3\javafx-swing-19-ea+3.jar;C:\Users\Pavel\.m2\repository\org\openjfx\javafx-web\19-ea+3\javafx-web-19-ea+3-win.jar;C:\Users\Pavel\.m2\repository\org\openjfx\javafx-web\19-ea+3\javafx-web-19-ea+3.jar --add-modules=javafx.base,javafx.controls,javafx.fxml,javafx.graphics,javafx.media,javafx.swing,javafx.web 
java_command: com.lifehouse.raceth.Main
java_class_path (initial): C:\Users\Pavel\IdeaProjects\RaceTH\target\classes;C:\Users\Pavel\.m2\repository\antlr\antlr\2.7.7\antlr-2.7.7.jar;C:\Users\Pavel\.m2\repository\com\fasterxml\classmate\1.5.1\classmate-1.5.1.jar;C:\Users\Pavel\.m2\repository\com\sun\istack\istack-commons-runtime\3.0.7\istack-commons-runtime-3.0.7.jar;C:\Users\Pavel\.m2\repository\com\sun\xml\fastinfoset\FastInfoset\1.2.15\FastInfoset-1.2.15.jar;C:\Users\Pavel\.m2\repository\javax\activation\javax.activation-api\1.2.0\javax.activation-api-1.2.0.jar;C:\Users\Pavel\.m2\repository\javax\persistence\javax.persistence-api\2.2\javax.persistence-api-2.2.jar;C:\Users\Pavel\.m2\repository\javax\xml\bind\jaxb-api\2.3.1\jaxb-api-2.3.1.jar;C:\Users\Pavel\.m2\repository\net\bytebuddy\byte-buddy\1.12.7\byte-buddy-1.12.7.jar;C:\Users\Pavel\.m2\repository\org\checkerframework\checker-qual\3.5.0\checker-qual-3.5.0.jar;C:\Users\Pavel\.m2\repository\org\glassfish\jaxb\jaxb-runtime\2.3.1\jaxb-runtime-2.3.1.jar;C:\Users\Pavel\.m2\repository\org\glassfish\jaxb\txw2\2.3.1\txw2-2.3.1.jar;C:\Users\Pavel\.m2\repository\org\hibernate\hibernate-core\5.6.5.Final\hibernate-core-5.6.5.Final.jar;C:\Users\Pavel\.m2\repository\org\hibernate\common\hibernate-commons-annotations\5.1.2.Final\hibernate-commons-annotations-5.1.2.Final.jar;C:\Users\Pavel\.m2\repository\org\jboss\jandex\2.4.2.Final\jandex-2.4.2.Final.jar;C:\Users\Pavel\.m2\repository\org\jboss\logging\jboss-logging\3.4.3.Final\jboss-logging-3.4.3.Final.jar;C:\Users\Pavel\.m2\repository\org\jboss\spec\javax\transaction\jboss-transaction-api_1.2_spec\1.1.1.Final\jboss-transaction-api_1.2_spec-1.1.1.Final.jar;C:\Users\Pavel\.m2\repository\org\jvnet\staxex\stax-ex\1.8\stax-ex-1.8.jar;C:\Users\Pavel\.m2\repository\org\postgresql\postgresql\42.3.3\postgresql-42.3.3.jar;C:\Users\Pavel\.m2\repository\org\projectlombok\lombok\1.18.22\lombok-1.18.22.jar
Launcher Type: SUN_STANDARD

[Global flags]
     intx CICompilerCount                          = 3                                         {product} {ergonomic}
     uint ConcGCThreads                            = 1                                         {product} {ergonomic}
     uint G1ConcRefinementThreads                  = 4                                         {product} {ergonomic}
   size_t G1HeapRegionSize                         = 1048576                                   {product} {ergonomic}
    uintx GCDrainStackTargetSize                   = 64                                        {product} {ergonomic}
   size_t InitialHeapSize                          = 65011712                                  {product} {ergonomic}
   size_t MarkStackSize                            = 4194304                                   {product} {ergonomic}
   size_t MaxHeapSize                              = 1027604480                                {product} {ergonomic}
   size_t MaxNewSize                               = 616562688                                 {product} {ergonomic}
   size_t MinHeapDeltaBytes                        = 1048576                                   {product} {ergonomic}
   size_t MinHeapSize                              = 8388608                                   {product} {ergonomic}
    uintx NonNMethodCodeHeapSize                   = 5832780                                {pd product} {ergonomic}
    uintx NonProfiledCodeHeapSize                  = 122912730                              {pd product} {ergonomic}
    uintx ProfiledCodeHeapSize                     = 122912730                              {pd product} {ergonomic}
    uintx ReservedCodeCacheSize                    = 251658240                              {pd product} {ergonomic}
     bool SegmentedCodeCache                       = true                                      {product} {ergonomic}
   size_t SoftMaxHeapSize                          = 1027604480                             {manageable} {ergonomic}
     bool UseCompressedClassPointers               = true                           {product lp64_product} {ergonomic}
     bool UseCompressedOops                        = true                           {product lp64_product} {ergonomic}
     bool UseG1GC                                  = true                                      {product} {ergonomic}
     bool UseLargePagesIndividualAllocation        = false                                  {pd product} {ergonomic}

Logging:
Log output configuration:
 #0: stdout all=warning uptime,level,tags
 #1: stderr all=off uptime,level,tags

Environment Variables:
PATH=C:\Program Files\Common Files\Oracle\Java\javapath;C:\Program Files (x86)\Common Files\Oracle\Java\javapath;C:\Program Files (x86)\Intel\TXE Components\iCLS\;C:\Program Files\Intel\TXE Components\iCLS\;C:\Windows\system32;C:\Windows;C:\Windows\System32\Wbem;C:\Windows\System32\WindowsPowerShell\v1.0\;C:\Windows\System32\OpenSSH\;C:\Program Files\Intel\TXE Components\DAL\;C:\Program Files (x86)\Intel\TXE Components\DAL\;C:\Program Files\Intel\TXE Components\IPT\;C:\Program Files (x86)\Intel\TXE Components\IPT\;C:\Program Files\dotnet\;C:\Program Files\Microsoft SQL Server\130\Tools\Binn\;C:\Program Files\Microsoft SQL Server\Client SDK\ODBC\170\Tools\Binn\;C:\Program Files\Git\cmd;C:\Program Files\MySQL\MySQL Shell 8.0\bin\;C:\Users\Pavel\AppData\Local\Programs\Python\Python39\Scripts\;C:\Users\Pavel\AppData\Local\Programs\Python\Python39\;C:\Users\Pavel\AppData\Local\Microsoft\WindowsApps;C:\Users\Pavel\.dotnet\tools;C:\Windows\Microsoft.NET\Framework\v4.0.30319;;C:\Program Files\JetBrains\IntelliJ IDEA Community Edition 2021.3.2\bin;
USERNAME=Pavel
OS=Windows_NT
PROCESSOR_IDENTIFIER=Intel64 Family 6 Model 122 Stepping 1, GenuineIntel



---------------  S Y S T E M  ---------------

OS:
 Windows 10 , 64 bit Build 19041 (10.0.19041.662)
OS uptime: 0 days 4:38 hours

CPU: total 4 (initial active 4) (4 cores per cpu, 1 threads per core) family 6 model 122 stepping 1 microcode 0x32, cx8, cmov, fxsr, mmx, 3dnowpref, sse, sse2, sse3, ssse3, sse4.1, sse4.2, popcnt, tsc, tscinvbit, aes, erms, clmul, sha, clflush, clflushopt

Memory: 4k page, system-wide physical 3919M (426M free)
TotalPageFile size 5967M (AvailPageFile size 14M)
current process WorkingSet (physical memory assigned to process): 339M, peak: 352M
current process commit charge ("private bytes"): 391M, peak: 406M

vm_info: Java HotSpot(TM) 64-Bit Server VM (17.0.2+8-LTS-86) for windows-amd64 JRE (17.0.2+8-LTS-86), built on Dec  7 2021 21:51:03 by "mach5one" with MS VC++ 16.8 / 16.9 (VS2019)

END.
