#
# There is insufficient memory for the Java Runtime Environment to continue.
# Native memory allocation (malloc) failed to allocate 1016816 bytes for Chunk::new
# Possible reasons:
#   The system is out of physical RAM or swap space
#   The process is running with CompressedOops enabled, and the Java Heap may be blocking the growth of the native heap
# Possible solutions:
#   Reduce memory load on the system
#   Increase physical memory or swap space
#   Check if swap backing store is full
#   Decrease Java heap size (-Xmx/-Xms)
#   Decrease number of Java threads
#   Decrease Java thread stack sizes (-Xss)
#   Set larger code cache with -XX:ReservedCodeCacheSize=
#   JVM is running with Unscaled Compressed Oops mode in which the Java heap is
#     placed in the first 4GB address space. The Java Heap base address is the
#     maximum limit for the native heap growth. Please use -XX:HeapBaseMinAddress
#     to set the Java Heap base and to place the Java Heap above 4GB virtual address.
# This output file may be truncated or incomplete.
#
#  Out of Memory Error (arena.cpp:189), pid=7896, tid=3360
#
# JRE version: Java(TM) SE Runtime Environment (17.0.2+8) (build 17.0.2+8-LTS-86)
# Java VM: Java HotSpot(TM) 64-Bit Server VM (17.0.2+8-LTS-86, mixed mode, sharing, tiered, compressed oops, compressed class ptrs, g1 gc, windows-amd64)
# No core dump will be written. Minidumps are not enabled by default on client versions of Windows
#

---------------  S U M M A R Y ------------

Command Line: -Dmaven.multiModuleProjectDirectory=C:\Users\Pavel\IdeaProjects\RaceTH -Dmaven.home=C:\Program Files\JetBrains\IntelliJ IDEA Community Edition 2021.3.2\plugins\maven\lib\maven3 -Dclassworlds.conf=C:\Program Files\JetBrains\IntelliJ IDEA Community Edition 2021.3.2\plugins\maven\lib\maven3\bin\m2.conf -Dmaven.ext.class.path=C:\Program Files\JetBrains\IntelliJ IDEA Community Edition 2021.3.2\plugins\maven\lib\maven-event-listener.jar -javaagent:C:\Program Files\JetBrains\IntelliJ IDEA Community Edition 2021.3.2\lib\idea_rt.jar=52286:C:\Program Files\JetBrains\IntelliJ IDEA Community Edition 2021.3.2\bin -Dfile.encoding=UTF-8 org.codehaus.classworlds.Launcher -Didea.version=2021.3.2 javafx:run -P w

Host: Intel(R) Pentium(R) Silver N5000 CPU @ 1.10GHz, 4 cores, 3G,  Windows 10 , 64 bit Build 19041 (10.0.19041.662)
Time: Sat Apr 23 15:19:29 2022 RTZ 2 (s 10 , 64 bit Build 19041 (10.0.19041.662) elapsed time: 14.846807 seconds (0d 0h 0m 14s)

---------------  T H R E A D  ---------------

Current thread (0x0000024d474dbd90):  JavaThread "C2 CompilerThread0" daemon [_thread_in_native, id=3360, stack(0x0000005f0cf00000,0x0000005f0d000000)]


Current CompileTask:
C2:  14846 8566       4       jdk.internal.org.objectweb.asm.Frame::execute (2305 bytes)

Stack: [0x0000005f0cf00000,0x0000005f0d000000]
Native frames: (J=compiled Java code, j=interpreted, Vv=VM code, C=native code)
V  [jvm.dll+0x670baa]
V  [jvm.dll+0x7cfcb4]
V  [jvm.dll+0x7d145e]
V  [jvm.dll+0x7d1ac3]
V  [jvm.dll+0x242bc5]
V  [jvm.dll+0xaa57b]
V  [jvm.dll+0xaab0c]
V  [jvm.dll+0x35fcb2]
V  [jvm.dll+0x1b9982]
V  [jvm.dll+0x215de9]
V  [jvm.dll+0x2150b1]
V  [jvm.dll+0x1a1bbd]
V  [jvm.dll+0x224908]
V  [jvm.dll+0x222a6c]
V  [jvm.dll+0x7859bb]
V  [jvm.dll+0x77ff7a]
V  [jvm.dll+0x66fa35]
C  [ucrtbase.dll+0x214c2]
C  [KERNEL32.DLL+0x17034]
C  [ntdll.dll+0x4d0d1]


---------------  P R O C E S S  ---------------

Threads class SMR info:
_java_thread_list=0x0000024d488f04e0, length=16, elements={
0x0000024d2c3cf130, 0x0000024d474bcec0, 0x0000024d474bfd40, 0x0000024d474d4de0,
0x0000024d474d67a0, 0x0000024d474d7150, 0x0000024d474d7b00, 0x0000024d474dbd90,
0x0000024d474e5850, 0x0000024d474f9930, 0x0000024d48018050, 0x0000024d480dea70,
0x0000024d48087ef0, 0x0000024d4b6a9030, 0x0000024d49592610, 0x0000024d49593e20
}

Java Threads: ( => current thread )
  0x0000024d2c3cf130 JavaThread "main" [_thread_in_native, id=12260, stack(0x0000005f0c200000,0x0000005f0c300000)]
  0x0000024d474bcec0 JavaThread "Reference Handler" daemon [_thread_blocked, id=11260, stack(0x0000005f0c900000,0x0000005f0ca00000)]
  0x0000024d474bfd40 JavaThread "Finalizer" daemon [_thread_blocked, id=7596, stack(0x0000005f0ca00000,0x0000005f0cb00000)]
  0x0000024d474d4de0 JavaThread "Signal Dispatcher" daemon [_thread_blocked, id=660, stack(0x0000005f0cb00000,0x0000005f0cc00000)]
  0x0000024d474d67a0 JavaThread "Attach Listener" daemon [_thread_blocked, id=2688, stack(0x0000005f0cc00000,0x0000005f0cd00000)]
  0x0000024d474d7150 JavaThread "Service Thread" daemon [_thread_blocked, id=1128, stack(0x0000005f0cd00000,0x0000005f0ce00000)]
  0x0000024d474d7b00 JavaThread "Monitor Deflation Thread" daemon [_thread_blocked, id=3604, stack(0x0000005f0ce00000,0x0000005f0cf00000)]
=>0x0000024d474dbd90 JavaThread "C2 CompilerThread0" daemon [_thread_in_native, id=3360, stack(0x0000005f0cf00000,0x0000005f0d000000)]
  0x0000024d474e5850 JavaThread "C1 CompilerThread0" daemon [_thread_blocked, id=5144, stack(0x0000005f0d000000,0x0000005f0d100000)]
  0x0000024d474f9930 JavaThread "Sweeper thread" daemon [_thread_blocked, id=1460, stack(0x0000005f0d100000,0x0000005f0d200000)]
  0x0000024d48018050 JavaThread "Common-Cleaner" daemon [_thread_blocked, id=12240, stack(0x0000005f0d200000,0x0000005f0d300000)]
  0x0000024d480dea70 JavaThread "Monitor Ctrl-Break" daemon [_thread_in_native, id=3684, stack(0x0000005f0d300000,0x0000005f0d400000)]
  0x0000024d48087ef0 JavaThread "Notification Thread" daemon [_thread_blocked, id=9600, stack(0x0000005f0d400000,0x0000005f0d500000)]
  0x0000024d4b6a9030 JavaThread "Exec Stream Pumper" daemon [_thread_in_native, id=10252, stack(0x0000005f0db00000,0x0000005f0dc00000)]
  0x0000024d49592610 JavaThread "Exec Stream Pumper" daemon [_thread_in_native, id=8176, stack(0x0000005f0dc00000,0x0000005f0dd00000)]
  0x0000024d49593e20 JavaThread "Exec Input Stream Pumper" daemon [_thread_blocked, id=3484, stack(0x0000005f0dd00000,0x0000005f0de00000)]

Other Threads:
  0x0000024d474b82c0 VMThread "VM Thread" [stack: 0x0000005f0c800000,0x0000005f0c900000] [id=12064]
  0x0000024d480df470 WatcherThread [stack: 0x0000005f0d500000,0x0000005f0d600000] [id=9820]
  0x0000024d2c3fc6d0 GCTaskThread "GC Thread#0" [stack: 0x0000005f0c300000,0x0000005f0c400000] [id=2268]
  0x0000024d48896160 GCTaskThread "GC Thread#1" [stack: 0x0000005f0d700000,0x0000005f0d800000] [id=1968]
  0x0000024d48bfb070 GCTaskThread "GC Thread#2" [stack: 0x0000005f0d800000,0x0000005f0d900000] [id=9188]
  0x0000024d48eab2d0 GCTaskThread "GC Thread#3" [stack: 0x0000005f0d900000,0x0000005f0da00000] [id=10812]
  0x0000024d2c405090 ConcurrentGCThread "G1 Main Marker" [stack: 0x0000005f0c400000,0x0000005f0c500000] [id=11648]
  0x0000024d2c406240 ConcurrentGCThread "G1 Conc#0" [stack: 0x0000005f0c500000,0x0000005f0c600000] [id=10656]
  0x0000024d2c444a60 ConcurrentGCThread "G1 Refine#0" [stack: 0x0000005f0c600000,0x0000005f0c700000] [id=3532]
  0x0000024d48896410 ConcurrentGCThread "G1 Refine#1" [stack: 0x0000005f0da00000,0x0000005f0db00000] [id=6860]
  0x0000024d4b2b0ce0 ConcurrentGCThread "G1 Refine#2" [stack: 0x0000005f0d600000,0x0000005f0d700000] [id=8952]
  0x0000024d2c445480 ConcurrentGCThread "G1 Service" [stack: 0x0000005f0c700000,0x0000005f0c800000] [id=7444]

Threads with active compile tasks:
C2 CompilerThread0    14891 8566       4       jdk.internal.org.objectweb.asm.Frame::execute (2305 bytes)

VM state: not at safepoint (normal execution)

VM Mutex/Monitor currently owned by a thread: None

Heap address: 0x00000000c2c00000, size: 980 MB, Compressed Oops mode: 32-bit

CDS archive(s) mapped at: [0x0000000800000000-0x0000000800bc0000-0x0000000800bc0000), size 12320768, SharedBaseAddress: 0x0000000800000000, ArchiveRelocationMode: 0.
Compressed class space mapped at: 0x0000000800c00000-0x0000000840c00000, reserved size: 1073741824
Narrow klass base: 0x0000000800000000, Narrow klass shift: 0, Narrow klass range: 0x100000000

GC Precious Log:
 CPUs: 4 total, 4 available
 Memory: 3919M
 Large Page Support: Disabled
 NUMA Support: Disabled
 Compressed Oops: Enabled (32-bit)
 Heap Region Size: 1M
 Heap Min Capacity: 8M
 Heap Initial Capacity: 62M
 Heap Max Capacity: 980M
 Pre-touch: Disabled
 Parallel Workers: 4
 Concurrent Workers: 1
 Concurrent Refinement Workers: 4
 Periodic GC: Disabled

Heap:
 garbage-first heap   total 118784K, used 63685K [0x00000000c2c00000, 0x0000000100000000)
  region size 1024K, 30 young (30720K), 7 survivors (7168K)
 Metaspace       used 31000K, committed 31360K, reserved 1081344K
  class space    used 3403K, committed 3584K, reserved 1048576K

Heap Regions: E=young(eden), S=young(survivor), O=old, HS=humongous(starts), HC=humongous(continues), CS=collection set, F=free, OA=open archive, CA=closed archive, TAMS=top-at-mark-start (previous, next)
|   0|0x00000000c2c00000, 0x00000000c2d00000, 0x00000000c2d00000|100%| O|  |TAMS 0x00000000c2d00000, 0x00000000c2c00000| Untracked 
|   1|0x00000000c2d00000, 0x00000000c2e00000, 0x00000000c2e00000|100%| O|  |TAMS 0x00000000c2e00000, 0x00000000c2d00000| Untracked 
|   2|0x00000000c2e00000, 0x00000000c2f00000, 0x00000000c2f00000|100%| O|  |TAMS 0x00000000c2f00000, 0x00000000c2e00000| Untracked 
|   3|0x00000000c2f00000, 0x00000000c3000000, 0x00000000c3000000|100%| O|  |TAMS 0x00000000c3000000, 0x00000000c2f00000| Untracked 
|   4|0x00000000c3000000, 0x00000000c3100000, 0x00000000c3100000|100%| O|  |TAMS 0x00000000c3100000, 0x00000000c3000000| Untracked 
|   5|0x00000000c3100000, 0x00000000c3200000, 0x00000000c3200000|100%| O|  |TAMS 0x00000000c3200000, 0x00000000c3100000| Untracked 
|   6|0x00000000c3200000, 0x00000000c3300000, 0x00000000c3300000|100%| O|  |TAMS 0x00000000c3300000, 0x00000000c3200000| Untracked 
|   7|0x00000000c3300000, 0x00000000c3400000, 0x00000000c3400000|100%| O|  |TAMS 0x00000000c3400000, 0x00000000c3300000| Untracked 
|   8|0x00000000c3400000, 0x00000000c3500000, 0x00000000c3500000|100%| O|  |TAMS 0x00000000c3500000, 0x00000000c3400000| Untracked 
|   9|0x00000000c3500000, 0x00000000c3600000, 0x00000000c3600000|100%|HS|  |TAMS 0x00000000c3500000, 0x00000000c3500000| Complete 
|  10|0x00000000c3600000, 0x00000000c3700000, 0x00000000c3700000|100%| O|  |TAMS 0x00000000c3700000, 0x00000000c3600000| Untracked 
|  11|0x00000000c3700000, 0x00000000c3800000, 0x00000000c3800000|100%| O|  |TAMS 0x00000000c3800000, 0x00000000c3700000| Untracked 
|  12|0x00000000c3800000, 0x00000000c3900000, 0x00000000c3900000|100%| O|  |TAMS 0x00000000c3900000, 0x00000000c3800000| Untracked 
|  13|0x00000000c3900000, 0x00000000c39dd000, 0x00000000c3a00000| 86%| O|  |TAMS 0x00000000c3900000, 0x00000000c3900000| Untracked 
|  14|0x00000000c3a00000, 0x00000000c3b00000, 0x00000000c3b00000|100%|HS|  |TAMS 0x00000000c3b00000, 0x00000000c3a00000| Complete 
|  15|0x00000000c3b00000, 0x00000000c3c00000, 0x00000000c3c00000|100%| O|  |TAMS 0x00000000c3c00000, 0x00000000c3b00000| Untracked 
|  16|0x00000000c3c00000, 0x00000000c3d00000, 0x00000000c3d00000|100%| O|  |TAMS 0x00000000c3d00000, 0x00000000c3c00000| Untracked 
|  17|0x00000000c3d00000, 0x00000000c3e00000, 0x00000000c3e00000|100%| O|  |TAMS 0x00000000c3e00000, 0x00000000c3d00000| Untracked 
|  18|0x00000000c3e00000, 0x00000000c3f00000, 0x00000000c3f00000|100%| O|  |TAMS 0x00000000c3f00000, 0x00000000c3e00000| Untracked 
|  19|0x00000000c3f00000, 0x00000000c4000000, 0x00000000c4000000|100%| O|  |TAMS 0x00000000c4000000, 0x00000000c3f00000| Untracked 
|  20|0x00000000c4000000, 0x00000000c4100000, 0x00000000c4100000|100%| O|  |TAMS 0x00000000c4100000, 0x00000000c4000000| Untracked 
|  21|0x00000000c4100000, 0x00000000c4200000, 0x00000000c4200000|100%| O|  |TAMS 0x00000000c41d3c00, 0x00000000c4100000| Untracked 
|  22|0x00000000c4200000, 0x00000000c4300000, 0x00000000c4300000|100%| O|  |TAMS 0x00000000c4200000, 0x00000000c4200000| Untracked 
|  23|0x00000000c4300000, 0x00000000c4400000, 0x00000000c4400000|100%| O|  |TAMS 0x00000000c4300000, 0x00000000c4300000| Untracked 
|  24|0x00000000c4400000, 0x00000000c4500000, 0x00000000c4500000|100%| O|  |TAMS 0x00000000c4400000, 0x00000000c4400000| Untracked 
|  25|0x00000000c4500000, 0x00000000c4600000, 0x00000000c4600000|100%| O|  |TAMS 0x00000000c4500000, 0x00000000c4500000| Untracked 
|  26|0x00000000c4600000, 0x00000000c4700000, 0x00000000c4700000|100%| O|  |TAMS 0x00000000c4600000, 0x00000000c4600000| Untracked 
|  27|0x00000000c4700000, 0x00000000c4800000, 0x00000000c4800000|100%| O|  |TAMS 0x00000000c4700000, 0x00000000c4700000| Untracked 
|  28|0x00000000c4800000, 0x00000000c4900000, 0x00000000c4900000|100%| O|  |TAMS 0x00000000c4800000, 0x00000000c4800000| Untracked 
|  29|0x00000000c4900000, 0x00000000c4a00000, 0x00000000c4a00000|100%| O|  |TAMS 0x00000000c4900000, 0x00000000c4900000| Untracked 
|  30|0x00000000c4a00000, 0x00000000c4b00000, 0x00000000c4b00000|100%|HS|  |TAMS 0x00000000c4a00000, 0x00000000c4a00000| Complete 
|  31|0x00000000c4b00000, 0x00000000c4c00000, 0x00000000c4c00000|100%|HC|  |TAMS 0x00000000c4b00000, 0x00000000c4b00000| Complete 
|  32|0x00000000c4c00000, 0x00000000c4cd4600, 0x00000000c4d00000| 82%| O|  |TAMS 0x00000000c4c00000, 0x00000000c4c00000| Untracked 
|  33|0x00000000c4d00000, 0x00000000c4e00000, 0x00000000c4e00000|100%|HS|  |TAMS 0x00000000c4d00000, 0x00000000c4d00000| Complete 
|  34|0x00000000c4e00000, 0x00000000c4e00000, 0x00000000c4f00000|  0%| F|  |TAMS 0x00000000c4e00000, 0x00000000c4e00000| Untracked 
|  35|0x00000000c4f00000, 0x00000000c4f00000, 0x00000000c5000000|  0%| F|  |TAMS 0x00000000c4f00000, 0x00000000c4f00000| Untracked 
|  36|0x00000000c5000000, 0x00000000c5000000, 0x00000000c5100000|  0%| F|  |TAMS 0x00000000c5000000, 0x00000000c5000000| Untracked 
|  37|0x00000000c5100000, 0x00000000c5100000, 0x00000000c5200000|  0%| F|  |TAMS 0x00000000c5100000, 0x00000000c5100000| Untracked 
|  38|0x00000000c5200000, 0x00000000c5200000, 0x00000000c5300000|  0%| F|  |TAMS 0x00000000c5200000, 0x00000000c5200000| Untracked 
|  39|0x00000000c5300000, 0x00000000c5300000, 0x00000000c5400000|  0%| F|  |TAMS 0x00000000c5300000, 0x00000000c5300000| Untracked 
|  40|0x00000000c5400000, 0x00000000c5400000, 0x00000000c5500000|  0%| F|  |TAMS 0x00000000c5400000, 0x00000000c5400000| Untracked 
|  41|0x00000000c5500000, 0x00000000c5500000, 0x00000000c5600000|  0%| F|  |TAMS 0x00000000c5500000, 0x00000000c5500000| Untracked 
|  42|0x00000000c5600000, 0x00000000c5600000, 0x00000000c5700000|  0%| F|  |TAMS 0x00000000c5600000, 0x00000000c5600000| Untracked 
|  43|0x00000000c5700000, 0x00000000c5700000, 0x00000000c5800000|  0%| F|  |TAMS 0x00000000c5700000, 0x00000000c5700000| Untracked 
|  44|0x00000000c5800000, 0x00000000c5800000, 0x00000000c5900000|  0%| F|  |TAMS 0x00000000c5800000, 0x00000000c5800000| Untracked 
|  45|0x00000000c5900000, 0x00000000c5900000, 0x00000000c5a00000|  0%| F|  |TAMS 0x00000000c5900000, 0x00000000c5900000| Untracked 
|  46|0x00000000c5a00000, 0x00000000c5a00000, 0x00000000c5b00000|  0%| F|  |TAMS 0x00000000c5a00000, 0x00000000c5a00000| Untracked 
|  47|0x00000000c5b00000, 0x00000000c5b00000, 0x00000000c5c00000|  0%| F|  |TAMS 0x00000000c5b00000, 0x00000000c5b00000| Untracked 
|  48|0x00000000c5c00000, 0x00000000c5c80000, 0x00000000c5d00000| 50%| S|CS|TAMS 0x00000000c5c00000, 0x00000000c5c00000| Complete 
|  49|0x00000000c5d00000, 0x00000000c5e00000, 0x00000000c5e00000|100%| S|CS|TAMS 0x00000000c5d00000, 0x00000000c5d00000| Complete 
|  50|0x00000000c5e00000, 0x00000000c5f00000, 0x00000000c5f00000|100%| S|CS|TAMS 0x00000000c5e00000, 0x00000000c5e00000| Complete 
|  51|0x00000000c5f00000, 0x00000000c6000000, 0x00000000c6000000|100%| S|CS|TAMS 0x00000000c5f00000, 0x00000000c5f00000| Complete 
|  52|0x00000000c6000000, 0x00000000c6000000, 0x00000000c6100000|  0%| F|  |TAMS 0x00000000c6000000, 0x00000000c6000000| Untracked 
|  53|0x00000000c6100000, 0x00000000c6100000, 0x00000000c6200000|  0%| F|  |TAMS 0x00000000c6100000, 0x00000000c6100000| Untracked 
|  54|0x00000000c6200000, 0x00000000c6200000, 0x00000000c6300000|  0%| F|  |TAMS 0x00000000c6200000, 0x00000000c6200000| Untracked 
|  55|0x00000000c6300000, 0x00000000c6400000, 0x00000000c6400000|100%| S|CS|TAMS 0x00000000c6300000, 0x00000000c6300000| Complete 
|  56|0x00000000c6400000, 0x00000000c6500000, 0x00000000c6500000|100%| S|CS|TAMS 0x00000000c6400000, 0x00000000c6400000| Complete 
|  57|0x00000000c6500000, 0x00000000c6600000, 0x00000000c6600000|100%| S|CS|TAMS 0x00000000c6500000, 0x00000000c6500000| Complete 
|  58|0x00000000c6600000, 0x00000000c6600000, 0x00000000c6700000|  0%| F|  |TAMS 0x00000000c6600000, 0x00000000c6600000| Untracked 
|  59|0x00000000c6700000, 0x00000000c6700000, 0x00000000c6800000|  0%| F|  |TAMS 0x00000000c6700000, 0x00000000c6700000| Untracked 
|  60|0x00000000c6800000, 0x00000000c6800000, 0x00000000c6900000|  0%| F|  |TAMS 0x00000000c6800000, 0x00000000c6800000| Untracked 
|  61|0x00000000c6900000, 0x00000000c6900000, 0x00000000c6a00000|  0%| F|  |TAMS 0x00000000c6900000, 0x00000000c6900000| Untracked 
|  62|0x00000000c6a00000, 0x00000000c6a00000, 0x00000000c6b00000|  0%| F|  |TAMS 0x00000000c6a00000, 0x00000000c6a00000| Untracked 
|  63|0x00000000c6b00000, 0x00000000c6b00000, 0x00000000c6c00000|  0%| F|  |TAMS 0x00000000c6b00000, 0x00000000c6b00000| Untracked 
|  64|0x00000000c6c00000, 0x00000000c6c00000, 0x00000000c6d00000|  0%| F|  |TAMS 0x00000000c6c00000, 0x00000000c6c00000| Untracked 
|  65|0x00000000c6d00000, 0x00000000c6d00000, 0x00000000c6e00000|  0%| F|  |TAMS 0x00000000c6d00000, 0x00000000c6d00000| Untracked 
|  66|0x00000000c6e00000, 0x00000000c6e00000, 0x00000000c6f00000|  0%| F|  |TAMS 0x00000000c6e00000, 0x00000000c6e00000| Untracked 
|  67|0x00000000c6f00000, 0x00000000c6f00000, 0x00000000c7000000|  0%| F|  |TAMS 0x00000000c6f00000, 0x00000000c6f00000| Untracked 
|  68|0x00000000c7000000, 0x00000000c7000000, 0x00000000c7100000|  0%| F|  |TAMS 0x00000000c7000000, 0x00000000c7000000| Untracked 
|  69|0x00000000c7100000, 0x00000000c7100000, 0x00000000c7200000|  0%| F|  |TAMS 0x00000000c7100000, 0x00000000c7100000| Untracked 
|  70|0x00000000c7200000, 0x00000000c7200000, 0x00000000c7300000|  0%| F|  |TAMS 0x00000000c7200000, 0x00000000c7200000| Untracked 
|  71|0x00000000c7300000, 0x00000000c7300000, 0x00000000c7400000|  0%| F|  |TAMS 0x00000000c7300000, 0x00000000c7300000| Untracked 
|  72|0x00000000c7400000, 0x00000000c7400000, 0x00000000c7500000|  0%| F|  |TAMS 0x00000000c7400000, 0x00000000c7400000| Untracked 
|  73|0x00000000c7500000, 0x00000000c7500000, 0x00000000c7600000|  0%| F|  |TAMS 0x00000000c7500000, 0x00000000c7500000| Untracked 
|  74|0x00000000c7600000, 0x00000000c7600000, 0x00000000c7700000|  0%| F|  |TAMS 0x00000000c7600000, 0x00000000c7600000| Untracked 
|  75|0x00000000c7700000, 0x00000000c7700000, 0x00000000c7800000|  0%| F|  |TAMS 0x00000000c7700000, 0x00000000c7700000| Untracked 
|  76|0x00000000c7800000, 0x00000000c7800000, 0x00000000c7900000|  0%| F|  |TAMS 0x00000000c7800000, 0x00000000c7800000| Untracked 
|  77|0x00000000c7900000, 0x00000000c7900000, 0x00000000c7a00000|  0%| F|  |TAMS 0x00000000c7900000, 0x00000000c7900000| Untracked 
|  78|0x00000000c7a00000, 0x00000000c7a00000, 0x00000000c7b00000|  0%| F|  |TAMS 0x00000000c7a00000, 0x00000000c7a00000| Untracked 
|  79|0x00000000c7b00000, 0x00000000c7b00000, 0x00000000c7c00000|  0%| F|  |TAMS 0x00000000c7b00000, 0x00000000c7b00000| Untracked 
|  80|0x00000000c7c00000, 0x00000000c7c00000, 0x00000000c7d00000|  0%| F|  |TAMS 0x00000000c7c00000, 0x00000000c7c00000| Untracked 
|  81|0x00000000c7d00000, 0x00000000c7d00000, 0x00000000c7e00000|  0%| F|  |TAMS 0x00000000c7d00000, 0x00000000c7d00000| Untracked 
|  82|0x00000000c7e00000, 0x00000000c7e00000, 0x00000000c7f00000|  0%| F|  |TAMS 0x00000000c7e00000, 0x00000000c7e00000| Untracked 
|  83|0x00000000c7f00000, 0x00000000c7f00000, 0x00000000c8000000|  0%| F|  |TAMS 0x00000000c7f00000, 0x00000000c7f00000| Untracked 
|  84|0x00000000c8000000, 0x00000000c8000000, 0x00000000c8100000|  0%| F|  |TAMS 0x00000000c8000000, 0x00000000c8000000| Untracked 
|  85|0x00000000c8100000, 0x00000000c8100000, 0x00000000c8200000|  0%| F|  |TAMS 0x00000000c8100000, 0x00000000c8100000| Untracked 
|  86|0x00000000c8200000, 0x00000000c8200000, 0x00000000c8300000|  0%| F|  |TAMS 0x00000000c8200000, 0x00000000c8200000| Untracked 
|  87|0x00000000c8300000, 0x00000000c8300000, 0x00000000c8400000|  0%| F|  |TAMS 0x00000000c8300000, 0x00000000c8300000| Untracked 
|  88|0x00000000c8400000, 0x00000000c8400000, 0x00000000c8500000|  0%| F|  |TAMS 0x00000000c8400000, 0x00000000c8400000| Untracked 
|  89|0x00000000c8500000, 0x00000000c8500000, 0x00000000c8600000|  0%| F|  |TAMS 0x00000000c8500000, 0x00000000c8500000| Untracked 
|  90|0x00000000c8600000, 0x00000000c8600000, 0x00000000c8700000|  0%| F|  |TAMS 0x00000000c8600000, 0x00000000c8600000| Untracked 
|  91|0x00000000c8700000, 0x00000000c8700000, 0x00000000c8800000|  0%| F|  |TAMS 0x00000000c8700000, 0x00000000c8700000| Untracked 
|  92|0x00000000c8800000, 0x00000000c8800000, 0x00000000c8900000|  0%| F|  |TAMS 0x00000000c8800000, 0x00000000c8800000| Untracked 
|  93|0x00000000c8900000, 0x00000000c8900800, 0x00000000c8a00000|  0%| E|  |TAMS 0x00000000c8900000, 0x00000000c8900000| Complete 
|  94|0x00000000c8a00000, 0x00000000c8b00000, 0x00000000c8b00000|100%| E|CS|TAMS 0x00000000c8a00000, 0x00000000c8a00000| Complete 
|  95|0x00000000c8b00000, 0x00000000c8c00000, 0x00000000c8c00000|100%| E|CS|TAMS 0x00000000c8b00000, 0x00000000c8b00000| Complete 
|  96|0x00000000c8c00000, 0x00000000c8d00000, 0x00000000c8d00000|100%| E|CS|TAMS 0x00000000c8c00000, 0x00000000c8c00000| Complete 
|  97|0x00000000c8d00000, 0x00000000c8e00000, 0x00000000c8e00000|100%| E|CS|TAMS 0x00000000c8d00000, 0x00000000c8d00000| Complete 
|  98|0x00000000c8e00000, 0x00000000c8f00000, 0x00000000c8f00000|100%| E|CS|TAMS 0x00000000c8e00000, 0x00000000c8e00000| Complete 
|  99|0x00000000c8f00000, 0x00000000c9000000, 0x00000000c9000000|100%| E|CS|TAMS 0x00000000c8f00000, 0x00000000c8f00000| Complete 
| 100|0x00000000c9000000, 0x00000000c9100000, 0x00000000c9100000|100%| E|CS|TAMS 0x00000000c9000000, 0x00000000c9000000| Complete 
| 101|0x00000000c9100000, 0x00000000c9200000, 0x00000000c9200000|100%| E|CS|TAMS 0x00000000c9100000, 0x00000000c9100000| Complete 
| 102|0x00000000c9200000, 0x00000000c9300000, 0x00000000c9300000|100%| E|CS|TAMS 0x00000000c9200000, 0x00000000c9200000| Complete 
| 103|0x00000000c9300000, 0x00000000c9400000, 0x00000000c9400000|100%| E|CS|TAMS 0x00000000c9300000, 0x00000000c9300000| Complete 
| 104|0x00000000c9400000, 0x00000000c9500000, 0x00000000c9500000|100%| E|CS|TAMS 0x00000000c9400000, 0x00000000c9400000| Complete 
| 105|0x00000000c9500000, 0x00000000c9600000, 0x00000000c9600000|100%| E|CS|TAMS 0x00000000c9500000, 0x00000000c9500000| Complete 
| 106|0x00000000c9600000, 0x00000000c9700000, 0x00000000c9700000|100%| E|CS|TAMS 0x00000000c9600000, 0x00000000c9600000| Complete 
| 107|0x00000000c9700000, 0x00000000c9800000, 0x00000000c9800000|100%| E|CS|TAMS 0x00000000c9700000, 0x00000000c9700000| Complete 
| 108|0x00000000c9800000, 0x00000000c9900000, 0x00000000c9900000|100%| E|CS|TAMS 0x00000000c9800000, 0x00000000c9800000| Complete 
| 109|0x00000000c9900000, 0x00000000c9a00000, 0x00000000c9a00000|100%| E|CS|TAMS 0x00000000c9900000, 0x00000000c9900000| Complete 
| 110|0x00000000c9a00000, 0x00000000c9b00000, 0x00000000c9b00000|100%| E|CS|TAMS 0x00000000c9a00000, 0x00000000c9a00000| Complete 
| 111|0x00000000c9b00000, 0x00000000c9c00000, 0x00000000c9c00000|100%| E|CS|TAMS 0x00000000c9b00000, 0x00000000c9b00000| Complete 
| 112|0x00000000c9c00000, 0x00000000c9d00000, 0x00000000c9d00000|100%| E|CS|TAMS 0x00000000c9c00000, 0x00000000c9c00000| Complete 
| 130|0x00000000cae00000, 0x00000000caf00000, 0x00000000caf00000|100%| E|CS|TAMS 0x00000000cae00000, 0x00000000cae00000| Complete 
| 131|0x00000000caf00000, 0x00000000cb000000, 0x00000000cb000000|100%| E|CS|TAMS 0x00000000caf00000, 0x00000000caf00000| Complete 
| 132|0x00000000cb000000, 0x00000000cb100000, 0x00000000cb100000|100%| E|CS|TAMS 0x00000000cb000000, 0x00000000cb000000| Complete 

Card table byte_map: [0x0000024d42e20000,0x0000024d43010000] _byte_map_base: 0x0000024d4280a000

Marking Bits (Prev, Next): (CMBitMap*) 0x0000024d2c3fcce0, (CMBitMap*) 0x0000024d2c3fcd20
 Prev Bits: [0x0000024d43200000, 0x0000024d44150000)
 Next Bits: [0x0000024d44150000, 0x0000024d450a0000)

Polling page: 0x0000024d2a310000

Metaspace:

Usage:
  Non-class:     26.95 MB used.
      Class:      3.32 MB used.
       Both:     30.27 MB used.

Virtual space:
  Non-class space:       32.00 MB reserved,      27.12 MB ( 85%) committed,  4 nodes.
      Class space:        1.00 GB reserved,       3.50 MB ( <1%) committed,  1 nodes.
             Both:        1.03 GB reserved,      30.62 MB (  3%) committed. 

Chunk freelists:
   Non-Class:  784.00 KB
       Class:  538.00 KB
        Both:  1.29 MB

MaxMetaspaceSize: unlimited
CompressedClassSpaceSize: 1.00 GB
Initial GC threshold: 21.00 MB
Current GC threshold: 38.88 MB
CDS: on
MetaspaceReclaimPolicy: balanced
 - commit_granule_bytes: 65536.
 - commit_granule_words: 8192.
 - virtual_space_node_default_size: 1048576.
 - enlarge_chunks_in_place: 1.
 - new_chunks_are_fully_committed: 0.
 - uncommit_free_chunks: 1.
 - use_allocation_guard: 0.
 - handle_deallocations: 1.


Internal statistics:

num_allocs_failed_limit: 6.
num_arena_births: 280.
num_arena_deaths: 0.
num_vsnodes_births: 5.
num_vsnodes_deaths: 0.
num_space_committed: 490.
num_space_uncommitted: 0.
num_chunks_returned_to_freelist: 6.
num_chunks_taken_from_freelist: 1437.
num_chunk_merges: 6.
num_chunk_splits: 997.
num_chunks_enlarged: 729.
num_purges: 0.
num_inconsistent_stats: 0.

CodeHeap 'non-profiled nmethods': size=120000Kb used=2980Kb max_used=2999Kb free=117019Kb
 bounds [0x0000024d3b700000, 0x0000024d3ba00000, 0x0000024d42c30000]
CodeHeap 'profiled nmethods': size=120000Kb used=14661Kb max_used=14661Kb free=105338Kb
 bounds [0x0000024d341d0000, 0x0000024d35030000, 0x0000024d3b700000]
CodeHeap 'non-nmethods': size=5760Kb used=1221Kb max_used=1267Kb free=4538Kb
 bounds [0x0000024d33c30000, 0x0000024d33ea0000, 0x0000024d341d0000]
 total_blobs=7978 nmethods=7453 adapters=436
 compilation: enabled
              stopped_count=0, restarted_count=0
 full_count=0

Compilation events (20 events):
Event: 14.551 Thread 0x0000024d474dbd90 nmethod 8496 0x0000024d3b73e490 code [0x0000024d3b73e600, 0x0000024d3b73eb38]
Event: 14.551 Thread 0x0000024d474dbd90 8504       4       java.lang.reflect.Field::copy (80 bytes)
Event: 14.553 Thread 0x0000024d474dbd90 nmethod 8504 0x0000024d3b73e090 code [0x0000024d3b73e220, 0x0000024d3b73e398]
Event: 14.553 Thread 0x0000024d474dbd90 8493  s    4       java.lang.Throwable::fillInStackTrace (29 bytes)
Event: 14.555 Thread 0x0000024d474dbd90 nmethod 8493 0x0000024d3b73da90 code [0x0000024d3b73dc20, 0x0000024d3b73df88]
Event: 14.556 Thread 0x0000024d474dbd90 8537       4       java.util.stream.AbstractPipeline::isParallel (8 bytes)
Event: 14.556 Thread 0x0000024d474dbd90 nmethod 8537 0x0000024d3b73d790 code [0x0000024d3b73d900, 0x0000024d3b73d998]
Event: 14.558 Thread 0x0000024d474e5850 8562       3       java.lang.ProcessEnvironment$NameComparator::compare (90 bytes)
Event: 14.559 Thread 0x0000024d474e5850 nmethod 8562 0x0000024d3501f810 code [0x0000024d3501fb20, 0x0000024d35020e18]
Event: 14.559 Thread 0x0000024d474e5850 8563       3       java.lang.ProcessEnvironment$CheckedEntry::getKey (5 bytes)
Event: 14.559 Thread 0x0000024d474e5850 nmethod 8563 0x0000024d35021710 code [0x0000024d350218c0, 0x0000024d35021c08]
Event: 14.559 Thread 0x0000024d474e5850 8564       3       java.lang.ProcessEnvironment$CheckedEntry::getKey (13 bytes)
Event: 14.560 Thread 0x0000024d474e5850 nmethod 8564 0x0000024d35021d10 code [0x0000024d35021ec0, 0x0000024d35022188]
Event: 14.574 Thread 0x0000024d474dbd90 8566       4       jdk.internal.org.objectweb.asm.Frame::execute (2305 bytes)
Event: 14.607 Thread 0x0000024d474e5850 8571       3       java.util.jar.Manifest::getAttributes (14 bytes)
Event: 14.608 Thread 0x0000024d474e5850 nmethod 8571 0x0000024d35022290 code [0x0000024d35022440, 0x0000024d350227a8]
Event: 14.820 Thread 0x0000024d474e5850 8572       3       org.fusesource.jansi.FilterPrintStream::write (17 bytes)
Event: 14.821 Thread 0x0000024d474e5850 nmethod 8572 0x0000024d35022890 code [0x0000024d35022a40, 0x0000024d35022d38]
Event: 14.821 Thread 0x0000024d474e5850 8573   !   3       java.io.PrintStream::write (66 bytes)
Event: 14.821 Thread 0x0000024d474e5850 nmethod 8573 0x0000024d35022e10 code [0x0000024d35023020, 0x0000024d35023738]

GC Heap History (20 events):
Event: 9.289 GC heap before
{Heap before GC invocations=12 (full 0):
 garbage-first heap   total 92160K, used 69492K [0x00000000c2c00000, 0x0000000100000000)
  region size 1024K, 47 young (48128K), 2 survivors (2048K)
 Metaspace       used 25582K, committed 25856K, reserved 1073152K
  class space    used 2854K, committed 3008K, reserved 1048576K
}
Event: 9.306 GC heap after
{Heap after GC invocations=13 (full 0):
 garbage-first heap   total 92160K, used 30243K [0x00000000c2c00000, 0x0000000100000000)
  region size 1024K, 7 young (7168K), 7 survivors (7168K)
 Metaspace       used 25582K, committed 25856K, reserved 1073152K
  class space    used 2854K, committed 3008K, reserved 1048576K
}
Event: 9.753 GC heap before
{Heap before GC invocations=13 (full 0):
 garbage-first heap   total 92160K, used 60963K [0x00000000c2c00000, 0x0000000100000000)
  region size 1024K, 37 young (37888K), 7 survivors (7168K)
 Metaspace       used 26260K, committed 26624K, reserved 1073152K
  class space    used 2927K, committed 3136K, reserved 1048576K
}
Event: 9.768 GC heap after
{Heap after GC invocations=14 (full 0):
 garbage-first heap   total 92160K, used 31144K [0x00000000c2c00000, 0x0000000100000000)
  region size 1024K, 1 young (1024K), 1 survivors (1024K)
 Metaspace       used 26260K, committed 26624K, reserved 1073152K
  class space    used 2927K, committed 3136K, reserved 1048576K
}
Event: 9.956 GC heap before
{Heap before GC invocations=14 (full 0):
 garbage-first heap   total 92160K, used 63912K [0x00000000c2c00000, 0x0000000100000000)
  region size 1024K, 33 young (33792K), 1 survivors (1024K)
 Metaspace       used 26447K, committed 26752K, reserved 1073152K
  class space    used 2938K, committed 3136K, reserved 1048576K
}
Event: 9.960 GC heap after
{Heap after GC invocations=15 (full 0):
 garbage-first heap   total 92160K, used 31312K [0x00000000c2c00000, 0x0000000100000000)
  region size 1024K, 2 young (2048K), 2 survivors (2048K)
 Metaspace       used 26447K, committed 26752K, reserved 1073152K
  class space    used 2938K, committed 3136K, reserved 1048576K
}
Event: 10.104 GC heap before
{Heap before GC invocations=15 (full 0):
 garbage-first heap   total 92160K, used 66128K [0x00000000c2c00000, 0x0000000100000000)
  region size 1024K, 36 young (36864K), 2 survivors (2048K)
 Metaspace       used 26533K, committed 26944K, reserved 1073152K
  class space    used 2940K, committed 3136K, reserved 1048576K
}
Event: 10.110 GC heap after
{Heap after GC invocations=16 (full 0):
 garbage-first heap   total 92160K, used 31977K [0x00000000c2c00000, 0x0000000100000000)
  region size 1024K, 2 young (2048K), 2 survivors (2048K)
 Metaspace       used 26533K, committed 26944K, reserved 1073152K
  class space    used 2940K, committed 3136K, reserved 1048576K
}
Event: 10.252 GC heap before
{Heap before GC invocations=16 (full 0):
 garbage-first heap   total 92160K, used 68841K [0x00000000c2c00000, 0x0000000100000000)
  region size 1024K, 38 young (38912K), 2 survivors (2048K)
 Metaspace       used 26601K, committed 27008K, reserved 1073152K
  class space    used 2942K, committed 3136K, reserved 1048576K
}
Event: 10.259 GC heap after
{Heap after GC invocations=17 (full 0):
 garbage-first heap   total 92160K, used 32611K [0x00000000c2c00000, 0x0000000100000000)
  region size 1024K, 3 young (3072K), 3 survivors (3072K)
 Metaspace       used 26601K, committed 27008K, reserved 1073152K
  class space    used 2942K, committed 3136K, reserved 1048576K
}
Event: 10.397 GC heap before
{Heap before GC invocations=17 (full 0):
 garbage-first heap   total 92160K, used 70499K [0x00000000c2c00000, 0x0000000100000000)
  region size 1024K, 40 young (40960K), 3 survivors (3072K)
 Metaspace       used 26645K, committed 27008K, reserved 1073152K
  class space    used 2943K, committed 3136K, reserved 1048576K
}
Event: 10.408 GC heap after
{Heap after GC invocations=18 (full 0):
 garbage-first heap   total 118784K, used 33400K [0x00000000c2c00000, 0x0000000100000000)
  region size 1024K, 4 young (4096K), 4 survivors (4096K)
 Metaspace       used 26645K, committed 27008K, reserved 1073152K
  class space    used 2943K, committed 3136K, reserved 1048576K
}
Event: 10.659 GC heap before
{Heap before GC invocations=18 (full 0):
 garbage-first heap   total 118784K, used 92792K [0x00000000c2c00000, 0x0000000100000000)
  region size 1024K, 62 young (63488K), 4 survivors (4096K)
 Metaspace       used 26679K, committed 27008K, reserved 1073152K
  class space    used 2943K, committed 3136K, reserved 1048576K
}
Event: 10.672 GC heap after
{Heap after GC invocations=19 (full 0):
 garbage-first heap   total 118784K, used 34216K [0x00000000c2c00000, 0x0000000100000000)
  region size 1024K, 4 young (4096K), 4 survivors (4096K)
 Metaspace       used 26679K, committed 27008K, reserved 1073152K
  class space    used 2943K, committed 3136K, reserved 1048576K
}
Event: 11.141 GC heap before
{Heap before GC invocations=19 (full 0):
 garbage-first heap   total 118784K, used 95656K [0x00000000c2c00000, 0x0000000100000000)
  region size 1024K, 64 young (65536K), 4 survivors (4096K)
 Metaspace       used 26837K, committed 27200K, reserved 1081344K
  class space    used 2945K, committed 3136K, reserved 1048576K
}
Event: 11.157 GC heap after
{Heap after GC invocations=20 (full 0):
 garbage-first heap   total 118784K, used 34939K [0x00000000c2c00000, 0x0000000100000000)
  region size 1024K, 5 young (5120K), 5 survivors (5120K)
 Metaspace       used 26837K, committed 27200K, reserved 1081344K
  class space    used 2945K, committed 3136K, reserved 1048576K
}
Event: 12.752 GC heap before
{Heap before GC invocations=20 (full 0):
 garbage-first heap   total 118784K, used 99451K [0x00000000c2c00000, 0x0000000100000000)
  region size 1024K, 66 young (67584K), 5 survivors (5120K)
 Metaspace       used 29126K, committed 29568K, reserved 1081344K
  class space    used 3173K, committed 3392K, reserved 1048576K
}
Event: 12.776 GC heap after
{Heap after GC invocations=21 (full 0):
 garbage-first heap   total 118784K, used 38147K [0x00000000c2c00000, 0x0000000100000000)
  region size 1024K, 7 young (7168K), 7 survivors (7168K)
 Metaspace       used 29126K, committed 29568K, reserved 1081344K
  class space    used 3173K, committed 3392K, reserved 1048576K
}
Event: 13.953 GC heap before
{Heap before GC invocations=21 (full 0):
 garbage-first heap   total 118784K, used 97539K [0x00000000c2c00000, 0x0000000100000000)
  region size 1024K, 65 young (66560K), 7 survivors (7168K)
 Metaspace       used 29686K, committed 30016K, reserved 1081344K
  class space    used 3197K, committed 3392K, reserved 1048576K
}
Event: 13.978 GC heap after
{Heap after GC invocations=22 (full 0):
 garbage-first heap   total 118784K, used 39109K [0x00000000c2c00000, 0x0000000100000000)
  region size 1024K, 7 young (7168K), 7 survivors (7168K)
 Metaspace       used 29686K, committed 30016K, reserved 1081344K
  class space    used 3197K, committed 3392K, reserved 1048576K
}

Deoptimization events (20 events):
Event: 13.921 Thread 0x0000024d2c3cf130 DEOPT PACKING pc=0x0000024d3b8aee9c sp=0x0000005f0c2fbb50
Event: 13.921 Thread 0x0000024d2c3cf130 DEOPT UNPACKING pc=0x0000024d33c8239d sp=0x0000005f0c2fbae0 mode 2
Event: 14.083 Thread 0x0000024d2c3cf130 DEOPT PACKING pc=0x0000024d342d195b sp=0x0000005f0c2fd480
Event: 14.083 Thread 0x0000024d2c3cf130 DEOPT UNPACKING pc=0x0000024d33c82b24 sp=0x0000005f0c2fc960 mode 0
Event: 14.441 Thread 0x0000024d2c3cf130 Uncommon trap: trap_request=0xffffff45 fr.pc=0x0000024d3b96e37c relative=0x00000000000002bc
Event: 14.441 Thread 0x0000024d2c3cf130 Uncommon trap: reason=unstable_if action=reinterpret pc=0x0000024d3b96e37c method=java.io.WinNTFileSystem.prefixLength(Ljava/lang/String;)I @ 42 c2
Event: 14.441 Thread 0x0000024d2c3cf130 DEOPT PACKING pc=0x0000024d3b96e37c sp=0x0000005f0c2fdbb0
Event: 14.441 Thread 0x0000024d2c3cf130 DEOPT UNPACKING pc=0x0000024d33c8239d sp=0x0000005f0c2fdb38 mode 2
Event: 14.462 Thread 0x0000024d2c3cf130 Uncommon trap: trap_request=0xffffff45 fr.pc=0x0000024d3b75b48c relative=0x0000000000001d2c
Event: 14.462 Thread 0x0000024d2c3cf130 Uncommon trap: reason=unstable_if action=reinterpret pc=0x0000024d3b75b48c method=java.util.regex.Pattern.compile()V @ 406 c2
Event: 14.462 Thread 0x0000024d2c3cf130 DEOPT PACKING pc=0x0000024d3b75b48c sp=0x0000005f0c2fc910
Event: 14.462 Thread 0x0000024d2c3cf130 DEOPT UNPACKING pc=0x0000024d33c8239d sp=0x0000005f0c2fc8f8 mode 2
Event: 14.469 Thread 0x0000024d2c3cf130 Uncommon trap: trap_request=0xffffff45 fr.pc=0x0000024d3b78d5d8 relative=0x0000000000000058
Event: 14.469 Thread 0x0000024d2c3cf130 Uncommon trap: reason=unstable_if action=reinterpret pc=0x0000024d3b78d5d8 method=jdk.internal.module.ModuleReferenceImpl.hashCode()I @ 6 c2
Event: 14.469 Thread 0x0000024d2c3cf130 DEOPT PACKING pc=0x0000024d3b78d5d8 sp=0x0000005f0c2fd600
Event: 14.469 Thread 0x0000024d2c3cf130 DEOPT UNPACKING pc=0x0000024d33c8239d sp=0x0000005f0c2fd590 mode 2
Event: 14.489 Thread 0x0000024d2c3cf130 Uncommon trap: trap_request=0xffffffec fr.pc=0x0000024d3b7d279c relative=0x000000000000007c
Event: 14.489 Thread 0x0000024d2c3cf130 Uncommon trap: reason=null_assert_or_unreached0 action=make_not_entrant pc=0x0000024d3b7d279c method=java.util.jar.JarFile.maybeInstantiateVerifier()V @ 4 c2
Event: 14.489 Thread 0x0000024d2c3cf130 DEOPT PACKING pc=0x0000024d3b7d279c sp=0x0000005f0c2fd9a0
Event: 14.489 Thread 0x0000024d2c3cf130 DEOPT UNPACKING pc=0x0000024d33c8239d sp=0x0000005f0c2fd930 mode 2

Classes unloaded (0 events):
No events

Classes redefined (0 events):
No events

Internal exceptions (20 events):
Event: 13.259 Thread 0x0000024d2c3cf130 Exception <a 'sun/nio/fs/WindowsException'{0x00000000c82d73a0}> (0x00000000c82d73a0) 
thrown [t:\workspace\open\src\hotspot\share\prims\jni.cpp, line 516]
Event: 13.259 Thread 0x0000024d2c3cf130 Exception <a 'sun/nio/fs/WindowsException'{0x00000000c82d7a68}> (0x00000000c82d7a68) 
thrown [t:\workspace\open\src\hotspot\share\prims\jni.cpp, line 516]
Event: 13.259 Thread 0x0000024d2c3cf130 Exception <a 'sun/nio/fs/WindowsException'{0x00000000c82d8350}> (0x00000000c82d8350) 
thrown [t:\workspace\open\src\hotspot\share\prims\jni.cpp, line 516]
Event: 14.444 Thread 0x0000024d2c3cf130 Exception <a 'sun/nio/fs/WindowsException'{0x00000000c90243c8}> (0x00000000c90243c8) 
thrown [t:\workspace\open\src\hotspot\share\prims\jni.cpp, line 516]
Event: 14.444 Thread 0x0000024d2c3cf130 Exception <a 'sun/nio/fs/WindowsException'{0x00000000c9024650}> (0x00000000c9024650) 
thrown [t:\workspace\open\src\hotspot\share\prims\jni.cpp, line 516]
Event: 14.444 Thread 0x0000024d2c3cf130 Exception <a 'sun/nio/fs/WindowsException'{0x00000000c9025100}> (0x00000000c9025100) 
thrown [t:\workspace\open\src\hotspot\share\prims\jni.cpp, line 516]
Event: 14.444 Thread 0x0000024d2c3cf130 Exception <a 'sun/nio/fs/WindowsException'{0x00000000c9025320}> (0x00000000c9025320) 
thrown [t:\workspace\open\src\hotspot\share\prims\jni.cpp, line 516]
Event: 14.456 Thread 0x0000024d2c3cf130 Exception <a 'sun/nio/fs/WindowsException'{0x00000000c904d080}> (0x00000000c904d080) 
thrown [t:\workspace\open\src\hotspot\share\prims\jni.cpp, line 516]
Event: 14.456 Thread 0x0000024d2c3cf130 Exception <a 'sun/nio/fs/WindowsException'{0x00000000c904d348}> (0x00000000c904d348) 
thrown [t:\workspace\open\src\hotspot\share\prims\jni.cpp, line 516]
Event: 14.458 Thread 0x0000024d2c3cf130 Exception <a 'sun/nio/fs/WindowsException'{0x00000000c9052cc8}> (0x00000000c9052cc8) 
thrown [t:\workspace\open\src\hotspot\share\prims\jni.cpp, line 516]
Event: 14.458 Thread 0x0000024d2c3cf130 Exception <a 'sun/nio/fs/WindowsException'{0x00000000c9052f90}> (0x00000000c9052f90) 
thrown [t:\workspace\open\src\hotspot\share\prims\jni.cpp, line 516]
Event: 14.458 Thread 0x0000024d2c3cf130 Exception <a 'sun/nio/fs/WindowsException'{0x00000000c9054608}> (0x00000000c9054608) 
thrown [t:\workspace\open\src\hotspot\share\prims\jni.cpp, line 516]
Event: 14.458 Thread 0x0000024d2c3cf130 Exception <a 'sun/nio/fs/WindowsException'{0x00000000c9055248}> (0x00000000c9055248) 
thrown [t:\workspace\open\src\hotspot\share\prims\jni.cpp, line 516]
Event: 14.459 Thread 0x0000024d2c3cf130 Exception <a 'sun/nio/fs/WindowsException'{0x00000000c9056288}> (0x00000000c9056288) 
thrown [t:\workspace\open\src\hotspot\share\prims\jni.cpp, line 516]
Event: 14.459 Thread 0x0000024d2c3cf130 Exception <a 'sun/nio/fs/WindowsException'{0x00000000c9056ec8}> (0x00000000c9056ec8) 
thrown [t:\workspace\open\src\hotspot\share\prims\jni.cpp, line 516]
Event: 14.574 Thread 0x0000024d2c3cf130 Exception <a 'java/lang/NoSuchMethodError'{0x00000000c8a53f00}: 'void java.lang.invoke.DirectMethodHandle$Holder.invokeStatic(java.lang.Object, long)'> (0x00000000c8a53f00) 
thrown [t:\workspace\open\src\hotspot\share\interpreter\linkResolver.cpp, line 766]
Event: 14.575 Thread 0x0000024d2c3cf130 Exception <a 'java/lang/NoSuchMethodError'{0x00000000c8a59550}: 'java.lang.Object java.lang.invoke.DirectMethodHandle$Holder.newInvokeSpecial(java.lang.Object, long)'> (0x00000000c8a59550) 
thrown [t:\workspace\open\src\hotspot\share\interpreter\linkResolver.cpp, line 766]
Event: 14.583 Thread 0x0000024d2c3cf130 Exception <a 'java/lang/NoSuchMethodError'{0x00000000c8a63e88}: 'java.lang.Object java.lang.invoke.DirectMethodHandle$Holder.invokeStaticInit(java.lang.Object, java.lang.Object, long, java.lang.Object)'> (0x00000000c8a63e88) 
thrown [t:\workspace\open\src\hotspot\share\interpreter\linkResolver.cpp, line 766]
Event: 14.584 Thread 0x0000024d2c3cf130 Exception <a 'java/lang/NoSuchMethodError'{0x00000000c8a6a4d0}: 'java.lang.Object java.lang.invoke.DirectMethodHandle$Holder.newInvokeSpecial(java.lang.Object, java.lang.Object, long)'> (0x00000000c8a6a4d0) 
thrown [t:\workspace\open\src\hotspot\share\interpreter\linkResolver.cpp, line 766]
Event: 14.585 Thread 0x0000024d2c3cf130 Exception <a 'java/lang/NoSuchMethodError'{0x00000000c8a6e040}: 'java.lang.Object java.lang.invoke.Invokers$Holder.linkToTargetMethod(java.lang.Object, long, java.lang.Object)'> (0x00000000c8a6e040) 
thrown [t:\workspace\open\src\hotspot\share\interpreter\linkResolver.cpp, line 766]

VM Operations (20 events):
Event: 12.504 Executing VM operation: ICBufferFull
Event: 12.504 Executing VM operation: ICBufferFull done
Event: 12.631 Executing VM operation: ICBufferFull
Event: 12.632 Executing VM operation: ICBufferFull done
Event: 12.752 Executing VM operation: G1CollectForAllocation
Event: 12.776 Executing VM operation: G1CollectForAllocation done
Event: 13.057 Executing VM operation: ICBufferFull
Event: 13.057 Executing VM operation: ICBufferFull done
Event: 13.216 Executing VM operation: ICBufferFull
Event: 13.217 Executing VM operation: ICBufferFull done
Event: 13.953 Executing VM operation: G1CollectForAllocation
Event: 13.978 Executing VM operation: G1CollectForAllocation done
Event: 14.314 Executing VM operation: HandshakeAllThreads
Event: 14.314 Executing VM operation: HandshakeAllThreads done
Event: 14.332 Executing VM operation: HandshakeAllThreads
Event: 14.332 Executing VM operation: HandshakeAllThreads done
Event: 14.451 Executing VM operation: HandshakeAllThreads
Event: 14.451 Executing VM operation: HandshakeAllThreads done
Event: 14.604 Executing VM operation: HandshakeAllThreads
Event: 14.604 Executing VM operation: HandshakeAllThreads done

Events (20 events):
Event: 14.601 loading class java/util/concurrent/SynchronousQueue$Transferer
Event: 14.601 loading class java/util/concurrent/SynchronousQueue$Transferer done
Event: 14.601 loading class java/util/concurrent/SynchronousQueue$TransferStack done
Event: 14.601 loading class java/util/concurrent/SynchronousQueue$TransferStack$SNode
Event: 14.601 loading class java/util/concurrent/ForkJoinPool$ManagedBlocker
Event: 14.601 loading class java/util/concurrent/ForkJoinPool$ManagedBlocker done
Event: 14.602 loading class java/util/concurrent/SynchronousQueue$TransferStack$SNode done
Event: 14.602 loading class java/lang/ProcessImpl$2
Event: 14.602 loading class java/lang/ProcessImpl$2 done
Event: 14.602 loading class java/lang/Process$PipeInputStream
Event: 14.602 loading class java/lang/Process$PipeInputStream done
Event: 14.604 loading class jdk/internal/event/ProcessStartEvent
Event: 14.605 loading class jdk/internal/event/Event
Event: 14.606 loading class jdk/internal/event/Event done
Event: 14.606 loading class jdk/internal/event/ProcessStartEvent done
Event: 14.607 loading class java/io/PipedOutputStream
Event: 14.607 loading class java/io/PipedOutputStream done
Event: 14.608 Thread 0x0000024d4b6a9030 Thread added: 0x0000024d4b6a9030
Event: 14.608 Thread 0x0000024d49592610 Thread added: 0x0000024d49592610
Event: 14.608 Thread 0x0000024d49593e20 Thread added: 0x0000024d49593e20


Dynamic libraries:
0x00007ff6143e0000 - 0x00007ff6143f0000 	C:\Program Files\Java\jdk-17.0.2\bin\java.exe
0x00007ffb41090000 - 0x00007ffb41286000 	C:\Windows\SYSTEM32\ntdll.dll
0x00007ffb3fbe0000 - 0x00007ffb3fc9d000 	C:\Windows\System32\KERNEL32.DLL
0x00007ffb3ed70000 - 0x00007ffb3f039000 	C:\Windows\System32\KERNELBASE.dll
0x00007ffb3ec40000 - 0x00007ffb3ed40000 	C:\Windows\System32\ucrtbase.dll
0x00007ffb358f0000 - 0x00007ffb3590a000 	C:\Program Files\Java\jdk-17.0.2\bin\VCRUNTIME140.dll
0x00007ffb35260000 - 0x00007ffb35278000 	C:\Program Files\Java\jdk-17.0.2\bin\jli.dll
0x00007ffb3fca0000 - 0x00007ffb3fd4c000 	C:\Windows\System32\ADVAPI32.dll
0x00007ffb3ffd0000 - 0x00007ffb4006e000 	C:\Windows\System32\msvcrt.dll
0x00007ffb40480000 - 0x00007ffb4051c000 	C:\Windows\System32\sechost.dll
0x00007ffb3f0f0000 - 0x00007ffb3f21b000 	C:\Windows\System32\RPCRT4.dll
0x00007ffb40100000 - 0x00007ffb402a0000 	C:\Windows\System32\USER32.dll
0x00007ffb3ed40000 - 0x00007ffb3ed62000 	C:\Windows\System32\win32u.dll
0x00007ffb40450000 - 0x00007ffb4047a000 	C:\Windows\System32\GDI32.dll
0x00007ffb3e7d0000 - 0x00007ffb3e8db000 	C:\Windows\System32\gdi32full.dll
0x00007ffb3eba0000 - 0x00007ffb3ec3d000 	C:\Windows\System32\msvcp_win.dll
0x00007ffb2a7b0000 - 0x00007ffb2aa4b000 	C:\Windows\WinSxS\amd64_microsoft.windows.common-controls_6595b64144ccf1df_6.0.19041.746_none_ca02b4b61b8320a4\COMCTL32.dll
0x00007ffb37250000 - 0x00007ffb3725a000 	C:\Windows\SYSTEM32\VERSION.dll
0x00007ffb40e70000 - 0x00007ffb40ea0000 	C:\Windows\System32\IMM32.DLL
0x00007ffb36990000 - 0x00007ffb3699c000 	C:\Program Files\Java\jdk-17.0.2\bin\vcruntime140_1.dll
0x00007ffb25690000 - 0x00007ffb2571d000 	C:\Program Files\Java\jdk-17.0.2\bin\msvcp140.dll
0x00007ffafdb60000 - 0x00007ffafe721000 	C:\Program Files\Java\jdk-17.0.2\bin\server\jvm.dll
0x00007ffb3fb00000 - 0x00007ffb3fb08000 	C:\Windows\System32\PSAPI.DLL
0x00007ffb399f0000 - 0x00007ffb399f9000 	C:\Windows\SYSTEM32\WSOCK32.dll
0x00007ffb3fe80000 - 0x00007ffb3feeb000 	C:\Windows\System32\WS2_32.dll
0x00007ffb2d1c0000 - 0x00007ffb2d1e7000 	C:\Windows\SYSTEM32\WINMM.dll
0x00007ffb3d0b0000 - 0x00007ffb3d0c2000 	C:\Windows\SYSTEM32\kernel.appcore.dll
0x00007ffb36830000 - 0x00007ffb3683a000 	C:\Program Files\Java\jdk-17.0.2\bin\jimage.dll
0x00007ffb3cdc0000 - 0x00007ffb3cfa4000 	C:\Windows\SYSTEM32\DBGHELP.DLL
0x00007ffb27f00000 - 0x00007ffb27f2c000 	C:\Windows\SYSTEM32\dbgcore.DLL
0x00007ffb3eb20000 - 0x00007ffb3eba0000 	C:\Windows\System32\bcryptPrimitives.dll
0x00007ffb367b0000 - 0x00007ffb367be000 	C:\Program Files\Java\jdk-17.0.2\bin\instrument.dll
0x00007ffb2d520000 - 0x00007ffb2d545000 	C:\Program Files\Java\jdk-17.0.2\bin\java.dll
0x00007ffb1d160000 - 0x00007ffb1d236000 	C:\Program Files\Java\jdk-17.0.2\bin\jsvml.dll
0x00007ffb3f280000 - 0x00007ffb3f9c3000 	C:\Windows\System32\SHELL32.dll
0x00007ffb3c630000 - 0x00007ffb3cdbf000 	C:\Windows\SYSTEM32\windows.storage.dll
0x00007ffb405d0000 - 0x00007ffb40926000 	C:\Windows\System32\combase.dll
0x00007ffb3e160000 - 0x00007ffb3e18c000 	C:\Windows\SYSTEM32\Wldp.dll
0x00007ffb40520000 - 0x00007ffb405ce000 	C:\Windows\System32\SHCORE.dll
0x00007ffb3f9d0000 - 0x00007ffb3fa25000 	C:\Windows\System32\shlwapi.dll
0x00007ffb3e700000 - 0x00007ffb3e726000 	C:\Windows\SYSTEM32\profapi.dll
0x00007ffb351f0000 - 0x00007ffb35208000 	C:\Program Files\Java\jdk-17.0.2\bin\zip.dll
0x00007ffb2d440000 - 0x00007ffb2d459000 	C:\Program Files\Java\jdk-17.0.2\bin\net.dll
0x00007ffb36fd0000 - 0x00007ffb370d0000 	C:\Windows\SYSTEM32\WINHTTP.dll
0x00007ffb3dee0000 - 0x00007ffb3df4a000 	C:\Windows\system32\mswsock.dll
0x00007ffb2d420000 - 0x00007ffb2d436000 	C:\Program Files\Java\jdk-17.0.2\bin\nio.dll
0x00007ffb2d400000 - 0x00007ffb2d41a000 	C:\Program Files\JetBrains\IntelliJ IDEA Community Edition 2021.3.2\bin\breakgen64.dll
0x00007ffb2d510000 - 0x00007ffb2d520000 	C:\Program Files\Java\jdk-17.0.2\bin\verify.dll
0x00007ffb3e0c0000 - 0x00007ffb3e0d8000 	C:\Windows\SYSTEM32\CRYPTSP.dll
0x00007ffb3d880000 - 0x00007ffb3d8b4000 	C:\Windows\system32\rsaenh.dll
0x00007ffb3e990000 - 0x00007ffb3e9b7000 	C:\Windows\System32\bcrypt.dll
0x00007ffb3e6c0000 - 0x00007ffb3e6ee000 	C:\Windows\SYSTEM32\USERENV.dll
0x00007ffb3e0b0000 - 0x00007ffb3e0bc000 	C:\Windows\SYSTEM32\CRYPTBASE.dll
0x00007ffb3dbd0000 - 0x00007ffb3dc0b000 	C:\Windows\SYSTEM32\IPHLPAPI.DLL
0x00007ffb409f0000 - 0x00007ffb409f8000 	C:\Windows\System32\NSI.dll
0x00007ffb35220000 - 0x00007ffb35237000 	C:\Windows\SYSTEM32\dhcpcsvc6.DLL
0x00007ffb35280000 - 0x00007ffb3529d000 	C:\Windows\SYSTEM32\dhcpcsvc.DLL
0x00007ffb3dc10000 - 0x00007ffb3dcdb000 	C:\Windows\SYSTEM32\DNSAPI.dll
0x00007ffb2d360000 - 0x00007ffb2d36a000 	C:\Users\Pavel\AppData\Local\Temp\jansi-1.17.1-16551338599200463941.dll
0x00007ffb29b00000 - 0x00007ffb29b0a000 	C:\Users\Pavel\AppData\Local\Temp\jansi-1.17.1-6211328119363870436.dll

dbghelp: loaded successfully - version: 4.0.5 - missing functions: none
symbol engine: initialized successfully - sym options: 0x614 - pdb path: .;C:\Program Files\Java\jdk-17.0.2\bin;C:\Windows\SYSTEM32;C:\Windows\WinSxS\amd64_microsoft.windows.common-controls_6595b64144ccf1df_6.0.19041.746_none_ca02b4b61b8320a4;C:\Program Files\Java\jdk-17.0.2\bin\server;C:\Program Files\JetBrains\IntelliJ IDEA Community Edition 2021.3.2\bin;C:\Users\Pavel\AppData\Local\Temp

VM Arguments:
jvm_args: -Dmaven.multiModuleProjectDirectory=C:\Users\Pavel\IdeaProjects\RaceTH -Dmaven.home=C:\Program Files\JetBrains\IntelliJ IDEA Community Edition 2021.3.2\plugins\maven\lib\maven3 -Dclassworlds.conf=C:\Program Files\JetBrains\IntelliJ IDEA Community Edition 2021.3.2\plugins\maven\lib\maven3\bin\m2.conf -Dmaven.ext.class.path=C:\Program Files\JetBrains\IntelliJ IDEA Community Edition 2021.3.2\plugins\maven\lib\maven-event-listener.jar -javaagent:C:\Program Files\JetBrains\IntelliJ IDEA Community Edition 2021.3.2\lib\idea_rt.jar=52286:C:\Program Files\JetBrains\IntelliJ IDEA Community Edition 2021.3.2\bin -Dfile.encoding=UTF-8 
java_command: org.codehaus.classworlds.Launcher -Didea.version=2021.3.2 javafx:run -P w
java_class_path (initial): C:\Program Files\JetBrains\IntelliJ IDEA Community Edition 2021.3.2\plugins\maven\lib\maven3\boot\plexus-classworlds-2.6.0.jar;C:\Program Files\JetBrains\IntelliJ IDEA Community Edition 2021.3.2\plugins\maven\lib\maven3\boot\plexus-classworlds.license
Launcher Type: SUN_STANDARD

[Global flags]
     intx CICompilerCount                          = 3                                         {product} {ergonomic}
     uint ConcGCThreads                            = 1                                         {product} {ergonomic}
     uint G1ConcRefinementThreads                  = 4                                         {product} {ergonomic}
   size_t G1HeapRegionSize                         = 1048576                                   {product} {ergonomic}
    uintx GCDrainStackTargetSize                   = 64                                        {product} {ergonomic}
   size_t InitialHeapSize                          = 65011712                                  {product} {ergonomic}
   size_t MarkStackSize                            = 4194304                                   {product} {ergonomic}
   size_t MaxHeapSize                              = 1027604480                                {product} {ergonomic}
   size_t MaxNewSize                               = 616562688                                 {product} {ergonomic}
   size_t MinHeapDeltaBytes                        = 1048576                                   {product} {ergonomic}
   size_t MinHeapSize                              = 8388608                                   {product} {ergonomic}
    uintx NonNMethodCodeHeapSize                   = 5832780                                {pd product} {ergonomic}
    uintx NonProfiledCodeHeapSize                  = 122912730                              {pd product} {ergonomic}
    uintx ProfiledCodeHeapSize                     = 122912730                              {pd product} {ergonomic}
    uintx ReservedCodeCacheSize                    = 251658240                              {pd product} {ergonomic}
     bool SegmentedCodeCache                       = true                                      {product} {ergonomic}
   size_t SoftMaxHeapSize                          = 1027604480                             {manageable} {ergonomic}
     bool UseCompressedClassPointers               = true                           {product lp64_product} {ergonomic}
     bool UseCompressedOops                        = true                           {product lp64_product} {ergonomic}
     bool UseG1GC                                  = true                                      {product} {ergonomic}
     bool UseLargePagesIndividualAllocation        = false                                  {pd product} {ergonomic}

Logging:
Log output configuration:
 #0: stdout all=warning uptime,level,tags
 #1: stderr all=off uptime,level,tags

Environment Variables:
PATH=C:\Program Files\Common Files\Oracle\Java\javapath;C:\Program Files (x86)\Common Files\Oracle\Java\javapath;C:\Program Files (x86)\Intel\TXE Components\iCLS\;C:\Program Files\Intel\TXE Components\iCLS\;C:\Windows\system32;C:\Windows;C:\Windows\System32\Wbem;C:\Windows\System32\WindowsPowerShell\v1.0\;C:\Windows\System32\OpenSSH\;C:\Program Files\Intel\TXE Components\DAL\;C:\Program Files (x86)\Intel\TXE Components\DAL\;C:\Program Files\Intel\TXE Components\IPT\;C:\Program Files (x86)\Intel\TXE Components\IPT\;C:\Program Files\dotnet\;C:\Program Files\Microsoft SQL Server\130\Tools\Binn\;C:\Program Files\Microsoft SQL Server\Client SDK\ODBC\170\Tools\Binn\;C:\Program Files\Git\cmd;C:\Program Files\MySQL\MySQL Shell 8.0\bin\;C:\Users\Pavel\AppData\Local\Programs\Python\Python39\Scripts\;C:\Users\Pavel\AppData\Local\Programs\Python\Python39\;C:\Users\Pavel\AppData\Local\Microsoft\WindowsApps;C:\Users\Pavel\.dotnet\tools;C:\Windows\Microsoft.NET\Framework\v4.0.30319;;C:\Program Files\JetBrains\IntelliJ IDEA Community Edition 2021.3.2\bin;
USERNAME=Pavel
OS=Windows_NT
PROCESSOR_IDENTIFIER=Intel64 Family 6 Model 122 Stepping 1, GenuineIntel



---------------  S Y S T E M  ---------------

OS:
 Windows 10 , 64 bit Build 19041 (10.0.19041.662)
OS uptime: 0 days 5:04 hours

CPU: total 4 (initial active 4) (4 cores per cpu, 1 threads per core) family 6 model 122 stepping 1 microcode 0x32, cx8, cmov, fxsr, mmx, 3dnowpref, sse, sse2, sse3, ssse3, sse4.1, sse4.2, popcnt, tsc, tscinvbit, aes, erms, clmul, sha, clflush, clflushopt

Memory: 4k page, system-wide physical 3919M (347M free)
TotalPageFile size 5967M (AvailPageFile size 58M)
current process WorkingSet (physical memory assigned to process): 249M, peak: 252M
current process commit charge ("private bytes"): 275M, peak: 278M

vm_info: Java HotSpot(TM) 64-Bit Server VM (17.0.2+8-LTS-86) for windows-amd64 JRE (17.0.2+8-LTS-86), built on Dec  7 2021 21:51:03 by "mach5one" with MS VC++ 16.8 / 16.9 (VS2019)

END.
