#
# There is insufficient memory for the Java Runtime Environment to continue.
# Native memory allocation (malloc) failed to allocate 789904 bytes for Chunk::new
# Possible reasons:
#   The system is out of physical RAM or swap space
#   The process is running with CompressedOops enabled, and the Java Heap may be blocking the growth of the native heap
# Possible solutions:
#   Reduce memory load on the system
#   Increase physical memory or swap space
#   Check if swap backing store is full
#   Decrease Java heap size (-Xmx/-Xms)
#   Decrease number of Java threads
#   Decrease Java thread stack sizes (-Xss)
#   Set larger code cache with -XX:ReservedCodeCacheSize=
#   JVM is running with Unscaled Compressed Oops mode in which the Java heap is
#     placed in the first 4GB address space. The Java Heap base address is the
#     maximum limit for the native heap growth. Please use -XX:HeapBaseMinAddress
#     to set the Java Heap base and to place the Java Heap above 4GB virtual address.
# This output file may be truncated or incomplete.
#
#  Out of Memory Error (arena.cpp:189), pid=11608, tid=10668
#
# JRE version: Java(TM) SE Runtime Environment (17.0.2+8) (build 17.0.2+8-LTS-86)
# Java VM: Java HotSpot(TM) 64-Bit Server VM (17.0.2+8-LTS-86, mixed mode, sharing, tiered, compressed oops, compressed class ptrs, g1 gc, windows-amd64)
# No core dump will be written. Minidumps are not enabled by default on client versions of Windows
#

---------------  S U M M A R Y ------------

Command Line: --module-path=C:\Users\Pavel\.m2\repository\org\openjfx\javafx-base\19-ea+3\javafx-base-19-ea+3-win.jar;C:\Users\Pavel\.m2\repository\org\openjfx\javafx-base\19-ea+3\javafx-base-19-ea+3.jar;C:\Users\Pavel\.m2\repository\org\openjfx\javafx-controls\19-ea+3\javafx-controls-19-ea+3-win.jar;C:\Users\Pavel\.m2\repository\org\openjfx\javafx-controls\19-ea+3\javafx-controls-19-ea+3.jar;C:\Users\Pavel\.m2\repository\org\openjfx\javafx-fxml\19-ea+3\javafx-fxml-19-ea+3-win.jar;C:\Users\Pavel\.m2\repository\org\openjfx\javafx-fxml\19-ea+3\javafx-fxml-19-ea+3.jar;C:\Users\Pavel\.m2\repository\org\openjfx\javafx-graphics\19-ea+3\javafx-graphics-19-ea+3-win.jar;C:\Users\Pavel\.m2\repository\org\openjfx\javafx-graphics\19-ea+3\javafx-graphics-19-ea+3.jar;C:\Users\Pavel\.m2\repository\org\openjfx\javafx-media\19-ea+3\javafx-media-19-ea+3-win.jar;C:\Users\Pavel\.m2\repository\org\openjfx\javafx-media\19-ea+3\javafx-media-19-ea+3.jar;C:\Users\Pavel\.m2\repository\org\openjfx\javafx-swing\19-ea+3\javafx-swing-19-ea+3-win.jar;C:\Users\Pavel\.m2\repository\org\openjfx\javafx-swing\19-ea+3\javafx-swing-19-ea+3.jar;C:\Users\Pavel\.m2\repository\org\openjfx\javafx-web\19-ea+3\javafx-web-19-ea+3-win.jar;C:\Users\Pavel\.m2\repository\org\openjfx\javafx-web\19-ea+3\javafx-web-19-ea+3.jar --add-modules=javafx.base,javafx.controls,javafx.fxml,javafx.graphics,javafx.media,javafx.swing,javafx.web com.lifehouse.raceth.Main

Host: Intel(R) Pentium(R) Silver N5000 CPU @ 1.10GHz, 4 cores, 3G,  Windows 10 , 64 bit Build 19041 (10.0.19041.662)
Time: Sat Apr 23 14:35:42 2022 RTZ 2 (s 10 , 64 bit Build 19041 (10.0.19041.662) elapsed time: 41.784638 seconds (0d 0h 0m 41s)

---------------  T H R E A D  ---------------

Current thread (0x000002611db3dd40):  JavaThread "C2 CompilerThread1" daemon [_thread_in_native, id=10668, stack(0x00000070e0e00000,0x00000070e0f00000)]


Current CompileTask:
C2:  41784 4479       4       com.sun.prism.impl.ps.BaseShaderContext::checkState (211 bytes)

Stack: [0x00000070e0e00000,0x00000070e0f00000]
Native frames: (J=compiled Java code, j=interpreted, Vv=VM code, C=native code)
V  [jvm.dll+0x670baa]
V  [jvm.dll+0x7cfcb4]
V  [jvm.dll+0x7d145e]
V  [jvm.dll+0x7d1ac3]
V  [jvm.dll+0x242bc5]
V  [jvm.dll+0xaa57b]
V  [jvm.dll+0xaab0c]
V  [jvm.dll+0x35fd07]
V  [jvm.dll+0x32a331]
V  [jvm.dll+0x3297da]
V  [jvm.dll+0x215c91]
V  [jvm.dll+0x2150b1]
V  [jvm.dll+0x1a1bbd]
V  [jvm.dll+0x224908]
V  [jvm.dll+0x222a6c]
V  [jvm.dll+0x7859bb]
V  [jvm.dll+0x77ff7a]
V  [jvm.dll+0x66fa35]
C  [ucrtbase.dll+0x214c2]
C  [KERNEL32.DLL+0x17034]
C  [ntdll.dll+0x4d0d1]


---------------  P R O C E S S  ---------------

Threads class SMR info:
_java_thread_list=0x000002611972aa20, length=20, elements={
0x0000026177bf3840, 0x0000026177ca1d40, 0x0000026177ca5970, 0x0000026177cb93e0,
0x0000026177cbbda0, 0x0000026177cbcef0, 0x0000026177cbd8a0, 0x0000026177cc26e0,
0x0000026177cc7930, 0x0000026177ccbb20, 0x000002611381c060, 0x0000026113a910e0,
0x0000026113f02810, 0x0000026113fa9b10, 0x0000026113faf3b0, 0x000002611416fec0,
0x00000261141c7510, 0x00000261193d7b10, 0x0000026114377080, 0x000002611db3dd40
}

Java Threads: ( => current thread )
  0x0000026177bf3840 JavaThread "main" [_thread_blocked, id=11128, stack(0x00000070df000000,0x00000070df100000)]
  0x0000026177ca1d40 JavaThread "Reference Handler" daemon [_thread_blocked, id=11744, stack(0x00000070df700000,0x00000070df800000)]
  0x0000026177ca5970 JavaThread "Finalizer" daemon [_thread_blocked, id=2672, stack(0x00000070df800000,0x00000070df900000)]
  0x0000026177cb93e0 JavaThread "Signal Dispatcher" daemon [_thread_blocked, id=776, stack(0x00000070df900000,0x00000070dfa00000)]
  0x0000026177cbbda0 JavaThread "Attach Listener" daemon [_thread_blocked, id=8028, stack(0x00000070dfa00000,0x00000070dfb00000)]
  0x0000026177cbcef0 JavaThread "Service Thread" daemon [_thread_blocked, id=5712, stack(0x00000070dfb00000,0x00000070dfc00000)]
  0x0000026177cbd8a0 JavaThread "Monitor Deflation Thread" daemon [_thread_blocked, id=9536, stack(0x00000070dfc00000,0x00000070dfd00000)]
  0x0000026177cc26e0 JavaThread "C2 CompilerThread0" daemon [_thread_in_native, id=1048, stack(0x00000070dfd00000,0x00000070dfe00000)]
  0x0000026177cc7930 JavaThread "C1 CompilerThread0" daemon [_thread_blocked, id=10056, stack(0x00000070dfe00000,0x00000070dff00000)]
  0x0000026177ccbb20 JavaThread "Sweeper thread" daemon [_thread_blocked, id=10176, stack(0x00000070dff00000,0x00000070e0000000)]
  0x000002611381c060 JavaThread "Common-Cleaner" daemon [_thread_blocked, id=9084, stack(0x00000070e0000000,0x00000070e0100000)]
  0x0000026113a910e0 JavaThread "Notification Thread" daemon [_thread_blocked, id=7812, stack(0x00000070e0200000,0x00000070e0300000)]
  0x0000026113f02810 JavaThread "QuantumRenderer-0" daemon [_thread_blocked, id=6796, stack(0x00000070e0600000,0x00000070e0700000)]
  0x0000026113fa9b10 JavaThread "InvokeLaterDispatcher" daemon [_thread_blocked, id=11700, stack(0x00000070e0700000,0x00000070e0800000)]
  0x0000026113faf3b0 JavaThread "JavaFX Application Thread" [_thread_in_native, id=7108, stack(0x00000070e0800000,0x00000070e0900000)]
  0x000002611416fec0 JavaThread "JavaFX-Launcher" [_thread_blocked, id=6980, stack(0x00000070e0d00000,0x00000070e0e00000)]
  0x00000261141c7510 JavaThread "Thread-2" daemon [_thread_in_native, id=2600, stack(0x00000070e0c00000,0x00000070e0d00000)]
  0x00000261193d7b10 JavaThread "Prism Font Disposer" daemon [_thread_blocked, id=9044, stack(0x00000070e1200000,0x00000070e1300000)]
  0x0000026114377080 JavaThread "Cleaner-0" daemon [_thread_blocked, id=12056, stack(0x00000070e1600000,0x00000070e1700000)]
=>0x000002611db3dd40 JavaThread "C2 CompilerThread1" daemon [_thread_in_native, id=10668, stack(0x00000070e0e00000,0x00000070e0f00000)]

Other Threads:
  0x0000026177c9c9a0 VMThread "VM Thread" [stack: 0x00000070df600000,0x00000070df700000] [id=10636]
  0x0000026113b285d0 WatcherThread [stack: 0x00000070e0300000,0x00000070e0400000] [id=6644]
  0x0000026177c207f0 GCTaskThread "GC Thread#0" [stack: 0x00000070df100000,0x00000070df200000] [id=10884]
  0x0000026113c6c0f0 GCTaskThread "GC Thread#1" [stack: 0x00000070e0100000,0x00000070e0200000] [id=3532]
  0x0000026113b613c0 GCTaskThread "GC Thread#2" [stack: 0x00000070e0400000,0x00000070e0500000] [id=5164]
  0x0000026113b61670 GCTaskThread "GC Thread#3" [stack: 0x00000070e0500000,0x00000070e0600000] [id=2536]
  0x0000026177c2a1c0 ConcurrentGCThread "G1 Main Marker" [stack: 0x00000070df200000,0x00000070df300000] [id=6276]
  0x0000026177c2abd0 ConcurrentGCThread "G1 Conc#0" [stack: 0x00000070df300000,0x00000070df400000] [id=520]
  0x0000026177c6b270 ConcurrentGCThread "G1 Refine#0" [stack: 0x00000070df400000,0x00000070df500000] [id=10236]
  0x00000261191f1ad0 ConcurrentGCThread "G1 Refine#1" [stack: 0x00000070e1300000,0x00000070e1400000] [id=9436]
  0x0000026177c6bc90 ConcurrentGCThread "G1 Service" [stack: 0x00000070df500000,0x00000070df600000] [id=6800]

Threads with active compile tasks:
C2 CompilerThread0    41857 4383  s!   4       com.sun.scenario.effect.impl.ImagePool::checkOut (447 bytes)
C2 CompilerThread1    41857 4479       4       com.sun.prism.impl.ps.BaseShaderContext::checkState (211 bytes)

VM state: not at safepoint (normal execution)

VM Mutex/Monitor currently owned by a thread: None

Heap address: 0x00000000c2c00000, size: 980 MB, Compressed Oops mode: 32-bit

CDS archive(s) mapped at: [0x0000000800000000-0x0000000800bc0000-0x0000000800bc0000), size 12320768, SharedBaseAddress: 0x0000000800000000, ArchiveRelocationMode: 0.
Compressed class space mapped at: 0x0000000800c00000-0x0000000840c00000, reserved size: 1073741824
Narrow klass base: 0x0000000800000000, Narrow klass shift: 0, Narrow klass range: 0x100000000

GC Precious Log:
 CPUs: 4 total, 4 available
 Memory: 3919M
 Large Page Support: Disabled
 NUMA Support: Disabled
 Compressed Oops: Enabled (32-bit)
 Heap Region Size: 1M
 Heap Min Capacity: 8M
 Heap Initial Capacity: 62M
 Heap Max Capacity: 980M
 Pre-touch: Disabled
 Parallel Workers: 4
 Concurrent Workers: 1
 Concurrent Refinement Workers: 4
 Periodic GC: Disabled

Heap:
 garbage-first heap   total 119808K, used 71525K [0x00000000c2c00000, 0x0000000100000000)
  region size 1024K, 6 young (6144K), 2 survivors (2048K)
 Metaspace       used 18687K, committed 19008K, reserved 1073152K
  class space    used 2643K, committed 2816K, reserved 1048576K

Heap Regions: E=young(eden), S=young(survivor), O=old, HS=humongous(starts), HC=humongous(continues), CS=collection set, F=free, OA=open archive, CA=closed archive, TAMS=top-at-mark-start (previous, next)
|   0|0x00000000c2c00000, 0x00000000c2d00000, 0x00000000c2d00000|100%|HS|  |TAMS 0x00000000c2d00000, 0x00000000c2c00000| Complete 
|   1|0x00000000c2d00000, 0x00000000c2e00000, 0x00000000c2e00000|100%| O|  |TAMS 0x00000000c2e00000, 0x00000000c2d00000| Untracked 
|   2|0x00000000c2e00000, 0x00000000c2f00000, 0x00000000c2f00000|100%| O|  |TAMS 0x00000000c2f00000, 0x00000000c2e00000| Untracked 
|   3|0x00000000c2f00000, 0x00000000c3000000, 0x00000000c3000000|100%|HS|  |TAMS 0x00000000c3000000, 0x00000000c2f00000| Complete 
|   4|0x00000000c3000000, 0x00000000c3100000, 0x00000000c3100000|100%|HC|  |TAMS 0x00000000c3100000, 0x00000000c3000000| Complete 
|   5|0x00000000c3100000, 0x00000000c3200000, 0x00000000c3200000|100%| O|  |TAMS 0x00000000c3200000, 0x00000000c3100000| Untracked 
|   6|0x00000000c3200000, 0x00000000c3300000, 0x00000000c3300000|100%|HS|  |TAMS 0x00000000c3300000, 0x00000000c3200000| Complete 
|   7|0x00000000c3300000, 0x00000000c3400000, 0x00000000c3400000|100%|HC|  |TAMS 0x00000000c3400000, 0x00000000c3300000| Complete 
|   8|0x00000000c3400000, 0x00000000c3500000, 0x00000000c3500000|100%| O|  |TAMS 0x00000000c3500000, 0x00000000c3400000| Untracked 
|   9|0x00000000c3500000, 0x00000000c3600000, 0x00000000c3600000|100%|HS|  |TAMS 0x00000000c3600000, 0x00000000c3500000| Complete 
|  10|0x00000000c3600000, 0x00000000c3700000, 0x00000000c3700000|100%|HC|  |TAMS 0x00000000c3700000, 0x00000000c3600000| Complete 
|  11|0x00000000c3700000, 0x00000000c3800000, 0x00000000c3800000|100%| O|  |TAMS 0x00000000c3800000, 0x00000000c3700000| Untracked 
|  12|0x00000000c3800000, 0x00000000c3900000, 0x00000000c3900000|100%|HS|  |TAMS 0x00000000c3900000, 0x00000000c3800000| Complete 
|  13|0x00000000c3900000, 0x00000000c3a00000, 0x00000000c3a00000|100%|HC|  |TAMS 0x00000000c3a00000, 0x00000000c3900000| Complete 
|  14|0x00000000c3a00000, 0x00000000c3b00000, 0x00000000c3b00000|100%| O|  |TAMS 0x00000000c3b00000, 0x00000000c3a00000| Untracked 
|  15|0x00000000c3b00000, 0x00000000c3c00000, 0x00000000c3c00000|100%|HS|  |TAMS 0x00000000c3c00000, 0x00000000c3b00000| Complete 
|  16|0x00000000c3c00000, 0x00000000c3d00000, 0x00000000c3d00000|100%|HC|  |TAMS 0x00000000c3d00000, 0x00000000c3c00000| Complete 
|  17|0x00000000c3d00000, 0x00000000c3e00000, 0x00000000c3e00000|100%| O|  |TAMS 0x00000000c3e00000, 0x00000000c3d00000| Untracked 
|  18|0x00000000c3e00000, 0x00000000c3f00000, 0x00000000c3f00000|100%|HS|  |TAMS 0x00000000c3f00000, 0x00000000c3e00000| Complete 
|  19|0x00000000c3f00000, 0x00000000c4000000, 0x00000000c4000000|100%|HC|  |TAMS 0x00000000c4000000, 0x00000000c3f00000| Complete 
|  20|0x00000000c4000000, 0x00000000c4100000, 0x00000000c4100000|100%| O|  |TAMS 0x00000000c4100000, 0x00000000c4000000| Untracked 
|  21|0x00000000c4100000, 0x00000000c4200000, 0x00000000c4200000|100%|HS|  |TAMS 0x00000000c4200000, 0x00000000c4100000| Complete 
|  22|0x00000000c4200000, 0x00000000c4300000, 0x00000000c4300000|100%|HC|  |TAMS 0x00000000c4300000, 0x00000000c4200000| Complete 
|  23|0x00000000c4300000, 0x00000000c4400000, 0x00000000c4400000|100%| O|  |TAMS 0x00000000c4400000, 0x00000000c4300000| Untracked 
|  24|0x00000000c4400000, 0x00000000c4500000, 0x00000000c4500000|100%|HS|  |TAMS 0x00000000c4500000, 0x00000000c4400000| Complete 
|  25|0x00000000c4500000, 0x00000000c4600000, 0x00000000c4600000|100%|HC|  |TAMS 0x00000000c4600000, 0x00000000c4500000| Complete 
|  26|0x00000000c4600000, 0x00000000c4700000, 0x00000000c4700000|100%| O|  |TAMS 0x00000000c4700000, 0x00000000c4600000| Untracked 
|  27|0x00000000c4700000, 0x00000000c4800000, 0x00000000c4800000|100%| O|  |TAMS 0x00000000c4800000, 0x00000000c4700000| Untracked 
|  28|0x00000000c4800000, 0x00000000c4900000, 0x00000000c4900000|100%| O|  |TAMS 0x00000000c4900000, 0x00000000c4800000| Untracked 
|  29|0x00000000c4900000, 0x00000000c4a00000, 0x00000000c4a00000|100%| O|  |TAMS 0x00000000c4a00000, 0x00000000c4900000| Untracked 
|  30|0x00000000c4a00000, 0x00000000c4b00000, 0x00000000c4b00000|100%|HS|  |TAMS 0x00000000c4b00000, 0x00000000c4a00000| Complete 
|  31|0x00000000c4b00000, 0x00000000c4c00000, 0x00000000c4c00000|100%|HC|  |TAMS 0x00000000c4c00000, 0x00000000c4b00000| Complete 
|  32|0x00000000c4c00000, 0x00000000c4d00000, 0x00000000c4d00000|100%|HS|  |TAMS 0x00000000c4d00000, 0x00000000c4c00000| Complete 
|  33|0x00000000c4d00000, 0x00000000c4e00000, 0x00000000c4e00000|100%|HC|  |TAMS 0x00000000c4e00000, 0x00000000c4d00000| Complete 
|  34|0x00000000c4e00000, 0x00000000c4f00000, 0x00000000c4f00000|100%|HS|  |TAMS 0x00000000c4f00000, 0x00000000c4e00000| Complete 
|  35|0x00000000c4f00000, 0x00000000c5000000, 0x00000000c5000000|100%|HC|  |TAMS 0x00000000c5000000, 0x00000000c4f00000| Complete 
|  36|0x00000000c5000000, 0x00000000c5100000, 0x00000000c5100000|100%|HS|  |TAMS 0x00000000c5100000, 0x00000000c5000000| Complete 
|  37|0x00000000c5100000, 0x00000000c5200000, 0x00000000c5200000|100%|HC|  |TAMS 0x00000000c5200000, 0x00000000c5100000| Complete 
|  38|0x00000000c5200000, 0x00000000c5300000, 0x00000000c5300000|100%|HS|  |TAMS 0x00000000c5300000, 0x00000000c5200000| Complete 
|  39|0x00000000c5300000, 0x00000000c5400000, 0x00000000c5400000|100%|HC|  |TAMS 0x00000000c5400000, 0x00000000c5300000| Complete 
|  40|0x00000000c5400000, 0x00000000c5500000, 0x00000000c5500000|100%|HS|  |TAMS 0x00000000c5500000, 0x00000000c5400000| Complete 
|  41|0x00000000c5500000, 0x00000000c5600000, 0x00000000c5600000|100%|HC|  |TAMS 0x00000000c5600000, 0x00000000c5500000| Complete 
|  42|0x00000000c5600000, 0x00000000c5700000, 0x00000000c5700000|100%|HS|  |TAMS 0x00000000c5700000, 0x00000000c5600000| Complete 
|  43|0x00000000c5700000, 0x00000000c5800000, 0x00000000c5800000|100%|HC|  |TAMS 0x00000000c5800000, 0x00000000c5700000| Complete 
|  44|0x00000000c5800000, 0x00000000c5900000, 0x00000000c5900000|100%|HS|  |TAMS 0x00000000c5900000, 0x00000000c5800000| Complete 
|  45|0x00000000c5900000, 0x00000000c5a00000, 0x00000000c5a00000|100%|HC|  |TAMS 0x00000000c5a00000, 0x00000000c5900000| Complete 
|  46|0x00000000c5a00000, 0x00000000c5b00000, 0x00000000c5b00000|100%| O|  |TAMS 0x00000000c5b00000, 0x00000000c5a00000| Untracked 
|  47|0x00000000c5b00000, 0x00000000c5c00000, 0x00000000c5c00000|100%|HS|  |TAMS 0x00000000c5c00000, 0x00000000c5b00000| Complete 
|  48|0x00000000c5c00000, 0x00000000c5d00000, 0x00000000c5d00000|100%|HC|  |TAMS 0x00000000c5d00000, 0x00000000c5c00000| Complete 
|  49|0x00000000c5d00000, 0x00000000c5e00000, 0x00000000c5e00000|100%|HS|  |TAMS 0x00000000c5e00000, 0x00000000c5d00000| Complete 
|  50|0x00000000c5e00000, 0x00000000c5f00000, 0x00000000c5f00000|100%|HC|  |TAMS 0x00000000c5f00000, 0x00000000c5e00000| Complete 
|  51|0x00000000c5f00000, 0x00000000c5f89c00, 0x00000000c6000000| 53%| O|  |TAMS 0x00000000c5f89c00, 0x00000000c5f00000| Untracked 
|  52|0x00000000c6000000, 0x00000000c6100000, 0x00000000c6100000|100%|HS|  |TAMS 0x00000000c6100000, 0x00000000c6000000| Complete 
|  53|0x00000000c6100000, 0x00000000c6200000, 0x00000000c6200000|100%|HC|  |TAMS 0x00000000c6200000, 0x00000000c6100000| Complete 
|  54|0x00000000c6200000, 0x00000000c6300000, 0x00000000c6300000|100%|HS|  |TAMS 0x00000000c6300000, 0x00000000c6200000| Complete 
|  55|0x00000000c6300000, 0x00000000c6400000, 0x00000000c6400000|100%|HC|  |TAMS 0x00000000c6400000, 0x00000000c6300000| Complete 
|  56|0x00000000c6400000, 0x00000000c6500000, 0x00000000c6500000|100%|HS|  |TAMS 0x00000000c6500000, 0x00000000c6400000| Complete 
|  57|0x00000000c6500000, 0x00000000c6600000, 0x00000000c6600000|100%|HC|  |TAMS 0x00000000c6600000, 0x00000000c6500000| Complete 
|  58|0x00000000c6600000, 0x00000000c6700000, 0x00000000c6700000|100%|HS|  |TAMS 0x00000000c6700000, 0x00000000c6600000| Complete 
|  59|0x00000000c6700000, 0x00000000c6800000, 0x00000000c6800000|100%|HC|  |TAMS 0x00000000c6800000, 0x00000000c6700000| Complete 
|  60|0x00000000c6800000, 0x00000000c6900000, 0x00000000c6900000|100%|HS|  |TAMS 0x00000000c6900000, 0x00000000c6800000| Complete 
|  61|0x00000000c6900000, 0x00000000c6a00000, 0x00000000c6a00000|100%|HC|  |TAMS 0x00000000c6a00000, 0x00000000c6900000| Complete 
|  62|0x00000000c6a00000, 0x00000000c6b00000, 0x00000000c6b00000|100%|HS|  |TAMS 0x00000000c6b00000, 0x00000000c6a00000| Complete 
|  63|0x00000000c6b00000, 0x00000000c6c00000, 0x00000000c6c00000|100%|HC|  |TAMS 0x00000000c6c00000, 0x00000000c6b00000| Complete 
|  64|0x00000000c6c00000, 0x00000000c6d00000, 0x00000000c6d00000|100%|HS|  |TAMS 0x00000000c6c00000, 0x00000000c6c00000| Complete 
|  65|0x00000000c6d00000, 0x00000000c6e00000, 0x00000000c6e00000|100%|HC|  |TAMS 0x00000000c6d00000, 0x00000000c6d00000| Complete 
|  66|0x00000000c6e00000, 0x00000000c6e00000, 0x00000000c6f00000|  0%| F|  |TAMS 0x00000000c6e00000, 0x00000000c6e00000| Untracked 
|  67|0x00000000c6f00000, 0x00000000c6f00000, 0x00000000c7000000|  0%| F|  |TAMS 0x00000000c6f00000, 0x00000000c6f00000| Untracked 
|  68|0x00000000c7000000, 0x00000000c7000000, 0x00000000c7100000|  0%| F|  |TAMS 0x00000000c7000000, 0x00000000c7000000| Untracked 
|  69|0x00000000c7100000, 0x00000000c7100000, 0x00000000c7200000|  0%| F|  |TAMS 0x00000000c7100000, 0x00000000c7100000| Untracked 
|  70|0x00000000c7200000, 0x00000000c7200000, 0x00000000c7300000|  0%| F|  |TAMS 0x00000000c7200000, 0x00000000c7200000| Untracked 
|  71|0x00000000c7300000, 0x00000000c7300000, 0x00000000c7400000|  0%| F|  |TAMS 0x00000000c7300000, 0x00000000c7300000| Untracked 
|  72|0x00000000c7400000, 0x00000000c7400000, 0x00000000c7500000|  0%| F|  |TAMS 0x00000000c7400000, 0x00000000c7400000| Untracked 
|  73|0x00000000c7500000, 0x00000000c7500000, 0x00000000c7600000|  0%| F|  |TAMS 0x00000000c7500000, 0x00000000c7500000| Untracked 
|  74|0x00000000c7600000, 0x00000000c7600000, 0x00000000c7700000|  0%| F|  |TAMS 0x00000000c7600000, 0x00000000c7600000| Untracked 
|  75|0x00000000c7700000, 0x00000000c7700000, 0x00000000c7800000|  0%| F|  |TAMS 0x00000000c7700000, 0x00000000c7700000| Untracked 
|  76|0x00000000c7800000, 0x00000000c7800000, 0x00000000c7900000|  0%| F|  |TAMS 0x00000000c7800000, 0x00000000c7800000| Untracked 
|  77|0x00000000c7900000, 0x00000000c7900000, 0x00000000c7a00000|  0%| F|  |TAMS 0x00000000c7900000, 0x00000000c7900000| Untracked 
|  78|0x00000000c7a00000, 0x00000000c7a00000, 0x00000000c7b00000|  0%| F|  |TAMS 0x00000000c7a00000, 0x00000000c7a00000| Untracked 
|  79|0x00000000c7b00000, 0x00000000c7b00000, 0x00000000c7c00000|  0%| F|  |TAMS 0x00000000c7b00000, 0x00000000c7b00000| Untracked 
|  80|0x00000000c7c00000, 0x00000000c7c00000, 0x00000000c7d00000|  0%| F|  |TAMS 0x00000000c7c00000, 0x00000000c7c00000| Untracked 
|  81|0x00000000c7d00000, 0x00000000c7d00000, 0x00000000c7e00000|  0%| F|  |TAMS 0x00000000c7d00000, 0x00000000c7d00000| Untracked 
|  82|0x00000000c7e00000, 0x00000000c7e00000, 0x00000000c7f00000|  0%| F|  |TAMS 0x00000000c7e00000, 0x00000000c7e00000| Untracked 
|  83|0x00000000c7f00000, 0x00000000c7f00000, 0x00000000c8000000|  0%| F|  |TAMS 0x00000000c7f00000, 0x00000000c7f00000| Untracked 
|  84|0x00000000c8000000, 0x00000000c8000000, 0x00000000c8100000|  0%| F|  |TAMS 0x00000000c8000000, 0x00000000c8000000| Untracked 
|  85|0x00000000c8100000, 0x00000000c8100000, 0x00000000c8200000|  0%| F|  |TAMS 0x00000000c8100000, 0x00000000c8100000| Untracked 
|  86|0x00000000c8200000, 0x00000000c8200000, 0x00000000c8300000|  0%| F|  |TAMS 0x00000000c8200000, 0x00000000c8200000| Untracked 
|  87|0x00000000c8300000, 0x00000000c8300000, 0x00000000c8400000|  0%| F|  |TAMS 0x00000000c8300000, 0x00000000c8300000| Untracked 
|  88|0x00000000c8400000, 0x00000000c8400000, 0x00000000c8500000|  0%| F|  |TAMS 0x00000000c8400000, 0x00000000c8400000| Untracked 
|  89|0x00000000c8500000, 0x00000000c8500000, 0x00000000c8600000|  0%| F|  |TAMS 0x00000000c8500000, 0x00000000c8500000| Untracked 
|  90|0x00000000c8600000, 0x00000000c8600000, 0x00000000c8700000|  0%| F|  |TAMS 0x00000000c8600000, 0x00000000c8600000| Untracked 
|  91|0x00000000c8700000, 0x00000000c8700000, 0x00000000c8800000|  0%| F|  |TAMS 0x00000000c8700000, 0x00000000c8700000| Untracked 
|  92|0x00000000c8800000, 0x00000000c8800000, 0x00000000c8900000|  0%| F|  |TAMS 0x00000000c8800000, 0x00000000c8800000| Untracked 
|  93|0x00000000c8900000, 0x00000000c8900000, 0x00000000c8a00000|  0%| F|  |TAMS 0x00000000c8900000, 0x00000000c8900000| Untracked 
|  94|0x00000000c8a00000, 0x00000000c8a00000, 0x00000000c8b00000|  0%| F|  |TAMS 0x00000000c8a00000, 0x00000000c8a00000| Untracked 
|  95|0x00000000c8b00000, 0x00000000c8b00000, 0x00000000c8c00000|  0%| F|  |TAMS 0x00000000c8b00000, 0x00000000c8b00000| Untracked 
|  96|0x00000000c8c00000, 0x00000000c8c00000, 0x00000000c8d00000|  0%| F|  |TAMS 0x00000000c8c00000, 0x00000000c8c00000| Untracked 
|  97|0x00000000c8d00000, 0x00000000c8d00000, 0x00000000c8e00000|  0%| F|  |TAMS 0x00000000c8d00000, 0x00000000c8d00000| Untracked 
|  98|0x00000000c8e00000, 0x00000000c8e00000, 0x00000000c8f00000|  0%| F|  |TAMS 0x00000000c8e00000, 0x00000000c8e00000| Untracked 
|  99|0x00000000c8f00000, 0x00000000c8f00000, 0x00000000c9000000|  0%| F|  |TAMS 0x00000000c8f00000, 0x00000000c8f00000| Untracked 
| 100|0x00000000c9000000, 0x00000000c9000000, 0x00000000c9100000|  0%| F|  |TAMS 0x00000000c9000000, 0x00000000c9000000| Untracked 
| 101|0x00000000c9100000, 0x00000000c9100000, 0x00000000c9200000|  0%| F|  |TAMS 0x00000000c9100000, 0x00000000c9100000| Untracked 
| 102|0x00000000c9200000, 0x00000000c9200000, 0x00000000c9300000|  0%| F|  |TAMS 0x00000000c9200000, 0x00000000c9200000| Untracked 
| 103|0x00000000c9300000, 0x00000000c9300000, 0x00000000c9400000|  0%| F|  |TAMS 0x00000000c9300000, 0x00000000c9300000| Untracked 
| 104|0x00000000c9400000, 0x00000000c9400000, 0x00000000c9500000|  0%| F|  |TAMS 0x00000000c9400000, 0x00000000c9400000| Untracked 
| 105|0x00000000c9500000, 0x00000000c9500000, 0x00000000c9600000|  0%| F|  |TAMS 0x00000000c9500000, 0x00000000c9500000| Untracked 
| 106|0x00000000c9600000, 0x00000000c9600000, 0x00000000c9700000|  0%| F|  |TAMS 0x00000000c9600000, 0x00000000c9600000| Untracked 
| 107|0x00000000c9700000, 0x00000000c9700000, 0x00000000c9800000|  0%| F|  |TAMS 0x00000000c9700000, 0x00000000c9700000| Untracked 
| 108|0x00000000c9800000, 0x00000000c9800000, 0x00000000c9900000|  0%| F|  |TAMS 0x00000000c9800000, 0x00000000c9800000| Untracked 
| 109|0x00000000c9900000, 0x00000000c9900000, 0x00000000c9a00000|  0%| F|  |TAMS 0x00000000c9900000, 0x00000000c9900000| Untracked 
| 110|0x00000000c9a00000, 0x00000000c9a00000, 0x00000000c9b00000|  0%| F|  |TAMS 0x00000000c9a00000, 0x00000000c9a00000| Untracked 
| 111|0x00000000c9b00000, 0x00000000c9b4f940, 0x00000000c9c00000| 31%| S|CS|TAMS 0x00000000c9b00000, 0x00000000c9b00000| Complete 
| 112|0x00000000c9c00000, 0x00000000c9d00000, 0x00000000c9d00000|100%| S|CS|TAMS 0x00000000c9c00000, 0x00000000c9c00000| Complete 
| 113|0x00000000c9d00000, 0x00000000c9d2e1b0, 0x00000000c9e00000| 18%| E|  |TAMS 0x00000000c9d00000, 0x00000000c9d00000| Complete 
| 114|0x00000000c9e00000, 0x00000000c9f00000, 0x00000000c9f00000|100%| E|CS|TAMS 0x00000000c9e00000, 0x00000000c9e00000| Complete 
| 115|0x00000000c9f00000, 0x00000000ca000000, 0x00000000ca000000|100%| E|CS|TAMS 0x00000000c9f00000, 0x00000000c9f00000| Complete 
| 116|0x00000000ca000000, 0x00000000ca100000, 0x00000000ca100000|100%| E|CS|TAMS 0x00000000ca000000, 0x00000000ca000000| Complete 

Card table byte_map: [0x000002617f640000,0x000002617f830000] _byte_map_base: 0x000002617f02a000

Marking Bits (Prev, Next): (CMBitMap*) 0x0000026177c21e50, (CMBitMap*) 0x0000026177c21e10
 Prev Bits: [0x000002610ff50000, 0x0000026110ea0000)
 Next Bits: [0x000002610f000000, 0x000002610ff50000)

Polling page: 0x0000026175b80000

Metaspace:

Usage:
  Non-class:     15.67 MB used.
      Class:      2.58 MB used.
       Both:     18.25 MB used.

Virtual space:
  Non-class space:       24.00 MB reserved,      15.81 MB ( 66%) committed,  3 nodes.
      Class space:        1.00 GB reserved,       2.75 MB ( <1%) committed,  1 nodes.
             Both:        1.02 GB reserved,      18.56 MB (  2%) committed. 

Chunk freelists:
   Non-Class:  3.39 MB
       Class:  1.17 MB
        Both:  4.56 MB

MaxMetaspaceSize: unlimited
CompressedClassSpaceSize: 1.00 GB
Initial GC threshold: 21.00 MB
Current GC threshold: 30.56 MB
CDS: on
MetaspaceReclaimPolicy: balanced
 - commit_granule_bytes: 65536.
 - commit_granule_words: 8192.
 - virtual_space_node_default_size: 1048576.
 - enlarge_chunks_in_place: 1.
 - new_chunks_are_fully_committed: 0.
 - uncommit_free_chunks: 1.
 - use_allocation_guard: 0.
 - handle_deallocations: 1.


Internal statistics:

num_allocs_failed_limit: 0.
num_arena_births: 306.
num_arena_deaths: 0.
num_vsnodes_births: 4.
num_vsnodes_deaths: 0.
num_space_committed: 297.
num_space_uncommitted: 0.
num_chunks_returned_to_freelist: 0.
num_chunks_taken_from_freelist: 993.
num_chunk_merges: 0.
num_chunk_splits: 650.
num_chunks_enlarged: 457.
num_purges: 0.
num_inconsistent_stats: 0.

CodeHeap 'non-profiled nmethods': size=120000Kb used=1715Kb max_used=1715Kb free=118284Kb
 bounds [0x0000026107ad0000, 0x0000026107d40000, 0x000002610f000000]
CodeHeap 'profiled nmethods': size=120000Kb used=8913Kb max_used=8913Kb free=111086Kb
 bounds [0x00000261005a0000, 0x0000026100e60000, 0x0000026107ad0000]
CodeHeap 'non-nmethods': size=5760Kb used=1428Kb max_used=1465Kb free=4331Kb
 bounds [0x0000026100000000, 0x0000026100270000, 0x00000261005a0000]
 total_blobs=5285 nmethods=4497 adapters=700
 compilation: enabled
              stopped_count=0, restarted_count=0
 full_count=0

Compilation events (20 events):
Event: 41.713 Thread 0x0000026177cc7930 nmethod 4484 0x0000026100e41790 code [0x0000026100e41b60, 0x0000026100e437f8]
Event: 41.714 Thread 0x0000026177cc7930 4485       3       com.sun.marlin.Curve::set (86 bytes)
Event: 41.714 Thread 0x000002611db3dd40 4479       4       com.sun.prism.impl.ps.BaseShaderContext::checkState (211 bytes)
Event: 41.714 Thread 0x0000026177cc7930 nmethod 4485 0x0000026100e43e10 code [0x0000026100e44020, 0x0000026100e44568]
Event: 41.714 Thread 0x0000026177cc7930 4486       3       com.sun.marlin.Curve::set (75 bytes)
Event: 41.714 Thread 0x0000026177cc7930 nmethod 4486 0x0000026100e44890 code [0x0000026100e44a20, 0x0000026100e44bb8]
Event: 41.727 Thread 0x0000026177cc7930 4489       3       com.sun.javafx.sg.prism.NGRectangle::isRectClip (132 bytes)
Event: 41.729 Thread 0x0000026177cc7930 nmethod 4489 0x0000026100e44c90 code [0x0000026100e44f20, 0x0000026100e45ba8]
Event: 41.729 Thread 0x0000026177cc7930 4490       3       com.sun.javafx.sg.prism.NGRectangle::isRounded (30 bytes)
Event: 41.730 Thread 0x0000026177cc7930 nmethod 4490 0x0000026100e45e90 code [0x0000026100e46020, 0x0000026100e46218]
Event: 41.741 Thread 0x0000026177cc7930 4491       3       jdk.internal.misc.Unsafe::setMemory (29 bytes)
Event: 41.742 Thread 0x0000026177cc7930 nmethod 4491 0x0000026100e46310 code [0x0000026100e46540, 0x0000026100e46d18]
Event: 41.742 Thread 0x0000026177cc7930 4492       3       jdk.internal.misc.Unsafe::setMemoryChecks (13 bytes)
Event: 41.743 Thread 0x0000026177cc7930 nmethod 4492 0x0000026100e47110 code [0x0000026100e47340, 0x0000026100e47b68]
Event: 41.751 Thread 0x0000026177cc7930 4494       3       com.sun.javafx.sg.prism.NGNode::renderClip (473 bytes)
Event: 41.760 Thread 0x0000026177cc7930 nmethod 4494 0x0000026100e47f10 code [0x0000026100e487c0, 0x0000026100e4e348]
Event: 41.764 Thread 0x0000026177cc7930 4495       1       javafx.scene.Camera::getViewHeight (5 bytes)
Event: 41.764 Thread 0x0000026177cc7930 nmethod 4495 0x0000026107c7b790 code [0x0000026107c7b920, 0x0000026107c7b9f8]
Event: 41.772 Thread 0x0000026177cc7930 4496       3       com.sun.javafx.scene.EnteredExitedHandler::dispatchCapturingEvent (222 bytes)
Event: 41.774 Thread 0x0000026177cc7930 nmethod 4496 0x0000026100e50190 code [0x0000026100e505a0, 0x0000026100e52b78]

GC Heap History (20 events):
Event: 2.708 GC heap before
{Heap before GC invocations=5 (full 0):
 garbage-first heap   total 63488K, used 58561K [0x00000000c2c00000, 0x0000000100000000)
  region size 1024K, 10 young (10240K), 1 survivors (1024K)
 Metaspace       used 10636K, committed 10880K, reserved 1064960K
  class space    used 1420K, committed 1536K, reserved 1048576K
}
Event: 2.710 GC heap after
{Heap after GC invocations=6 (full 0):
 garbage-first heap   total 63488K, used 43884K [0x00000000c2c00000, 0x0000000100000000)
  region size 1024K, 1 young (1024K), 1 survivors (1024K)
 Metaspace       used 10636K, committed 10880K, reserved 1064960K
  class space    used 1420K, committed 1536K, reserved 1048576K
}
Event: 2.819 GC heap before
{Heap before GC invocations=6 (full 0):
 garbage-first heap   total 63488K, used 59244K [0x00000000c2c00000, 0x0000000100000000)
  region size 1024K, 2 young (2048K), 1 survivors (1024K)
 Metaspace       used 10670K, committed 11008K, reserved 1064960K
  class space    used 1422K, committed 1600K, reserved 1048576K
}
Event: 2.823 GC heap after
{Heap after GC invocations=7 (full 0):
 garbage-first heap   total 63488K, used 54044K [0x00000000c2c00000, 0x0000000100000000)
  region size 1024K, 1 young (1024K), 1 survivors (1024K)
 Metaspace       used 10670K, committed 11008K, reserved 1064960K
  class space    used 1422K, committed 1600K, reserved 1048576K
}
Event: 2.833 GC heap before
{Heap before GC invocations=7 (full 0):
 garbage-first heap   total 63488K, used 55068K [0x00000000c2c00000, 0x0000000100000000)
  region size 1024K, 2 young (2048K), 1 survivors (1024K)
 Metaspace       used 10670K, committed 11008K, reserved 1064960K
  class space    used 1422K, committed 1600K, reserved 1048576K
}
Event: 2.833 GC heap after
{Heap after GC invocations=8 (full 0):
 garbage-first heap   total 63488K, used 54996K [0x00000000c2c00000, 0x0000000100000000)
  region size 1024K, 1 young (1024K), 1 survivors (1024K)
 Metaspace       used 10670K, committed 11008K, reserved 1064960K
  class space    used 1422K, committed 1600K, reserved 1048576K
}
Event: 2.900 GC heap before
{Heap before GC invocations=9 (full 0):
 garbage-first heap   total 99328K, used 58068K [0x00000000c2c00000, 0x0000000100000000)
  region size 1024K, 3 young (3072K), 1 survivors (1024K)
 Metaspace       used 10765K, committed 11072K, reserved 1064960K
  class space    used 1427K, committed 1600K, reserved 1048576K
}
Event: 2.901 GC heap after
{Heap after GC invocations=10 (full 0):
 garbage-first heap   total 99328K, used 56118K [0x00000000c2c00000, 0x0000000100000000)
  region size 1024K, 1 young (1024K), 1 survivors (1024K)
 Metaspace       used 10765K, committed 11072K, reserved 1064960K
  class space    used 1427K, committed 1600K, reserved 1048576K
}
Event: 2.986 GC heap before
{Heap before GC invocations=10 (full 0):
 garbage-first heap   total 99328K, used 59190K [0x00000000c2c00000, 0x0000000100000000)
  region size 1024K, 4 young (4096K), 1 survivors (1024K)
 Metaspace       used 11050K, committed 11264K, reserved 1064960K
  class space    used 1513K, committed 1664K, reserved 1048576K
}
Event: 2.989 GC heap after
{Heap after GC invocations=11 (full 0):
 garbage-first heap   total 119808K, used 56146K [0x00000000c2c00000, 0x0000000100000000)
  region size 1024K, 1 young (1024K), 1 survivors (1024K)
 Metaspace       used 11050K, committed 11264K, reserved 1064960K
  class space    used 1513K, committed 1664K, reserved 1048576K
}
Event: 3.169 GC heap before
{Heap before GC invocations=11 (full 0):
 garbage-first heap   total 119808K, used 60242K [0x00000000c2c00000, 0x0000000100000000)
  region size 1024K, 6 young (6144K), 1 survivors (1024K)
 Metaspace       used 11934K, committed 12224K, reserved 1064960K
  class space    used 1646K, committed 1792K, reserved 1048576K
}
Event: 3.171 GC heap after
{Heap after GC invocations=12 (full 0):
 garbage-first heap   total 119808K, used 56483K [0x00000000c2c00000, 0x0000000100000000)
  region size 1024K, 1 young (1024K), 1 survivors (1024K)
 Metaspace       used 11934K, committed 12224K, reserved 1064960K
  class space    used 1646K, committed 1792K, reserved 1048576K
}
Event: 4.630 GC heap before
{Heap before GC invocations=13 (full 0):
 garbage-first heap   total 119808K, used 89251K [0x00000000c2c00000, 0x0000000100000000)
  region size 1024K, 32 young (32768K), 1 survivors (1024K)
 Metaspace       used 16650K, committed 16832K, reserved 1064960K
  class space    used 2472K, committed 2560K, reserved 1048576K
}
Event: 4.649 GC heap after
{Heap after GC invocations=14 (full 0):
 garbage-first heap   total 119808K, used 65084K [0x00000000c2c00000, 0x0000000100000000)
  region size 1024K, 6 young (6144K), 6 survivors (6144K)
 Metaspace       used 16650K, committed 16832K, reserved 1064960K
  class space    used 2472K, committed 2560K, reserved 1048576K
}
Event: 5.105 GC heap before
{Heap before GC invocations=15 (full 0):
 garbage-first heap   total 119808K, used 72252K [0x00000000c2c00000, 0x0000000100000000)
  region size 1024K, 12 young (12288K), 6 survivors (6144K)
 Metaspace       used 17993K, committed 18304K, reserved 1064960K
  class space    used 2626K, committed 2816K, reserved 1048576K
}
Event: 5.118 GC heap after
{Heap after GC invocations=16 (full 0):
 garbage-first heap   total 119808K, used 66624K [0x00000000c2c00000, 0x0000000100000000)
  region size 1024K, 2 young (2048K), 2 survivors (2048K)
 Metaspace       used 17993K, committed 18304K, reserved 1064960K
  class space    used 2626K, committed 2816K, reserved 1048576K
}
Event: 5.293 GC heap before
{Heap before GC invocations=17 (full 0):
 garbage-first heap   total 119808K, used 68672K [0x00000000c2c00000, 0x0000000100000000)
  region size 1024K, 3 young (3072K), 2 survivors (2048K)
 Metaspace       used 18105K, committed 18432K, reserved 1073152K
  class space    used 2634K, committed 2816K, reserved 1048576K
}
Event: 5.297 GC heap after
{Heap after GC invocations=18 (full 0):
 garbage-first heap   total 119808K, used 66371K [0x00000000c2c00000, 0x0000000100000000)
  region size 1024K, 2 young (2048K), 2 survivors (2048K)
 Metaspace       used 18105K, committed 18432K, reserved 1073152K
  class space    used 2634K, committed 2816K, reserved 1048576K
}
Event: 40.656 GC heap before
{Heap before GC invocations=19 (full 0):
 garbage-first heap   total 119808K, used 69443K [0x00000000c2c00000, 0x0000000100000000)
  region size 1024K, 4 young (4096K), 2 survivors (2048K)
 Metaspace       used 18456K, committed 18752K, reserved 1073152K
  class space    used 2640K, committed 2816K, reserved 1048576K
}
Event: 40.661 GC heap after
{Heap after GC invocations=20 (full 0):
 garbage-first heap   total 119808K, used 66405K [0x00000000c2c00000, 0x0000000100000000)
  region size 1024K, 2 young (2048K), 2 survivors (2048K)
 Metaspace       used 18456K, committed 18752K, reserved 1073152K
  class space    used 2640K, committed 2816K, reserved 1048576K
}

Deoptimization events (20 events):
Event: 40.800 Thread 0x0000026113f02810 DEOPT PACKING pc=0x0000026100d08bda sp=0x00000070e06faab0
Event: 40.800 Thread 0x0000026113f02810 DEOPT UNPACKING pc=0x0000026100052b24 sp=0x00000070e06f9ee8 mode 0
Event: 40.807 Thread 0x0000026113f02810 DEOPT PACKING pc=0x0000026100d08bda sp=0x00000070e06fc130
Event: 40.808 Thread 0x0000026113f02810 DEOPT UNPACKING pc=0x0000026100052b24 sp=0x00000070e06fb568 mode 0
Event: 40.818 Thread 0x0000026113f02810 Uncommon trap: trap_request=0xffffff45 fr.pc=0x0000026107c4580c relative=0x000000000000008c
Event: 40.818 Thread 0x0000026113f02810 Uncommon trap: reason=unstable_if action=reinterpret pc=0x0000026107c4580c method=java.lang.Math.round(F)I @ 36 c2
Event: 40.819 Thread 0x0000026113f02810 DEOPT PACKING pc=0x0000026107c4580c sp=0x00000070e06fcae0
Event: 40.819 Thread 0x0000026113f02810 DEOPT UNPACKING pc=0x000002610005239d sp=0x00000070e06fca58 mode 2
Event: 40.821 Thread 0x0000026113f02810 Uncommon trap: trap_request=0xffffff45 fr.pc=0x0000026107c5f784 relative=0x0000000000000224
Event: 40.821 Thread 0x0000026113f02810 Uncommon trap: reason=unstable_if action=reinterpret pc=0x0000026107c5f784 method=java.lang.Math.round(F)I @ 36 c2
Event: 40.821 Thread 0x0000026113f02810 DEOPT PACKING pc=0x0000026107c5f784 sp=0x00000070e06fcb10
Event: 40.821 Thread 0x0000026113f02810 DEOPT UNPACKING pc=0x000002610005239d sp=0x00000070e06fc9b0 mode 2
Event: 40.837 Thread 0x0000026113f02810 DEOPT PACKING pc=0x0000026100d08bda sp=0x00000070e06fb390
Event: 40.837 Thread 0x0000026113f02810 DEOPT UNPACKING pc=0x0000026100052b24 sp=0x00000070e06fa7c8 mode 0
Event: 40.851 Thread 0x0000026113f02810 DEOPT PACKING pc=0x0000026100d08bda sp=0x00000070e06fba50
Event: 40.851 Thread 0x0000026113f02810 DEOPT UNPACKING pc=0x0000026100052b24 sp=0x00000070e06fae88 mode 0
Event: 40.861 Thread 0x0000026113f02810 DEOPT PACKING pc=0x0000026100d08bda sp=0x00000070e06fb8d0
Event: 40.861 Thread 0x0000026113f02810 DEOPT UNPACKING pc=0x0000026100052b24 sp=0x00000070e06fad08 mode 0
Event: 40.903 Thread 0x0000026113f02810 DEOPT PACKING pc=0x0000026100d08bda sp=0x00000070e06fc020
Event: 40.903 Thread 0x0000026113f02810 DEOPT UNPACKING pc=0x0000026100052b24 sp=0x00000070e06fb458 mode 0

Classes unloaded (0 events):
No events

Classes redefined (0 events):
No events

Internal exceptions (20 events):
Event: 3.016 Thread 0x0000026113faf3b0 Exception <a 'java/io/FileNotFoundException'{0x00000000ca0ba360}> (0x00000000ca0ba360) 
thrown [t:\workspace\open\src\hotspot\share\prims\jni.cpp, line 516]
Event: 3.089 Thread 0x0000026113faf3b0 Exception <a 'java/io/FileNotFoundException'{0x00000000c9eb4710}> (0x00000000c9eb4710) 
thrown [t:\workspace\open\src\hotspot\share\prims\jni.cpp, line 516]
Event: 3.113 Thread 0x0000026113faf3b0 Exception <a 'java/io/FileNotFoundException'{0x00000000c9d03e80}> (0x00000000c9d03e80) 
thrown [t:\workspace\open\src\hotspot\share\prims\jni.cpp, line 516]
Event: 3.120 Thread 0x0000026113faf3b0 Exception <a 'java/io/FileNotFoundException'{0x00000000c9d2afa8}> (0x00000000c9d2afa8) 
thrown [t:\workspace\open\src\hotspot\share\prims\jni.cpp, line 516]
Event: 3.151 Thread 0x0000026113faf3b0 Exception <a 'java/io/FileNotFoundException'{0x00000000c9da47a0}> (0x00000000c9da47a0) 
thrown [t:\workspace\open\src\hotspot\share\prims\jni.cpp, line 516]
Event: 3.157 Thread 0x0000026113faf3b0 Exception <a 'java/io/FileNotFoundException'{0x00000000c9dc6c58}> (0x00000000c9dc6c58) 
thrown [t:\workspace\open\src\hotspot\share\prims\jni.cpp, line 516]
Event: 3.438 Thread 0x0000026113faf3b0 Implicit null exception at 0x0000026107ba3fca to 0x0000026107ba4020
Event: 3.454 Thread 0x0000026113faf3b0 Exception <a 'java/lang/NoSuchMethodError'{0x00000000c9dbd7a0}: 'java.lang.Object java.lang.invoke.DirectMethodHandle$Holder.invokeInterface(java.lang.Object, java.lang.Object, java.lang.Object)'> (0x00000000c9dbd7a0) 
thrown [t:\workspace\open\src\hotspot\share\interpreter\linkResolver.cpp, line 766]
Event: 3.455 Thread 0x0000026113faf3b0 Exception <a 'java/lang/IncompatibleClassChangeError'{0x00000000c9dc1128}: Found class java.lang.Object, but interface was expected> (0x00000000c9dc1128) 
thrown [t:\workspace\open\src\hotspot\share\interpreter\linkResolver.cpp, line 833]
Event: 3.584 Thread 0x0000026113faf3b0 Exception <a 'java/lang/ClassNotFoundException'{0x00000000c996a7f8}: com/sun/javafx/scene/control/skin/resources/controls> (0x00000000c996a7f8) 
thrown [t:\workspace\open\src\hotspot\share\prims\jni.cpp, line 535]
Event: 3.585 Thread 0x0000026113faf3b0 Exception <a 'java/lang/ClassNotFoundException'{0x00000000c9978798}: com/sun/javafx/scene/control/skin/resources/controls_ru> (0x00000000c9978798) 
thrown [t:\workspace\open\src\hotspot\share\prims\jni.cpp, line 535]
Event: 3.586 Thread 0x0000026113faf3b0 Exception <a 'java/lang/ClassNotFoundException'{0x00000000c997a118}: com/sun/javafx/scene/control/skin/resources/controls_ru_RU> (0x00000000c997a118) 
thrown [t:\workspace\open\src\hotspot\share\prims\jni.cpp, line 535]
Event: 3.602 Thread 0x0000026113faf3b0 Implicit null exception at 0x0000026107b95258 to 0x0000026107b952ee
Event: 3.605 Thread 0x0000026113faf3b0 Implicit null exception at 0x0000026107ba9991 to 0x0000026107ba9d08
Event: 3.620 Thread 0x0000026113faf3b0 Implicit null exception at 0x0000026107ba3711 to 0x0000026107ba3a94
Event: 3.620 Thread 0x0000026113faf3b0 Implicit null exception at 0x0000026107aef48f to 0x0000026107aef509
Event: 3.834 Thread 0x0000026113faf3b0 Exception <a 'java/lang/NoSuchMethodError'{0x00000000c9392ca0}: 'void java.lang.invoke.DirectMethodHandle$Holder.invokeSpecial(java.lang.Object, java.lang.Object, java.lang.Object, java.lang.Object, java.lang.Object, java.lang.Object)'> (0x00000000c9392ca0) 
thrown [t:\workspace\open\src\hotspot\share\interpreter\linkResolver.cpp, line 766]
Event: 4.619 Thread 0x0000026113faf3b0 Exception <a 'java/lang/NoSuchMethodError'{0x00000000c81765b0}: 'java.lang.Object java.lang.invoke.DirectMethodHandle$Holder.newInvokeSpecial(java.lang.Object, java.lang.Object, int)'> (0x00000000c81765b0) 
thrown [t:\workspace\open\src\hotspot\share\interpreter\linkResolver.cpp, line 766]
Event: 4.878 Thread 0x0000026113f02810 Exception <a 'java/lang/NoSuchMethodError'{0x00000000c9e19e50}: 'int java.lang.invoke.DirectMethodHandle$Holder.invokeStaticInit(java.lang.Object, java.lang.Object)'> (0x00000000c9e19e50) 
thrown [t:\workspace\open\src\hotspot\share\interpreter\linkResolver.cpp, line 766]
Event: 4.909 Thread 0x0000026113f02810 Exception <a 'java/lang/NoSuchMethodError'{0x00000000c9ea6c40}: 'java.lang.Object java.lang.invoke.DirectMethodHandle$Holder.invokeStaticInit(java.lang.Object, int)'> (0x00000000c9ea6c40) 
thrown [t:\workspace\open\src\hotspot\share\interpreter\linkResolver.cpp, line 766]

VM Operations (20 events):
Event: 5.178 Executing VM operation: G1Concurrent
Event: 5.178 Executing VM operation: G1Concurrent done
Event: 5.293 Executing VM operation: G1TryInitiateConcMark
Event: 5.297 Executing VM operation: G1TryInitiateConcMark done
Event: 5.351 Executing VM operation: G1Concurrent
Event: 5.355 Executing VM operation: G1Concurrent done
Event: 5.377 Executing VM operation: G1Concurrent
Event: 5.377 Executing VM operation: G1Concurrent done
Event: 6.377 Executing VM operation: Cleanup
Event: 6.378 Executing VM operation: Cleanup done
Event: 11.379 Executing VM operation: Cleanup
Event: 11.380 Executing VM operation: Cleanup done
Event: 40.656 Executing VM operation: G1TryInitiateConcMark
Event: 40.661 Executing VM operation: G1TryInitiateConcMark done
Event: 40.715 Executing VM operation: G1Concurrent
Event: 40.719 Executing VM operation: G1Concurrent done
Event: 40.741 Executing VM operation: G1Concurrent
Event: 40.741 Executing VM operation: G1Concurrent done
Event: 41.742 Executing VM operation: Cleanup
Event: 41.743 Executing VM operation: Cleanup done

Events (20 events):
Event: 4.946 loading class java/nio/DirectFloatBufferU done
Event: 5.063 loading class java/util/concurrent/ConcurrentLinkedQueue
Event: 5.064 loading class java/util/concurrent/ConcurrentLinkedQueue done
Event: 5.064 loading class java/util/concurrent/ConcurrentLinkedQueue$Node
Event: 5.064 loading class java/util/concurrent/ConcurrentLinkedQueue$Node done
Event: 5.069 loading class jdk/internal/ref/CleanerImpl$InnocuousThreadFactory
Event: 5.069 loading class jdk/internal/ref/CleanerImpl$InnocuousThreadFactory done
Event: 5.069 Thread 0x0000026114377080 Thread added: 0x0000026114377080
Event: 5.079 loading class sun/misc/Unsafe
Event: 5.079 loading class sun/misc/Unsafe done
Event: 5.476 loading class java/lang/Throwable$WrappedPrintStream
Event: 5.476 loading class java/lang/Throwable$PrintStreamOrWriter
Event: 5.476 loading class java/lang/Throwable$PrintStreamOrWriter done
Event: 5.476 loading class java/lang/Throwable$WrappedPrintStream done
Event: 6.822 Thread 0x000002611ad7e330 Thread exited: 0x000002611ad7e330
Event: 40.549 Thread 0x000002611ad7e330 Thread added: 0x000002611ad7e330
Event: 40.594 loading class jdk/internal/misc/ScopedMemoryAccess$Scope
Event: 40.594 loading class jdk/internal/misc/ScopedMemoryAccess$Scope done
Event: 41.076 Thread 0x000002611ad7e330 Thread exited: 0x000002611ad7e330
Event: 41.655 Thread 0x000002611db3dd40 Thread added: 0x000002611db3dd40


Dynamic libraries:
0x00007ff6e88d0000 - 0x00007ff6e88e0000 	C:\Program Files\Java\jdk-17.0.2\bin\java.exe
0x00007ffb41090000 - 0x00007ffb41286000 	C:\Windows\SYSTEM32\ntdll.dll
0x00007ffb3fbe0000 - 0x00007ffb3fc9d000 	C:\Windows\System32\KERNEL32.DLL
0x00007ffb3ed70000 - 0x00007ffb3f039000 	C:\Windows\System32\KERNELBASE.dll
0x00007ffb3ec40000 - 0x00007ffb3ed40000 	C:\Windows\System32\ucrtbase.dll
0x00007ffb399e0000 - 0x00007ffb399fa000 	C:\Program Files\Java\jdk-17.0.2\bin\VCRUNTIME140.dll
0x00007ffb37f60000 - 0x00007ffb37f78000 	C:\Program Files\Java\jdk-17.0.2\bin\jli.dll
0x00007ffb3fca0000 - 0x00007ffb3fd4c000 	C:\Windows\System32\ADVAPI32.dll
0x00007ffb3ffd0000 - 0x00007ffb4006e000 	C:\Windows\System32\msvcrt.dll
0x00007ffb40480000 - 0x00007ffb4051c000 	C:\Windows\System32\sechost.dll
0x00007ffb3f0f0000 - 0x00007ffb3f21b000 	C:\Windows\System32\RPCRT4.dll
0x00007ffb40100000 - 0x00007ffb402a0000 	C:\Windows\System32\USER32.dll
0x00007ffb3ed40000 - 0x00007ffb3ed62000 	C:\Windows\System32\win32u.dll
0x00007ffb40450000 - 0x00007ffb4047a000 	C:\Windows\System32\GDI32.dll
0x00007ffb3e7d0000 - 0x00007ffb3e8db000 	C:\Windows\System32\gdi32full.dll
0x00007ffb3eba0000 - 0x00007ffb3ec3d000 	C:\Windows\System32\msvcp_win.dll
0x00007ffb2a7b0000 - 0x00007ffb2aa4b000 	C:\Windows\WinSxS\amd64_microsoft.windows.common-controls_6595b64144ccf1df_6.0.19041.746_none_ca02b4b61b8320a4\COMCTL32.dll
0x00007ffb37250000 - 0x00007ffb3725a000 	C:\Windows\SYSTEM32\VERSION.dll
0x00007ffb40e70000 - 0x00007ffb40ea0000 	C:\Windows\System32\IMM32.DLL
0x00007ffb399a0000 - 0x00007ffb399ac000 	C:\Program Files\Java\jdk-17.0.2\bin\vcruntime140_1.dll
0x00007ffb27560000 - 0x00007ffb275ed000 	C:\Program Files\Java\jdk-17.0.2\bin\msvcp140.dll
0x00007ffafee80000 - 0x00007ffaffa41000 	C:\Program Files\Java\jdk-17.0.2\bin\server\jvm.dll
0x00007ffb3fb00000 - 0x00007ffb3fb08000 	C:\Windows\System32\PSAPI.DLL
0x00007ffb399b0000 - 0x00007ffb399b9000 	C:\Windows\SYSTEM32\WSOCK32.dll
0x00007ffb2d1c0000 - 0x00007ffb2d1e7000 	C:\Windows\SYSTEM32\WINMM.dll
0x00007ffb3fe80000 - 0x00007ffb3feeb000 	C:\Windows\System32\WS2_32.dll
0x00007ffb3d0b0000 - 0x00007ffb3d0c2000 	C:\Windows\SYSTEM32\kernel.appcore.dll
0x00007ffb37de0000 - 0x00007ffb37dea000 	C:\Program Files\Java\jdk-17.0.2\bin\jimage.dll
0x00007ffb3cdc0000 - 0x00007ffb3cfa4000 	C:\Windows\SYSTEM32\DBGHELP.DLL
0x00007ffb27f00000 - 0x00007ffb27f2c000 	C:\Windows\SYSTEM32\dbgcore.DLL
0x00007ffb3eb20000 - 0x00007ffb3eba0000 	C:\Windows\System32\bcryptPrimitives.dll
0x00007ffb35900000 - 0x00007ffb35925000 	C:\Program Files\Java\jdk-17.0.2\bin\java.dll
0x00007ffb1d160000 - 0x00007ffb1d236000 	C:\Program Files\Java\jdk-17.0.2\bin\jsvml.dll
0x00007ffb3f280000 - 0x00007ffb3f9c3000 	C:\Windows\System32\SHELL32.dll
0x00007ffb3c630000 - 0x00007ffb3cdbf000 	C:\Windows\SYSTEM32\windows.storage.dll
0x00007ffb405d0000 - 0x00007ffb40926000 	C:\Windows\System32\combase.dll
0x00007ffb3e160000 - 0x00007ffb3e18c000 	C:\Windows\SYSTEM32\Wldp.dll
0x00007ffb40520000 - 0x00007ffb405ce000 	C:\Windows\System32\SHCORE.dll
0x00007ffb3f9d0000 - 0x00007ffb3fa25000 	C:\Windows\System32\shlwapi.dll
0x00007ffb3e700000 - 0x00007ffb3e726000 	C:\Windows\SYSTEM32\profapi.dll
0x00007ffb2d2c0000 - 0x00007ffb2d2d9000 	C:\Program Files\Java\jdk-17.0.2\bin\net.dll
0x00007ffb36fd0000 - 0x00007ffb370d0000 	C:\Windows\SYSTEM32\WINHTTP.dll
0x00007ffb3dee0000 - 0x00007ffb3df4a000 	C:\Windows\system32\mswsock.dll
0x00007ffb2d2a0000 - 0x00007ffb2d2b6000 	C:\Program Files\Java\jdk-17.0.2\bin\nio.dll
0x00007ffb351f0000 - 0x00007ffb35208000 	C:\Program Files\Java\jdk-17.0.2\bin\zip.dll
0x0000026112fc0000 - 0x0000026112fc3000 	C:\Users\Pavel\.openjfx\cache\19-ea+3\api-ms-win-core-console-l1-1-0.dll
0x0000026112fd0000 - 0x0000026112fd3000 	C:\Users\Pavel\.openjfx\cache\19-ea+3\api-ms-win-core-console-l1-2-0.dll
0x0000026112fe0000 - 0x0000026112fe3000 	C:\Users\Pavel\.openjfx\cache\19-ea+3\api-ms-win-core-datetime-l1-1-0.dll
0x0000026112ff0000 - 0x0000026112ff3000 	C:\Users\Pavel\.openjfx\cache\19-ea+3\api-ms-win-core-debug-l1-1-0.dll
0x0000026114400000 - 0x0000026114403000 	C:\Users\Pavel\.openjfx\cache\19-ea+3\api-ms-win-core-errorhandling-l1-1-0.dll
0x0000026114410000 - 0x0000026114414000 	C:\Users\Pavel\.openjfx\cache\19-ea+3\api-ms-win-core-file-l1-1-0.dll
0x0000026114420000 - 0x0000026114423000 	C:\Users\Pavel\.openjfx\cache\19-ea+3\api-ms-win-core-file-l1-2-0.dll
0x0000026114430000 - 0x0000026114433000 	C:\Users\Pavel\.openjfx\cache\19-ea+3\api-ms-win-core-file-l2-1-0.dll
0x0000026114440000 - 0x0000026114443000 	C:\Users\Pavel\.openjfx\cache\19-ea+3\api-ms-win-core-handle-l1-1-0.dll
0x0000026114450000 - 0x0000026114453000 	C:\Users\Pavel\.openjfx\cache\19-ea+3\api-ms-win-core-heap-l1-1-0.dll
0x0000026114460000 - 0x0000026114463000 	C:\Users\Pavel\.openjfx\cache\19-ea+3\api-ms-win-core-interlocked-l1-1-0.dll
0x0000026114470000 - 0x0000026114473000 	C:\Users\Pavel\.openjfx\cache\19-ea+3\api-ms-win-core-libraryloader-l1-1-0.dll
0x0000026114480000 - 0x0000026114483000 	C:\Users\Pavel\.openjfx\cache\19-ea+3\api-ms-win-core-localization-l1-2-0.dll
0x0000026114490000 - 0x0000026114493000 	C:\Users\Pavel\.openjfx\cache\19-ea+3\api-ms-win-core-memory-l1-1-0.dll
0x00000261144a0000 - 0x00000261144a3000 	C:\Users\Pavel\.openjfx\cache\19-ea+3\api-ms-win-core-namedpipe-l1-1-0.dll
0x00000261144b0000 - 0x00000261144b3000 	C:\Users\Pavel\.openjfx\cache\19-ea+3\api-ms-win-core-processenvironment-l1-1-0.dll
0x00000261144c0000 - 0x00000261144c3000 	C:\Users\Pavel\.openjfx\cache\19-ea+3\api-ms-win-core-processthreads-l1-1-0.dll
0x00000261144d0000 - 0x00000261144d3000 	C:\Users\Pavel\.openjfx\cache\19-ea+3\api-ms-win-core-processthreads-l1-1-1.dll
0x00000261144e0000 - 0x00000261144e3000 	C:\Users\Pavel\.openjfx\cache\19-ea+3\api-ms-win-core-profile-l1-1-0.dll
0x00000261144f0000 - 0x00000261144f3000 	C:\Users\Pavel\.openjfx\cache\19-ea+3\api-ms-win-core-rtlsupport-l1-1-0.dll
0x0000026114500000 - 0x0000026114503000 	C:\Users\Pavel\.openjfx\cache\19-ea+3\api-ms-win-core-string-l1-1-0.dll
0x0000026114510000 - 0x0000026114513000 	C:\Users\Pavel\.openjfx\cache\19-ea+3\api-ms-win-core-synch-l1-1-0.dll
0x0000026114520000 - 0x0000026114523000 	C:\Users\Pavel\.openjfx\cache\19-ea+3\api-ms-win-core-synch-l1-2-0.dll
0x0000026114530000 - 0x0000026114533000 	C:\Users\Pavel\.openjfx\cache\19-ea+3\api-ms-win-core-sysinfo-l1-1-0.dll
0x0000026114540000 - 0x0000026114543000 	C:\Users\Pavel\.openjfx\cache\19-ea+3\api-ms-win-core-timezone-l1-1-0.dll
0x0000026114550000 - 0x0000026114553000 	C:\Users\Pavel\.openjfx\cache\19-ea+3\api-ms-win-core-util-l1-1-0.dll
0x0000026114560000 - 0x0000026114563000 	C:\Users\Pavel\.openjfx\cache\19-ea+3\api-ms-win-crt-conio-l1-1-0.dll
0x0000026114570000 - 0x0000026114574000 	C:\Users\Pavel\.openjfx\cache\19-ea+3\api-ms-win-crt-convert-l1-1-0.dll
0x0000026114580000 - 0x0000026114583000 	C:\Users\Pavel\.openjfx\cache\19-ea+3\api-ms-win-crt-environment-l1-1-0.dll
0x0000026114590000 - 0x0000026114593000 	C:\Users\Pavel\.openjfx\cache\19-ea+3\api-ms-win-crt-filesystem-l1-1-0.dll
0x00000261145a0000 - 0x00000261145a3000 	C:\Users\Pavel\.openjfx\cache\19-ea+3\api-ms-win-crt-heap-l1-1-0.dll
0x00000261145b0000 - 0x00000261145b3000 	C:\Users\Pavel\.openjfx\cache\19-ea+3\api-ms-win-crt-locale-l1-1-0.dll
0x00000261145c0000 - 0x00000261145c5000 	C:\Users\Pavel\.openjfx\cache\19-ea+3\api-ms-win-crt-math-l1-1-0.dll
0x00000261145d0000 - 0x00000261145d5000 	C:\Users\Pavel\.openjfx\cache\19-ea+3\api-ms-win-crt-multibyte-l1-1-0.dll
0x00000261145e0000 - 0x00000261145f0000 	C:\Users\Pavel\.openjfx\cache\19-ea+3\api-ms-win-crt-private-l1-1-0.dll
0x00000261145f0000 - 0x00000261145f3000 	C:\Users\Pavel\.openjfx\cache\19-ea+3\api-ms-win-crt-process-l1-1-0.dll
0x0000026114600000 - 0x0000026114604000 	C:\Users\Pavel\.openjfx\cache\19-ea+3\api-ms-win-crt-runtime-l1-1-0.dll
0x0000026114610000 - 0x0000026114614000 	C:\Users\Pavel\.openjfx\cache\19-ea+3\api-ms-win-crt-stdio-l1-1-0.dll
0x0000026114620000 - 0x0000026114624000 	C:\Users\Pavel\.openjfx\cache\19-ea+3\api-ms-win-crt-string-l1-1-0.dll
0x0000026114630000 - 0x0000026114633000 	C:\Users\Pavel\.openjfx\cache\19-ea+3\api-ms-win-crt-time-l1-1-0.dll
0x0000026114640000 - 0x0000026114643000 	C:\Users\Pavel\.openjfx\cache\19-ea+3\api-ms-win-crt-utility-l1-1-0.dll
0x00007ffb1d060000 - 0x00007ffb1d15c000 	C:\Users\Pavel\.openjfx\cache\19-ea+3\ucrtbase.dll
0x00007ffb29c40000 - 0x00007ffb29c5a000 	C:\Users\Pavel\.openjfx\cache\19-ea+3\vcruntime140.dll
0x00007ffb358f0000 - 0x00007ffb358fc000 	C:\Users\Pavel\.openjfx\cache\19-ea+3\vcruntime140_1.dll
0x00007ffb21aa0000 - 0x00007ffb21b2d000 	C:\Users\Pavel\.openjfx\cache\19-ea+3\msvcp140.dll
0x00007ffb285f0000 - 0x00007ffb2861c000 	C:\Users\Pavel\.openjfx\cache\19-ea+3\prism_d3d.dll
0x00007ffb0f5f0000 - 0x00007ffb0f7bf000 	C:\Windows\system32\d3d9.dll
0x00007ffb3c0a0000 - 0x00007ffb3c0cf000 	C:\Windows\SYSTEM32\dwmapi.dll
0x00007ffb3b6f0000 - 0x00007ffb3b78e000 	C:\Windows\system32\uxtheme.dll
0x00007ffb13b60000 - 0x00007ffb13cc2000 	C:\Windows\System32\DriverStore\FileRepository\iigd_dch.inf_amd64_9c1ab568b4fa57de\igdumdim64.dll
0x00007ffb31a50000 - 0x00007ffb31ba4000 	C:\Windows\System32\DriverStore\FileRepository\iigd_dch.inf_amd64_9c1ab568b4fa57de\igdgmm64.dll
0x00007ffb27840000 - 0x00007ffb27882000 	C:\Users\Pavel\.openjfx\cache\19-ea+3\glass.dll
0x00007ffb3fef0000 - 0x00007ffb3ffcb000 	C:\Windows\System32\COMDLG32.dll
0x00007ffb40320000 - 0x00007ffb4044a000 	C:\Windows\System32\ole32.dll
0x00007ffb3fb10000 - 0x00007ffb3fbdd000 	C:\Windows\System32\OLEAUT32.dll
0x00007ffb3fd50000 - 0x00007ffb3fe66000 	C:\Windows\System32\MSCTF.dll
0x00007ffafb260000 - 0x00007ffafee79000 	C:\Windows\System32\DriverStore\FileRepository\iigd_dch.inf_amd64_9c1ab568b4fa57de\igd9dxva64.dll
0x00007ffb27a80000 - 0x00007ffb27aa2000 	C:\Windows\System32\DriverStore\FileRepository\iigd_dch.inf_amd64_9c1ab568b4fa57de\igdinfo64.dll
0x00007ffb2f6a0000 - 0x00007ffb31a1d000 	C:\Windows\System32\DriverStore\FileRepository\iigd_dch.inf_amd64_9c1ab568b4fa57de\igc64.dll
0x00007ffb337a0000 - 0x00007ffb337db000 	C:\Windows\SYSTEM32\dxcore.dll
0x00007ffb3e940000 - 0x00007ffb3e98e000 	C:\Windows\System32\cfgmgr32.dll
0x00007ffb29af0000 - 0x00007ffb29b04000 	C:\Users\Pavel\.openjfx\cache\19-ea+3\javafx_font.dll
0x00007ffb2d960000 - 0x00007ffb2dbdf000 	C:\Windows\SYSTEM32\dwrite.dll
0x00007ffb3fa50000 - 0x00007ffb3faf9000 	C:\Windows\System32\clbcatq.dll
0x00007ffb35960000 - 0x00007ffb35b14000 	C:\Windows\SYSTEM32\WindowsCodecs.dll
0x00007ffb3e990000 - 0x00007ffb3e9b7000 	C:\Windows\System32\bcrypt.dll
0x00007ffb19bd0000 - 0x00007ffb19c0e000 	C:\Windows\system32\dataexchange.dll
0x00007ffb3a030000 - 0x00007ffb3a294000 	C:\Windows\system32\d3d11.dll
0x00007ffb3aaa0000 - 0x00007ffb3ac87000 	C:\Windows\system32\dcomp.dll
0x00007ffb3d120000 - 0x00007ffb3d213000 	C:\Windows\system32\dxgi.dll
0x00007ffb35e40000 - 0x00007ffb36041000 	C:\Windows\system32\twinapi.appcore.dll
0x00007ffb273e0000 - 0x00007ffb27414000 	C:\Program Files\Common Files\Microsoft Shared\Ink\rtscom.dll
0x00007ffb31d30000 - 0x00007ffb31e2b000 	C:\Windows\SYSTEM32\textinputframework.dll
0x00007ffb3b010000 - 0x00007ffb3b36e000 	C:\Windows\System32\CoreUIComponents.dll
0x00007ffb3b370000 - 0x00007ffb3b462000 	C:\Windows\System32\CoreMessaging.dll
0x00007ffb3d510000 - 0x00007ffb3d543000 	C:\Windows\SYSTEM32\ntmarta.dll
0x00007ffb3a940000 - 0x00007ffb3aa94000 	C:\Windows\SYSTEM32\wintypes.dll
0x00007ffb3a2a0000 - 0x00007ffb3a860000 	C:\Windows\SYSTEM32\d2d1.dll
0x00007ffb337e0000 - 0x00007ffb33ed6000 	C:\Windows\SYSTEM32\D3D10Warp.dll

dbghelp: loaded successfully - version: 4.0.5 - missing functions: none
symbol engine: initialized successfully - sym options: 0x614 - pdb path: .;C:\Program Files\Java\jdk-17.0.2\bin;C:\Windows\SYSTEM32;C:\Windows\WinSxS\amd64_microsoft.windows.common-controls_6595b64144ccf1df_6.0.19041.746_none_ca02b4b61b8320a4;C:\Program Files\Java\jdk-17.0.2\bin\server;C:\Users\Pavel\.openjfx\cache\19-ea+3;C:\Windows\System32\DriverStore\FileRepository\iigd_dch.inf_amd64_9c1ab568b4fa57de;C:\Program Files\Common Files\Microsoft Shared\Ink

VM Arguments:
jvm_args: --module-path=C:\Users\Pavel\.m2\repository\org\openjfx\javafx-base\19-ea+3\javafx-base-19-ea+3-win.jar;C:\Users\Pavel\.m2\repository\org\openjfx\javafx-base\19-ea+3\javafx-base-19-ea+3.jar;C:\Users\Pavel\.m2\repository\org\openjfx\javafx-controls\19-ea+3\javafx-controls-19-ea+3-win.jar;C:\Users\Pavel\.m2\repository\org\openjfx\javafx-controls\19-ea+3\javafx-controls-19-ea+3.jar;C:\Users\Pavel\.m2\repository\org\openjfx\javafx-fxml\19-ea+3\javafx-fxml-19-ea+3-win.jar;C:\Users\Pavel\.m2\repository\org\openjfx\javafx-fxml\19-ea+3\javafx-fxml-19-ea+3.jar;C:\Users\Pavel\.m2\repository\org\openjfx\javafx-graphics\19-ea+3\javafx-graphics-19-ea+3-win.jar;C:\Users\Pavel\.m2\repository\org\openjfx\javafx-graphics\19-ea+3\javafx-graphics-19-ea+3.jar;C:\Users\Pavel\.m2\repository\org\openjfx\javafx-media\19-ea+3\javafx-media-19-ea+3-win.jar;C:\Users\Pavel\.m2\repository\org\openjfx\javafx-media\19-ea+3\javafx-media-19-ea+3.jar;C:\Users\Pavel\.m2\repository\org\openjfx\javafx-swing\19-ea+3\javafx-swing-19-ea+3-win.jar;C:\Users\Pavel\.m2\repository\org\openjfx\javafx-swing\19-ea+3\javafx-swing-19-ea+3.jar;C:\Users\Pavel\.m2\repository\org\openjfx\javafx-web\19-ea+3\javafx-web-19-ea+3-win.jar;C:\Users\Pavel\.m2\repository\org\openjfx\javafx-web\19-ea+3\javafx-web-19-ea+3.jar --add-modules=javafx.base,javafx.controls,javafx.fxml,javafx.graphics,javafx.media,javafx.swing,javafx.web 
java_command: com.lifehouse.raceth.Main
java_class_path (initial): C:\Users\Pavel\IdeaProjects\RaceTH\target\classes;C:\Users\Pavel\.m2\repository\antlr\antlr\2.7.7\antlr-2.7.7.jar;C:\Users\Pavel\.m2\repository\com\fasterxml\classmate\1.5.1\classmate-1.5.1.jar;C:\Users\Pavel\.m2\repository\com\sun\istack\istack-commons-runtime\3.0.7\istack-commons-runtime-3.0.7.jar;C:\Users\Pavel\.m2\repository\com\sun\xml\fastinfoset\FastInfoset\1.2.15\FastInfoset-1.2.15.jar;C:\Users\Pavel\.m2\repository\javax\activation\javax.activation-api\1.2.0\javax.activation-api-1.2.0.jar;C:\Users\Pavel\.m2\repository\javax\persistence\javax.persistence-api\2.2\javax.persistence-api-2.2.jar;C:\Users\Pavel\.m2\repository\javax\xml\bind\jaxb-api\2.3.1\jaxb-api-2.3.1.jar;C:\Users\Pavel\.m2\repository\net\bytebuddy\byte-buddy\1.12.7\byte-buddy-1.12.7.jar;C:\Users\Pavel\.m2\repository\org\checkerframework\checker-qual\3.5.0\checker-qual-3.5.0.jar;C:\Users\Pavel\.m2\repository\org\glassfish\jaxb\jaxb-runtime\2.3.1\jaxb-runtime-2.3.1.jar;C:\Users\Pavel\.m2\repository\org\glassfish\jaxb\txw2\2.3.1\txw2-2.3.1.jar;C:\Users\Pavel\.m2\repository\org\hibernate\hibernate-core\5.6.5.Final\hibernate-core-5.6.5.Final.jar;C:\Users\Pavel\.m2\repository\org\hibernate\common\hibernate-commons-annotations\5.1.2.Final\hibernate-commons-annotations-5.1.2.Final.jar;C:\Users\Pavel\.m2\repository\org\jboss\jandex\2.4.2.Final\jandex-2.4.2.Final.jar;C:\Users\Pavel\.m2\repository\org\jboss\logging\jboss-logging\3.4.3.Final\jboss-logging-3.4.3.Final.jar;C:\Users\Pavel\.m2\repository\org\jboss\spec\javax\transaction\jboss-transaction-api_1.2_spec\1.1.1.Final\jboss-transaction-api_1.2_spec-1.1.1.Final.jar;C:\Users\Pavel\.m2\repository\org\jvnet\staxex\stax-ex\1.8\stax-ex-1.8.jar;C:\Users\Pavel\.m2\repository\org\postgresql\postgresql\42.3.3\postgresql-42.3.3.jar;C:\Users\Pavel\.m2\repository\org\projectlombok\lombok\1.18.22\lombok-1.18.22.jar
Launcher Type: SUN_STANDARD

[Global flags]
     intx CICompilerCount                          = 3                                         {product} {ergonomic}
     uint ConcGCThreads                            = 1                                         {product} {ergonomic}
     uint G1ConcRefinementThreads                  = 4                                         {product} {ergonomic}
   size_t G1HeapRegionSize                         = 1048576                                   {product} {ergonomic}
    uintx GCDrainStackTargetSize                   = 64                                        {product} {ergonomic}
   size_t InitialHeapSize                          = 65011712                                  {product} {ergonomic}
   size_t MarkStackSize                            = 4194304                                   {product} {ergonomic}
   size_t MaxHeapSize                              = 1027604480                                {product} {ergonomic}
   size_t MaxNewSize                               = 616562688                                 {product} {ergonomic}
   size_t MinHeapDeltaBytes                        = 1048576                                   {product} {ergonomic}
   size_t MinHeapSize                              = 8388608                                   {product} {ergonomic}
    uintx NonNMethodCodeHeapSize                   = 5832780                                {pd product} {ergonomic}
    uintx NonProfiledCodeHeapSize                  = 122912730                              {pd product} {ergonomic}
    uintx ProfiledCodeHeapSize                     = 122912730                              {pd product} {ergonomic}
    uintx ReservedCodeCacheSize                    = 251658240                              {pd product} {ergonomic}
     bool SegmentedCodeCache                       = true                                      {product} {ergonomic}
   size_t SoftMaxHeapSize                          = 1027604480                             {manageable} {ergonomic}
     bool UseCompressedClassPointers               = true                           {product lp64_product} {ergonomic}
     bool UseCompressedOops                        = true                           {product lp64_product} {ergonomic}
     bool UseG1GC                                  = true                                      {product} {ergonomic}
     bool UseLargePagesIndividualAllocation        = false                                  {pd product} {ergonomic}

Logging:
Log output configuration:
 #0: stdout all=warning uptime,level,tags
 #1: stderr all=off uptime,level,tags

Environment Variables:
PATH=C:\Program Files\Common Files\Oracle\Java\javapath;C:\Program Files (x86)\Common Files\Oracle\Java\javapath;C:\Program Files (x86)\Intel\TXE Components\iCLS\;C:\Program Files\Intel\TXE Components\iCLS\;C:\Windows\system32;C:\Windows;C:\Windows\System32\Wbem;C:\Windows\System32\WindowsPowerShell\v1.0\;C:\Windows\System32\OpenSSH\;C:\Program Files\Intel\TXE Components\DAL\;C:\Program Files (x86)\Intel\TXE Components\DAL\;C:\Program Files\Intel\TXE Components\IPT\;C:\Program Files (x86)\Intel\TXE Components\IPT\;C:\Program Files\dotnet\;C:\Program Files\Microsoft SQL Server\130\Tools\Binn\;C:\Program Files\Microsoft SQL Server\Client SDK\ODBC\170\Tools\Binn\;C:\Program Files\Git\cmd;C:\Program Files\MySQL\MySQL Shell 8.0\bin\;C:\Users\Pavel\AppData\Local\Programs\Python\Python39\Scripts\;C:\Users\Pavel\AppData\Local\Programs\Python\Python39\;C:\Users\Pavel\AppData\Local\Microsoft\WindowsApps;C:\Users\Pavel\.dotnet\tools;C:\Windows\Microsoft.NET\Framework\v4.0.30319;;C:\Program Files\JetBrains\IntelliJ IDEA Community Edition 2021.3.2\bin;
USERNAME=Pavel
OS=Windows_NT
PROCESSOR_IDENTIFIER=Intel64 Family 6 Model 122 Stepping 1, GenuineIntel



---------------  S Y S T E M  ---------------

OS:
 Windows 10 , 64 bit Build 19041 (10.0.19041.662)
OS uptime: 0 days 4:21 hours

CPU: total 4 (initial active 4) (4 cores per cpu, 1 threads per core) family 6 model 122 stepping 1 microcode 0x32, cx8, cmov, fxsr, mmx, 3dnowpref, sse, sse2, sse3, ssse3, sse4.1, sse4.2, popcnt, tsc, tscinvbit, aes, erms, clmul, sha, clflush, clflushopt

Memory: 4k page, system-wide physical 3919M (509M free)
TotalPageFile size 5967M (AvailPageFile size 5M)
current process WorkingSet (physical memory assigned to process): 318M, peak: 318M
current process commit charge ("private bytes"): 376M, peak: 376M

vm_info: Java HotSpot(TM) 64-Bit Server VM (17.0.2+8-LTS-86) for windows-amd64 JRE (17.0.2+8-LTS-86), built on Dec  7 2021 21:51:03 by "mach5one" with MS VC++ 16.8 / 16.9 (VS2019)

END.
