#
# There is insufficient memory for the Java Runtime Environment to continue.
# Native memory allocation (mmap) failed to map 32505856 bytes for G1 virtual space
# Possible reasons:
#   The system is out of physical RAM or swap space
#   The process is running with CompressedOops enabled, and the Java Heap may be blocking the growth of the native heap
# Possible solutions:
#   Reduce memory load on the system
#   Increase physical memory or swap space
#   Check if swap backing store is full
#   Decrease Java heap size (-Xmx/-Xms)
#   Decrease number of Java threads
#   Decrease Java thread stack sizes (-Xss)
#   Set larger code cache with -XX:ReservedCodeCacheSize=
#   JVM is running with Unscaled Compressed Oops mode in which the Java heap is
#     placed in the first 4GB address space. The Java Heap base address is the
#     maximum limit for the native heap growth. Please use -XX:HeapBaseMinAddress
#     to set the Java Heap base and to place the Java Heap above 4GB virtual address.
# This output file may be truncated or incomplete.
#
#  Out of Memory Error (os_windows.cpp:3532), pid=8380, tid=5780
#
# JRE version: Java(TM) SE Runtime Environment (17.0.2+8) (build 17.0.2+8-LTS-86)
# Java VM: Java HotSpot(TM) 64-Bit Server VM (17.0.2+8-LTS-86, mixed mode, sharing, tiered, compressed oops, compressed class ptrs, g1 gc, windows-amd64)
# No core dump will be written. Minidumps are not enabled by default on client versions of Windows
#

---------------  S U M M A R Y ------------

Command Line: --module-path=C:\Users\Pavel\.m2\repository\org\openjfx\javafx-base\19-ea+3\javafx-base-19-ea+3-win.jar;C:\Users\Pavel\.m2\repository\org\openjfx\javafx-base\19-ea+3\javafx-base-19-ea+3.jar;C:\Users\Pavel\.m2\repository\org\openjfx\javafx-controls\19-ea+3\javafx-controls-19-ea+3-win.jar;C:\Users\Pavel\.m2\repository\org\openjfx\javafx-controls\19-ea+3\javafx-controls-19-ea+3.jar;C:\Users\Pavel\.m2\repository\org\openjfx\javafx-fxml\19-ea+3\javafx-fxml-19-ea+3-win.jar;C:\Users\Pavel\.m2\repository\org\openjfx\javafx-fxml\19-ea+3\javafx-fxml-19-ea+3.jar;C:\Users\Pavel\.m2\repository\org\openjfx\javafx-graphics\19-ea+3\javafx-graphics-19-ea+3-win.jar;C:\Users\Pavel\.m2\repository\org\openjfx\javafx-graphics\19-ea+3\javafx-graphics-19-ea+3.jar;C:\Users\Pavel\.m2\repository\org\openjfx\javafx-media\19-ea+3\javafx-media-19-ea+3-win.jar;C:\Users\Pavel\.m2\repository\org\openjfx\javafx-media\19-ea+3\javafx-media-19-ea+3.jar;C:\Users\Pavel\.m2\repository\org\openjfx\javafx-swing\19-ea+3\javafx-swing-19-ea+3-win.jar;C:\Users\Pavel\.m2\repository\org\openjfx\javafx-swing\19-ea+3\javafx-swing-19-ea+3.jar;C:\Users\Pavel\.m2\repository\org\openjfx\javafx-web\19-ea+3\javafx-web-19-ea+3-win.jar;C:\Users\Pavel\.m2\repository\org\openjfx\javafx-web\19-ea+3\javafx-web-19-ea+3.jar --add-modules=javafx.base,javafx.controls,javafx.fxml,javafx.graphics,javafx.media,javafx.swing,javafx.web com.lifehouse.raceth.Main

Host: Intel(R) Pentium(R) Silver N5000 CPU @ 1.10GHz, 4 cores, 3G,  Windows 10 , 64 bit Build 19041 (10.0.19041.662)
Time: Sat Apr 23 16:06:58 2022 RTZ 2 (s 10 , 64 bit Build 19041 (10.0.19041.662) elapsed time: 2.656545 seconds (0d 0h 0m 2s)

---------------  T H R E A D  ---------------

Current thread (0x0000023fdf7e4f80):  VMThread "VM Thread" [stack: 0x0000009e47000000,0x0000009e47100000] [id=5780]

Stack: [0x0000009e47000000,0x0000009e47100000]
Native frames: (J=compiled Java code, j=interpreted, Vv=VM code, C=native code)
V  [jvm.dll+0x670baa]
V  [jvm.dll+0x7cfcb4]
V  [jvm.dll+0x7d145e]
V  [jvm.dll+0x7d1ac3]
V  [jvm.dll+0x242bc5]
V  [jvm.dll+0x66dac9]
V  [jvm.dll+0x662412]
V  [jvm.dll+0x300c0b]
V  [jvm.dll+0x3081a6]
V  [jvm.dll+0x357d0e]
V  [jvm.dll+0x357f3f]
V  [jvm.dll+0x2d7ec8]
V  [jvm.dll+0x2daf46]
V  [jvm.dll+0x2e5588]
V  [jvm.dll+0x319300]
V  [jvm.dll+0x7d5f9b]
V  [jvm.dll+0x7d6cd4]
V  [jvm.dll+0x7d71ec]
V  [jvm.dll+0x7d75c4]
V  [jvm.dll+0x7d7690]
V  [jvm.dll+0x77ff7a]
V  [jvm.dll+0x66fa35]
C  [ucrtbase.dll+0x214c2]
C  [KERNEL32.DLL+0x17034]
C  [ntdll.dll+0x4d0d1]

VM_Operation (0x0000009e46cff430): G1Concurrent, mode: safepoint, requested by thread 0x0000023fdf76b880


---------------  P R O C E S S  ---------------

Threads class SMR info:
_java_thread_list=0x0000023ffbd54e70, length=18, elements={
0x0000023fdf732ca0, 0x0000023fdf7eada0, 0x0000023fdf7eb920, 0x0000023fdf7fe450,
0x0000023fdf7ffd20, 0x0000023fdf8005e0, 0x0000023fdf800ea0, 0x0000023ffa8563a0,
0x0000023fdf806010, 0x0000023ffa867880, 0x0000023fdf7d8510, 0x0000023ffb438c20,
0x0000023ffb8460d0, 0x0000023ffbb32a40, 0x0000023ffbbbd3a0, 0x0000023ffbba9120,
0x0000023ffbd7bc00, 0x0000023ffbd18ce0
}

Java Threads: ( => current thread )
  0x0000023fdf732ca0 JavaThread "main" [_thread_blocked, id=7484, stack(0x0000009e46a00000,0x0000009e46b00000)]
  0x0000023fdf7eada0 JavaThread "Reference Handler" daemon [_thread_blocked, id=7360, stack(0x0000009e47100000,0x0000009e47200000)]
  0x0000023fdf7eb920 JavaThread "Finalizer" daemon [_thread_blocked, id=6612, stack(0x0000009e47200000,0x0000009e47300000)]
  0x0000023fdf7fe450 JavaThread "Signal Dispatcher" daemon [_thread_blocked, id=808, stack(0x0000009e47300000,0x0000009e47400000)]
  0x0000023fdf7ffd20 JavaThread "Attach Listener" daemon [_thread_blocked, id=10992, stack(0x0000009e47400000,0x0000009e47500000)]
  0x0000023fdf8005e0 JavaThread "Service Thread" daemon [_thread_blocked, id=4900, stack(0x0000009e47500000,0x0000009e47600000)]
  0x0000023fdf800ea0 JavaThread "Monitor Deflation Thread" daemon [_thread_blocked, id=10512, stack(0x0000009e47600000,0x0000009e47700000)]
  0x0000023ffa8563a0 JavaThread "C2 CompilerThread0" daemon [_thread_blocked, id=3436, stack(0x0000009e47700000,0x0000009e47800000)]
  0x0000023fdf806010 JavaThread "C1 CompilerThread0" daemon [_thread_blocked, id=4972, stack(0x0000009e47800000,0x0000009e47900000)]
  0x0000023ffa867880 JavaThread "Sweeper thread" daemon [_thread_blocked, id=6980, stack(0x0000009e47900000,0x0000009e47a00000)]
  0x0000023fdf7d8510 JavaThread "Common-Cleaner" daemon [_thread_blocked, id=6312, stack(0x0000009e47a00000,0x0000009e47b00000)]
  0x0000023ffb438c20 JavaThread "C2 CompilerThread1" daemon [_thread_blocked, id=10212, stack(0x0000009e47b00000,0x0000009e47c00000)]
  0x0000023ffb8460d0 JavaThread "Notification Thread" daemon [_thread_blocked, id=10684, stack(0x0000009e47c00000,0x0000009e47d00000)]
  0x0000023ffbb32a40 JavaThread "QuantumRenderer-0" daemon [_thread_blocked, id=3588, stack(0x0000009e48100000,0x0000009e48200000)]
  0x0000023ffbbbd3a0 JavaThread "InvokeLaterDispatcher" daemon [_thread_blocked, id=9300, stack(0x0000009e48200000,0x0000009e48300000)]
  0x0000023ffbba9120 JavaThread "JavaFX Application Thread" [_thread_blocked, id=8740, stack(0x0000009e48300000,0x0000009e48400000)]
  0x0000023ffbd7bc00 JavaThread "JavaFX-Launcher" [_thread_blocked, id=11576, stack(0x0000009e48800000,0x0000009e48900000)]
  0x0000023ffbd18ce0 JavaThread "Thread-2" daemon [_thread_blocked, id=12056, stack(0x0000009e48700000,0x0000009e48800000)]

Other Threads:
=>0x0000023fdf7e4f80 VMThread "VM Thread" [stack: 0x0000009e47000000,0x0000009e47100000] [id=5780]
  0x0000023fdf77c9f0 WatcherThread [stack: 0x0000009e47d00000,0x0000009e47e00000] [id=6520]
  0x0000023fdf761fa0 GCTaskThread "GC Thread#0" [stack: 0x0000009e46b00000,0x0000009e46c00000] [id=3396]
  0x0000023ffbb29b00 GCTaskThread "GC Thread#1" [stack: 0x0000009e47e00000,0x0000009e47f00000] [id=8972]
  0x0000023ffb8e3d20 GCTaskThread "GC Thread#2" [stack: 0x0000009e47f00000,0x0000009e48000000] [id=2560]
  0x0000023ffb8e43e0 GCTaskThread "GC Thread#3" [stack: 0x0000009e48000000,0x0000009e48100000] [id=5996]
  0x0000023fdf76b880 ConcurrentGCThread "G1 Main Marker" [stack: 0x0000009e46c00000,0x0000009e46d00000] [id=9620]
  0x0000023fdf76c940 ConcurrentGCThread "G1 Conc#0" [stack: 0x0000009e46d00000,0x0000009e46e00000] [id=7012]
  0x0000023fdf7ae530 ConcurrentGCThread "G1 Refine#0" [stack: 0x0000009e46e00000,0x0000009e46f00000] [id=3156]
  0x0000023fdf7b0d70 ConcurrentGCThread "G1 Service" [stack: 0x0000009e46f00000,0x0000009e47000000] [id=9808]

Threads with active compile tasks:
C1 CompilerThread0     2709 2012       3       javafx.fxml.FXMLLoader$ValueElement::processEndElement (194 bytes)
C2 CompilerThread1     2709 1993       4       com.sun.org.apache.xerces.internal.util.SymbolTable::addSymbol (110 bytes)

VM state: at safepoint (normal execution)

VM Mutex/Monitor currently owned by a thread:  ([mutex/lock_event])
[0x0000023fdf72e150] Threads_lock - owner thread: 0x0000023fdf7e4f80
[0x0000023fdf72fbc0] Heap_lock - owner thread: 0x0000023fdf76b880

Heap address: 0x00000000c2c00000, size: 980 MB, Compressed Oops mode: 32-bit

CDS archive(s) mapped at: [0x0000000800000000-0x0000000800bc0000-0x0000000800bc0000), size 12320768, SharedBaseAddress: 0x0000000800000000, ArchiveRelocationMode: 0.
Compressed class space mapped at: 0x0000000800c00000-0x0000000840c00000, reserved size: 1073741824
Narrow klass base: 0x0000000800000000, Narrow klass shift: 0, Narrow klass range: 0x100000000

GC Precious Log:
 CPUs: 4 total, 4 available
 Memory: 3919M
 Large Page Support: Disabled
 NUMA Support: Disabled
 Compressed Oops: Enabled (32-bit)
 Heap Region Size: 1M
 Heap Min Capacity: 8M
 Heap Initial Capacity: 62M
 Heap Max Capacity: 980M
 Pre-touch: Disabled
 Parallel Workers: 4
 Concurrent Workers: 1
 Concurrent Refinement Workers: 4
 Periodic GC: Disabled

Heap:
 garbage-first heap   total 65536K, used 55958K [0x00000000c2c00000, 0x0000000100000000)
  region size 1024K, 2 young (2048K), 1 survivors (1024K)
 Metaspace       used 10780K, committed 11072K, reserved 1064960K
  class space    used 1427K, committed 1600K, reserved 1048576K

Heap Regions: E=young(eden), S=young(survivor), O=old, HS=humongous(starts), HC=humongous(continues), CS=collection set, F=free, OA=open archive, CA=closed archive, TAMS=top-at-mark-start (previous, next)
|   0|0x00000000c2c00000, 0x00000000c2d00000, 0x00000000c2d00000|100%|HS|  |TAMS 0x00000000c2d00000, 0x00000000c2c00000| Complete 
|   1|0x00000000c2d00000, 0x00000000c2e00000, 0x00000000c2e00000|100%| O|  |TAMS 0x00000000c2e00000, 0x00000000c2d00000| Untracked 
|   2|0x00000000c2e00000, 0x00000000c2f00000, 0x00000000c2f00000|100%| O|  |TAMS 0x00000000c2f00000, 0x00000000c2e00000| Untracked 
|   3|0x00000000c2f00000, 0x00000000c3000000, 0x00000000c3000000|100%|HS|  |TAMS 0x00000000c3000000, 0x00000000c2f00000| Complete 
|   4|0x00000000c3000000, 0x00000000c3100000, 0x00000000c3100000|100%|HC|  |TAMS 0x00000000c3100000, 0x00000000c3000000| Complete 
|   5|0x00000000c3100000, 0x00000000c3100000, 0x00000000c3200000|  0%| F|  |TAMS 0x00000000c3100000, 0x00000000c3100000| Untracked 
|   6|0x00000000c3200000, 0x00000000c3300000, 0x00000000c3300000|100%|HS|  |TAMS 0x00000000c3300000, 0x00000000c3200000| Complete 
|   7|0x00000000c3300000, 0x00000000c3400000, 0x00000000c3400000|100%|HC|  |TAMS 0x00000000c3400000, 0x00000000c3300000| Complete 
|   8|0x00000000c3400000, 0x00000000c3500000, 0x00000000c3500000|100%| O|  |TAMS 0x00000000c3500000, 0x00000000c3400000| Untracked 
|   9|0x00000000c3500000, 0x00000000c3600000, 0x00000000c3600000|100%|HS|  |TAMS 0x00000000c3600000, 0x00000000c3500000| Complete 
|  10|0x00000000c3600000, 0x00000000c3700000, 0x00000000c3700000|100%|HC|  |TAMS 0x00000000c3700000, 0x00000000c3600000| Complete 
|  11|0x00000000c3700000, 0x00000000c3800000, 0x00000000c3800000|100%| O|  |TAMS 0x00000000c3800000, 0x00000000c3700000| Updating 
|  12|0x00000000c3800000, 0x00000000c3900000, 0x00000000c3900000|100%|HS|  |TAMS 0x00000000c3900000, 0x00000000c3800000| Complete 
|  13|0x00000000c3900000, 0x00000000c3a00000, 0x00000000c3a00000|100%|HC|  |TAMS 0x00000000c3a00000, 0x00000000c3900000| Complete 
|  14|0x00000000c3a00000, 0x00000000c3a00000, 0x00000000c3b00000|  0%| F|  |TAMS 0x00000000c3a00000, 0x00000000c3a00000| Untracked 
|  15|0x00000000c3b00000, 0x00000000c3c00000, 0x00000000c3c00000|100%|HS|  |TAMS 0x00000000c3c00000, 0x00000000c3b00000| Complete 
|  16|0x00000000c3c00000, 0x00000000c3d00000, 0x00000000c3d00000|100%|HC|  |TAMS 0x00000000c3d00000, 0x00000000c3c00000| Complete 
|  17|0x00000000c3d00000, 0x00000000c3d00000, 0x00000000c3e00000|  0%| F|  |TAMS 0x00000000c3d00000, 0x00000000c3d00000| Untracked 
|  18|0x00000000c3e00000, 0x00000000c3f00000, 0x00000000c3f00000|100%|HS|  |TAMS 0x00000000c3f00000, 0x00000000c3e00000| Complete 
|  19|0x00000000c3f00000, 0x00000000c4000000, 0x00000000c4000000|100%|HC|  |TAMS 0x00000000c4000000, 0x00000000c3f00000| Complete 
|  20|0x00000000c4000000, 0x00000000c4000000, 0x00000000c4100000|  0%| F|  |TAMS 0x00000000c4000000, 0x00000000c4000000| Untracked 
|  21|0x00000000c4100000, 0x00000000c4200000, 0x00000000c4200000|100%|HS|  |TAMS 0x00000000c4200000, 0x00000000c4100000| Complete 
|  22|0x00000000c4200000, 0x00000000c4300000, 0x00000000c4300000|100%|HC|  |TAMS 0x00000000c4300000, 0x00000000c4200000| Complete 
|  23|0x00000000c4300000, 0x00000000c4300000, 0x00000000c4400000|  0%| F|  |TAMS 0x00000000c4300000, 0x00000000c4300000| Untracked 
|  24|0x00000000c4400000, 0x00000000c4500000, 0x00000000c4500000|100%|HS|  |TAMS 0x00000000c4500000, 0x00000000c4400000| Complete 
|  25|0x00000000c4500000, 0x00000000c4600000, 0x00000000c4600000|100%|HC|  |TAMS 0x00000000c4600000, 0x00000000c4500000| Complete 
|  26|0x00000000c4600000, 0x00000000c4700000, 0x00000000c4700000|100%| O|  |TAMS 0x00000000c4700000, 0x00000000c4600000| Untracked 
|  27|0x00000000c4700000, 0x00000000c4800000, 0x00000000c4800000|100%| O|  |TAMS 0x00000000c4800000, 0x00000000c4700000| Untracked 
|  28|0x00000000c4800000, 0x00000000c482b310, 0x00000000c4900000| 16%| S|CS|TAMS 0x00000000c4800000, 0x00000000c4800000| Complete 
|  29|0x00000000c4900000, 0x00000000c4a00000, 0x00000000c4a00000|100%| O|  |TAMS 0x00000000c4a00000, 0x00000000c4900000| Untracked 
|  30|0x00000000c4a00000, 0x00000000c4b00000, 0x00000000c4b00000|100%|HS|  |TAMS 0x00000000c4b00000, 0x00000000c4a00000| Complete 
|  31|0x00000000c4b00000, 0x00000000c4c00000, 0x00000000c4c00000|100%|HC|  |TAMS 0x00000000c4c00000, 0x00000000c4b00000| Complete 
|  32|0x00000000c4c00000, 0x00000000c4d00000, 0x00000000c4d00000|100%|HS|  |TAMS 0x00000000c4d00000, 0x00000000c4c00000| Complete 
|  33|0x00000000c4d00000, 0x00000000c4e00000, 0x00000000c4e00000|100%|HC|  |TAMS 0x00000000c4e00000, 0x00000000c4d00000| Complete 
|  34|0x00000000c4e00000, 0x00000000c4f00000, 0x00000000c4f00000|100%|HS|  |TAMS 0x00000000c4f00000, 0x00000000c4e00000| Complete 
|  35|0x00000000c4f00000, 0x00000000c5000000, 0x00000000c5000000|100%|HC|  |TAMS 0x00000000c5000000, 0x00000000c4f00000| Complete 
|  36|0x00000000c5000000, 0x00000000c5100000, 0x00000000c5100000|100%|HS|  |TAMS 0x00000000c5100000, 0x00000000c5000000| Complete 
|  37|0x00000000c5100000, 0x00000000c5200000, 0x00000000c5200000|100%|HC|  |TAMS 0x00000000c5200000, 0x00000000c5100000| Complete 
|  38|0x00000000c5200000, 0x00000000c5300000, 0x00000000c5300000|100%|HS|  |TAMS 0x00000000c5300000, 0x00000000c5200000| Complete 
|  39|0x00000000c5300000, 0x00000000c5400000, 0x00000000c5400000|100%|HC|  |TAMS 0x00000000c5400000, 0x00000000c5300000| Complete 
|  40|0x00000000c5400000, 0x00000000c5500000, 0x00000000c5500000|100%|HS|  |TAMS 0x00000000c5500000, 0x00000000c5400000| Complete 
|  41|0x00000000c5500000, 0x00000000c5600000, 0x00000000c5600000|100%|HC|  |TAMS 0x00000000c5600000, 0x00000000c5500000| Complete 
|  42|0x00000000c5600000, 0x00000000c5700000, 0x00000000c5700000|100%|HS|  |TAMS 0x00000000c5700000, 0x00000000c5600000| Complete 
|  43|0x00000000c5700000, 0x00000000c5800000, 0x00000000c5800000|100%|HC|  |TAMS 0x00000000c5800000, 0x00000000c5700000| Complete 
|  44|0x00000000c5800000, 0x00000000c5900000, 0x00000000c5900000|100%|HS|  |TAMS 0x00000000c5900000, 0x00000000c5800000| Complete 
|  45|0x00000000c5900000, 0x00000000c5a00000, 0x00000000c5a00000|100%|HC|  |TAMS 0x00000000c5a00000, 0x00000000c5900000| Complete 
|  46|0x00000000c5a00000, 0x00000000c5a7a800, 0x00000000c5b00000| 47%| O|  |TAMS 0x00000000c5a7a800, 0x00000000c5a00000| Updating 
|  47|0x00000000c5b00000, 0x00000000c5c00000, 0x00000000c5c00000|100%|HS|  |TAMS 0x00000000c5c00000, 0x00000000c5b00000| Complete 
|  48|0x00000000c5c00000, 0x00000000c5d00000, 0x00000000c5d00000|100%|HC|  |TAMS 0x00000000c5d00000, 0x00000000c5c00000| Complete 
|  49|0x00000000c5d00000, 0x00000000c5e00000, 0x00000000c5e00000|100%|HS|  |TAMS 0x00000000c5e00000, 0x00000000c5d00000| Complete 
|  50|0x00000000c5e00000, 0x00000000c5f00000, 0x00000000c5f00000|100%|HC|  |TAMS 0x00000000c5f00000, 0x00000000c5e00000| Complete 
|  51|0x00000000c5f00000, 0x00000000c5f00000, 0x00000000c6000000|  0%| F|  |TAMS 0x00000000c5f00000, 0x00000000c5f00000| Untracked 
|  52|0x00000000c6000000, 0x00000000c6100000, 0x00000000c6100000|100%|HS|  |TAMS 0x00000000c6100000, 0x00000000c6000000| Complete 
|  53|0x00000000c6100000, 0x00000000c6200000, 0x00000000c6200000|100%|HC|  |TAMS 0x00000000c6200000, 0x00000000c6100000| Complete 
|  54|0x00000000c6200000, 0x00000000c6300000, 0x00000000c6300000|100%|HS|  |TAMS 0x00000000c6300000, 0x00000000c6200000| Complete 
|  55|0x00000000c6300000, 0x00000000c6400000, 0x00000000c6400000|100%|HC|  |TAMS 0x00000000c6400000, 0x00000000c6300000| Complete 
|  56|0x00000000c6400000, 0x00000000c6500000, 0x00000000c6500000|100%|HS|  |TAMS 0x00000000c6500000, 0x00000000c6400000| Complete 
|  57|0x00000000c6500000, 0x00000000c6600000, 0x00000000c6600000|100%|HC|  |TAMS 0x00000000c6600000, 0x00000000c6500000| Complete 
|  58|0x00000000c6600000, 0x00000000c6700000, 0x00000000c6700000|100%|HS|  |TAMS 0x00000000c6700000, 0x00000000c6600000| Complete 
|  59|0x00000000c6700000, 0x00000000c6800000, 0x00000000c6800000|100%|HC|  |TAMS 0x00000000c6800000, 0x00000000c6700000| Complete 
|  60|0x00000000c6800000, 0x00000000c6800000, 0x00000000c6900000|  0%| F|  |TAMS 0x00000000c6800000, 0x00000000c6800000| Untracked 
|  61|0x00000000c6900000, 0x00000000c699c548, 0x00000000c6a00000| 61%| E|  |TAMS 0x00000000c6900000, 0x00000000c6900000| Complete 
|  62|0x00000000c6a00000, 0x00000000c6b00000, 0x00000000c6b00000|100%|HS|  |TAMS 0x00000000c6b00000, 0x00000000c6a00000| Complete 
|  63|0x00000000c6b00000, 0x00000000c6c00000, 0x00000000c6c00000|100%|HC|  |TAMS 0x00000000c6c00000, 0x00000000c6b00000| Complete 

Card table byte_map: [0x0000023ff6180000,0x0000023ff6370000] _byte_map_base: 0x0000023ff5b6a000

Marking Bits (Prev, Next): (CMBitMap*) 0x0000023fdf7634d0, (CMBitMap*) 0x0000023fdf763510
 Prev Bits: [0x0000023ff6560000, 0x0000023ff74b0000)
 Next Bits: [0x0000023ff74b0000, 0x0000023ff8400000)

Polling page: 0x0000023fdd6e0000

Metaspace:

Usage:
  Non-class:      9.13 MB used.
      Class:      1.39 MB used.
       Both:     10.53 MB used.

Virtual space:
  Non-class space:       16.00 MB reserved,       9.25 MB ( 58%) committed,  2 nodes.
      Class space:        1.00 GB reserved,       1.56 MB ( <1%) committed,  1 nodes.
             Both:        1.02 GB reserved,      10.81 MB (  1%) committed. 

Chunk freelists:
   Non-Class:  2.11 MB
       Class:  2.31 MB
        Both:  4.42 MB

MaxMetaspaceSize: unlimited
CompressedClassSpaceSize: 1.00 GB
Initial GC threshold: 21.00 MB
Current GC threshold: 21.00 MB
CDS: on
MetaspaceReclaimPolicy: balanced
 - commit_granule_bytes: 65536.
 - commit_granule_words: 8192.
 - virtual_space_node_default_size: 1048576.
 - enlarge_chunks_in_place: 1.
 - new_chunks_are_fully_committed: 0.
 - uncommit_free_chunks: 1.
 - use_allocation_guard: 0.
 - handle_deallocations: 1.


Internal statistics:

num_allocs_failed_limit: 0.
num_arena_births: 262.
num_arena_deaths: 0.
num_vsnodes_births: 3.
num_vsnodes_deaths: 0.
num_space_committed: 173.
num_space_uncommitted: 0.
num_chunks_returned_to_freelist: 0.
num_chunks_taken_from_freelist: 643.
num_chunk_merges: 0.
num_chunk_splits: 396.
num_chunks_enlarged: 250.
num_purges: 0.
num_inconsistent_stats: 0.

CodeHeap 'non-profiled nmethods': size=120000Kb used=793Kb max_used=793Kb free=119206Kb
 bounds [0x0000023feea60000, 0x0000023feecd0000, 0x0000023ff5f90000]
CodeHeap 'profiled nmethods': size=120000Kb used=3880Kb max_used=3880Kb free=116119Kb
 bounds [0x0000023fe7530000, 0x0000023fe7900000, 0x0000023feea60000]
CodeHeap 'non-nmethods': size=5760Kb used=1274Kb max_used=1343Kb free=4485Kb
 bounds [0x0000023fe6f90000, 0x0000023fe7200000, 0x0000023fe7530000]
 total_blobs=2607 nmethods=2010 adapters=510
 compilation: enabled
              stopped_count=0, restarted_count=0
 full_count=0

Compilation events (20 events):
Event: 2.603 Thread 0x0000023fdf806010 2002       3       javafx.beans.property.BooleanPropertyBase::fireValueChangedEvent (8 bytes)
Event: 2.604 Thread 0x0000023fdf806010 nmethod 2002 0x0000023fe78f4d10 code [0x0000023fe78f4ec0, 0x0000023fe78f5128]
Event: 2.604 Thread 0x0000023fdf806010 2003       3       javafx.fxml.FXMLLoader$ValueElement::processStartElement (34 bytes)
Event: 2.604 Thread 0x0000023fdf806010 nmethod 2003 0x0000023fe78f5210 code [0x0000023fe78f5400, 0x0000023fe78f59d8]
Event: 2.607 Thread 0x0000023fdf806010 2004       3       java.util.Arrays::copyOf (10 bytes)
Event: 2.608 Thread 0x0000023fdf806010 nmethod 2004 0x0000023fe78f5b10 code [0x0000023fe78f5cc0, 0x0000023fe78f5e08]
Event: 2.609 Thread 0x0000023fdf806010 2007       3       com.sun.org.apache.xerces.internal.impl.XMLDocumentFragmentScannerImpl::scanEndElement (171 bytes)
Event: 2.610 Thread 0x0000023fdf806010 nmethod 2007 0x0000023fe78f5f10 code [0x0000023fe78f6180, 0x0000023fe78f6e88]
Event: 2.610 Thread 0x0000023fdf806010 2008       3       java.util.HashMap::entrySet (27 bytes)
Event: 2.611 Thread 0x0000023fdf806010 nmethod 2008 0x0000023fe78f7210 code [0x0000023fe78f73e0, 0x0000023fe78f77f8]
Event: 2.611 Thread 0x0000023fdf806010 2009       3       java.util.HashMap$EntrySet::iterator (12 bytes)
Event: 2.612 Thread 0x0000023fdf806010 nmethod 2009 0x0000023fe78f7990 code [0x0000023fe78f7b40, 0x0000023fe78f7da8]
Event: 2.612 Thread 0x0000023fdf806010 2010       3       java.util.HashMap$EntryIterator::<init> (11 bytes)
Event: 2.612 Thread 0x0000023fdf806010 nmethod 2010 0x0000023fe78f7e90 code [0x0000023fe78f8040, 0x0000023fe78f81c8]
Event: 2.612 Thread 0x0000023ffa8563a0 nmethod 2001 0x0000023feeb25a90 code [0x0000023feeb25c40, 0x0000023feeb25fa8]
Event: 2.612 Thread 0x0000023fdf806010 2011   !   3       javafx.fxml.FXMLLoader$InstanceDeclarationElement::constructValue (209 bytes)
Event: 2.612 Thread 0x0000023ffa8563a0 2005       4       sun.reflect.generics.parser.SignatureParser::advance (53 bytes)
Event: 2.614 Thread 0x0000023fdf806010 nmethod 2011 0x0000023fe78f8290 code [0x0000023fe78f8620, 0x0000023fe78f9ac8]
Event: 2.614 Thread 0x0000023ffa8563a0 nmethod 2005 0x0000023feeb26310 code [0x0000023feeb26480, 0x0000023feeb26558]
Event: 2.618 Thread 0x0000023fdf806010 2012       3       javafx.fxml.FXMLLoader$ValueElement::processEndElement (194 bytes)

GC Heap History (14 events):
Event: 0.689 GC heap before
{Heap before GC invocations=0 (full 0):
 garbage-first heap   total 63488K, used 12288K [0x00000000c2c00000, 0x0000000100000000)
  region size 1024K, 13 young (13312K), 0 survivors (0K)
 Metaspace       used 2086K, committed 2240K, reserved 1056768K
  class space    used 212K, committed 256K, reserved 1048576K
}
Event: 0.694 GC heap after
{Heap after GC invocations=1 (full 0):
 garbage-first heap   total 63488K, used 1744K [0x00000000c2c00000, 0x0000000100000000)
  region size 1024K, 2 young (2048K), 2 survivors (2048K)
 Metaspace       used 2086K, committed 2240K, reserved 1056768K
  class space    used 212K, committed 256K, reserved 1048576K
}
Event: 1.201 GC heap before
{Heap before GC invocations=1 (full 0):
 garbage-first heap   total 63488K, used 19152K [0x00000000c2c00000, 0x0000000100000000)
  region size 1024K, 19 young (19456K), 2 survivors (2048K)
 Metaspace       used 7074K, committed 7296K, reserved 1056768K
  class space    used 850K, committed 960K, reserved 1048576K
}
Event: 1.210 GC heap after
{Heap after GC invocations=2 (full 0):
 garbage-first heap   total 63488K, used 5977K [0x00000000c2c00000, 0x0000000100000000)
  region size 1024K, 3 young (3072K), 3 survivors (3072K)
 Metaspace       used 7074K, committed 7296K, reserved 1056768K
  class space    used 850K, committed 960K, reserved 1048576K
}
Event: 1.999 GC heap before
{Heap before GC invocations=2 (full 0):
 garbage-first heap   total 63488K, used 42841K [0x00000000c2c00000, 0x0000000100000000)
  region size 1024K, 16 young (16384K), 3 survivors (3072K)
 Metaspace       used 10037K, committed 10304K, reserved 1064960K
  class space    used 1345K, committed 1472K, reserved 1048576K
}
Event: 2.009 GC heap after
{Heap after GC invocations=3 (full 0):
 garbage-first heap   total 63488K, used 25374K [0x00000000c2c00000, 0x0000000100000000)
  region size 1024K, 2 young (2048K), 2 survivors (2048K)
 Metaspace       used 10037K, committed 10304K, reserved 1064960K
  class space    used 1345K, committed 1472K, reserved 1048576K
}
Event: 2.059 GC heap before
{Heap before GC invocations=3 (full 0):
 garbage-first heap   total 63488K, used 30494K [0x00000000c2c00000, 0x0000000100000000)
  region size 1024K, 3 young (3072K), 2 survivors (2048K)
 Metaspace       used 10080K, committed 10304K, reserved 1064960K
  class space    used 1346K, committed 1472K, reserved 1048576K
}
Event: 2.062 GC heap after
{Heap after GC invocations=4 (full 0):
 garbage-first heap   total 63488K, used 28717K [0x00000000c2c00000, 0x0000000100000000)
  region size 1024K, 1 young (1024K), 1 survivors (1024K)
 Metaspace       used 10080K, committed 10304K, reserved 1064960K
  class space    used 1346K, committed 1472K, reserved 1048576K
}
Event: 2.470 GC heap before
{Heap before GC invocations=5 (full 0):
 garbage-first heap   total 63488K, used 59437K [0x00000000c2c00000, 0x0000000100000000)
  region size 1024K, 10 young (10240K), 1 survivors (1024K)
 Metaspace       used 10633K, committed 10880K, reserved 1064960K
  class space    used 1420K, committed 1536K, reserved 1048576K
}
Event: 2.472 GC heap after
{Heap after GC invocations=6 (full 0):
 garbage-first heap   total 63488K, used 44747K [0x00000000c2c00000, 0x0000000100000000)
  region size 1024K, 1 young (1024K), 1 survivors (1024K)
 Metaspace       used 10633K, committed 10880K, reserved 1064960K
  class space    used 1420K, committed 1536K, reserved 1048576K
}
Event: 2.548 GC heap before
{Heap before GC invocations=6 (full 0):
 garbage-first heap   total 65536K, used 60107K [0x00000000c2c00000, 0x0000000100000000)
  region size 1024K, 2 young (2048K), 1 survivors (1024K)
 Metaspace       used 10687K, committed 11008K, reserved 1064960K
  class space    used 1422K, committed 1600K, reserved 1048576K
}
Event: 2.551 GC heap after
{Heap after GC invocations=7 (full 0):
 garbage-first heap   total 65536K, used 54915K [0x00000000c2c00000, 0x0000000100000000)
  region size 1024K, 1 young (1024K), 1 survivors (1024K)
 Metaspace       used 10687K, committed 11008K, reserved 1064960K
  class space    used 1422K, committed 1600K, reserved 1048576K
}
Event: 2.598 GC heap before
{Heap before GC invocations=7 (full 0):
 garbage-first heap   total 65536K, used 57987K [0x00000000c2c00000, 0x0000000100000000)
  region size 1024K, 3 young (3072K), 1 survivors (1024K)
 Metaspace       used 10772K, committed 11072K, reserved 1064960K
  class space    used 1427K, committed 1600K, reserved 1048576K
}
Event: 2.600 GC heap after
{Heap after GC invocations=8 (full 0):
 garbage-first heap   total 65536K, used 55958K [0x00000000c2c00000, 0x0000000100000000)
  region size 1024K, 1 young (1024K), 1 survivors (1024K)
 Metaspace       used 10772K, committed 11072K, reserved 1064960K
  class space    used 1427K, committed 1600K, reserved 1048576K
}

Deoptimization events (20 events):
Event: 2.122 Thread 0x0000023ffbba9120 Uncommon trap: trap_request=0xffffff45 fr.pc=0x0000023feeaff97c relative=0x000000000000007c
Event: 2.122 Thread 0x0000023ffbba9120 Uncommon trap: reason=unstable_if action=reinterpret pc=0x0000023feeaff97c method=com.sun.org.apache.xerces.internal.impl.XMLEntityScanner.checkBeforeLoad(Lcom/sun/xml/internal/stream/Entity$ScannedEntity;II)I @ 18 c2
Event: 2.122 Thread 0x0000023ffbba9120 DEOPT PACKING pc=0x0000023feeaff97c sp=0x0000009e483fdd60
Event: 2.122 Thread 0x0000023ffbba9120 DEOPT UNPACKING pc=0x0000023fe6fe239d sp=0x0000009e483fdcd0 mode 2
Event: 2.122 Thread 0x0000023ffbba9120 DEOPT PACKING pc=0x0000023fe76d8c56 sp=0x0000009e483fd7d0
Event: 2.123 Thread 0x0000023ffbba9120 DEOPT UNPACKING pc=0x0000023fe6fe2b24 sp=0x0000009e483fcc70 mode 0
Event: 2.292 Thread 0x0000023ffbba9120 DEOPT PACKING pc=0x0000023fe76d8c56 sp=0x0000009e483fd8d0
Event: 2.292 Thread 0x0000023ffbba9120 DEOPT UNPACKING pc=0x0000023fe6fe2b24 sp=0x0000009e483fcd70 mode 0
Event: 2.351 Thread 0x0000023ffbba9120 Uncommon trap: trap_request=0xffffff45 fr.pc=0x0000023feea6b648 relative=0x0000000000000048
Event: 2.351 Thread 0x0000023ffbba9120 Uncommon trap: reason=unstable_if action=reinterpret pc=0x0000023feea6b648 method=java.lang.CharacterData.of(I)Ljava/lang/CharacterData; @ 4 c2
Event: 2.351 Thread 0x0000023ffbba9120 DEOPT PACKING pc=0x0000023feea6b648 sp=0x0000009e483fcce0
Event: 2.351 Thread 0x0000023ffbba9120 DEOPT UNPACKING pc=0x0000023fe6fe239d sp=0x0000009e483fcc78 mode 2
Event: 2.353 Thread 0x0000023ffbba9120 Uncommon trap: trap_request=0xffffff45 fr.pc=0x0000023feea6c1b0 relative=0x00000000000001b0
Event: 2.353 Thread 0x0000023ffbba9120 Uncommon trap: reason=unstable_if action=reinterpret pc=0x0000023feea6c1b0 method=java.lang.String.isLatin1()Z @ 10 c2
Event: 2.353 Thread 0x0000023ffbba9120 DEOPT PACKING pc=0x0000023feea6c1b0 sp=0x0000009e483fcde0
Event: 2.353 Thread 0x0000023ffbba9120 DEOPT UNPACKING pc=0x0000023fe6fe239d sp=0x0000009e483fcd10 mode 2
Event: 2.447 Thread 0x0000023ffbba9120 DEOPT PACKING pc=0x0000023fe76d8c56 sp=0x0000009e483fd4d0
Event: 2.447 Thread 0x0000023ffbba9120 DEOPT UNPACKING pc=0x0000023fe6fe2b24 sp=0x0000009e483fc958 mode 0
Event: 2.573 Thread 0x0000023ffbba9120 DEOPT PACKING pc=0x0000023fe76d8c56 sp=0x0000009e483fd7a0
Event: 2.573 Thread 0x0000023ffbba9120 DEOPT UNPACKING pc=0x0000023fe6fe2b24 sp=0x0000009e483fcc40 mode 0

Classes unloaded (0 events):
No events

Classes redefined (0 events):
No events

Internal exceptions (18 events):
Event: 0.287 Thread 0x0000023fdf732ca0 Exception <a 'java/lang/NoSuchMethodError'{0x00000000c624cc68}: 'java.lang.Object java.lang.invoke.DirectMethodHandle$Holder.invokeStaticInit(java.lang.Object)'> (0x00000000c624cc68) 
thrown [t:\workspace\open\src\hotspot\share\interpreter\linkResolver.cpp, line 766]
Event: 0.293 Thread 0x0000023fdf732ca0 Exception <a 'java/lang/NoSuchMethodError'{0x00000000c6254858}: 'void java.lang.invoke.DirectMethodHandle$Holder.invokeStatic(java.lang.Object, java.lang.Object)'> (0x00000000c6254858) 
thrown [t:\workspace\open\src\hotspot\share\interpreter\linkResolver.cpp, line 766]
Event: 0.698 Thread 0x0000023fdf732ca0 Exception <a 'java/lang/NoSuchMethodError'{0x00000000c692bab0}: 'void java.lang.invoke.DirectMethodHandle$Holder.invokeSpecial(java.lang.Object, java.lang.Object, java.lang.Object)'> (0x00000000c692bab0) 
thrown [t:\workspace\open\src\hotspot\share\interpreter\linkResolver.cpp, line 766]
Event: 0.710 Thread 0x0000023fdf732ca0 Exception <a 'java/lang/NoSuchMethodError'{0x00000000c69b9c00}: 'void java.lang.invoke.DirectMethodHandle$Holder.invokeStatic(java.lang.Object, java.lang.Object, java.lang.Object)'> (0x00000000c69b9c00) 
thrown [t:\workspace\open\src\hotspot\share\interpreter\linkResolver.cpp, line 766]
Event: 0.757 Thread 0x0000023fdf732ca0 Exception <a 'java/lang/NoSuchMethodError'{0x00000000c69d67f8}: 'int java.lang.invoke.DirectMethodHandle$Holder.invokeStaticInit(java.lang.Object, java.lang.Object, java.lang.Object)'> (0x00000000c69d67f8) 
thrown [t:\workspace\open\src\hotspot\share\interpreter\linkResolver.cpp, line 766]
Event: 0.787 Thread 0x0000023fdf732ca0 Exception <a 'java/lang/NoSuchMethodError'{0x00000000c6720668}: 'java.lang.Object java.lang.invoke.DirectMethodHandle$Holder.newInvokeSpecial(java.lang.Object, java.lang.Object, int, java.lang.Object)'> (0x00000000c6720668) 
thrown [t:\workspace\open\src\hotspot\share\interpreter\linkResolver.cpp, line 766]
Event: 0.788 Thread 0x0000023fdf732ca0 Exception <a 'java/lang/NoSuchMethodError'{0x00000000c6724a48}: 'java.lang.Object java.lang.invoke.DirectMethodHandle$Holder.invokeSpecial(java.lang.Object, java.lang.Object, java.lang.Object, int, java.lang.Object)'> (0x00000000c6724a48) 
thrown [t:\workspace\open\src\hotspot\share\interpreter\linkResolver.cpp, line 766]
Event: 0.885 Thread 0x0000023ffbba9120 Exception <a 'java/lang/NoSuchMethodError'{0x00000000c65bbeb8}: 'void java.lang.invoke.DirectMethodHandle$Holder.invokeStaticInit(java.lang.Object)'> (0x00000000c65bbeb8) 
thrown [t:\workspace\open\src\hotspot\share\interpreter\linkResolver.cpp, line 766]
Event: 0.889 Thread 0x0000023fdf732ca0 Exception <a 'java/lang/NoSuchMethodError'{0x00000000c6739b00}: 'java.lang.Object java.lang.invoke.DirectMethodHandle$Holder.newInvokeSpecial(java.lang.Object, java.lang.Object, java.lang.Object, java.lang.Object, java.lang.Object, java.lang.Object)'> (0x00000000c6739b00) 
thrown [t:\workspace\open\src\hotspot\share\interpreter\linkResolver.cpp, line 766]
Event: 0.904 Thread 0x0000023fdf732ca0 Exception <a 'java/lang/NoSuchMethodError'{0x00000000c6473240}: 'java.lang.Object java.lang.invoke.DirectMethodHandle$Holder.newInvokeSpecial(java.lang.Object, java.lang.Object, java.lang.Object, java.lang.Object, java.lang.Object)'> (0x00000000c6473240) 
thrown [t:\workspace\open\src\hotspot\share\interpreter\linkResolver.cpp, line 766]
Event: 0.906 Thread 0x0000023ffbd7bc00 Exception <a 'java/lang/NoSuchMethodError'{0x00000000c64c3bb0}: 'void java.lang.invoke.DirectMethodHandle$Holder.invokeStatic(java.lang.Object, java.lang.Object, java.lang.Object, java.lang.Object)'> (0x00000000c64c3bb0) 
thrown [t:\workspace\open\src\hotspot\share\interpreter\linkResolver.cpp, line 766]
Event: 1.078 Thread 0x0000023ffbba9120 Exception <a 'java/lang/NoSuchMethodError'{0x00000000c5d5be30}: 'java.lang.Object java.lang.invoke.DirectMethodHandle$Holder.invokeStaticInit(java.lang.Object, java.lang.Object, java.lang.Object, java.lang.Object)'> (0x00000000c5d5be30) 
thrown [t:\workspace\open\src\hotspot\share\interpreter\linkResolver.cpp, line 766]
Event: 1.080 Thread 0x0000023ffbba9120 Exception <a 'java/lang/NullPointerException'{0x00000000c5d67b08}> (0x00000000c5d67b08) 
thrown [t:\workspace\open\src\hotspot\share\interpreter\linkResolver.cpp, line 1357]
Event: 1.135 Thread 0x0000023ffbba9120 Exception <a 'java/lang/ClassNotFoundException'{0x00000000c598d928}: com/sun/glass/ui/win/themes> (0x00000000c598d928) 
thrown [t:\workspace\open\src\hotspot\share\prims\jni.cpp, line 535]
Event: 1.137 Thread 0x0000023ffbba9120 Exception <a 'java/lang/ClassNotFoundException'{0x00000000c5999d60}: com/sun/glass/ui/win/themes_ru> (0x00000000c5999d60) 
thrown [t:\workspace\open\src\hotspot\share\prims\jni.cpp, line 535]
Event: 1.138 Thread 0x0000023ffbba9120 Exception <a 'java/lang/ClassNotFoundException'{0x00000000c599b450}: com/sun/glass/ui/win/themes_ru_RU> (0x00000000c599b450) 
thrown [t:\workspace\open\src\hotspot\share\prims\jni.cpp, line 535]
Event: 1.274 Thread 0x0000023ffbba9120 Exception <a 'java/lang/NoSuchMethodError'{0x00000000c67e2e80}: 'void java.lang.invoke.DirectMethodHandle$Holder.invokeStaticInit(java.lang.Object, java.lang.Object)'> (0x00000000c67e2e80) 
thrown [t:\workspace\open\src\hotspot\share\interpreter\linkResolver.cpp, line 766]
Event: 1.281 Thread 0x0000023ffbba9120 Exception <a 'java/lang/NoSuchMethodError'{0x00000000c6699a78}: 'void java.lang.invoke.DirectMethodHandle$Holder.invokeSpecial(java.lang.Object, java.lang.Object, java.lang.Object, java.lang.Object, java.lang.Object)'> (0x00000000c6699a78) 
thrown [t:\workspace\open\src\hotspot\share\interpreter\linkResolver.cpp, line 766]

VM Operations (20 events):
Event: 1.210 Executing VM operation: G1CollectForAllocation done
Event: 1.347 Executing VM operation: HandshakeAllThreads
Event: 1.347 Executing VM operation: HandshakeAllThreads done
Event: 1.999 Executing VM operation: G1TryInitiateConcMark
Event: 2.009 Executing VM operation: G1TryInitiateConcMark done
Event: 2.059 Executing VM operation: G1TryInitiateConcMark
Event: 2.062 Executing VM operation: G1TryInitiateConcMark done
Event: 2.074 Executing VM operation: G1Concurrent
Event: 2.076 Executing VM operation: G1Concurrent done
Event: 2.082 Executing VM operation: G1Concurrent
Event: 2.082 Executing VM operation: G1Concurrent done
Event: 2.351 Executing VM operation: HandshakeAllThreads
Event: 2.351 Executing VM operation: HandshakeAllThreads done
Event: 2.470 Executing VM operation: G1CollectForAllocation
Event: 2.472 Executing VM operation: G1CollectForAllocation done
Event: 2.548 Executing VM operation: G1CollectForAllocation
Event: 2.551 Executing VM operation: G1CollectForAllocation done
Event: 2.598 Executing VM operation: G1CollectForAllocation
Event: 2.600 Executing VM operation: G1CollectForAllocation done
Event: 2.619 Executing VM operation: G1Concurrent

Events (20 events):
Event: 1.859 loading class sun/reflect/generics/tree/Wildcard
Event: 1.859 loading class sun/reflect/generics/tree/Wildcard done
Event: 1.859 loading class sun/reflect/generics/reflectiveObjects/WildcardTypeImpl
Event: 1.860 loading class java/lang/reflect/WildcardType
Event: 1.860 loading class java/lang/reflect/WildcardType done
Event: 1.860 loading class sun/reflect/generics/reflectiveObjects/WildcardTypeImpl done
Event: 1.864 loading class jdk/internal/reflect/UnsafeQualifiedStaticObjectFieldAccessorImpl
Event: 1.865 loading class jdk/internal/reflect/UnsafeQualifiedStaticFieldAccessorImpl
Event: 1.865 loading class jdk/internal/reflect/UnsafeQualifiedStaticFieldAccessorImpl done
Event: 1.865 loading class jdk/internal/reflect/UnsafeQualifiedStaticObjectFieldAccessorImpl done
Event: 2.165 loading class com/sun/org/apache/xerces/internal/impl/io/MalformedByteSequenceException
Event: 2.165 loading class java/io/CharConversionException
Event: 2.165 loading class java/io/CharConversionException done
Event: 2.165 loading class com/sun/org/apache/xerces/internal/impl/io/MalformedByteSequenceException done
Event: 2.347 loading class java/util/zip/ZipFile$ZipEntryIterator
Event: 2.347 loading class java/util/zip/ZipFile$ZipEntryIterator done
Event: 2.394 loading class sun/nio/cs/UTF_16BE$Decoder
Event: 2.394 loading class sun/nio/cs/UnicodeDecoder
Event: 2.394 loading class sun/nio/cs/UnicodeDecoder done
Event: 2.394 loading class sun/nio/cs/UTF_16BE$Decoder done


Dynamic libraries:
0x00007ff6056f0000 - 0x00007ff605700000 	C:\Program Files\Java\jdk-17.0.2\bin\java.exe
0x00007ffb41090000 - 0x00007ffb41286000 	C:\Windows\SYSTEM32\ntdll.dll
0x00007ffb3fbe0000 - 0x00007ffb3fc9d000 	C:\Windows\System32\KERNEL32.DLL
0x00007ffb3ed70000 - 0x00007ffb3f039000 	C:\Windows\System32\KERNELBASE.dll
0x00007ffb3ec40000 - 0x00007ffb3ed40000 	C:\Windows\System32\ucrtbase.dll
0x00007ffb358f0000 - 0x00007ffb3590a000 	C:\Program Files\Java\jdk-17.0.2\bin\VCRUNTIME140.dll
0x00007ffb39a20000 - 0x00007ffb39a38000 	C:\Program Files\Java\jdk-17.0.2\bin\jli.dll
0x00007ffb3fca0000 - 0x00007ffb3fd4c000 	C:\Windows\System32\ADVAPI32.dll
0x00007ffb3ffd0000 - 0x00007ffb4006e000 	C:\Windows\System32\msvcrt.dll
0x00007ffb40480000 - 0x00007ffb4051c000 	C:\Windows\System32\sechost.dll
0x00007ffb3f0f0000 - 0x00007ffb3f21b000 	C:\Windows\System32\RPCRT4.dll
0x00007ffb40100000 - 0x00007ffb402a0000 	C:\Windows\System32\USER32.dll
0x00007ffb3ed40000 - 0x00007ffb3ed62000 	C:\Windows\System32\win32u.dll
0x00007ffb40450000 - 0x00007ffb4047a000 	C:\Windows\System32\GDI32.dll
0x00007ffb3e7d0000 - 0x00007ffb3e8db000 	C:\Windows\System32\gdi32full.dll
0x00007ffb2a7b0000 - 0x00007ffb2aa4b000 	C:\Windows\WinSxS\amd64_microsoft.windows.common-controls_6595b64144ccf1df_6.0.19041.746_none_ca02b4b61b8320a4\COMCTL32.dll
0x00007ffb3eba0000 - 0x00007ffb3ec3d000 	C:\Windows\System32\msvcp_win.dll
0x00007ffb37250000 - 0x00007ffb3725a000 	C:\Windows\SYSTEM32\VERSION.dll
0x00007ffb40e70000 - 0x00007ffb40ea0000 	C:\Windows\System32\IMM32.DLL
0x00007ffb37d70000 - 0x00007ffb37d7c000 	C:\Program Files\Java\jdk-17.0.2\bin\vcruntime140_1.dll
0x00007ffb2d480000 - 0x00007ffb2d50d000 	C:\Program Files\Java\jdk-17.0.2\bin\msvcp140.dll
0x00007ffb050a0000 - 0x00007ffb05c61000 	C:\Program Files\Java\jdk-17.0.2\bin\server\jvm.dll
0x00007ffb3fb00000 - 0x00007ffb3fb08000 	C:\Windows\System32\PSAPI.DLL
0x00007ffb39a00000 - 0x00007ffb39a09000 	C:\Windows\SYSTEM32\WSOCK32.dll
0x00007ffb2d1c0000 - 0x00007ffb2d1e7000 	C:\Windows\SYSTEM32\WINMM.dll
0x00007ffb3fe80000 - 0x00007ffb3feeb000 	C:\Windows\System32\WS2_32.dll
0x00007ffb3d0b0000 - 0x00007ffb3d0c2000 	C:\Windows\SYSTEM32\kernel.appcore.dll
0x00007ffb36990000 - 0x00007ffb3699a000 	C:\Program Files\Java\jdk-17.0.2\bin\jimage.dll
0x00007ffb3cdc0000 - 0x00007ffb3cfa4000 	C:\Windows\SYSTEM32\DBGHELP.DLL
0x00007ffb27f00000 - 0x00007ffb27f2c000 	C:\Windows\SYSTEM32\dbgcore.DLL
0x00007ffb3eb20000 - 0x00007ffb3eba0000 	C:\Windows\System32\bcryptPrimitives.dll
0x00007ffb2d450000 - 0x00007ffb2d475000 	C:\Program Files\Java\jdk-17.0.2\bin\java.dll
0x00007ffb27570000 - 0x00007ffb27646000 	C:\Program Files\Java\jdk-17.0.2\bin\jsvml.dll
0x00007ffb3f280000 - 0x00007ffb3f9c3000 	C:\Windows\System32\SHELL32.dll
0x00007ffb3c630000 - 0x00007ffb3cdbf000 	C:\Windows\SYSTEM32\windows.storage.dll
0x00007ffb405d0000 - 0x00007ffb40926000 	C:\Windows\System32\combase.dll
0x00007ffb3e160000 - 0x00007ffb3e18c000 	C:\Windows\SYSTEM32\Wldp.dll
0x00007ffb40520000 - 0x00007ffb405ce000 	C:\Windows\System32\SHCORE.dll
0x00007ffb3f9d0000 - 0x00007ffb3fa25000 	C:\Windows\System32\shlwapi.dll
0x00007ffb3e700000 - 0x00007ffb3e726000 	C:\Windows\SYSTEM32\profapi.dll
0x00007ffb351f0000 - 0x00007ffb35209000 	C:\Program Files\Java\jdk-17.0.2\bin\net.dll
0x00007ffb36fd0000 - 0x00007ffb370d0000 	C:\Windows\SYSTEM32\WINHTTP.dll
0x00007ffb3dee0000 - 0x00007ffb3df4a000 	C:\Windows\system32\mswsock.dll
0x00007ffb2d430000 - 0x00007ffb2d446000 	C:\Program Files\Java\jdk-17.0.2\bin\nio.dll
0x00007ffb35260000 - 0x00007ffb35278000 	C:\Program Files\Java\jdk-17.0.2\bin\zip.dll
0x0000023fdd750000 - 0x0000023fdd753000 	C:\Users\Pavel\.openjfx\cache\19-ea+3\api-ms-win-core-console-l1-1-0.dll
0x0000023fdf640000 - 0x0000023fdf643000 	C:\Users\Pavel\.openjfx\cache\19-ea+3\api-ms-win-core-console-l1-2-0.dll
0x0000023fdf650000 - 0x0000023fdf653000 	C:\Users\Pavel\.openjfx\cache\19-ea+3\api-ms-win-core-datetime-l1-1-0.dll
0x0000023fdf660000 - 0x0000023fdf663000 	C:\Users\Pavel\.openjfx\cache\19-ea+3\api-ms-win-core-debug-l1-1-0.dll
0x0000023fdf670000 - 0x0000023fdf673000 	C:\Users\Pavel\.openjfx\cache\19-ea+3\api-ms-win-core-errorhandling-l1-1-0.dll
0x0000023fdf680000 - 0x0000023fdf684000 	C:\Users\Pavel\.openjfx\cache\19-ea+3\api-ms-win-core-file-l1-1-0.dll
0x0000023fdf690000 - 0x0000023fdf693000 	C:\Users\Pavel\.openjfx\cache\19-ea+3\api-ms-win-core-file-l1-2-0.dll
0x0000023fdf6a0000 - 0x0000023fdf6a3000 	C:\Users\Pavel\.openjfx\cache\19-ea+3\api-ms-win-core-file-l2-1-0.dll
0x0000023fdf6b0000 - 0x0000023fdf6b3000 	C:\Users\Pavel\.openjfx\cache\19-ea+3\api-ms-win-core-handle-l1-1-0.dll
0x0000023fdf6c0000 - 0x0000023fdf6c3000 	C:\Users\Pavel\.openjfx\cache\19-ea+3\api-ms-win-core-heap-l1-1-0.dll
0x0000023fdf6d0000 - 0x0000023fdf6d3000 	C:\Users\Pavel\.openjfx\cache\19-ea+3\api-ms-win-core-interlocked-l1-1-0.dll
0x0000023fdf6e0000 - 0x0000023fdf6e3000 	C:\Users\Pavel\.openjfx\cache\19-ea+3\api-ms-win-core-libraryloader-l1-1-0.dll
0x0000023fdf6f0000 - 0x0000023fdf6f3000 	C:\Users\Pavel\.openjfx\cache\19-ea+3\api-ms-win-core-localization-l1-2-0.dll
0x0000023fdf700000 - 0x0000023fdf703000 	C:\Users\Pavel\.openjfx\cache\19-ea+3\api-ms-win-core-memory-l1-1-0.dll
0x0000023ffaa40000 - 0x0000023ffaa43000 	C:\Users\Pavel\.openjfx\cache\19-ea+3\api-ms-win-core-namedpipe-l1-1-0.dll
0x0000023ffaa50000 - 0x0000023ffaa53000 	C:\Users\Pavel\.openjfx\cache\19-ea+3\api-ms-win-core-processenvironment-l1-1-0.dll
0x0000023ffaa60000 - 0x0000023ffaa63000 	C:\Users\Pavel\.openjfx\cache\19-ea+3\api-ms-win-core-processthreads-l1-1-0.dll
0x0000023ffaa70000 - 0x0000023ffaa73000 	C:\Users\Pavel\.openjfx\cache\19-ea+3\api-ms-win-core-processthreads-l1-1-1.dll
0x0000023ffaa80000 - 0x0000023ffaa83000 	C:\Users\Pavel\.openjfx\cache\19-ea+3\api-ms-win-core-profile-l1-1-0.dll
0x0000023ffaa90000 - 0x0000023ffaa93000 	C:\Users\Pavel\.openjfx\cache\19-ea+3\api-ms-win-core-rtlsupport-l1-1-0.dll
0x0000023ffaaa0000 - 0x0000023ffaaa3000 	C:\Users\Pavel\.openjfx\cache\19-ea+3\api-ms-win-core-string-l1-1-0.dll
0x0000023ffaab0000 - 0x0000023ffaab3000 	C:\Users\Pavel\.openjfx\cache\19-ea+3\api-ms-win-core-synch-l1-1-0.dll
0x0000023ffaac0000 - 0x0000023ffaac3000 	C:\Users\Pavel\.openjfx\cache\19-ea+3\api-ms-win-core-synch-l1-2-0.dll
0x0000023ffaad0000 - 0x0000023ffaad3000 	C:\Users\Pavel\.openjfx\cache\19-ea+3\api-ms-win-core-sysinfo-l1-1-0.dll
0x0000023ffaae0000 - 0x0000023ffaae3000 	C:\Users\Pavel\.openjfx\cache\19-ea+3\api-ms-win-core-timezone-l1-1-0.dll
0x0000023ffaaf0000 - 0x0000023ffaaf3000 	C:\Users\Pavel\.openjfx\cache\19-ea+3\api-ms-win-core-util-l1-1-0.dll
0x0000023ffab00000 - 0x0000023ffab03000 	C:\Users\Pavel\.openjfx\cache\19-ea+3\api-ms-win-crt-conio-l1-1-0.dll
0x0000023ffab10000 - 0x0000023ffab14000 	C:\Users\Pavel\.openjfx\cache\19-ea+3\api-ms-win-crt-convert-l1-1-0.dll
0x0000023ffab20000 - 0x0000023ffab23000 	C:\Users\Pavel\.openjfx\cache\19-ea+3\api-ms-win-crt-environment-l1-1-0.dll
0x0000023ffab30000 - 0x0000023ffab33000 	C:\Users\Pavel\.openjfx\cache\19-ea+3\api-ms-win-crt-filesystem-l1-1-0.dll
0x0000023ffab40000 - 0x0000023ffab43000 	C:\Users\Pavel\.openjfx\cache\19-ea+3\api-ms-win-crt-heap-l1-1-0.dll
0x0000023ffab50000 - 0x0000023ffab53000 	C:\Users\Pavel\.openjfx\cache\19-ea+3\api-ms-win-crt-locale-l1-1-0.dll
0x0000023ffab60000 - 0x0000023ffab65000 	C:\Users\Pavel\.openjfx\cache\19-ea+3\api-ms-win-crt-math-l1-1-0.dll
0x0000023ffab70000 - 0x0000023ffab75000 	C:\Users\Pavel\.openjfx\cache\19-ea+3\api-ms-win-crt-multibyte-l1-1-0.dll
0x0000023ffab80000 - 0x0000023ffab90000 	C:\Users\Pavel\.openjfx\cache\19-ea+3\api-ms-win-crt-private-l1-1-0.dll
0x0000023ffab90000 - 0x0000023ffab93000 	C:\Users\Pavel\.openjfx\cache\19-ea+3\api-ms-win-crt-process-l1-1-0.dll
0x0000023ffaba0000 - 0x0000023ffaba4000 	C:\Users\Pavel\.openjfx\cache\19-ea+3\api-ms-win-crt-runtime-l1-1-0.dll
0x0000023ffabb0000 - 0x0000023ffabb4000 	C:\Users\Pavel\.openjfx\cache\19-ea+3\api-ms-win-crt-stdio-l1-1-0.dll
0x0000023ffabc0000 - 0x0000023ffabc4000 	C:\Users\Pavel\.openjfx\cache\19-ea+3\api-ms-win-crt-string-l1-1-0.dll
0x0000023ffabd0000 - 0x0000023ffabd3000 	C:\Users\Pavel\.openjfx\cache\19-ea+3\api-ms-win-crt-time-l1-1-0.dll
0x0000023ffabe0000 - 0x0000023ffabe3000 	C:\Users\Pavel\.openjfx\cache\19-ea+3\api-ms-win-crt-utility-l1-1-0.dll
0x00007ffb26bf0000 - 0x00007ffb26cec000 	C:\Users\Pavel\.openjfx\cache\19-ea+3\ucrtbase.dll
0x00007ffb36880000 - 0x00007ffb3689a000 	C:\Users\Pavel\.openjfx\cache\19-ea+3\vcruntime140.dll
0x00007ffb36870000 - 0x00007ffb3687c000 	C:\Users\Pavel\.openjfx\cache\19-ea+3\vcruntime140_1.dll
0x00007ffb21aa0000 - 0x00007ffb21b2d000 	C:\Users\Pavel\.openjfx\cache\19-ea+3\msvcp140.dll
0x00007ffb36840000 - 0x00007ffb3686c000 	C:\Users\Pavel\.openjfx\cache\19-ea+3\prism_d3d.dll
0x00007ffb1d1e0000 - 0x00007ffb1d3af000 	C:\Windows\system32\d3d9.dll
0x00007ffb3c0a0000 - 0x00007ffb3c0cf000 	C:\Windows\SYSTEM32\dwmapi.dll
0x00007ffb3b6f0000 - 0x00007ffb3b78e000 	C:\Windows\system32\uxtheme.dll
0x00007ffb1d070000 - 0x00007ffb1d1d2000 	C:\Windows\System32\DriverStore\FileRepository\iigd_dch.inf_amd64_9c1ab568b4fa57de\igdumdim64.dll
0x00007ffb31a50000 - 0x00007ffb31ba4000 	C:\Windows\System32\DriverStore\FileRepository\iigd_dch.inf_amd64_9c1ab568b4fa57de\igdgmm64.dll
0x00007ffb2d380000 - 0x00007ffb2d3c2000 	C:\Users\Pavel\.openjfx\cache\19-ea+3\glass.dll
0x00007ffb3fef0000 - 0x00007ffb3ffcb000 	C:\Windows\System32\COMDLG32.dll
0x00007ffb40320000 - 0x00007ffb4044a000 	C:\Windows\System32\ole32.dll
0x00007ffb3fb10000 - 0x00007ffb3fbdd000 	C:\Windows\System32\OLEAUT32.dll
0x00007ffb3fd50000 - 0x00007ffb3fe66000 	C:\Windows\System32\MSCTF.dll
0x00007ffb01480000 - 0x00007ffb05099000 	C:\Windows\System32\DriverStore\FileRepository\iigd_dch.inf_amd64_9c1ab568b4fa57de\igd9dxva64.dll
0x00007ffb2d2b0000 - 0x00007ffb2d2d2000 	C:\Windows\System32\DriverStore\FileRepository\iigd_dch.inf_amd64_9c1ab568b4fa57de\igdinfo64.dll
0x00007ffb2f6a0000 - 0x00007ffb31a1d000 	C:\Windows\System32\DriverStore\FileRepository\iigd_dch.inf_amd64_9c1ab568b4fa57de\igc64.dll
0x00007ffb337a0000 - 0x00007ffb337db000 	C:\Windows\SYSTEM32\dxcore.dll
0x00007ffb3e940000 - 0x00007ffb3e98e000 	C:\Windows\System32\cfgmgr32.dll
0x00007ffb2d360000 - 0x00007ffb2d374000 	C:\Users\Pavel\.openjfx\cache\19-ea+3\javafx_font.dll
0x00007ffb2d960000 - 0x00007ffb2dbdf000 	C:\Windows\SYSTEM32\dwrite.dll

dbghelp: loaded successfully - version: 4.0.5 - missing functions: none
symbol engine: initialized successfully - sym options: 0x614 - pdb path: .;C:\Program Files\Java\jdk-17.0.2\bin;C:\Windows\SYSTEM32;C:\Windows\WinSxS\amd64_microsoft.windows.common-controls_6595b64144ccf1df_6.0.19041.746_none_ca02b4b61b8320a4;C:\Program Files\Java\jdk-17.0.2\bin\server;C:\Users\Pavel\.openjfx\cache\19-ea+3;C:\Windows\System32\DriverStore\FileRepository\iigd_dch.inf_amd64_9c1ab568b4fa57de

VM Arguments:
jvm_args: --module-path=C:\Users\Pavel\.m2\repository\org\openjfx\javafx-base\19-ea+3\javafx-base-19-ea+3-win.jar;C:\Users\Pavel\.m2\repository\org\openjfx\javafx-base\19-ea+3\javafx-base-19-ea+3.jar;C:\Users\Pavel\.m2\repository\org\openjfx\javafx-controls\19-ea+3\javafx-controls-19-ea+3-win.jar;C:\Users\Pavel\.m2\repository\org\openjfx\javafx-controls\19-ea+3\javafx-controls-19-ea+3.jar;C:\Users\Pavel\.m2\repository\org\openjfx\javafx-fxml\19-ea+3\javafx-fxml-19-ea+3-win.jar;C:\Users\Pavel\.m2\repository\org\openjfx\javafx-fxml\19-ea+3\javafx-fxml-19-ea+3.jar;C:\Users\Pavel\.m2\repository\org\openjfx\javafx-graphics\19-ea+3\javafx-graphics-19-ea+3-win.jar;C:\Users\Pavel\.m2\repository\org\openjfx\javafx-graphics\19-ea+3\javafx-graphics-19-ea+3.jar;C:\Users\Pavel\.m2\repository\org\openjfx\javafx-media\19-ea+3\javafx-media-19-ea+3-win.jar;C:\Users\Pavel\.m2\repository\org\openjfx\javafx-media\19-ea+3\javafx-media-19-ea+3.jar;C:\Users\Pavel\.m2\repository\org\openjfx\javafx-swing\19-ea+3\javafx-swing-19-ea+3-win.jar;C:\Users\Pavel\.m2\repository\org\openjfx\javafx-swing\19-ea+3\javafx-swing-19-ea+3.jar;C:\Users\Pavel\.m2\repository\org\openjfx\javafx-web\19-ea+3\javafx-web-19-ea+3-win.jar;C:\Users\Pavel\.m2\repository\org\openjfx\javafx-web\19-ea+3\javafx-web-19-ea+3.jar --add-modules=javafx.base,javafx.controls,javafx.fxml,javafx.graphics,javafx.media,javafx.swing,javafx.web 
java_command: com.lifehouse.raceth.Main
java_class_path (initial): C:\Users\Pavel\IdeaProjects\RaceTH\target\classes;C:\Users\Pavel\.m2\repository\antlr\antlr\2.7.7\antlr-2.7.7.jar;C:\Users\Pavel\.m2\repository\com\fasterxml\classmate\1.5.1\classmate-1.5.1.jar;C:\Users\Pavel\.m2\repository\com\sun\istack\istack-commons-runtime\3.0.7\istack-commons-runtime-3.0.7.jar;C:\Users\Pavel\.m2\repository\com\sun\xml\fastinfoset\FastInfoset\1.2.15\FastInfoset-1.2.15.jar;C:\Users\Pavel\.m2\repository\javax\activation\javax.activation-api\1.2.0\javax.activation-api-1.2.0.jar;C:\Users\Pavel\.m2\repository\javax\persistence\javax.persistence-api\2.2\javax.persistence-api-2.2.jar;C:\Users\Pavel\.m2\repository\javax\xml\bind\jaxb-api\2.3.1\jaxb-api-2.3.1.jar;C:\Users\Pavel\.m2\repository\net\bytebuddy\byte-buddy\1.12.7\byte-buddy-1.12.7.jar;C:\Users\Pavel\.m2\repository\org\checkerframework\checker-qual\3.5.0\checker-qual-3.5.0.jar;C:\Users\Pavel\.m2\repository\org\glassfish\jaxb\jaxb-runtime\2.3.1\jaxb-runtime-2.3.1.jar;C:\Users\Pavel\.m2\repository\org\glassfish\jaxb\txw2\2.3.1\txw2-2.3.1.jar;C:\Users\Pavel\.m2\repository\org\hibernate\hibernate-core\5.6.5.Final\hibernate-core-5.6.5.Final.jar;C:\Users\Pavel\.m2\repository\org\hibernate\common\hibernate-commons-annotations\5.1.2.Final\hibernate-commons-annotations-5.1.2.Final.jar;C:\Users\Pavel\.m2\repository\org\jboss\jandex\2.4.2.Final\jandex-2.4.2.Final.jar;C:\Users\Pavel\.m2\repository\org\jboss\logging\jboss-logging\3.4.3.Final\jboss-logging-3.4.3.Final.jar;C:\Users\Pavel\.m2\repository\org\jboss\spec\javax\transaction\jboss-transaction-api_1.2_spec\1.1.1.Final\jboss-transaction-api_1.2_spec-1.1.1.Final.jar;C:\Users\Pavel\.m2\repository\org\jvnet\staxex\stax-ex\1.8\stax-ex-1.8.jar;C:\Users\Pavel\.m2\repository\org\postgresql\postgresql\42.3.3\postgresql-42.3.3.jar;C:\Users\Pavel\.m2\repository\org\projectlombok\lombok\1.18.22\lombok-1.18.22.jar
Launcher Type: SUN_STANDARD

[Global flags]
     intx CICompilerCount                          = 3                                         {product} {ergonomic}
     uint ConcGCThreads                            = 1                                         {product} {ergonomic}
     uint G1ConcRefinementThreads                  = 4                                         {product} {ergonomic}
   size_t G1HeapRegionSize                         = 1048576                                   {product} {ergonomic}
    uintx GCDrainStackTargetSize                   = 64                                        {product} {ergonomic}
   size_t InitialHeapSize                          = 65011712                                  {product} {ergonomic}
   size_t MarkStackSize                            = 4194304                                   {product} {ergonomic}
   size_t MaxHeapSize                              = 1027604480                                {product} {ergonomic}
   size_t MaxNewSize                               = 616562688                                 {product} {ergonomic}
   size_t MinHeapDeltaBytes                        = 1048576                                   {product} {ergonomic}
   size_t MinHeapSize                              = 8388608                                   {product} {ergonomic}
    uintx NonNMethodCodeHeapSize                   = 5832780                                {pd product} {ergonomic}
    uintx NonProfiledCodeHeapSize                  = 122912730                              {pd product} {ergonomic}
    uintx ProfiledCodeHeapSize                     = 122912730                              {pd product} {ergonomic}
    uintx ReservedCodeCacheSize                    = 251658240                              {pd product} {ergonomic}
     bool SegmentedCodeCache                       = true                                      {product} {ergonomic}
   size_t SoftMaxHeapSize                          = 1027604480                             {manageable} {ergonomic}
     bool UseCompressedClassPointers               = true                           {product lp64_product} {ergonomic}
     bool UseCompressedOops                        = true                           {product lp64_product} {ergonomic}
     bool UseG1GC                                  = true                                      {product} {ergonomic}
     bool UseLargePagesIndividualAllocation        = false                                  {pd product} {ergonomic}

Logging:
Log output configuration:
 #0: stdout all=warning uptime,level,tags
 #1: stderr all=off uptime,level,tags

Environment Variables:
PATH=C:\Program Files\Common Files\Oracle\Java\javapath;C:\Program Files (x86)\Common Files\Oracle\Java\javapath;C:\Program Files (x86)\Intel\TXE Components\iCLS\;C:\Program Files\Intel\TXE Components\iCLS\;C:\Windows\system32;C:\Windows;C:\Windows\System32\Wbem;C:\Windows\System32\WindowsPowerShell\v1.0\;C:\Windows\System32\OpenSSH\;C:\Program Files\Intel\TXE Components\DAL\;C:\Program Files (x86)\Intel\TXE Components\DAL\;C:\Program Files\Intel\TXE Components\IPT\;C:\Program Files (x86)\Intel\TXE Components\IPT\;C:\Program Files\dotnet\;C:\Program Files\Microsoft SQL Server\130\Tools\Binn\;C:\Program Files\Microsoft SQL Server\Client SDK\ODBC\170\Tools\Binn\;C:\Program Files\Git\cmd;C:\Program Files\MySQL\MySQL Shell 8.0\bin\;C:\Users\Pavel\AppData\Local\Programs\Python\Python39\Scripts\;C:\Users\Pavel\AppData\Local\Programs\Python\Python39\;C:\Users\Pavel\AppData\Local\Microsoft\WindowsApps;C:\Users\Pavel\.dotnet\tools;C:\Windows\Microsoft.NET\Framework\v4.0.30319;;C:\Program Files\JetBrains\IntelliJ IDEA Community Edition 2021.3.2\bin;
USERNAME=Pavel
OS=Windows_NT
PROCESSOR_IDENTIFIER=Intel64 Family 6 Model 122 Stepping 1, GenuineIntel



---------------  S Y S T E M  ---------------

OS:
 Windows 10 , 64 bit Build 19041 (10.0.19041.662)
OS uptime: 0 days 5:52 hours

CPU: total 4 (initial active 4) (4 cores per cpu, 1 threads per core) family 6 model 122 stepping 1 microcode 0x32, cx8, cmov, fxsr, mmx, 3dnowpref, sse, sse2, sse3, ssse3, sse4.1, sse4.2, popcnt, tsc, tscinvbit, aes, erms, clmul, sha, clflush, clflushopt

Memory: 4k page, system-wide physical 3919M (420M free)
TotalPageFile size 5967M (AvailPageFile size 31M)
current process WorkingSet (physical memory assigned to process): 153M, peak: 153M
current process commit charge ("private bytes"): 204M, peak: 235M

vm_info: Java HotSpot(TM) 64-Bit Server VM (17.0.2+8-LTS-86) for windows-amd64 JRE (17.0.2+8-LTS-86), built on Dec  7 2021 21:51:03 by "mach5one" with MS VC++ 16.8 / 16.9 (VS2019)

END.
