#
# There is insufficient memory for the Java Runtime Environment to continue.
# Native memory allocation (malloc) failed to allocate 1138096 bytes for Chunk::new
# Possible reasons:
#   The system is out of physical RAM or swap space
#   The process is running with CompressedOops enabled, and the Java Heap may be blocking the growth of the native heap
# Possible solutions:
#   Reduce memory load on the system
#   Increase physical memory or swap space
#   Check if swap backing store is full
#   Decrease Java heap size (-Xmx/-Xms)
#   Decrease number of Java threads
#   Decrease Java thread stack sizes (-Xss)
#   Set larger code cache with -XX:ReservedCodeCacheSize=
#   JVM is running with Unscaled Compressed Oops mode in which the Java heap is
#     placed in the first 4GB address space. The Java Heap base address is the
#     maximum limit for the native heap growth. Please use -XX:HeapBaseMinAddress
#     to set the Java Heap base and to place the Java Heap above 4GB virtual address.
# This output file may be truncated or incomplete.
#
#  Out of Memory Error (arena.cpp:189), pid=2932, tid=748
#
# JRE version: Java(TM) SE Runtime Environment (17.0.2+8) (build 17.0.2+8-LTS-86)
# Java VM: Java HotSpot(TM) 64-Bit Server VM (17.0.2+8-LTS-86, mixed mode, sharing, tiered, compressed oops, compressed class ptrs, g1 gc, windows-amd64)
# No core dump will be written. Minidumps are not enabled by default on client versions of Windows
#

---------------  S U M M A R Y ------------

Command Line: --module-path=C:\Users\Pavel\.m2\repository\org\openjfx\javafx-base\19-ea+3\javafx-base-19-ea+3-win.jar;C:\Users\Pavel\.m2\repository\org\openjfx\javafx-base\19-ea+3\javafx-base-19-ea+3.jar;C:\Users\Pavel\.m2\repository\org\openjfx\javafx-controls\19-ea+3\javafx-controls-19-ea+3-win.jar;C:\Users\Pavel\.m2\repository\org\openjfx\javafx-controls\19-ea+3\javafx-controls-19-ea+3.jar;C:\Users\Pavel\.m2\repository\org\openjfx\javafx-fxml\19-ea+3\javafx-fxml-19-ea+3-win.jar;C:\Users\Pavel\.m2\repository\org\openjfx\javafx-fxml\19-ea+3\javafx-fxml-19-ea+3.jar;C:\Users\Pavel\.m2\repository\org\openjfx\javafx-graphics\19-ea+3\javafx-graphics-19-ea+3-win.jar;C:\Users\Pavel\.m2\repository\org\openjfx\javafx-graphics\19-ea+3\javafx-graphics-19-ea+3.jar;C:\Users\Pavel\.m2\repository\org\openjfx\javafx-media\19-ea+3\javafx-media-19-ea+3-win.jar;C:\Users\Pavel\.m2\repository\org\openjfx\javafx-media\19-ea+3\javafx-media-19-ea+3.jar;C:\Users\Pavel\.m2\repository\org\openjfx\javafx-swing\19-ea+3\javafx-swing-19-ea+3-win.jar;C:\Users\Pavel\.m2\repository\org\openjfx\javafx-swing\19-ea+3\javafx-swing-19-ea+3.jar;C:\Users\Pavel\.m2\repository\org\openjfx\javafx-web\19-ea+3\javafx-web-19-ea+3-win.jar;C:\Users\Pavel\.m2\repository\org\openjfx\javafx-web\19-ea+3\javafx-web-19-ea+3.jar --add-modules=javafx.base,javafx.controls,javafx.fxml,javafx.graphics,javafx.media,javafx.swing,javafx.web com.lifehouse.raceth.Main

Host: Intel(R) Pentium(R) Silver N5000 CPU @ 1.10GHz, 4 cores, 3G,  Windows 10 , 64 bit Build 19041 (10.0.19041.662)
Time: Sat Apr 23 15:12:56 2022 RTZ 2 (s 10 , 64 bit Build 19041 (10.0.19041.662) elapsed time: 5.346779 seconds (0d 0h 0m 5s)

---------------  T H R E A D  ---------------

Current thread (0x0000018bbd3e76b0):  JavaThread "C2 CompilerThread0" daemon [_thread_in_native, id=748, stack(0x0000007063300000,0x0000007063400000)]


Current CompileTask:
C2:   5346 3215   !   4       javafx.scene.CssStyleHelper::lookup (514 bytes)

Stack: [0x0000007063300000,0x0000007063400000]
Native frames: (J=compiled Java code, j=interpreted, Vv=VM code, C=native code)
V  [jvm.dll+0x670baa]
V  [jvm.dll+0x7cfcb4]
V  [jvm.dll+0x7d145e]
V  [jvm.dll+0x7d1ac3]
V  [jvm.dll+0x242bc5]
V  [jvm.dll+0xaa57b]
V  [jvm.dll+0xaab0c]
V  [jvm.dll+0x2a991f]
V  [jvm.dll+0x5792d9]
V  [jvm.dll+0x21de3d]
V  [jvm.dll+0x21e21f]
V  [jvm.dll+0x217ae5]
V  [jvm.dll+0x214fab]
V  [jvm.dll+0x1a1bbd]
V  [jvm.dll+0x224908]
V  [jvm.dll+0x222a6c]
V  [jvm.dll+0x7859bb]
V  [jvm.dll+0x77ff7a]
V  [jvm.dll+0x66fa35]
C  [ucrtbase.dll+0x214c2]
C  [KERNEL32.DLL+0x17034]
C  [ntdll.dll+0x4d0d1]


---------------  P R O C E S S  ---------------

Threads class SMR info:
_java_thread_list=0x0000018bded5bff0, length=18, elements={
0x0000018bbd312a30, 0x0000018bbd3c4540, 0x0000018bbd3c56d0, 0x0000018bbd3dafb0,
0x0000018bbd3dd880, 0x0000018bbd3de140, 0x0000018bbd3dea00, 0x0000018bbd3e76b0,
0x0000018bbd3eb560, 0x0000018bd84427a0, 0x0000018bd84f16a0, 0x0000018bd9234b80,
0x0000018bd9294c10, 0x0000018bd9747f20, 0x0000018bd974ebb0, 0x0000018bd994f2d0,
0x0000018bd9950fe0, 0x0000018bd9b0f0f0
}

Java Threads: ( => current thread )
  0x0000018bbd312a30 JavaThread "main" [_thread_blocked, id=1408, stack(0x0000007062600000,0x0000007062700000)]
  0x0000018bbd3c4540 JavaThread "Reference Handler" daemon [_thread_blocked, id=10148, stack(0x0000007062d00000,0x0000007062e00000)]
  0x0000018bbd3c56d0 JavaThread "Finalizer" daemon [_thread_blocked, id=12180, stack(0x0000007062e00000,0x0000007062f00000)]
  0x0000018bbd3dafb0 JavaThread "Signal Dispatcher" daemon [_thread_blocked, id=12128, stack(0x0000007062f00000,0x0000007063000000)]
  0x0000018bbd3dd880 JavaThread "Attach Listener" daemon [_thread_blocked, id=808, stack(0x0000007063000000,0x0000007063100000)]
  0x0000018bbd3de140 JavaThread "Service Thread" daemon [_thread_blocked, id=10472, stack(0x0000007063100000,0x0000007063200000)]
  0x0000018bbd3dea00 JavaThread "Monitor Deflation Thread" daemon [_thread_blocked, id=6980, stack(0x0000007063200000,0x0000007063300000)]
=>0x0000018bbd3e76b0 JavaThread "C2 CompilerThread0" daemon [_thread_in_native, id=748, stack(0x0000007063300000,0x0000007063400000)]
  0x0000018bbd3eb560 JavaThread "C1 CompilerThread0" daemon [_thread_blocked, id=10668, stack(0x0000007063400000,0x0000007063500000)]
  0x0000018bd84427a0 JavaThread "Sweeper thread" daemon [_thread_blocked, id=8528, stack(0x0000007063500000,0x0000007063600000)]
  0x0000018bd84f16a0 JavaThread "Common-Cleaner" daemon [_thread_blocked, id=8284, stack(0x0000007063600000,0x0000007063700000)]
  0x0000018bd9234b80 JavaThread "Notification Thread" daemon [_thread_blocked, id=5704, stack(0x0000007063700000,0x0000007063800000)]
  0x0000018bd9294c10 JavaThread "QuantumRenderer-0" daemon [_thread_blocked, id=7824, stack(0x0000007063c00000,0x0000007063d00000)]
  0x0000018bd9747f20 JavaThread "InvokeLaterDispatcher" daemon [_thread_blocked, id=1716, stack(0x0000007063d00000,0x0000007063e00000)]
  0x0000018bd974ebb0 JavaThread "JavaFX Application Thread" [_thread_in_native, id=5488, stack(0x0000007063e00000,0x0000007063f00000)]
  0x0000018bd994f2d0 JavaThread "Thread-1" daemon [_thread_in_native, id=4392, stack(0x0000007064200000,0x0000007064300000)]
  0x0000018bd9950fe0 JavaThread "JavaFX-Launcher" [_thread_blocked, id=272, stack(0x0000007064300000,0x0000007064400000)]
  0x0000018bd9b0f0f0 JavaThread "Prism Font Disposer" daemon [_thread_blocked, id=9660, stack(0x0000007064700000,0x0000007064800000)]

Other Threads:
  0x0000018bbd3bf9f0 VMThread "VM Thread" [stack: 0x0000007062c00000,0x0000007062d00000] [id=4360]
  0x0000018bbd3577a0 WatcherThread [stack: 0x0000007063800000,0x0000007063900000] [id=7552]
  0x0000018bbd340e20 GCTaskThread "GC Thread#0" [stack: 0x0000007062700000,0x0000007062800000] [id=6268]
  0x0000018bd969bda0 GCTaskThread "GC Thread#1" [stack: 0x0000007063900000,0x0000007063a00000] [id=7636]
  0x0000018bd9659740 GCTaskThread "GC Thread#2" [stack: 0x0000007063a00000,0x0000007063b00000] [id=10988]
  0x0000018bd96599f0 GCTaskThread "GC Thread#3" [stack: 0x0000007063b00000,0x0000007063c00000] [id=1444]
  0x0000018bbd34ad10 ConcurrentGCThread "G1 Main Marker" [stack: 0x0000007062800000,0x0000007062900000] [id=11100]
  0x0000018bbd34b630 ConcurrentGCThread "G1 Conc#0" [stack: 0x0000007062900000,0x0000007062a00000] [id=1380]
  0x0000018bbd3908e0 ConcurrentGCThread "G1 Refine#0" [stack: 0x0000007062a00000,0x0000007062b00000] [id=5780]
  0x0000018bbd391210 ConcurrentGCThread "G1 Service" [stack: 0x0000007062b00000,0x0000007062c00000] [id=7960]

Threads with active compile tasks:
C2 CompilerThread0     5425 3215   !   4       javafx.scene.CssStyleHelper::lookup (514 bytes)

VM state: not at safepoint (normal execution)

VM Mutex/Monitor currently owned by a thread: None

Heap address: 0x00000000c2c00000, size: 980 MB, Compressed Oops mode: 32-bit

CDS archive(s) mapped at: [0x0000000800000000-0x0000000800bc0000-0x0000000800bc0000), size 12320768, SharedBaseAddress: 0x0000000800000000, ArchiveRelocationMode: 0.
Compressed class space mapped at: 0x0000000800c00000-0x0000000840c00000, reserved size: 1073741824
Narrow klass base: 0x0000000800000000, Narrow klass shift: 0, Narrow klass range: 0x100000000

GC Precious Log:
 CPUs: 4 total, 4 available
 Memory: 3919M
 Large Page Support: Disabled
 NUMA Support: Disabled
 Compressed Oops: Enabled (32-bit)
 Heap Region Size: 1M
 Heap Min Capacity: 8M
 Heap Initial Capacity: 62M
 Heap Max Capacity: 980M
 Pre-touch: Disabled
 Parallel Workers: 4
 Concurrent Workers: 1
 Concurrent Refinement Workers: 4
 Periodic GC: Disabled

Heap:
 garbage-first heap   total 199680K, used 110439K [0x00000000c2c00000, 0x0000000100000000)
  region size 1024K, 45 young (46080K), 1 survivors (1024K)
 Metaspace       used 17570K, committed 17856K, reserved 1064960K
  class space    used 2581K, committed 2752K, reserved 1048576K

Heap Regions: E=young(eden), S=young(survivor), O=old, HS=humongous(starts), HC=humongous(continues), CS=collection set, F=free, OA=open archive, CA=closed archive, TAMS=top-at-mark-start (previous, next)
|   0|0x00000000c2c00000, 0x00000000c2d00000, 0x00000000c2d00000|100%|HS|  |TAMS 0x00000000c2d00000, 0x00000000c2d00000| Complete 
|   1|0x00000000c2d00000, 0x00000000c2e00000, 0x00000000c2e00000|100%| O|  |TAMS 0x00000000c2e00000, 0x00000000c2e00000| Untracked 
|   2|0x00000000c2e00000, 0x00000000c2f00000, 0x00000000c2f00000|100%| O|  |TAMS 0x00000000c2f00000, 0x00000000c2f00000| Untracked 
|   3|0x00000000c2f00000, 0x00000000c3000000, 0x00000000c3000000|100%| O|  |TAMS 0x00000000c3000000, 0x00000000c3000000| Untracked 
|   4|0x00000000c3000000, 0x00000000c3100000, 0x00000000c3100000|100%|HS|  |TAMS 0x00000000c3100000, 0x00000000c3100000| Complete 
|   5|0x00000000c3100000, 0x00000000c3200000, 0x00000000c3200000|100%|HC|  |TAMS 0x00000000c3200000, 0x00000000c3200000| Complete 
|   6|0x00000000c3200000, 0x00000000c3300000, 0x00000000c3300000|100%|HS|  |TAMS 0x00000000c3200000, 0x00000000c3200000| Complete 
|   7|0x00000000c3300000, 0x00000000c3400000, 0x00000000c3400000|100%|HS|  |TAMS 0x00000000c3400000, 0x00000000c3400000| Complete 
|   8|0x00000000c3400000, 0x00000000c3500000, 0x00000000c3500000|100%|HC|  |TAMS 0x00000000c3500000, 0x00000000c3500000| Complete 
|   9|0x00000000c3500000, 0x00000000c35f0c00, 0x00000000c3600000| 94%| O|  |TAMS 0x00000000c35f0c00, 0x00000000c35f0c00| Untracked 
|  10|0x00000000c3600000, 0x00000000c3700000, 0x00000000c3700000|100%|HS|  |TAMS 0x00000000c3700000, 0x00000000c3700000| Complete 
|  11|0x00000000c3700000, 0x00000000c3800000, 0x00000000c3800000|100%|HC|  |TAMS 0x00000000c3800000, 0x00000000c3800000| Complete 
|  12|0x00000000c3800000, 0x00000000c3900000, 0x00000000c3900000|100%|HS|  |TAMS 0x00000000c3800000, 0x00000000c3800000| Complete 
|  13|0x00000000c3900000, 0x00000000c3a00000, 0x00000000c3a00000|100%|HS|  |TAMS 0x00000000c3a00000, 0x00000000c3a00000| Complete 
|  14|0x00000000c3a00000, 0x00000000c3b00000, 0x00000000c3b00000|100%|HC|  |TAMS 0x00000000c3b00000, 0x00000000c3b00000| Complete 
|  15|0x00000000c3b00000, 0x00000000c3c00000, 0x00000000c3c00000|100%|HS|  |TAMS 0x00000000c3b00000, 0x00000000c3b00000| Complete 
|  16|0x00000000c3c00000, 0x00000000c3d00000, 0x00000000c3d00000|100%|HS|  |TAMS 0x00000000c3d00000, 0x00000000c3d00000| Complete 
|  17|0x00000000c3d00000, 0x00000000c3e00000, 0x00000000c3e00000|100%|HC|  |TAMS 0x00000000c3e00000, 0x00000000c3e00000| Complete 
|  18|0x00000000c3e00000, 0x00000000c3f00000, 0x00000000c3f00000|100%|HS|  |TAMS 0x00000000c3e00000, 0x00000000c3e00000| Complete 
|  19|0x00000000c3f00000, 0x00000000c4000000, 0x00000000c4000000|100%|HS|  |TAMS 0x00000000c4000000, 0x00000000c4000000| Complete 
|  20|0x00000000c4000000, 0x00000000c4100000, 0x00000000c4100000|100%|HC|  |TAMS 0x00000000c4100000, 0x00000000c4100000| Complete 
|  21|0x00000000c4100000, 0x00000000c4200000, 0x00000000c4200000|100%|HS|  |TAMS 0x00000000c4100000, 0x00000000c4100000| Complete 
|  22|0x00000000c4200000, 0x00000000c4300000, 0x00000000c4300000|100%|HS|  |TAMS 0x00000000c4300000, 0x00000000c4300000| Complete 
|  23|0x00000000c4300000, 0x00000000c4400000, 0x00000000c4400000|100%|HC|  |TAMS 0x00000000c4400000, 0x00000000c4400000| Complete 
|  24|0x00000000c4400000, 0x00000000c4500000, 0x00000000c4500000|100%|HS|  |TAMS 0x00000000c4400000, 0x00000000c4400000| Complete 
|  25|0x00000000c4500000, 0x00000000c4600000, 0x00000000c4600000|100%|HS|  |TAMS 0x00000000c4600000, 0x00000000c4600000| Complete 
|  26|0x00000000c4600000, 0x00000000c4700000, 0x00000000c4700000|100%|HC|  |TAMS 0x00000000c4700000, 0x00000000c4700000| Complete 
|  27|0x00000000c4700000, 0x00000000c4700000, 0x00000000c4800000|  0%| F|  |TAMS 0x00000000c4700000, 0x00000000c4700000| Untracked 
|  28|0x00000000c4800000, 0x00000000c4900000, 0x00000000c4900000|100%| O|  |TAMS 0x00000000c4900000, 0x00000000c4900000| Untracked 
|  29|0x00000000c4900000, 0x00000000c4a00000, 0x00000000c4a00000|100%| O|  |TAMS 0x00000000c4a00000, 0x00000000c4a00000| Untracked 
|  30|0x00000000c4a00000, 0x00000000c4b00000, 0x00000000c4b00000|100%| O|  |TAMS 0x00000000c4b00000, 0x00000000c4b00000| Untracked 
|  31|0x00000000c4b00000, 0x00000000c4c00000, 0x00000000c4c00000|100%|HS|  |TAMS 0x00000000c4c00000, 0x00000000c4c00000| Complete 
|  32|0x00000000c4c00000, 0x00000000c4d00000, 0x00000000c4d00000|100%|HC|  |TAMS 0x00000000c4d00000, 0x00000000c4d00000| Complete 
|  33|0x00000000c4d00000, 0x00000000c4e00000, 0x00000000c4e00000|100%|HS|  |TAMS 0x00000000c4e00000, 0x00000000c4e00000| Complete 
|  34|0x00000000c4e00000, 0x00000000c4f00000, 0x00000000c4f00000|100%|HC|  |TAMS 0x00000000c4f00000, 0x00000000c4f00000| Complete 
|  35|0x00000000c4f00000, 0x00000000c5000000, 0x00000000c5000000|100%|HS|  |TAMS 0x00000000c5000000, 0x00000000c5000000| Complete 
|  36|0x00000000c5000000, 0x00000000c5100000, 0x00000000c5100000|100%|HC|  |TAMS 0x00000000c5100000, 0x00000000c5100000| Complete 
|  37|0x00000000c5100000, 0x00000000c5200000, 0x00000000c5200000|100%|HS|  |TAMS 0x00000000c5200000, 0x00000000c5200000| Complete 
|  38|0x00000000c5200000, 0x00000000c5300000, 0x00000000c5300000|100%|HC|  |TAMS 0x00000000c5300000, 0x00000000c5300000| Complete 
|  39|0x00000000c5300000, 0x00000000c5400000, 0x00000000c5400000|100%|HS|  |TAMS 0x00000000c5400000, 0x00000000c5400000| Complete 
|  40|0x00000000c5400000, 0x00000000c5500000, 0x00000000c5500000|100%|HC|  |TAMS 0x00000000c5500000, 0x00000000c5500000| Complete 
|  41|0x00000000c5500000, 0x00000000c5600000, 0x00000000c5600000|100%|HS|  |TAMS 0x00000000c5600000, 0x00000000c5600000| Complete 
|  42|0x00000000c5600000, 0x00000000c5700000, 0x00000000c5700000|100%|HC|  |TAMS 0x00000000c5700000, 0x00000000c5700000| Complete 
|  43|0x00000000c5700000, 0x00000000c5800000, 0x00000000c5800000|100%|HS|  |TAMS 0x00000000c5800000, 0x00000000c5800000| Complete 
|  44|0x00000000c5800000, 0x00000000c5900000, 0x00000000c5900000|100%|HC|  |TAMS 0x00000000c5900000, 0x00000000c5900000| Complete 
|  45|0x00000000c5900000, 0x00000000c5a00000, 0x00000000c5a00000|100%|HS|  |TAMS 0x00000000c5a00000, 0x00000000c5a00000| Complete 
|  46|0x00000000c5a00000, 0x00000000c5b00000, 0x00000000c5b00000|100%|HC|  |TAMS 0x00000000c5b00000, 0x00000000c5b00000| Complete 
|  47|0x00000000c5b00000, 0x00000000c5c00000, 0x00000000c5c00000|100%|HS|  |TAMS 0x00000000c5b00000, 0x00000000c5c00000| Complete 
|  48|0x00000000c5c00000, 0x00000000c5d00000, 0x00000000c5d00000|100%|HC|  |TAMS 0x00000000c5c00000, 0x00000000c5d00000| Complete 
|  49|0x00000000c5d00000, 0x00000000c5e00000, 0x00000000c5e00000|100%|HS|  |TAMS 0x00000000c5d00000, 0x00000000c5d00000| Complete 
|  50|0x00000000c5e00000, 0x00000000c5f00000, 0x00000000c5f00000|100%|HC|  |TAMS 0x00000000c5e00000, 0x00000000c5e00000| Complete 
|  51|0x00000000c5f00000, 0x00000000c6000000, 0x00000000c6000000|100%|HS|  |TAMS 0x00000000c5f00000, 0x00000000c5f00000| Complete 
|  52|0x00000000c6000000, 0x00000000c6100000, 0x00000000c6100000|100%|HC|  |TAMS 0x00000000c6000000, 0x00000000c6000000| Complete 
|  53|0x00000000c6100000, 0x00000000c6200000, 0x00000000c6200000|100%|HS|  |TAMS 0x00000000c6100000, 0x00000000c6100000| Complete 
|  54|0x00000000c6200000, 0x00000000c6300000, 0x00000000c6300000|100%|HC|  |TAMS 0x00000000c6200000, 0x00000000c6200000| Complete 
|  55|0x00000000c6300000, 0x00000000c6400000, 0x00000000c6400000|100%|HS|  |TAMS 0x00000000c6300000, 0x00000000c6300000| Complete 
|  56|0x00000000c6400000, 0x00000000c6500000, 0x00000000c6500000|100%|HC|  |TAMS 0x00000000c6400000, 0x00000000c6400000| Complete 
|  57|0x00000000c6500000, 0x00000000c6600000, 0x00000000c6600000|100%|HS|  |TAMS 0x00000000c6500000, 0x00000000c6500000| Complete 
|  58|0x00000000c6600000, 0x00000000c6700000, 0x00000000c6700000|100%|HC|  |TAMS 0x00000000c6600000, 0x00000000c6600000| Complete 
|  59|0x00000000c6700000, 0x00000000c6800000, 0x00000000c6800000|100%|HS|  |TAMS 0x00000000c6700000, 0x00000000c6700000| Complete 
|  60|0x00000000c6800000, 0x00000000c6900000, 0x00000000c6900000|100%|HC|  |TAMS 0x00000000c6800000, 0x00000000c6800000| Complete 
|  61|0x00000000c6900000, 0x00000000c6a00000, 0x00000000c6a00000|100%|HS|  |TAMS 0x00000000c6900000, 0x00000000c6900000| Complete 
|  62|0x00000000c6a00000, 0x00000000c6b00000, 0x00000000c6b00000|100%|HC|  |TAMS 0x00000000c6a00000, 0x00000000c6a00000| Complete 
|  63|0x00000000c6b00000, 0x00000000c6c00000, 0x00000000c6c00000|100%|HS|  |TAMS 0x00000000c6b00000, 0x00000000c6b00000| Complete 
|  64|0x00000000c6c00000, 0x00000000c6d00000, 0x00000000c6d00000|100%|HC|  |TAMS 0x00000000c6c00000, 0x00000000c6c00000| Complete 
|  65|0x00000000c6d00000, 0x00000000c6d00000, 0x00000000c6e00000|  0%| F|  |TAMS 0x00000000c6d00000, 0x00000000c6d00000| Untracked 
|  66|0x00000000c6e00000, 0x00000000c6e00000, 0x00000000c6f00000|  0%| F|  |TAMS 0x00000000c6e00000, 0x00000000c6e00000| Untracked 
|  67|0x00000000c6f00000, 0x00000000c6f00000, 0x00000000c7000000|  0%| F|  |TAMS 0x00000000c6f00000, 0x00000000c6f00000| Untracked 
|  68|0x00000000c7000000, 0x00000000c7000000, 0x00000000c7100000|  0%| F|  |TAMS 0x00000000c7000000, 0x00000000c7000000| Untracked 
|  69|0x00000000c7100000, 0x00000000c7100000, 0x00000000c7200000|  0%| F|  |TAMS 0x00000000c7100000, 0x00000000c7100000| Untracked 
|  70|0x00000000c7200000, 0x00000000c7200000, 0x00000000c7300000|  0%| F|  |TAMS 0x00000000c7200000, 0x00000000c7200000| Untracked 
|  71|0x00000000c7300000, 0x00000000c7300000, 0x00000000c7400000|  0%| F|  |TAMS 0x00000000c7300000, 0x00000000c7300000| Untracked 
|  72|0x00000000c7400000, 0x00000000c7400000, 0x00000000c7500000|  0%| F|  |TAMS 0x00000000c7400000, 0x00000000c7400000| Untracked 
|  73|0x00000000c7500000, 0x00000000c7500000, 0x00000000c7600000|  0%| F|  |TAMS 0x00000000c7500000, 0x00000000c7500000| Untracked 
|  74|0x00000000c7600000, 0x00000000c7600000, 0x00000000c7700000|  0%| F|  |TAMS 0x00000000c7600000, 0x00000000c7600000| Untracked 
|  75|0x00000000c7700000, 0x00000000c7700000, 0x00000000c7800000|  0%| F|  |TAMS 0x00000000c7700000, 0x00000000c7700000| Untracked 
|  76|0x00000000c7800000, 0x00000000c7800000, 0x00000000c7900000|  0%| F|  |TAMS 0x00000000c7800000, 0x00000000c7800000| Untracked 
|  77|0x00000000c7900000, 0x00000000c7900000, 0x00000000c7a00000|  0%| F|  |TAMS 0x00000000c7900000, 0x00000000c7900000| Untracked 
|  78|0x00000000c7a00000, 0x00000000c7a00000, 0x00000000c7b00000|  0%| F|  |TAMS 0x00000000c7a00000, 0x00000000c7a00000| Untracked 
|  79|0x00000000c7b00000, 0x00000000c7b00000, 0x00000000c7c00000|  0%| F|  |TAMS 0x00000000c7b00000, 0x00000000c7b00000| Untracked 
|  80|0x00000000c7c00000, 0x00000000c7c00000, 0x00000000c7d00000|  0%| F|  |TAMS 0x00000000c7c00000, 0x00000000c7c00000| Untracked 
|  81|0x00000000c7d00000, 0x00000000c7d00000, 0x00000000c7e00000|  0%| F|  |TAMS 0x00000000c7d00000, 0x00000000c7d00000| Untracked 
|  82|0x00000000c7e00000, 0x00000000c7e00000, 0x00000000c7f00000|  0%| F|  |TAMS 0x00000000c7e00000, 0x00000000c7e00000| Untracked 
|  83|0x00000000c7f00000, 0x00000000c7f00000, 0x00000000c8000000|  0%| F|  |TAMS 0x00000000c7f00000, 0x00000000c7f00000| Untracked 
|  84|0x00000000c8000000, 0x00000000c80e9390, 0x00000000c8100000| 91%| S|CS|TAMS 0x00000000c8000000, 0x00000000c8000000| Complete 
|  85|0x00000000c8100000, 0x00000000c8100000, 0x00000000c8200000|  0%| F|  |TAMS 0x00000000c8100000, 0x00000000c8100000| Untracked 
|  86|0x00000000c8200000, 0x00000000c8200000, 0x00000000c8300000|  0%| F|  |TAMS 0x00000000c8200000, 0x00000000c8200000| Untracked 
|  87|0x00000000c8300000, 0x00000000c8300000, 0x00000000c8400000|  0%| F|  |TAMS 0x00000000c8300000, 0x00000000c8300000| Untracked 
|  88|0x00000000c8400000, 0x00000000c8400000, 0x00000000c8500000|  0%| F|  |TAMS 0x00000000c8400000, 0x00000000c8400000| Untracked 
|  89|0x00000000c8500000, 0x00000000c8500000, 0x00000000c8600000|  0%| F|  |TAMS 0x00000000c8500000, 0x00000000c8500000| Untracked 
|  90|0x00000000c8600000, 0x00000000c8600000, 0x00000000c8700000|  0%| F|  |TAMS 0x00000000c8600000, 0x00000000c8600000| Untracked 
|  91|0x00000000c8700000, 0x00000000c8700000, 0x00000000c8800000|  0%| F|  |TAMS 0x00000000c8700000, 0x00000000c8700000| Untracked 
|  92|0x00000000c8800000, 0x00000000c8800000, 0x00000000c8900000|  0%| F|  |TAMS 0x00000000c8800000, 0x00000000c8800000| Untracked 
|  93|0x00000000c8900000, 0x00000000c8900000, 0x00000000c8a00000|  0%| F|  |TAMS 0x00000000c8900000, 0x00000000c8900000| Untracked 
|  94|0x00000000c8a00000, 0x00000000c8a00000, 0x00000000c8b00000|  0%| F|  |TAMS 0x00000000c8a00000, 0x00000000c8a00000| Untracked 
|  95|0x00000000c8b00000, 0x00000000c8b00000, 0x00000000c8c00000|  0%| F|  |TAMS 0x00000000c8b00000, 0x00000000c8b00000| Untracked 
|  96|0x00000000c8c00000, 0x00000000c8c00000, 0x00000000c8d00000|  0%| F|  |TAMS 0x00000000c8c00000, 0x00000000c8c00000| Untracked 
|  97|0x00000000c8d00000, 0x00000000c8d00000, 0x00000000c8e00000|  0%| F|  |TAMS 0x00000000c8d00000, 0x00000000c8d00000| Untracked 
|  98|0x00000000c8e00000, 0x00000000c8e00000, 0x00000000c8f00000|  0%| F|  |TAMS 0x00000000c8e00000, 0x00000000c8e00000| Untracked 
|  99|0x00000000c8f00000, 0x00000000c8f00000, 0x00000000c9000000|  0%| F|  |TAMS 0x00000000c8f00000, 0x00000000c8f00000| Untracked 
| 100|0x00000000c9000000, 0x00000000c9000000, 0x00000000c9100000|  0%| F|  |TAMS 0x00000000c9000000, 0x00000000c9000000| Untracked 
| 101|0x00000000c9100000, 0x00000000c9100000, 0x00000000c9200000|  0%| F|  |TAMS 0x00000000c9100000, 0x00000000c9100000| Untracked 
| 102|0x00000000c9200000, 0x00000000c9200000, 0x00000000c9300000|  0%| F|  |TAMS 0x00000000c9200000, 0x00000000c9200000| Untracked 
| 103|0x00000000c9300000, 0x00000000c9300000, 0x00000000c9400000|  0%| F|  |TAMS 0x00000000c9300000, 0x00000000c9300000| Untracked 
| 104|0x00000000c9400000, 0x00000000c9400000, 0x00000000c9500000|  0%| F|  |TAMS 0x00000000c9400000, 0x00000000c9400000| Untracked 
| 105|0x00000000c9500000, 0x00000000c9500000, 0x00000000c9600000|  0%| F|  |TAMS 0x00000000c9500000, 0x00000000c9500000| Untracked 
| 106|0x00000000c9600000, 0x00000000c9600000, 0x00000000c9700000|  0%| F|  |TAMS 0x00000000c9600000, 0x00000000c9600000| Untracked 
| 107|0x00000000c9700000, 0x00000000c9700000, 0x00000000c9800000|  0%| F|  |TAMS 0x00000000c9700000, 0x00000000c9700000| Untracked 
| 108|0x00000000c9800000, 0x00000000c9800000, 0x00000000c9900000|  0%| F|  |TAMS 0x00000000c9800000, 0x00000000c9800000| Untracked 
| 109|0x00000000c9900000, 0x00000000c9900000, 0x00000000c9a00000|  0%| F|  |TAMS 0x00000000c9900000, 0x00000000c9900000| Untracked 
| 110|0x00000000c9a00000, 0x00000000c9a00000, 0x00000000c9b00000|  0%| F|  |TAMS 0x00000000c9a00000, 0x00000000c9a00000| Untracked 
| 111|0x00000000c9b00000, 0x00000000c9b00000, 0x00000000c9c00000|  0%| F|  |TAMS 0x00000000c9b00000, 0x00000000c9b00000| Untracked 
| 112|0x00000000c9c00000, 0x00000000c9c00000, 0x00000000c9d00000|  0%| F|  |TAMS 0x00000000c9c00000, 0x00000000c9c00000| Untracked 
| 113|0x00000000c9d00000, 0x00000000c9d00000, 0x00000000c9e00000|  0%| F|  |TAMS 0x00000000c9d00000, 0x00000000c9d00000| Untracked 
| 114|0x00000000c9e00000, 0x00000000c9e00000, 0x00000000c9f00000|  0%| F|  |TAMS 0x00000000c9e00000, 0x00000000c9e00000| Untracked 
| 115|0x00000000c9f00000, 0x00000000c9f00000, 0x00000000ca000000|  0%| F|  |TAMS 0x00000000c9f00000, 0x00000000c9f00000| Untracked 
| 116|0x00000000ca000000, 0x00000000ca000000, 0x00000000ca100000|  0%| F|  |TAMS 0x00000000ca000000, 0x00000000ca000000| Untracked 
| 117|0x00000000ca100000, 0x00000000ca100000, 0x00000000ca200000|  0%| F|  |TAMS 0x00000000ca100000, 0x00000000ca100000| Untracked 
| 118|0x00000000ca200000, 0x00000000ca200000, 0x00000000ca300000|  0%| F|  |TAMS 0x00000000ca200000, 0x00000000ca200000| Untracked 
| 119|0x00000000ca300000, 0x00000000ca300000, 0x00000000ca400000|  0%| F|  |TAMS 0x00000000ca300000, 0x00000000ca300000| Untracked 
| 120|0x00000000ca400000, 0x00000000ca400000, 0x00000000ca500000|  0%| F|  |TAMS 0x00000000ca400000, 0x00000000ca400000| Untracked 
| 121|0x00000000ca500000, 0x00000000ca500000, 0x00000000ca600000|  0%| F|  |TAMS 0x00000000ca500000, 0x00000000ca500000| Untracked 
| 122|0x00000000ca600000, 0x00000000ca600000, 0x00000000ca700000|  0%| F|  |TAMS 0x00000000ca600000, 0x00000000ca600000| Untracked 
| 123|0x00000000ca700000, 0x00000000ca700000, 0x00000000ca800000|  0%| F|  |TAMS 0x00000000ca700000, 0x00000000ca700000| Untracked 
| 124|0x00000000ca800000, 0x00000000ca800000, 0x00000000ca900000|  0%| F|  |TAMS 0x00000000ca800000, 0x00000000ca800000| Untracked 
| 125|0x00000000ca900000, 0x00000000ca900000, 0x00000000caa00000|  0%| F|  |TAMS 0x00000000ca900000, 0x00000000ca900000| Untracked 
| 126|0x00000000caa00000, 0x00000000caa00000, 0x00000000cab00000|  0%| F|  |TAMS 0x00000000caa00000, 0x00000000caa00000| Untracked 
| 127|0x00000000cab00000, 0x00000000cab00000, 0x00000000cac00000|  0%| F|  |TAMS 0x00000000cab00000, 0x00000000cab00000| Untracked 
| 128|0x00000000cac00000, 0x00000000cac00000, 0x00000000cad00000|  0%| F|  |TAMS 0x00000000cac00000, 0x00000000cac00000| Untracked 
| 129|0x00000000cad00000, 0x00000000cad00000, 0x00000000cae00000|  0%| F|  |TAMS 0x00000000cad00000, 0x00000000cad00000| Untracked 
| 130|0x00000000cae00000, 0x00000000cae00000, 0x00000000caf00000|  0%| F|  |TAMS 0x00000000cae00000, 0x00000000cae00000| Untracked 
| 131|0x00000000caf00000, 0x00000000caf00000, 0x00000000cb000000|  0%| F|  |TAMS 0x00000000caf00000, 0x00000000caf00000| Untracked 
| 132|0x00000000cb000000, 0x00000000cb000000, 0x00000000cb100000|  0%| F|  |TAMS 0x00000000cb000000, 0x00000000cb000000| Untracked 
| 133|0x00000000cb100000, 0x00000000cb100000, 0x00000000cb200000|  0%| F|  |TAMS 0x00000000cb100000, 0x00000000cb100000| Untracked 
| 134|0x00000000cb200000, 0x00000000cb200000, 0x00000000cb300000|  0%| F|  |TAMS 0x00000000cb200000, 0x00000000cb200000| Untracked 
| 135|0x00000000cb300000, 0x00000000cb300000, 0x00000000cb400000|  0%| F|  |TAMS 0x00000000cb300000, 0x00000000cb300000| Untracked 
| 136|0x00000000cb400000, 0x00000000cb400000, 0x00000000cb500000|  0%| F|  |TAMS 0x00000000cb400000, 0x00000000cb400000| Untracked 
| 137|0x00000000cb500000, 0x00000000cb500000, 0x00000000cb600000|  0%| F|  |TAMS 0x00000000cb500000, 0x00000000cb500000| Untracked 
| 138|0x00000000cb600000, 0x00000000cb600000, 0x00000000cb700000|  0%| F|  |TAMS 0x00000000cb600000, 0x00000000cb600000| Untracked 
| 139|0x00000000cb700000, 0x00000000cb700000, 0x00000000cb800000|  0%| F|  |TAMS 0x00000000cb700000, 0x00000000cb700000| Untracked 
| 140|0x00000000cb800000, 0x00000000cb800000, 0x00000000cb900000|  0%| F|  |TAMS 0x00000000cb800000, 0x00000000cb800000| Untracked 
| 141|0x00000000cb900000, 0x00000000cb900000, 0x00000000cba00000|  0%| F|  |TAMS 0x00000000cb900000, 0x00000000cb900000| Untracked 
| 142|0x00000000cba00000, 0x00000000cba00000, 0x00000000cbb00000|  0%| F|  |TAMS 0x00000000cba00000, 0x00000000cba00000| Untracked 
| 143|0x00000000cbb00000, 0x00000000cbb00000, 0x00000000cbc00000|  0%| F|  |TAMS 0x00000000cbb00000, 0x00000000cbb00000| Untracked 
| 144|0x00000000cbc00000, 0x00000000cbc00000, 0x00000000cbd00000|  0%| F|  |TAMS 0x00000000cbc00000, 0x00000000cbc00000| Untracked 
| 145|0x00000000cbd00000, 0x00000000cbd00000, 0x00000000cbe00000|  0%| F|  |TAMS 0x00000000cbd00000, 0x00000000cbd00000| Untracked 
| 146|0x00000000cbe00000, 0x00000000cbe00000, 0x00000000cbf00000|  0%| F|  |TAMS 0x00000000cbe00000, 0x00000000cbe00000| Untracked 
| 147|0x00000000cbf00000, 0x00000000cbf00000, 0x00000000cc000000|  0%| F|  |TAMS 0x00000000cbf00000, 0x00000000cbf00000| Untracked 
| 148|0x00000000cc000000, 0x00000000cc000000, 0x00000000cc100000|  0%| F|  |TAMS 0x00000000cc000000, 0x00000000cc000000| Untracked 
| 149|0x00000000cc100000, 0x00000000cc100000, 0x00000000cc200000|  0%| F|  |TAMS 0x00000000cc100000, 0x00000000cc100000| Untracked 
| 150|0x00000000cc200000, 0x00000000cc200000, 0x00000000cc300000|  0%| F|  |TAMS 0x00000000cc200000, 0x00000000cc200000| Untracked 
| 151|0x00000000cc300000, 0x00000000cc400000, 0x00000000cc400000|100%| E|  |TAMS 0x00000000cc300000, 0x00000000cc300000| Complete 
| 152|0x00000000cc400000, 0x00000000cc500000, 0x00000000cc500000|100%| E|CS|TAMS 0x00000000cc400000, 0x00000000cc400000| Complete 
| 153|0x00000000cc500000, 0x00000000cc600000, 0x00000000cc600000|100%| E|CS|TAMS 0x00000000cc500000, 0x00000000cc500000| Complete 
| 154|0x00000000cc600000, 0x00000000cc700000, 0x00000000cc700000|100%| E|CS|TAMS 0x00000000cc600000, 0x00000000cc600000| Complete 
| 155|0x00000000cc700000, 0x00000000cc800000, 0x00000000cc800000|100%| E|CS|TAMS 0x00000000cc700000, 0x00000000cc700000| Complete 
| 156|0x00000000cc800000, 0x00000000cc900000, 0x00000000cc900000|100%| E|CS|TAMS 0x00000000cc800000, 0x00000000cc800000| Complete 
| 157|0x00000000cc900000, 0x00000000cca00000, 0x00000000cca00000|100%| E|CS|TAMS 0x00000000cc900000, 0x00000000cc900000| Complete 
| 158|0x00000000cca00000, 0x00000000ccb00000, 0x00000000ccb00000|100%| E|CS|TAMS 0x00000000cca00000, 0x00000000cca00000| Complete 
| 159|0x00000000ccb00000, 0x00000000ccc00000, 0x00000000ccc00000|100%| E|CS|TAMS 0x00000000ccb00000, 0x00000000ccb00000| Complete 
| 160|0x00000000ccc00000, 0x00000000ccd00000, 0x00000000ccd00000|100%| E|CS|TAMS 0x00000000ccc00000, 0x00000000ccc00000| Complete 
| 161|0x00000000ccd00000, 0x00000000cce00000, 0x00000000cce00000|100%| E|CS|TAMS 0x00000000ccd00000, 0x00000000ccd00000| Complete 
| 162|0x00000000cce00000, 0x00000000ccf00000, 0x00000000ccf00000|100%| E|CS|TAMS 0x00000000cce00000, 0x00000000cce00000| Complete 
| 163|0x00000000ccf00000, 0x00000000cd000000, 0x00000000cd000000|100%| E|CS|TAMS 0x00000000ccf00000, 0x00000000ccf00000| Complete 
| 164|0x00000000cd000000, 0x00000000cd100000, 0x00000000cd100000|100%| E|CS|TAMS 0x00000000cd000000, 0x00000000cd000000| Complete 
| 165|0x00000000cd100000, 0x00000000cd200000, 0x00000000cd200000|100%| E|CS|TAMS 0x00000000cd100000, 0x00000000cd100000| Complete 
| 166|0x00000000cd200000, 0x00000000cd300000, 0x00000000cd300000|100%| E|CS|TAMS 0x00000000cd200000, 0x00000000cd200000| Complete 
| 167|0x00000000cd300000, 0x00000000cd400000, 0x00000000cd400000|100%| E|CS|TAMS 0x00000000cd300000, 0x00000000cd300000| Complete 
| 168|0x00000000cd400000, 0x00000000cd500000, 0x00000000cd500000|100%| E|CS|TAMS 0x00000000cd400000, 0x00000000cd400000| Complete 
| 169|0x00000000cd500000, 0x00000000cd600000, 0x00000000cd600000|100%| E|CS|TAMS 0x00000000cd500000, 0x00000000cd500000| Complete 
| 170|0x00000000cd600000, 0x00000000cd700000, 0x00000000cd700000|100%| E|CS|TAMS 0x00000000cd600000, 0x00000000cd600000| Complete 
| 171|0x00000000cd700000, 0x00000000cd800000, 0x00000000cd800000|100%| E|CS|TAMS 0x00000000cd700000, 0x00000000cd700000| Complete 
| 172|0x00000000cd800000, 0x00000000cd900000, 0x00000000cd900000|100%| E|CS|TAMS 0x00000000cd800000, 0x00000000cd800000| Complete 
| 173|0x00000000cd900000, 0x00000000cda00000, 0x00000000cda00000|100%| E|CS|TAMS 0x00000000cd900000, 0x00000000cd900000| Complete 
| 174|0x00000000cda00000, 0x00000000cdb00000, 0x00000000cdb00000|100%| E|CS|TAMS 0x00000000cda00000, 0x00000000cda00000| Complete 
| 175|0x00000000cdb00000, 0x00000000cdc00000, 0x00000000cdc00000|100%| E|CS|TAMS 0x00000000cdb00000, 0x00000000cdb00000| Complete 
| 176|0x00000000cdc00000, 0x00000000cdd00000, 0x00000000cdd00000|100%| E|CS|TAMS 0x00000000cdc00000, 0x00000000cdc00000| Complete 
| 177|0x00000000cdd00000, 0x00000000cde00000, 0x00000000cde00000|100%| E|CS|TAMS 0x00000000cdd00000, 0x00000000cdd00000| Complete 
| 178|0x00000000cde00000, 0x00000000cdf00000, 0x00000000cdf00000|100%| E|CS|TAMS 0x00000000cde00000, 0x00000000cde00000| Complete 
| 179|0x00000000cdf00000, 0x00000000ce000000, 0x00000000ce000000|100%| E|CS|TAMS 0x00000000cdf00000, 0x00000000cdf00000| Complete 
| 180|0x00000000ce000000, 0x00000000ce100000, 0x00000000ce100000|100%| E|CS|TAMS 0x00000000ce000000, 0x00000000ce000000| Complete 
| 181|0x00000000ce100000, 0x00000000ce200000, 0x00000000ce200000|100%| E|CS|TAMS 0x00000000ce100000, 0x00000000ce100000| Complete 
| 182|0x00000000ce200000, 0x00000000ce300000, 0x00000000ce300000|100%| E|CS|TAMS 0x00000000ce200000, 0x00000000ce200000| Complete 
| 183|0x00000000ce300000, 0x00000000ce400000, 0x00000000ce400000|100%| E|CS|TAMS 0x00000000ce300000, 0x00000000ce300000| Complete 
| 184|0x00000000ce400000, 0x00000000ce500000, 0x00000000ce500000|100%| E|CS|TAMS 0x00000000ce400000, 0x00000000ce400000| Complete 
| 185|0x00000000ce500000, 0x00000000ce600000, 0x00000000ce600000|100%| E|CS|TAMS 0x00000000ce500000, 0x00000000ce500000| Complete 
| 186|0x00000000ce600000, 0x00000000ce700000, 0x00000000ce700000|100%| E|CS|TAMS 0x00000000ce600000, 0x00000000ce600000| Complete 
| 187|0x00000000ce700000, 0x00000000ce800000, 0x00000000ce800000|100%| E|CS|TAMS 0x00000000ce700000, 0x00000000ce700000| Complete 
| 188|0x00000000ce800000, 0x00000000ce900000, 0x00000000ce900000|100%| E|CS|TAMS 0x00000000ce800000, 0x00000000ce800000| Complete 
| 189|0x00000000ce900000, 0x00000000cea00000, 0x00000000cea00000|100%| E|CS|TAMS 0x00000000ce900000, 0x00000000ce900000| Complete 
| 190|0x00000000cea00000, 0x00000000ceb00000, 0x00000000ceb00000|100%| E|CS|TAMS 0x00000000cea00000, 0x00000000cea00000| Complete 
| 191|0x00000000ceb00000, 0x00000000cec00000, 0x00000000cec00000|100%| E|CS|TAMS 0x00000000ceb00000, 0x00000000ceb00000| Complete 
| 192|0x00000000cec00000, 0x00000000ced00000, 0x00000000ced00000|100%| E|CS|TAMS 0x00000000cec00000, 0x00000000cec00000| Complete 
| 193|0x00000000ced00000, 0x00000000cee00000, 0x00000000cee00000|100%| E|CS|TAMS 0x00000000ced00000, 0x00000000ced00000| Complete 
| 194|0x00000000cee00000, 0x00000000cef00000, 0x00000000cef00000|100%| E|CS|TAMS 0x00000000cee00000, 0x00000000cee00000| Complete 

Card table byte_map: [0x0000018bd3d60000,0x0000018bd3f50000] _byte_map_base: 0x0000018bd374a000

Marking Bits (Prev, Next): (CMBitMap*) 0x0000018bbd342350, (CMBitMap*) 0x0000018bbd342390
 Prev Bits: [0x0000018bd4140000, 0x0000018bd5090000)
 Next Bits: [0x0000018bd5090000, 0x0000018bd5fe0000)

Polling page: 0x0000018bbcaf0000

Metaspace:

Usage:
  Non-class:     14.64 MB used.
      Class:      2.52 MB used.
       Both:     17.16 MB used.

Virtual space:
  Non-class space:       16.00 MB reserved,      14.75 MB ( 92%) committed,  2 nodes.
      Class space:        1.00 GB reserved,       2.69 MB ( <1%) committed,  1 nodes.
             Both:        1.02 GB reserved,      17.44 MB (  2%) committed. 

Chunk freelists:
   Non-Class:  320.00 KB
       Class:  1.22 MB
        Both:  1.53 MB

MaxMetaspaceSize: unlimited
CompressedClassSpaceSize: 1.00 GB
Initial GC threshold: 21.00 MB
Current GC threshold: 21.00 MB
CDS: on
MetaspaceReclaimPolicy: balanced
 - commit_granule_bytes: 65536.
 - commit_granule_words: 8192.
 - virtual_space_node_default_size: 1048576.
 - enlarge_chunks_in_place: 1.
 - new_chunks_are_fully_committed: 0.
 - uncommit_free_chunks: 1.
 - use_allocation_guard: 0.
 - handle_deallocations: 1.


Internal statistics:

num_allocs_failed_limit: 0.
num_arena_births: 294.
num_arena_deaths: 0.
num_vsnodes_births: 3.
num_vsnodes_deaths: 0.
num_space_committed: 279.
num_space_uncommitted: 0.
num_chunks_returned_to_freelist: 0.
num_chunks_taken_from_freelist: 932.
num_chunk_merges: 0.
num_chunk_splits: 613.
num_chunks_enlarged: 431.
num_purges: 0.
num_inconsistent_stats: 0.

CodeHeap 'non-profiled nmethods': size=120000Kb used=1030Kb max_used=1030Kb free=118969Kb
 bounds [0x0000018bcc640000, 0x0000018bcc8b0000, 0x0000018bd3b70000]
CodeHeap 'profiled nmethods': size=120000Kb used=6570Kb max_used=6570Kb free=113429Kb
 bounds [0x0000018bc5110000, 0x0000018bc5780000, 0x0000018bcc640000]
CodeHeap 'non-nmethods': size=5760Kb used=1402Kb max_used=1405Kb free=4357Kb
 bounds [0x0000018bc4b70000, 0x0000018bc4de0000, 0x0000018bc5110000]
 total_blobs=4298 nmethods=3539 adapters=671
 compilation: enabled
              stopped_count=0, restarted_count=0
 full_count=0

Compilation events (20 events):
Event: 5.189 Thread 0x0000018bbd3eb560 nmethod 3568 0x0000018bcc740690 code [0x0000018bcc740820, 0x0000018bcc7408f8]
Event: 5.189 Thread 0x0000018bbd3eb560 3569       1       javafx.scene.paint.LinearGradient::getEndY (5 bytes)
Event: 5.189 Thread 0x0000018bbd3eb560 nmethod 3569 0x0000018bcc740990 code [0x0000018bcc740b20, 0x0000018bcc740bf8]
Event: 5.198 Thread 0x0000018bbd3eb560 3579       2       java.lang.invoke.BoundMethodHandle$Species_L::<init> (12 bytes)
Event: 5.199 Thread 0x0000018bbd3eb560 nmethod 3579 0x0000018bc5778290 code [0x0000018bc5778420, 0x0000018bc57785a8]
Event: 5.255 Thread 0x0000018bbd3eb560 3582       2       java.lang.invoke.LambdaFormEditor$TransformKey::<init> (15 bytes)
Event: 5.255 Thread 0x0000018bbd3eb560 nmethod 3582 0x0000018bc5778690 code [0x0000018bc5778820, 0x0000018bc5778958]
Event: 5.280 Thread 0x0000018bbd3eb560 3583       2       java.lang.invoke.DirectMethodHandle::shouldBeInitialized (127 bytes)
Event: 5.280 Thread 0x0000018bbd3eb560 nmethod 3583 0x0000018bc5778a10 code [0x0000018bc5778c40, 0x0000018bc5779158]
Event: 5.287 Thread 0x0000018bbd3eb560 3584       2       java.nio.Buffer::nextPutIndex (30 bytes)
Event: 5.288 Thread 0x0000018bbd3eb560 nmethod 3584 0x0000018bc5779390 code [0x0000018bc5779540, 0x0000018bc57796a8]
Event: 5.288 Thread 0x0000018bbd3eb560 3585       1       com.sun.prism.paint.Color::getAlpha (5 bytes)
Event: 5.288 Thread 0x0000018bbd3eb560 nmethod 3585 0x0000018bcc741490 code [0x0000018bcc741620, 0x0000018bcc7416f8]
Event: 5.311 Thread 0x0000018bbd3eb560 3586       2       com.sun.prism.paint.Color::getBluePremult (10 bytes)
Event: 5.312 Thread 0x0000018bbd3eb560 nmethod 3586 0x0000018bc5779790 code [0x0000018bc5779920, 0x0000018bc5779a38]
Event: 5.312 Thread 0x0000018bbd3eb560 3587       2       com.sun.prism.paint.Color::getGreenPremult (10 bytes)
Event: 5.312 Thread 0x0000018bbd3eb560 nmethod 3587 0x0000018bc5779b10 code [0x0000018bc5779ca0, 0x0000018bc5779db8]
Event: 5.312 Thread 0x0000018bbd3eb560 3588       2       com.sun.prism.paint.Color::getRedPremult (10 bytes)
Event: 5.312 Thread 0x0000018bbd3eb560 nmethod 3588 0x0000018bc5779e90 code [0x0000018bc577a020, 0x0000018bc577a138]
Event: 5.343 Thread 0x0000018bbd3eb560 3589       2       java.util.concurrent.ConcurrentHashMap::sumCount (60 bytes)

GC Heap History (20 events):
Event: 2.328 GC heap before
{Heap before GC invocations=4 (full 0):
 garbage-first heap   total 63488K, used 29875K [0x00000000c2c00000, 0x0000000100000000)
  region size 1024K, 2 young (2048K), 1 survivors (1024K)
 Metaspace       used 10065K, committed 10304K, reserved 1064960K
  class space    used 1343K, committed 1472K, reserved 1048576K
}
Event: 2.329 GC heap after
{Heap after GC invocations=5 (full 0):
 garbage-first heap   total 63488K, used 28692K [0x00000000c2c00000, 0x0000000100000000)
  region size 1024K, 1 young (1024K), 1 survivors (1024K)
 Metaspace       used 10065K, committed 10304K, reserved 1064960K
  class space    used 1343K, committed 1472K, reserved 1048576K
}
Event: 2.376 GC heap before
{Heap before GC invocations=6 (full 0):
 garbage-first heap   total 63488K, used 31764K [0x00000000c2c00000, 0x0000000100000000)
  region size 1024K, 2 young (2048K), 1 survivors (1024K)
 Metaspace       used 10104K, committed 10304K, reserved 1064960K
  class space    used 1344K, committed 1472K, reserved 1048576K
}
Event: 2.378 GC heap after
{Heap after GC invocations=7 (full 0):
 garbage-first heap   total 63488K, used 30747K [0x00000000c2c00000, 0x0000000100000000)
  region size 1024K, 1 young (1024K), 1 survivors (1024K)
 Metaspace       used 10104K, committed 10304K, reserved 1064960K
  class space    used 1344K, committed 1472K, reserved 1048576K
}
Event: 2.403 GC heap before
{Heap before GC invocations=8 (full 0):
 garbage-first heap   total 63488K, used 33819K [0x00000000c2c00000, 0x0000000100000000)
  region size 1024K, 2 young (2048K), 1 survivors (1024K)
 Metaspace       used 10105K, committed 10304K, reserved 1064960K
  class space    used 1344K, committed 1472K, reserved 1048576K
}
Event: 2.403 GC heap after
{Heap after GC invocations=9 (full 0):
 garbage-first heap   total 63488K, used 32793K [0x00000000c2c00000, 0x0000000100000000)
  region size 1024K, 1 young (1024K), 1 survivors (1024K)
 Metaspace       used 10105K, committed 10304K, reserved 1064960K
  class space    used 1344K, committed 1472K, reserved 1048576K
}
Event: 2.430 GC heap before
{Heap before GC invocations=10 (full 0):
 garbage-first heap   total 63488K, used 35865K [0x00000000c2c00000, 0x0000000100000000)
  region size 1024K, 2 young (2048K), 1 survivors (1024K)
 Metaspace       used 10110K, committed 10304K, reserved 1064960K
  class space    used 1344K, committed 1472K, reserved 1048576K
}
Event: 2.431 GC heap after
{Heap after GC invocations=11 (full 0):
 garbage-first heap   total 63488K, used 34851K [0x00000000c2c00000, 0x0000000100000000)
  region size 1024K, 1 young (1024K), 1 survivors (1024K)
 Metaspace       used 10110K, committed 10304K, reserved 1064960K
  class space    used 1344K, committed 1472K, reserved 1048576K
}
Event: 2.560 GC heap before
{Heap before GC invocations=12 (full 0):
 garbage-first heap   total 63488K, used 40995K [0x00000000c2c00000, 0x0000000100000000)
  region size 1024K, 5 young (5120K), 1 survivors (1024K)
 Metaspace       used 10348K, committed 10624K, reserved 1064960K
  class space    used 1382K, committed 1536K, reserved 1048576K
}
Event: 2.561 GC heap after
{Heap after GC invocations=13 (full 0):
 garbage-first heap   total 63488K, used 37113K [0x00000000c2c00000, 0x0000000100000000)
  region size 1024K, 1 young (1024K), 1 survivors (1024K)
 Metaspace       used 10348K, committed 10624K, reserved 1064960K
  class space    used 1382K, committed 1536K, reserved 1048576K
}
Event: 2.588 GC heap before
{Heap before GC invocations=14 (full 0):
 garbage-first heap   total 66560K, used 38137K [0x00000000c2c00000, 0x0000000100000000)
  region size 1024K, 2 young (2048K), 1 survivors (1024K)
 Metaspace       used 10348K, committed 10624K, reserved 1064960K
  class space    used 1382K, committed 1536K, reserved 1048576K
}
Event: 2.590 GC heap after
{Heap after GC invocations=15 (full 0):
 garbage-first heap   total 92160K, used 38145K [0x00000000c2c00000, 0x0000000100000000)
  region size 1024K, 1 young (1024K), 1 survivors (1024K)
 Metaspace       used 10348K, committed 10624K, reserved 1064960K
  class space    used 1382K, committed 1536K, reserved 1048576K
}
Event: 2.609 GC heap before
{Heap before GC invocations=15 (full 0):
 garbage-first heap   total 92160K, used 41217K [0x00000000c2c00000, 0x0000000100000000)
  region size 1024K, 2 young (2048K), 1 survivors (1024K)
 Metaspace       used 10372K, committed 10688K, reserved 1064960K
  class space    used 1386K, committed 1536K, reserved 1048576K
}
Event: 2.611 GC heap after
{Heap after GC invocations=16 (full 0):
 garbage-first heap   total 92160K, used 40215K [0x00000000c2c00000, 0x0000000100000000)
  region size 1024K, 1 young (1024K), 1 survivors (1024K)
 Metaspace       used 10372K, committed 10688K, reserved 1064960K
  class space    used 1386K, committed 1536K, reserved 1048576K
}
Event: 2.619 GC heap before
{Heap before GC invocations=16 (full 0):
 garbage-first heap   total 92160K, used 42263K [0x00000000c2c00000, 0x0000000100000000)
  region size 1024K, 2 young (2048K), 1 survivors (1024K)
 Metaspace       used 10375K, committed 10688K, reserved 1064960K
  class space    used 1386K, committed 1536K, reserved 1048576K
}
Event: 2.620 GC heap after
{Heap after GC invocations=17 (full 0):
 garbage-first heap   total 92160K, used 41244K [0x00000000c2c00000, 0x0000000100000000)
  region size 1024K, 1 young (1024K), 1 survivors (1024K)
 Metaspace       used 10375K, committed 10688K, reserved 1064960K
  class space    used 1386K, committed 1536K, reserved 1048576K
}
Event: 2.632 GC heap before
{Heap before GC invocations=17 (full 0):
 garbage-first heap   total 92160K, used 42268K [0x00000000c2c00000, 0x0000000100000000)
  region size 1024K, 2 young (2048K), 1 survivors (1024K)
 Metaspace       used 10375K, committed 10688K, reserved 1064960K
  class space    used 1386K, committed 1536K, reserved 1048576K
}
Event: 2.633 GC heap after
{Heap after GC invocations=18 (full 0):
 garbage-first heap   total 92160K, used 42259K [0x00000000c2c00000, 0x0000000100000000)
  region size 1024K, 1 young (1024K), 1 survivors (1024K)
 Metaspace       used 10375K, committed 10688K, reserved 1064960K
  class space    used 1386K, committed 1536K, reserved 1048576K
}
Event: 3.012 GC heap before
{Heap before GC invocations=19 (full 0):
 garbage-first heap   total 92160K, used 47379K [0x00000000c2c00000, 0x0000000100000000)
  region size 1024K, 5 young (5120K), 1 survivors (1024K)
 Metaspace       used 10647K, committed 10880K, reserved 1064960K
  class space    used 1415K, committed 1536K, reserved 1048576K
}
Event: 3.018 GC heap after
{Heap after GC invocations=20 (full 0):
 garbage-first heap   total 199680K, used 43879K [0x00000000c2c00000, 0x0000000100000000)
  region size 1024K, 1 young (1024K), 1 survivors (1024K)
 Metaspace       used 10647K, committed 10880K, reserved 1064960K
  class space    used 1415K, committed 1536K, reserved 1048576K
}

Deoptimization events (20 events):
Event: 4.770 Thread 0x0000018bd974ebb0 DEOPT PACKING pc=0x0000018bcc67c9ec sp=0x0000007063efd650
Event: 4.770 Thread 0x0000018bd974ebb0 DEOPT UNPACKING pc=0x0000018bc4bc239d sp=0x0000007063efd5f0 mode 2
Event: 4.860 Thread 0x0000018bd974ebb0 Uncommon trap: trap_request=0xffffff45 fr.pc=0x0000018bcc6f0270 relative=0x0000000000000dd0
Event: 4.860 Thread 0x0000018bd974ebb0 Uncommon trap: reason=unstable_if action=reinterpret pc=0x0000018bcc6f0270 method=java.util.concurrent.ConcurrentHashMap.putVal(Ljava/lang/Object;Ljava/lang/Object;Z)Ljava/lang/Object; @ 148 c2
Event: 4.860 Thread 0x0000018bd974ebb0 DEOPT PACKING pc=0x0000018bcc6f0270 sp=0x0000007063efc500
Event: 4.861 Thread 0x0000018bd974ebb0 DEOPT UNPACKING pc=0x0000018bc4bc239d sp=0x0000007063efc480 mode 2
Event: 4.867 Thread 0x0000018bd974ebb0 Uncommon trap: trap_request=0xffffff45 fr.pc=0x0000018bcc653998 relative=0x00000000000000f8
Event: 4.868 Thread 0x0000018bd974ebb0 Uncommon trap: reason=unstable_if action=reinterpret pc=0x0000018bcc653998 method=java.lang.StringLatin1.lastIndexOf([BI[BII)I @ 86 c2
Event: 4.868 Thread 0x0000018bd974ebb0 DEOPT PACKING pc=0x0000018bcc653998 sp=0x0000007063efc3e0
Event: 4.868 Thread 0x0000018bd974ebb0 DEOPT UNPACKING pc=0x0000018bc4bc239d sp=0x0000007063efc338 mode 2
Event: 4.882 Thread 0x0000018bd974ebb0 DEOPT PACKING pc=0x0000018bc54cc35a sp=0x0000007063efc4f0
Event: 4.882 Thread 0x0000018bd974ebb0 DEOPT UNPACKING pc=0x0000018bc4bc2b24 sp=0x0000007063efb9e0 mode 0
Event: 4.895 Thread 0x0000018bd974ebb0 DEOPT PACKING pc=0x0000018bc54cc35a sp=0x0000007063efc570
Event: 4.895 Thread 0x0000018bd974ebb0 DEOPT UNPACKING pc=0x0000018bc4bc2b24 sp=0x0000007063efba60 mode 0
Event: 4.901 Thread 0x0000018bd974ebb0 DEOPT PACKING pc=0x0000018bc54cc35a sp=0x0000007063efcd50
Event: 4.901 Thread 0x0000018bd974ebb0 DEOPT UNPACKING pc=0x0000018bc4bc2b24 sp=0x0000007063efc240 mode 0
Event: 4.960 Thread 0x0000018bd974ebb0 Uncommon trap: trap_request=0xffffff45 fr.pc=0x0000018bcc6632e0 relative=0x00000000000003c0
Event: 4.960 Thread 0x0000018bd974ebb0 Uncommon trap: reason=unstable_if action=reinterpret pc=0x0000018bcc6632e0 method=java.lang.String.substring(II)Ljava/lang/String; @ 31 c2
Event: 4.960 Thread 0x0000018bd974ebb0 DEOPT PACKING pc=0x0000018bcc6632e0 sp=0x0000007063efd380
Event: 4.960 Thread 0x0000018bd974ebb0 DEOPT UNPACKING pc=0x0000018bc4bc239d sp=0x0000007063efd350 mode 2

Classes unloaded (0 events):
No events

Classes redefined (0 events):
No events

Internal exceptions (20 events):
Event: 1.652 Thread 0x0000018bd974ebb0 Exception <a 'java/lang/NoSuchMethodError'{0x00000000c67f3518}: 'void java.lang.invoke.DirectMethodHandle$Holder.invokeSpecial(java.lang.Object, java.lang.Object, java.lang.Object, java.lang.Object, java.lang.Object)'> (0x00000000c67f3518) 
thrown [t:\workspace\open\src\hotspot\share\interpreter\linkResolver.cpp, line 766]
Event: 3.253 Thread 0x0000018bd974ebb0 Exception <a 'java/io/FileNotFoundException'{0x00000000ce83a390}> (0x00000000ce83a390) 
thrown [t:\workspace\open\src\hotspot\share\prims\jni.cpp, line 516]
Event: 3.328 Thread 0x0000018bd974ebb0 Exception <a 'java/io/FileNotFoundException'{0x00000000ce635f50}> (0x00000000ce635f50) 
thrown [t:\workspace\open\src\hotspot\share\prims\jni.cpp, line 516]
Event: 3.353 Thread 0x0000018bd974ebb0 Exception <a 'java/io/FileNotFoundException'{0x00000000ce683e50}> (0x00000000ce683e50) 
thrown [t:\workspace\open\src\hotspot\share\prims\jni.cpp, line 516]
Event: 3.361 Thread 0x0000018bd974ebb0 Exception <a 'java/io/FileNotFoundException'{0x00000000ce6aaf40}> (0x00000000ce6aaf40) 
thrown [t:\workspace\open\src\hotspot\share\prims\jni.cpp, line 516]
Event: 3.444 Thread 0x0000018bd974ebb0 Exception <a 'java/io/FileNotFoundException'{0x00000000ce5249a8}> (0x00000000ce5249a8) 
thrown [t:\workspace\open\src\hotspot\share\prims\jni.cpp, line 516]
Event: 3.454 Thread 0x0000018bd974ebb0 Exception <a 'java/io/FileNotFoundException'{0x00000000ce546e60}> (0x00000000ce546e60) 
thrown [t:\workspace\open\src\hotspot\share\prims\jni.cpp, line 516]
Event: 3.763 Thread 0x0000018bd974ebb0 Exception <a 'java/lang/NoSuchMethodError'{0x00000000ce109020}: 'java.lang.Object java.lang.invoke.DirectMethodHandle$Holder.invokeInterface(java.lang.Object, java.lang.Object, java.lang.Object)'> (0x00000000ce109020) 
thrown [t:\workspace\open\src\hotspot\share\interpreter\linkResolver.cpp, line 766]
Event: 3.764 Thread 0x0000018bd974ebb0 Exception <a 'java/lang/IncompatibleClassChangeError'{0x00000000ce10c9a8}: Found class java.lang.Object, but interface was expected> (0x00000000ce10c9a8) 
thrown [t:\workspace\open\src\hotspot\share\interpreter\linkResolver.cpp, line 833]
Event: 3.914 Thread 0x0000018bd974ebb0 Exception <a 'java/lang/ClassNotFoundException'{0x00000000cdf39770}: com/sun/javafx/scene/control/skin/resources/controls> (0x00000000cdf39770) 
thrown [t:\workspace\open\src\hotspot\share\prims\jni.cpp, line 535]
Event: 3.916 Thread 0x0000018bd974ebb0 Exception <a 'java/lang/ClassNotFoundException'{0x00000000cdf47710}: com/sun/javafx/scene/control/skin/resources/controls_ru> (0x00000000cdf47710) 
thrown [t:\workspace\open\src\hotspot\share\prims\jni.cpp, line 535]
Event: 3.917 Thread 0x0000018bd974ebb0 Exception <a 'java/lang/ClassNotFoundException'{0x00000000cdf49090}: com/sun/javafx/scene/control/skin/resources/controls_ru_RU> (0x00000000cdf49090) 
thrown [t:\workspace\open\src\hotspot\share\prims\jni.cpp, line 535]
Event: 3.940 Thread 0x0000018bd974ebb0 Implicit null exception at 0x0000018bcc690d58 to 0x0000018bcc690dee
Event: 3.944 Thread 0x0000018bd974ebb0 Implicit null exception at 0x0000018bcc6f4191 to 0x0000018bcc6f4510
Event: 3.966 Thread 0x0000018bd974ebb0 Implicit null exception at 0x0000018bcc6f1a11 to 0x0000018bcc6f1d9c
Event: 3.966 Thread 0x0000018bd974ebb0 Implicit null exception at 0x0000018bcc69998f to 0x0000018bcc699a09
Event: 4.204 Thread 0x0000018bd974ebb0 Exception <a 'java/lang/NoSuchMethodError'{0x00000000cd9b34d8}: 'void java.lang.invoke.DirectMethodHandle$Holder.invokeSpecial(java.lang.Object, java.lang.Object, java.lang.Object, java.lang.Object, java.lang.Object, java.lang.Object)'> (0x00000000cd9b34d8) 
thrown [t:\workspace\open\src\hotspot\share\interpreter\linkResolver.cpp, line 766]
Event: 5.026 Thread 0x0000018bd974ebb0 Exception <a 'java/lang/NoSuchMethodError'{0x00000000cc795300}: 'java.lang.Object java.lang.invoke.DirectMethodHandle$Holder.newInvokeSpecial(java.lang.Object, java.lang.Object, int)'> (0x00000000cc795300) 
thrown [t:\workspace\open\src\hotspot\share\interpreter\linkResolver.cpp, line 766]
Event: 5.196 Thread 0x0000018bd9294c10 Exception <a 'java/lang/NoSuchMethodError'{0x00000000cc41a858}: 'int java.lang.invoke.DirectMethodHandle$Holder.invokeStaticInit(java.lang.Object, java.lang.Object)'> (0x00000000cc41a858) 
thrown [t:\workspace\open\src\hotspot\share\interpreter\linkResolver.cpp, line 766]
Event: 5.235 Thread 0x0000018bd9294c10 Exception <a 'java/lang/NoSuchMethodError'{0x00000000cc4a8a38}: 'java.lang.Object java.lang.invoke.DirectMethodHandle$Holder.invokeStaticInit(java.lang.Object, int)'> (0x00000000cc4a8a38) 
thrown [t:\workspace\open\src\hotspot\share\interpreter\linkResolver.cpp, line 766]

VM Operations (20 events):
Event: 2.658 Executing VM operation: G1Concurrent
Event: 2.658 Executing VM operation: G1Concurrent done
Event: 2.684 Executing VM operation: HandshakeAllThreads
Event: 2.684 Executing VM operation: HandshakeAllThreads done
Event: 3.012 Executing VM operation: G1TryInitiateConcMark
Event: 3.018 Executing VM operation: G1TryInitiateConcMark done
Event: 3.217 Executing VM operation: HandshakeAllThreads
Event: 3.217 Executing VM operation: HandshakeAllThreads done
Event: 3.778 Executing VM operation: ICBufferFull
Event: 3.790 Executing VM operation: ICBufferFull done
Event: 3.943 Executing VM operation: HandshakeAllThreads
Event: 3.943 Executing VM operation: HandshakeAllThreads done
Event: 3.944 Executing VM operation: HandshakeAllThreads
Event: 3.944 Executing VM operation: HandshakeAllThreads done
Event: 4.290 Executing VM operation: ICBufferFull
Event: 4.291 Executing VM operation: ICBufferFull done
Event: 4.621 Executing VM operation: ICBufferFull
Event: 4.621 Executing VM operation: ICBufferFull done
Event: 5.164 Executing VM operation: ICBufferFull
Event: 5.164 Executing VM operation: ICBufferFull done

Events (20 events):
Event: 5.033 loading class java/util/WeakHashMap$EntrySet
Event: 5.034 loading class java/util/WeakHashMap$EntrySet done
Event: 5.034 loading class java/util/WeakHashMap$EntryIterator
Event: 5.034 loading class java/util/WeakHashMap$EntryIterator done
Event: 5.068 loading class java/nio/HeapIntBuffer
Event: 5.069 loading class java/nio/HeapIntBuffer done
Event: 5.087 loading class java/util/EnumMap$Values
Event: 5.088 loading class java/util/EnumMap$Values done
Event: 5.088 loading class java/util/EnumMap$ValueIterator
Event: 5.088 loading class java/util/EnumMap$EnumMapIterator
Event: 5.088 loading class java/util/EnumMap$EnumMapIterator done
Event: 5.088 loading class java/util/EnumMap$ValueIterator done
Event: 5.257 loading class java/nio/DirectByteBuffer$Deallocator
Event: 5.257 loading class java/nio/DirectByteBuffer$Deallocator done
Event: 5.281 loading class java/nio/ShortBuffer
Event: 5.281 loading class java/nio/ShortBuffer done
Event: 5.281 loading class java/nio/DoubleBuffer
Event: 5.282 loading class java/nio/DoubleBuffer done
Event: 5.282 loading class java/nio/DirectFloatBufferU
Event: 5.283 loading class java/nio/DirectFloatBufferU done


Dynamic libraries:
0x00007ff6143e0000 - 0x00007ff6143f0000 	C:\Program Files\Java\jdk-17.0.2\bin\java.exe
0x00007ffb41090000 - 0x00007ffb41286000 	C:\Windows\SYSTEM32\ntdll.dll
0x00007ffb3fbe0000 - 0x00007ffb3fc9d000 	C:\Windows\System32\KERNEL32.DLL
0x00007ffb3ed70000 - 0x00007ffb3f039000 	C:\Windows\System32\KERNELBASE.dll
0x00007ffb3ec40000 - 0x00007ffb3ed40000 	C:\Windows\System32\ucrtbase.dll
0x00007ffb36840000 - 0x00007ffb36858000 	C:\Program Files\Java\jdk-17.0.2\bin\jli.dll
0x00007ffb358f0000 - 0x00007ffb3590a000 	C:\Program Files\Java\jdk-17.0.2\bin\VCRUNTIME140.dll
0x00007ffb3fca0000 - 0x00007ffb3fd4c000 	C:\Windows\System32\ADVAPI32.dll
0x00007ffb3ffd0000 - 0x00007ffb4006e000 	C:\Windows\System32\msvcrt.dll
0x00007ffb40480000 - 0x00007ffb4051c000 	C:\Windows\System32\sechost.dll
0x00007ffb3f0f0000 - 0x00007ffb3f21b000 	C:\Windows\System32\RPCRT4.dll
0x00007ffb40100000 - 0x00007ffb402a0000 	C:\Windows\System32\USER32.dll
0x00007ffb3ed40000 - 0x00007ffb3ed62000 	C:\Windows\System32\win32u.dll
0x00007ffb2a7b0000 - 0x00007ffb2aa4b000 	C:\Windows\WinSxS\amd64_microsoft.windows.common-controls_6595b64144ccf1df_6.0.19041.746_none_ca02b4b61b8320a4\COMCTL32.dll
0x00007ffb40450000 - 0x00007ffb4047a000 	C:\Windows\System32\GDI32.dll
0x00007ffb3e7d0000 - 0x00007ffb3e8db000 	C:\Windows\System32\gdi32full.dll
0x00007ffb3eba0000 - 0x00007ffb3ec3d000 	C:\Windows\System32\msvcp_win.dll
0x00007ffb37250000 - 0x00007ffb3725a000 	C:\Windows\SYSTEM32\VERSION.dll
0x00007ffb40e70000 - 0x00007ffb40ea0000 	C:\Windows\System32\IMM32.DLL
0x00007ffb36830000 - 0x00007ffb3683c000 	C:\Program Files\Java\jdk-17.0.2\bin\vcruntime140_1.dll
0x00007ffb2d4c0000 - 0x00007ffb2d54d000 	C:\Program Files\Java\jdk-17.0.2\bin\msvcp140.dll
0x00007ffb05d70000 - 0x00007ffb06931000 	C:\Program Files\Java\jdk-17.0.2\bin\server\jvm.dll
0x00007ffb3fb00000 - 0x00007ffb3fb08000 	C:\Windows\System32\PSAPI.DLL
0x00007ffb399f0000 - 0x00007ffb399f9000 	C:\Windows\SYSTEM32\WSOCK32.dll
0x00007ffb2d1c0000 - 0x00007ffb2d1e7000 	C:\Windows\SYSTEM32\WINMM.dll
0x00007ffb3fe80000 - 0x00007ffb3feeb000 	C:\Windows\System32\WS2_32.dll
0x00007ffb3d0b0000 - 0x00007ffb3d0c2000 	C:\Windows\SYSTEM32\kernel.appcore.dll
0x00007ffb367b0000 - 0x00007ffb367ba000 	C:\Program Files\Java\jdk-17.0.2\bin\jimage.dll
0x00007ffb3cdc0000 - 0x00007ffb3cfa4000 	C:\Windows\SYSTEM32\DBGHELP.DLL
0x00007ffb27f00000 - 0x00007ffb27f2c000 	C:\Windows\SYSTEM32\dbgcore.DLL
0x00007ffb3eb20000 - 0x00007ffb3eba0000 	C:\Windows\System32\bcryptPrimitives.dll
0x00007ffb2d430000 - 0x00007ffb2d455000 	C:\Program Files\Java\jdk-17.0.2\bin\java.dll
0x00007ffb26c10000 - 0x00007ffb26ce6000 	C:\Program Files\Java\jdk-17.0.2\bin\jsvml.dll
0x00007ffb3f280000 - 0x00007ffb3f9c3000 	C:\Windows\System32\SHELL32.dll
0x00007ffb3c630000 - 0x00007ffb3cdbf000 	C:\Windows\SYSTEM32\windows.storage.dll
0x00007ffb405d0000 - 0x00007ffb40926000 	C:\Windows\System32\combase.dll
0x00007ffb3e160000 - 0x00007ffb3e18c000 	C:\Windows\SYSTEM32\Wldp.dll
0x00007ffb40520000 - 0x00007ffb405ce000 	C:\Windows\System32\SHCORE.dll
0x00007ffb3f9d0000 - 0x00007ffb3fa25000 	C:\Windows\System32\shlwapi.dll
0x00007ffb3e700000 - 0x00007ffb3e726000 	C:\Windows\SYSTEM32\profapi.dll
0x00007ffb2d4a0000 - 0x00007ffb2d4b9000 	C:\Program Files\Java\jdk-17.0.2\bin\net.dll
0x00007ffb36fd0000 - 0x00007ffb370d0000 	C:\Windows\SYSTEM32\WINHTTP.dll
0x00007ffb3dee0000 - 0x00007ffb3df4a000 	C:\Windows\system32\mswsock.dll
0x00007ffb2c8c0000 - 0x00007ffb2c8d6000 	C:\Program Files\Java\jdk-17.0.2\bin\nio.dll
0x00007ffb351f0000 - 0x00007ffb35208000 	C:\Program Files\Java\jdk-17.0.2\bin\zip.dll
0x0000018bbd290000 - 0x0000018bbd293000 	C:\Users\Pavel\.openjfx\cache\19-ea+3\api-ms-win-core-console-l1-1-0.dll
0x0000018bbd2a0000 - 0x0000018bbd2a3000 	C:\Users\Pavel\.openjfx\cache\19-ea+3\api-ms-win-core-console-l1-2-0.dll
0x0000018bbd2b0000 - 0x0000018bbd2b3000 	C:\Users\Pavel\.openjfx\cache\19-ea+3\api-ms-win-core-datetime-l1-1-0.dll
0x0000018bbd2c0000 - 0x0000018bbd2c3000 	C:\Users\Pavel\.openjfx\cache\19-ea+3\api-ms-win-core-debug-l1-1-0.dll
0x0000018bbd2d0000 - 0x0000018bbd2d3000 	C:\Users\Pavel\.openjfx\cache\19-ea+3\api-ms-win-core-errorhandling-l1-1-0.dll
0x0000018bbd2e0000 - 0x0000018bbd2e4000 	C:\Users\Pavel\.openjfx\cache\19-ea+3\api-ms-win-core-file-l1-1-0.dll
0x0000018bd8620000 - 0x0000018bd8623000 	C:\Users\Pavel\.openjfx\cache\19-ea+3\api-ms-win-core-file-l1-2-0.dll
0x0000018bd8630000 - 0x0000018bd8633000 	C:\Users\Pavel\.openjfx\cache\19-ea+3\api-ms-win-core-file-l2-1-0.dll
0x0000018bd8640000 - 0x0000018bd8643000 	C:\Users\Pavel\.openjfx\cache\19-ea+3\api-ms-win-core-handle-l1-1-0.dll
0x0000018bd8650000 - 0x0000018bd8653000 	C:\Users\Pavel\.openjfx\cache\19-ea+3\api-ms-win-core-heap-l1-1-0.dll
0x0000018bd8660000 - 0x0000018bd8663000 	C:\Users\Pavel\.openjfx\cache\19-ea+3\api-ms-win-core-interlocked-l1-1-0.dll
0x0000018bd8670000 - 0x0000018bd8673000 	C:\Users\Pavel\.openjfx\cache\19-ea+3\api-ms-win-core-libraryloader-l1-1-0.dll
0x0000018bd8680000 - 0x0000018bd8683000 	C:\Users\Pavel\.openjfx\cache\19-ea+3\api-ms-win-core-localization-l1-2-0.dll
0x0000018bd8690000 - 0x0000018bd8693000 	C:\Users\Pavel\.openjfx\cache\19-ea+3\api-ms-win-core-memory-l1-1-0.dll
0x0000018bd86a0000 - 0x0000018bd86a3000 	C:\Users\Pavel\.openjfx\cache\19-ea+3\api-ms-win-core-namedpipe-l1-1-0.dll
0x0000018bd86b0000 - 0x0000018bd86b3000 	C:\Users\Pavel\.openjfx\cache\19-ea+3\api-ms-win-core-processenvironment-l1-1-0.dll
0x0000018bd86c0000 - 0x0000018bd86c3000 	C:\Users\Pavel\.openjfx\cache\19-ea+3\api-ms-win-core-processthreads-l1-1-0.dll
0x0000018bd86d0000 - 0x0000018bd86d3000 	C:\Users\Pavel\.openjfx\cache\19-ea+3\api-ms-win-core-processthreads-l1-1-1.dll
0x0000018bd86e0000 - 0x0000018bd86e3000 	C:\Users\Pavel\.openjfx\cache\19-ea+3\api-ms-win-core-profile-l1-1-0.dll
0x0000018bd86f0000 - 0x0000018bd86f3000 	C:\Users\Pavel\.openjfx\cache\19-ea+3\api-ms-win-core-rtlsupport-l1-1-0.dll
0x0000018bd8700000 - 0x0000018bd8703000 	C:\Users\Pavel\.openjfx\cache\19-ea+3\api-ms-win-core-string-l1-1-0.dll
0x0000018bd8710000 - 0x0000018bd8713000 	C:\Users\Pavel\.openjfx\cache\19-ea+3\api-ms-win-core-synch-l1-1-0.dll
0x0000018bd8720000 - 0x0000018bd8723000 	C:\Users\Pavel\.openjfx\cache\19-ea+3\api-ms-win-core-synch-l1-2-0.dll
0x0000018bd8730000 - 0x0000018bd8733000 	C:\Users\Pavel\.openjfx\cache\19-ea+3\api-ms-win-core-sysinfo-l1-1-0.dll
0x0000018bd8740000 - 0x0000018bd8743000 	C:\Users\Pavel\.openjfx\cache\19-ea+3\api-ms-win-core-timezone-l1-1-0.dll
0x0000018bd8750000 - 0x0000018bd8753000 	C:\Users\Pavel\.openjfx\cache\19-ea+3\api-ms-win-core-util-l1-1-0.dll
0x0000018bd8760000 - 0x0000018bd8763000 	C:\Users\Pavel\.openjfx\cache\19-ea+3\api-ms-win-crt-conio-l1-1-0.dll
0x0000018bd8770000 - 0x0000018bd8774000 	C:\Users\Pavel\.openjfx\cache\19-ea+3\api-ms-win-crt-convert-l1-1-0.dll
0x0000018bd8780000 - 0x0000018bd8783000 	C:\Users\Pavel\.openjfx\cache\19-ea+3\api-ms-win-crt-environment-l1-1-0.dll
0x0000018bd8790000 - 0x0000018bd8793000 	C:\Users\Pavel\.openjfx\cache\19-ea+3\api-ms-win-crt-filesystem-l1-1-0.dll
0x0000018bd87a0000 - 0x0000018bd87a3000 	C:\Users\Pavel\.openjfx\cache\19-ea+3\api-ms-win-crt-heap-l1-1-0.dll
0x0000018bd87b0000 - 0x0000018bd87b3000 	C:\Users\Pavel\.openjfx\cache\19-ea+3\api-ms-win-crt-locale-l1-1-0.dll
0x0000018bd87c0000 - 0x0000018bd87c5000 	C:\Users\Pavel\.openjfx\cache\19-ea+3\api-ms-win-crt-math-l1-1-0.dll
0x0000018bd87d0000 - 0x0000018bd87d5000 	C:\Users\Pavel\.openjfx\cache\19-ea+3\api-ms-win-crt-multibyte-l1-1-0.dll
0x0000018bd87e0000 - 0x0000018bd87f0000 	C:\Users\Pavel\.openjfx\cache\19-ea+3\api-ms-win-crt-private-l1-1-0.dll
0x0000018bd87f0000 - 0x0000018bd87f3000 	C:\Users\Pavel\.openjfx\cache\19-ea+3\api-ms-win-crt-process-l1-1-0.dll
0x0000018bd9c00000 - 0x0000018bd9c04000 	C:\Users\Pavel\.openjfx\cache\19-ea+3\api-ms-win-crt-runtime-l1-1-0.dll
0x0000018bd9c10000 - 0x0000018bd9c14000 	C:\Users\Pavel\.openjfx\cache\19-ea+3\api-ms-win-crt-stdio-l1-1-0.dll
0x0000018bd9c20000 - 0x0000018bd9c24000 	C:\Users\Pavel\.openjfx\cache\19-ea+3\api-ms-win-crt-string-l1-1-0.dll
0x0000018bd9c30000 - 0x0000018bd9c33000 	C:\Users\Pavel\.openjfx\cache\19-ea+3\api-ms-win-crt-time-l1-1-0.dll
0x0000018bd9c40000 - 0x0000018bd9c43000 	C:\Users\Pavel\.openjfx\cache\19-ea+3\api-ms-win-crt-utility-l1-1-0.dll
0x00007ffb12590000 - 0x00007ffb1268c000 	C:\Users\Pavel\.openjfx\cache\19-ea+3\ucrtbase.dll
0x00007ffb2d410000 - 0x00007ffb2d42a000 	C:\Users\Pavel\.openjfx\cache\19-ea+3\vcruntime140.dll
0x00007ffb2d400000 - 0x00007ffb2d40c000 	C:\Users\Pavel\.openjfx\cache\19-ea+3\vcruntime140_1.dll
0x00007ffb25690000 - 0x00007ffb2571d000 	C:\Users\Pavel\.openjfx\cache\19-ea+3\msvcp140.dll
0x00007ffb2c900000 - 0x00007ffb2c92c000 	C:\Users\Pavel\.openjfx\cache\19-ea+3\prism_d3d.dll
0x00007ffafee00000 - 0x00007ffafefcf000 	C:\Windows\system32\d3d9.dll
0x00007ffb3c0a0000 - 0x00007ffb3c0cf000 	C:\Windows\SYSTEM32\dwmapi.dll
0x00007ffb3b6f0000 - 0x00007ffb3b78e000 	C:\Windows\system32\uxtheme.dll
0x00007ffb08010000 - 0x00007ffb08172000 	C:\Windows\System32\DriverStore\FileRepository\iigd_dch.inf_amd64_9c1ab568b4fa57de\igdumdim64.dll
0x00007ffb31a50000 - 0x00007ffb31ba4000 	C:\Windows\System32\DriverStore\FileRepository\iigd_dch.inf_amd64_9c1ab568b4fa57de\igdgmm64.dll
0x00007ffb19580000 - 0x00007ffb195c2000 	C:\Users\Pavel\.openjfx\cache\19-ea+3\glass.dll
0x00007ffb3fef0000 - 0x00007ffb3ffcb000 	C:\Windows\System32\COMDLG32.dll
0x00007ffb40320000 - 0x00007ffb4044a000 	C:\Windows\System32\ole32.dll
0x00007ffb3fb10000 - 0x00007ffb3fbdd000 	C:\Windows\System32\OLEAUT32.dll
0x00007ffb3fd50000 - 0x00007ffb3fe66000 	C:\Windows\System32\MSCTF.dll
0x00007ffafab10000 - 0x00007ffafe729000 	C:\Windows\System32\DriverStore\FileRepository\iigd_dch.inf_amd64_9c1ab568b4fa57de\igd9dxva64.dll
0x00007ffb273f0000 - 0x00007ffb27412000 	C:\Windows\System32\DriverStore\FileRepository\iigd_dch.inf_amd64_9c1ab568b4fa57de\igdinfo64.dll
0x00007ffb2f6a0000 - 0x00007ffb31a1d000 	C:\Windows\System32\DriverStore\FileRepository\iigd_dch.inf_amd64_9c1ab568b4fa57de\igc64.dll
0x00007ffb337a0000 - 0x00007ffb337db000 	C:\Windows\SYSTEM32\dxcore.dll
0x00007ffb3e940000 - 0x00007ffb3e98e000 	C:\Windows\System32\cfgmgr32.dll
0x00007ffb2c8e0000 - 0x00007ffb2c8f4000 	C:\Users\Pavel\.openjfx\cache\19-ea+3\javafx_font.dll
0x00007ffb2d960000 - 0x00007ffb2dbdf000 	C:\Windows\SYSTEM32\dwrite.dll
0x00007ffb3fa50000 - 0x00007ffb3faf9000 	C:\Windows\System32\clbcatq.dll
0x00007ffb35960000 - 0x00007ffb35b14000 	C:\Windows\SYSTEM32\WindowsCodecs.dll
0x00007ffb3e990000 - 0x00007ffb3e9b7000 	C:\Windows\System32\bcrypt.dll
0x00007ffb19bd0000 - 0x00007ffb19c0e000 	C:\Windows\system32\dataexchange.dll
0x00007ffb3a030000 - 0x00007ffb3a294000 	C:\Windows\system32\d3d11.dll
0x00007ffb3aaa0000 - 0x00007ffb3ac87000 	C:\Windows\system32\dcomp.dll
0x00007ffb3d120000 - 0x00007ffb3d213000 	C:\Windows\system32\dxgi.dll
0x00007ffb35e40000 - 0x00007ffb36041000 	C:\Windows\system32\twinapi.appcore.dll
0x00007ffb26b80000 - 0x00007ffb26bb4000 	C:\Program Files\Common Files\Microsoft Shared\Ink\rtscom.dll
0x00007ffb31d30000 - 0x00007ffb31e2b000 	C:\Windows\SYSTEM32\textinputframework.dll
0x00007ffb3b010000 - 0x00007ffb3b36e000 	C:\Windows\System32\CoreUIComponents.dll
0x00007ffb3b370000 - 0x00007ffb3b462000 	C:\Windows\System32\CoreMessaging.dll
0x00007ffb3d510000 - 0x00007ffb3d543000 	C:\Windows\SYSTEM32\ntmarta.dll
0x00007ffb3a940000 - 0x00007ffb3aa94000 	C:\Windows\SYSTEM32\wintypes.dll
0x00007ffb3a2a0000 - 0x00007ffb3a860000 	C:\Windows\SYSTEM32\d2d1.dll
0x00007ffb337e0000 - 0x00007ffb33ed6000 	C:\Windows\SYSTEM32\D3D10Warp.dll

dbghelp: loaded successfully - version: 4.0.5 - missing functions: none
symbol engine: initialized successfully - sym options: 0x614 - pdb path: .;C:\Program Files\Java\jdk-17.0.2\bin;C:\Windows\SYSTEM32;C:\Windows\WinSxS\amd64_microsoft.windows.common-controls_6595b64144ccf1df_6.0.19041.746_none_ca02b4b61b8320a4;C:\Program Files\Java\jdk-17.0.2\bin\server;C:\Users\Pavel\.openjfx\cache\19-ea+3;C:\Windows\System32\DriverStore\FileRepository\iigd_dch.inf_amd64_9c1ab568b4fa57de;C:\Program Files\Common Files\Microsoft Shared\Ink

VM Arguments:
jvm_args: --module-path=C:\Users\Pavel\.m2\repository\org\openjfx\javafx-base\19-ea+3\javafx-base-19-ea+3-win.jar;C:\Users\Pavel\.m2\repository\org\openjfx\javafx-base\19-ea+3\javafx-base-19-ea+3.jar;C:\Users\Pavel\.m2\repository\org\openjfx\javafx-controls\19-ea+3\javafx-controls-19-ea+3-win.jar;C:\Users\Pavel\.m2\repository\org\openjfx\javafx-controls\19-ea+3\javafx-controls-19-ea+3.jar;C:\Users\Pavel\.m2\repository\org\openjfx\javafx-fxml\19-ea+3\javafx-fxml-19-ea+3-win.jar;C:\Users\Pavel\.m2\repository\org\openjfx\javafx-fxml\19-ea+3\javafx-fxml-19-ea+3.jar;C:\Users\Pavel\.m2\repository\org\openjfx\javafx-graphics\19-ea+3\javafx-graphics-19-ea+3-win.jar;C:\Users\Pavel\.m2\repository\org\openjfx\javafx-graphics\19-ea+3\javafx-graphics-19-ea+3.jar;C:\Users\Pavel\.m2\repository\org\openjfx\javafx-media\19-ea+3\javafx-media-19-ea+3-win.jar;C:\Users\Pavel\.m2\repository\org\openjfx\javafx-media\19-ea+3\javafx-media-19-ea+3.jar;C:\Users\Pavel\.m2\repository\org\openjfx\javafx-swing\19-ea+3\javafx-swing-19-ea+3-win.jar;C:\Users\Pavel\.m2\repository\org\openjfx\javafx-swing\19-ea+3\javafx-swing-19-ea+3.jar;C:\Users\Pavel\.m2\repository\org\openjfx\javafx-web\19-ea+3\javafx-web-19-ea+3-win.jar;C:\Users\Pavel\.m2\repository\org\openjfx\javafx-web\19-ea+3\javafx-web-19-ea+3.jar --add-modules=javafx.base,javafx.controls,javafx.fxml,javafx.graphics,javafx.media,javafx.swing,javafx.web 
java_command: com.lifehouse.raceth.Main
java_class_path (initial): C:\Users\Pavel\IdeaProjects\RaceTH\target\classes;C:\Users\Pavel\.m2\repository\antlr\antlr\2.7.7\antlr-2.7.7.jar;C:\Users\Pavel\.m2\repository\com\fasterxml\classmate\1.5.1\classmate-1.5.1.jar;C:\Users\Pavel\.m2\repository\com\sun\istack\istack-commons-runtime\3.0.7\istack-commons-runtime-3.0.7.jar;C:\Users\Pavel\.m2\repository\com\sun\xml\fastinfoset\FastInfoset\1.2.15\FastInfoset-1.2.15.jar;C:\Users\Pavel\.m2\repository\javax\activation\javax.activation-api\1.2.0\javax.activation-api-1.2.0.jar;C:\Users\Pavel\.m2\repository\javax\persistence\javax.persistence-api\2.2\javax.persistence-api-2.2.jar;C:\Users\Pavel\.m2\repository\javax\xml\bind\jaxb-api\2.3.1\jaxb-api-2.3.1.jar;C:\Users\Pavel\.m2\repository\net\bytebuddy\byte-buddy\1.12.7\byte-buddy-1.12.7.jar;C:\Users\Pavel\.m2\repository\org\checkerframework\checker-qual\3.5.0\checker-qual-3.5.0.jar;C:\Users\Pavel\.m2\repository\org\glassfish\jaxb\jaxb-runtime\2.3.1\jaxb-runtime-2.3.1.jar;C:\Users\Pavel\.m2\repository\org\glassfish\jaxb\txw2\2.3.1\txw2-2.3.1.jar;C:\Users\Pavel\.m2\repository\org\hibernate\hibernate-core\5.6.5.Final\hibernate-core-5.6.5.Final.jar;C:\Users\Pavel\.m2\repository\org\hibernate\common\hibernate-commons-annotations\5.1.2.Final\hibernate-commons-annotations-5.1.2.Final.jar;C:\Users\Pavel\.m2\repository\org\jboss\jandex\2.4.2.Final\jandex-2.4.2.Final.jar;C:\Users\Pavel\.m2\repository\org\jboss\logging\jboss-logging\3.4.3.Final\jboss-logging-3.4.3.Final.jar;C:\Users\Pavel\.m2\repository\org\jboss\spec\javax\transaction\jboss-transaction-api_1.2_spec\1.1.1.Final\jboss-transaction-api_1.2_spec-1.1.1.Final.jar;C:\Users\Pavel\.m2\repository\org\jvnet\staxex\stax-ex\1.8\stax-ex-1.8.jar;C:\Users\Pavel\.m2\repository\org\postgresql\postgresql\42.3.3\postgresql-42.3.3.jar;C:\Users\Pavel\.m2\repository\org\projectlombok\lombok\1.18.22\lombok-1.18.22.jar
Launcher Type: SUN_STANDARD

[Global flags]
     intx CICompilerCount                          = 3                                         {product} {ergonomic}
     uint ConcGCThreads                            = 1                                         {product} {ergonomic}
     uint G1ConcRefinementThreads                  = 4                                         {product} {ergonomic}
   size_t G1HeapRegionSize                         = 1048576                                   {product} {ergonomic}
    uintx GCDrainStackTargetSize                   = 64                                        {product} {ergonomic}
   size_t InitialHeapSize                          = 65011712                                  {product} {ergonomic}
   size_t MarkStackSize                            = 4194304                                   {product} {ergonomic}
   size_t MaxHeapSize                              = 1027604480                                {product} {ergonomic}
   size_t MaxNewSize                               = 616562688                                 {product} {ergonomic}
   size_t MinHeapDeltaBytes                        = 1048576                                   {product} {ergonomic}
   size_t MinHeapSize                              = 8388608                                   {product} {ergonomic}
    uintx NonNMethodCodeHeapSize                   = 5832780                                {pd product} {ergonomic}
    uintx NonProfiledCodeHeapSize                  = 122912730                              {pd product} {ergonomic}
    uintx ProfiledCodeHeapSize                     = 122912730                              {pd product} {ergonomic}
    uintx ReservedCodeCacheSize                    = 251658240                              {pd product} {ergonomic}
     bool SegmentedCodeCache                       = true                                      {product} {ergonomic}
   size_t SoftMaxHeapSize                          = 1027604480                             {manageable} {ergonomic}
     bool UseCompressedClassPointers               = true                           {product lp64_product} {ergonomic}
     bool UseCompressedOops                        = true                           {product lp64_product} {ergonomic}
     bool UseG1GC                                  = true                                      {product} {ergonomic}
     bool UseLargePagesIndividualAllocation        = false                                  {pd product} {ergonomic}

Logging:
Log output configuration:
 #0: stdout all=warning uptime,level,tags
 #1: stderr all=off uptime,level,tags

Environment Variables:
PATH=C:\Program Files\Common Files\Oracle\Java\javapath;C:\Program Files (x86)\Common Files\Oracle\Java\javapath;C:\Program Files (x86)\Intel\TXE Components\iCLS\;C:\Program Files\Intel\TXE Components\iCLS\;C:\Windows\system32;C:\Windows;C:\Windows\System32\Wbem;C:\Windows\System32\WindowsPowerShell\v1.0\;C:\Windows\System32\OpenSSH\;C:\Program Files\Intel\TXE Components\DAL\;C:\Program Files (x86)\Intel\TXE Components\DAL\;C:\Program Files\Intel\TXE Components\IPT\;C:\Program Files (x86)\Intel\TXE Components\IPT\;C:\Program Files\dotnet\;C:\Program Files\Microsoft SQL Server\130\Tools\Binn\;C:\Program Files\Microsoft SQL Server\Client SDK\ODBC\170\Tools\Binn\;C:\Program Files\Git\cmd;C:\Program Files\MySQL\MySQL Shell 8.0\bin\;C:\Users\Pavel\AppData\Local\Programs\Python\Python39\Scripts\;C:\Users\Pavel\AppData\Local\Programs\Python\Python39\;C:\Users\Pavel\AppData\Local\Microsoft\WindowsApps;C:\Users\Pavel\.dotnet\tools;C:\Windows\Microsoft.NET\Framework\v4.0.30319;;C:\Program Files\JetBrains\IntelliJ IDEA Community Edition 2021.3.2\bin;
USERNAME=Pavel
OS=Windows_NT
PROCESSOR_IDENTIFIER=Intel64 Family 6 Model 122 Stepping 1, GenuineIntel



---------------  S Y S T E M  ---------------

OS:
 Windows 10 , 64 bit Build 19041 (10.0.19041.662)
OS uptime: 0 days 4:58 hours

CPU: total 4 (initial active 4) (4 cores per cpu, 1 threads per core) family 6 model 122 stepping 1 microcode 0x32, cx8, cmov, fxsr, mmx, 3dnowpref, sse, sse2, sse3, ssse3, sse4.1, sse4.2, popcnt, tsc, tscinvbit, aes, erms, clmul, sha, clflush, clflushopt

Memory: 4k page, system-wide physical 3919M (375M free)
TotalPageFile size 5967M (AvailPageFile size 3M)
current process WorkingSet (physical memory assigned to process): 244M, peak: 244M
current process commit charge ("private bytes"): 374M, peak: 375M

vm_info: Java HotSpot(TM) 64-Bit Server VM (17.0.2+8-LTS-86) for windows-amd64 JRE (17.0.2+8-LTS-86), built on Dec  7 2021 21:51:03 by "mach5one" with MS VC++ 16.8 / 16.9 (VS2019)

END.
