#
# There is insufficient memory for the Java Runtime Environment to continue.
# Native memory allocation (malloc) failed to allocate 1671856 bytes for Chunk::new
# Possible reasons:
#   The system is out of physical RAM or swap space
#   The process is running with CompressedOops enabled, and the Java Heap may be blocking the growth of the native heap
# Possible solutions:
#   Reduce memory load on the system
#   Increase physical memory or swap space
#   Check if swap backing store is full
#   Decrease Java heap size (-Xmx/-Xms)
#   Decrease number of Java threads
#   Decrease Java thread stack sizes (-Xss)
#   Set larger code cache with -XX:ReservedCodeCacheSize=
#   JVM is running with Unscaled Compressed Oops mode in which the Java heap is
#     placed in the first 4GB address space. The Java Heap base address is the
#     maximum limit for the native heap growth. Please use -XX:HeapBaseMinAddress
#     to set the Java Heap base and to place the Java Heap above 4GB virtual address.
# This output file may be truncated or incomplete.
#
#  Out of Memory Error (arena.cpp:189), pid=7412, tid=8556
#
# JRE version: Java(TM) SE Runtime Environment (17.0.2+8) (build 17.0.2+8-LTS-86)
# Java VM: Java HotSpot(TM) 64-Bit Server VM (17.0.2+8-LTS-86, mixed mode, sharing, tiered, compressed oops, compressed class ptrs, g1 gc, windows-amd64)
# No core dump will be written. Minidumps are not enabled by default on client versions of Windows
#

---------------  S U M M A R Y ------------

Command Line: --module-path=C:\Users\Pavel\.m2\repository\org\openjfx\javafx-base\19-ea+3\javafx-base-19-ea+3-win.jar;C:\Users\Pavel\.m2\repository\org\openjfx\javafx-base\19-ea+3\javafx-base-19-ea+3.jar;C:\Users\Pavel\.m2\repository\org\openjfx\javafx-controls\19-ea+3\javafx-controls-19-ea+3-win.jar;C:\Users\Pavel\.m2\repository\org\openjfx\javafx-controls\19-ea+3\javafx-controls-19-ea+3.jar;C:\Users\Pavel\.m2\repository\org\openjfx\javafx-fxml\19-ea+3\javafx-fxml-19-ea+3-win.jar;C:\Users\Pavel\.m2\repository\org\openjfx\javafx-fxml\19-ea+3\javafx-fxml-19-ea+3.jar;C:\Users\Pavel\.m2\repository\org\openjfx\javafx-graphics\19-ea+3\javafx-graphics-19-ea+3-win.jar;C:\Users\Pavel\.m2\repository\org\openjfx\javafx-graphics\19-ea+3\javafx-graphics-19-ea+3.jar;C:\Users\Pavel\.m2\repository\org\openjfx\javafx-media\19-ea+3\javafx-media-19-ea+3-win.jar;C:\Users\Pavel\.m2\repository\org\openjfx\javafx-media\19-ea+3\javafx-media-19-ea+3.jar;C:\Users\Pavel\.m2\repository\org\openjfx\javafx-swing\19-ea+3\javafx-swing-19-ea+3-win.jar;C:\Users\Pavel\.m2\repository\org\openjfx\javafx-swing\19-ea+3\javafx-swing-19-ea+3.jar;C:\Users\Pavel\.m2\repository\org\openjfx\javafx-web\19-ea+3\javafx-web-19-ea+3-win.jar;C:\Users\Pavel\.m2\repository\org\openjfx\javafx-web\19-ea+3\javafx-web-19-ea+3.jar --add-modules=javafx.base,javafx.controls,javafx.fxml,javafx.graphics,javafx.media,javafx.swing,javafx.web com.lifehouse.raceth.Main

Host: Intel(R) Pentium(R) Silver N5000 CPU @ 1.10GHz, 4 cores, 3G,  Windows 10 , 64 bit Build 19041 (10.0.19041.662)
Time: Sat Apr 23 15:13:58 2022 RTZ 2 (s 10 , 64 bit Build 19041 (10.0.19041.662) elapsed time: 4.715418 seconds (0d 0h 0m 4s)

---------------  T H R E A D  ---------------

Current thread (0x0000017d2c7d3d10):  JavaThread "C2 CompilerThread0" daemon [_thread_in_native, id=8556, stack(0x00000066cc400000,0x00000066cc500000)]


Current CompileTask:
C2:   4715 3083   !   4       javafx.scene.CssStyleHelper::lookup (514 bytes)

Stack: [0x00000066cc400000,0x00000066cc500000]
Native frames: (J=compiled Java code, j=interpreted, Vv=VM code, C=native code)
V  [jvm.dll+0x670baa]
V  [jvm.dll+0x7cfcb4]
V  [jvm.dll+0x7d145e]
V  [jvm.dll+0x7d1ac3]
V  [jvm.dll+0x242bc5]
V  [jvm.dll+0xaa57b]
V  [jvm.dll+0xaab0c]
V  [jvm.dll+0x35fcb2]
V  [jvm.dll+0x1b9982]
V  [jvm.dll+0x215de9]
V  [jvm.dll+0x2150b1]
V  [jvm.dll+0x1a1bbd]
V  [jvm.dll+0x224908]
V  [jvm.dll+0x222a6c]
V  [jvm.dll+0x7859bb]
V  [jvm.dll+0x77ff7a]
V  [jvm.dll+0x66fa35]
C  [ucrtbase.dll+0x214c2]
C  [KERNEL32.DLL+0x17034]
C  [ntdll.dll+0x4d0d1]


---------------  P R O C E S S  ---------------

Threads class SMR info:
_java_thread_list=0x0000017d4f9b3470, length=18, elements={
0x0000017d2c7041d0, 0x0000017d2c7b38d0, 0x0000017d2c7b5660, 0x0000017d2c7c92d0,
0x0000017d2c7ccbb0, 0x0000017d2c7cd470, 0x0000017d2c7cece0, 0x0000017d2c7d3d10,
0x0000017d2c7d4db0, 0x0000017d2c7d96d0, 0x0000017d4976d150, 0x0000017d4a6a43a0,
0x0000017d4a977530, 0x0000017d4adc0fa0, 0x0000017d4ae19db0, 0x0000017d4f51f970,
0x0000017d4f516010, 0x0000017d4f8aa230
}

Java Threads: ( => current thread )
  0x0000017d2c7041d0 JavaThread "main" [_thread_blocked, id=9540, stack(0x00000066cb700000,0x00000066cb800000)]
  0x0000017d2c7b38d0 JavaThread "Reference Handler" daemon [_thread_blocked, id=9776, stack(0x00000066cbe00000,0x00000066cbf00000)]
  0x0000017d2c7b5660 JavaThread "Finalizer" daemon [_thread_blocked, id=6448, stack(0x00000066cbf00000,0x00000066cc000000)]
  0x0000017d2c7c92d0 JavaThread "Signal Dispatcher" daemon [_thread_blocked, id=9184, stack(0x00000066cc000000,0x00000066cc100000)]
  0x0000017d2c7ccbb0 JavaThread "Attach Listener" daemon [_thread_blocked, id=5492, stack(0x00000066cc100000,0x00000066cc200000)]
  0x0000017d2c7cd470 JavaThread "Service Thread" daemon [_thread_blocked, id=7268, stack(0x00000066cc200000,0x00000066cc300000)]
  0x0000017d2c7cece0 JavaThread "Monitor Deflation Thread" daemon [_thread_blocked, id=2532, stack(0x00000066cc300000,0x00000066cc400000)]
=>0x0000017d2c7d3d10 JavaThread "C2 CompilerThread0" daemon [_thread_in_native, id=8556, stack(0x00000066cc400000,0x00000066cc500000)]
  0x0000017d2c7d4db0 JavaThread "C1 CompilerThread0" daemon [_thread_blocked, id=9076, stack(0x00000066cc500000,0x00000066cc600000)]
  0x0000017d2c7d96d0 JavaThread "Sweeper thread" daemon [_thread_blocked, id=7200, stack(0x00000066cc600000,0x00000066cc700000)]
  0x0000017d4976d150 JavaThread "Common-Cleaner" daemon [_thread_blocked, id=7220, stack(0x00000066cc700000,0x00000066cc800000)]
  0x0000017d4a6a43a0 JavaThread "Notification Thread" daemon [_thread_blocked, id=11588, stack(0x00000066cc900000,0x00000066cca00000)]
  0x0000017d4a977530 JavaThread "QuantumRenderer-0" daemon [_thread_blocked, id=9476, stack(0x00000066ccd00000,0x00000066cce00000)]
  0x0000017d4adc0fa0 JavaThread "InvokeLaterDispatcher" daemon [_thread_blocked, id=10248, stack(0x00000066cce00000,0x00000066ccf00000)]
  0x0000017d4ae19db0 JavaThread "JavaFX Application Thread" [_thread_in_native, id=3960, stack(0x00000066ccf00000,0x00000066cd000000)]
  0x0000017d4f51f970 JavaThread "JavaFX-Launcher" [_thread_blocked, id=1596, stack(0x00000066cd400000,0x00000066cd500000)]
  0x0000017d4f516010 JavaThread "Thread-2" daemon [_thread_in_native, id=9380, stack(0x00000066cd300000,0x00000066cd400000)]
  0x0000017d4f8aa230 JavaThread "Prism Font Disposer" daemon [_thread_blocked, id=8056, stack(0x00000066cd800000,0x00000066cd900000)]

Other Threads:
  0x0000017d2c7add60 VMThread "VM Thread" [stack: 0x00000066cbd00000,0x00000066cbe00000] [id=8344]
  0x0000017d4a7e2480 WatcherThread [stack: 0x00000066cca00000,0x00000066ccb00000] [id=1152]
  0x0000017d2c731eb0 GCTaskThread "GC Thread#0" [stack: 0x00000066cb800000,0x00000066cb900000] [id=6092]
  0x0000017d4a7c3600 GCTaskThread "GC Thread#1" [stack: 0x00000066cc800000,0x00000066cc900000] [id=2848]
  0x0000017d4ab87020 GCTaskThread "GC Thread#2" [stack: 0x00000066ccb00000,0x00000066ccc00000] [id=1188]
  0x0000017d4ab872d0 GCTaskThread "GC Thread#3" [stack: 0x00000066ccc00000,0x00000066ccd00000] [id=5076]
  0x0000017d2c73b790 ConcurrentGCThread "G1 Main Marker" [stack: 0x00000066cb900000,0x00000066cba00000] [id=3768]
  0x0000017d2c73c0b0 ConcurrentGCThread "G1 Conc#0" [stack: 0x00000066cba00000,0x00000066cbb00000] [id=7464]
  0x0000017d2c77be00 ConcurrentGCThread "G1 Refine#0" [stack: 0x00000066cbb00000,0x00000066cbc00000] [id=11868]
  0x0000017d4fa3d480 ConcurrentGCThread "G1 Refine#1" [stack: 0x00000066cd900000,0x00000066cda00000] [id=4412]
  0x0000017d2c77c730 ConcurrentGCThread "G1 Service" [stack: 0x00000066cbc00000,0x00000066cbd00000] [id=7148]

Threads with active compile tasks:
C2 CompilerThread0     4769 3083   !   4       javafx.scene.CssStyleHelper::lookup (514 bytes)

VM state: not at safepoint (normal execution)

VM Mutex/Monitor currently owned by a thread: None

Heap address: 0x00000000c2c00000, size: 980 MB, Compressed Oops mode: 32-bit

CDS archive(s) mapped at: [0x0000000800000000-0x0000000800bc0000-0x0000000800bc0000), size 12320768, SharedBaseAddress: 0x0000000800000000, ArchiveRelocationMode: 0.
Compressed class space mapped at: 0x0000000800c00000-0x0000000840c00000, reserved size: 1073741824
Narrow klass base: 0x0000000800000000, Narrow klass shift: 0, Narrow klass range: 0x100000000

GC Precious Log:
 CPUs: 4 total, 4 available
 Memory: 3919M
 Large Page Support: Disabled
 NUMA Support: Disabled
 Compressed Oops: Enabled (32-bit)
 Heap Region Size: 1M
 Heap Min Capacity: 8M
 Heap Initial Capacity: 62M
 Heap Max Capacity: 980M
 Pre-touch: Disabled
 Parallel Workers: 4
 Concurrent Workers: 1
 Concurrent Refinement Workers: 4
 Periodic GC: Disabled

Heap:
 garbage-first heap   total 116736K, used 70577K [0x00000000c2c00000, 0x0000000100000000)
  region size 1024K, 6 young (6144K), 2 survivors (2048K)
 Metaspace       used 17525K, committed 17792K, reserved 1064960K
  class space    used 2582K, committed 2752K, reserved 1048576K

Heap Regions: E=young(eden), S=young(survivor), O=old, HS=humongous(starts), HC=humongous(continues), CS=collection set, F=free, OA=open archive, CA=closed archive, TAMS=top-at-mark-start (previous, next)
|   0|0x00000000c2c00000, 0x00000000c2d00000, 0x00000000c2d00000|100%|HS|  |TAMS 0x00000000c2d00000, 0x00000000c2c00000| Complete 
|   1|0x00000000c2d00000, 0x00000000c2e00000, 0x00000000c2e00000|100%| O|  |TAMS 0x00000000c2e00000, 0x00000000c2d00000| Untracked 
|   2|0x00000000c2e00000, 0x00000000c2f00000, 0x00000000c2f00000|100%| O|  |TAMS 0x00000000c2f00000, 0x00000000c2e00000| Untracked 
|   3|0x00000000c2f00000, 0x00000000c3000000, 0x00000000c3000000|100%| O|  |TAMS 0x00000000c3000000, 0x00000000c2f00000| Untracked 
|   4|0x00000000c3000000, 0x00000000c3100000, 0x00000000c3100000|100%|HS|  |TAMS 0x00000000c3100000, 0x00000000c3000000| Complete 
|   5|0x00000000c3100000, 0x00000000c3200000, 0x00000000c3200000|100%|HC|  |TAMS 0x00000000c3200000, 0x00000000c3100000| Complete 
|   6|0x00000000c3200000, 0x00000000c3300000, 0x00000000c3300000|100%| O|  |TAMS 0x00000000c3300000, 0x00000000c3200000| Untracked 
|   7|0x00000000c3300000, 0x00000000c3400000, 0x00000000c3400000|100%|HS|  |TAMS 0x00000000c3400000, 0x00000000c3300000| Complete 
|   8|0x00000000c3400000, 0x00000000c3500000, 0x00000000c3500000|100%|HC|  |TAMS 0x00000000c3500000, 0x00000000c3400000| Complete 
|   9|0x00000000c3500000, 0x00000000c3600000, 0x00000000c3600000|100%| O|  |TAMS 0x00000000c3600000, 0x00000000c3500000| Untracked 
|  10|0x00000000c3600000, 0x00000000c3700000, 0x00000000c3700000|100%|HS|  |TAMS 0x00000000c3700000, 0x00000000c3600000| Complete 
|  11|0x00000000c3700000, 0x00000000c3800000, 0x00000000c3800000|100%|HC|  |TAMS 0x00000000c3800000, 0x00000000c3700000| Complete 
|  12|0x00000000c3800000, 0x00000000c3900000, 0x00000000c3900000|100%| O|  |TAMS 0x00000000c38a3800, 0x00000000c3800000| Untracked 
|  13|0x00000000c3900000, 0x00000000c3a00000, 0x00000000c3a00000|100%|HS|  |TAMS 0x00000000c3a00000, 0x00000000c3900000| Complete 
|  14|0x00000000c3a00000, 0x00000000c3b00000, 0x00000000c3b00000|100%|HC|  |TAMS 0x00000000c3b00000, 0x00000000c3a00000| Complete 
|  15|0x00000000c3b00000, 0x00000000c3c00000, 0x00000000c3c00000|100%| O|  |TAMS 0x00000000c3b00000, 0x00000000c3b00000| Untracked 
|  16|0x00000000c3c00000, 0x00000000c3d00000, 0x00000000c3d00000|100%|HS|  |TAMS 0x00000000c3d00000, 0x00000000c3c00000| Complete 
|  17|0x00000000c3d00000, 0x00000000c3e00000, 0x00000000c3e00000|100%|HC|  |TAMS 0x00000000c3e00000, 0x00000000c3d00000| Complete 
|  18|0x00000000c3e00000, 0x00000000c3f00000, 0x00000000c3f00000|100%| O|  |TAMS 0x00000000c3e00000, 0x00000000c3e00000| Untracked 
|  19|0x00000000c3f00000, 0x00000000c4000000, 0x00000000c4000000|100%|HS|  |TAMS 0x00000000c4000000, 0x00000000c3f00000| Complete 
|  20|0x00000000c4000000, 0x00000000c4100000, 0x00000000c4100000|100%|HC|  |TAMS 0x00000000c4100000, 0x00000000c4000000| Complete 
|  21|0x00000000c4100000, 0x00000000c4200000, 0x00000000c4200000|100%| O|  |TAMS 0x00000000c4100000, 0x00000000c4100000| Untracked 
|  22|0x00000000c4200000, 0x00000000c4300000, 0x00000000c4300000|100%|HS|  |TAMS 0x00000000c4300000, 0x00000000c4200000| Complete 
|  23|0x00000000c4300000, 0x00000000c4400000, 0x00000000c4400000|100%|HC|  |TAMS 0x00000000c4400000, 0x00000000c4300000| Complete 
|  24|0x00000000c4400000, 0x00000000c44c6000, 0x00000000c4500000| 77%| O|  |TAMS 0x00000000c4400000, 0x00000000c4400000| Untracked 
|  25|0x00000000c4500000, 0x00000000c4600000, 0x00000000c4600000|100%|HS|  |TAMS 0x00000000c4600000, 0x00000000c4500000| Complete 
|  26|0x00000000c4600000, 0x00000000c4700000, 0x00000000c4700000|100%|HC|  |TAMS 0x00000000c4700000, 0x00000000c4600000| Complete 
|  27|0x00000000c4700000, 0x00000000c4800000, 0x00000000c4800000|100%| O|  |TAMS 0x00000000c4800000, 0x00000000c4700000| Untracked 
|  28|0x00000000c4800000, 0x00000000c4900000, 0x00000000c4900000|100%| O|  |TAMS 0x00000000c4900000, 0x00000000c4800000| Untracked 
|  29|0x00000000c4900000, 0x00000000c4a00000, 0x00000000c4a00000|100%| O|  |TAMS 0x00000000c4a00000, 0x00000000c4900000| Untracked 
|  30|0x00000000c4a00000, 0x00000000c4b00000, 0x00000000c4b00000|100%|HS|  |TAMS 0x00000000c4b00000, 0x00000000c4a00000| Complete 
|  31|0x00000000c4b00000, 0x00000000c4c00000, 0x00000000c4c00000|100%|HC|  |TAMS 0x00000000c4c00000, 0x00000000c4b00000| Complete 
|  32|0x00000000c4c00000, 0x00000000c4d00000, 0x00000000c4d00000|100%|HS|  |TAMS 0x00000000c4d00000, 0x00000000c4c00000| Complete 
|  33|0x00000000c4d00000, 0x00000000c4e00000, 0x00000000c4e00000|100%|HC|  |TAMS 0x00000000c4e00000, 0x00000000c4d00000| Complete 
|  34|0x00000000c4e00000, 0x00000000c4f00000, 0x00000000c4f00000|100%|HS|  |TAMS 0x00000000c4f00000, 0x00000000c4e00000| Complete 
|  35|0x00000000c4f00000, 0x00000000c5000000, 0x00000000c5000000|100%|HC|  |TAMS 0x00000000c5000000, 0x00000000c4f00000| Complete 
|  36|0x00000000c5000000, 0x00000000c5100000, 0x00000000c5100000|100%|HS|  |TAMS 0x00000000c5100000, 0x00000000c5000000| Complete 
|  37|0x00000000c5100000, 0x00000000c5200000, 0x00000000c5200000|100%|HC|  |TAMS 0x00000000c5200000, 0x00000000c5100000| Complete 
|  38|0x00000000c5200000, 0x00000000c5300000, 0x00000000c5300000|100%|HS|  |TAMS 0x00000000c5300000, 0x00000000c5200000| Complete 
|  39|0x00000000c5300000, 0x00000000c5400000, 0x00000000c5400000|100%|HC|  |TAMS 0x00000000c5400000, 0x00000000c5300000| Complete 
|  40|0x00000000c5400000, 0x00000000c5500000, 0x00000000c5500000|100%|HS|  |TAMS 0x00000000c5500000, 0x00000000c5400000| Complete 
|  41|0x00000000c5500000, 0x00000000c5600000, 0x00000000c5600000|100%|HC|  |TAMS 0x00000000c5600000, 0x00000000c5500000| Complete 
|  42|0x00000000c5600000, 0x00000000c5700000, 0x00000000c5700000|100%|HS|  |TAMS 0x00000000c5700000, 0x00000000c5600000| Complete 
|  43|0x00000000c5700000, 0x00000000c5800000, 0x00000000c5800000|100%|HC|  |TAMS 0x00000000c5800000, 0x00000000c5700000| Complete 
|  44|0x00000000c5800000, 0x00000000c5900000, 0x00000000c5900000|100%|HS|  |TAMS 0x00000000c5900000, 0x00000000c5800000| Complete 
|  45|0x00000000c5900000, 0x00000000c5a00000, 0x00000000c5a00000|100%|HC|  |TAMS 0x00000000c5a00000, 0x00000000c5900000| Complete 
|  46|0x00000000c5a00000, 0x00000000c5b00000, 0x00000000c5b00000|100%| O|  |TAMS 0x00000000c5b00000, 0x00000000c5a00000| Untracked 
|  47|0x00000000c5b00000, 0x00000000c5c00000, 0x00000000c5c00000|100%|HS|  |TAMS 0x00000000c5c00000, 0x00000000c5b00000| Complete 
|  48|0x00000000c5c00000, 0x00000000c5d00000, 0x00000000c5d00000|100%|HC|  |TAMS 0x00000000c5d00000, 0x00000000c5c00000| Complete 
|  49|0x00000000c5d00000, 0x00000000c5e00000, 0x00000000c5e00000|100%|HS|  |TAMS 0x00000000c5e00000, 0x00000000c5d00000| Complete 
|  50|0x00000000c5e00000, 0x00000000c5f00000, 0x00000000c5f00000|100%|HC|  |TAMS 0x00000000c5f00000, 0x00000000c5e00000| Complete 
|  51|0x00000000c5f00000, 0x00000000c5f00000, 0x00000000c6000000|  0%| F|  |TAMS 0x00000000c5f00000, 0x00000000c5f00000| Untracked 
|  52|0x00000000c6000000, 0x00000000c6100000, 0x00000000c6100000|100%|HS|  |TAMS 0x00000000c6100000, 0x00000000c6000000| Complete 
|  53|0x00000000c6100000, 0x00000000c6200000, 0x00000000c6200000|100%|HC|  |TAMS 0x00000000c6200000, 0x00000000c6100000| Complete 
|  54|0x00000000c6200000, 0x00000000c6300000, 0x00000000c6300000|100%|HS|  |TAMS 0x00000000c6300000, 0x00000000c6200000| Complete 
|  55|0x00000000c6300000, 0x00000000c6400000, 0x00000000c6400000|100%|HC|  |TAMS 0x00000000c6400000, 0x00000000c6300000| Complete 
|  56|0x00000000c6400000, 0x00000000c6500000, 0x00000000c6500000|100%|HS|  |TAMS 0x00000000c6500000, 0x00000000c6400000| Complete 
|  57|0x00000000c6500000, 0x00000000c6600000, 0x00000000c6600000|100%|HC|  |TAMS 0x00000000c6600000, 0x00000000c6500000| Complete 
|  58|0x00000000c6600000, 0x00000000c6700000, 0x00000000c6700000|100%|HS|  |TAMS 0x00000000c6700000, 0x00000000c6600000| Complete 
|  59|0x00000000c6700000, 0x00000000c6800000, 0x00000000c6800000|100%|HC|  |TAMS 0x00000000c6800000, 0x00000000c6700000| Complete 
|  60|0x00000000c6800000, 0x00000000c6900000, 0x00000000c6900000|100%|HS|  |TAMS 0x00000000c6900000, 0x00000000c6800000| Complete 
|  61|0x00000000c6900000, 0x00000000c6a00000, 0x00000000c6a00000|100%|HC|  |TAMS 0x00000000c6a00000, 0x00000000c6900000| Complete 
|  62|0x00000000c6a00000, 0x00000000c6b00000, 0x00000000c6b00000|100%|HS|  |TAMS 0x00000000c6b00000, 0x00000000c6a00000| Complete 
|  63|0x00000000c6b00000, 0x00000000c6c00000, 0x00000000c6c00000|100%|HC|  |TAMS 0x00000000c6c00000, 0x00000000c6b00000| Complete 
|  64|0x00000000c6c00000, 0x00000000c6d00000, 0x00000000c6d00000|100%|HS|  |TAMS 0x00000000c6c00000, 0x00000000c6c00000| Complete 
|  65|0x00000000c6d00000, 0x00000000c6e00000, 0x00000000c6e00000|100%|HC|  |TAMS 0x00000000c6d00000, 0x00000000c6d00000| Complete 
|  66|0x00000000c6e00000, 0x00000000c6e00000, 0x00000000c6f00000|  0%| F|  |TAMS 0x00000000c6e00000, 0x00000000c6e00000| Untracked 
|  67|0x00000000c6f00000, 0x00000000c6f00000, 0x00000000c7000000|  0%| F|  |TAMS 0x00000000c6f00000, 0x00000000c6f00000| Untracked 
|  68|0x00000000c7000000, 0x00000000c7000000, 0x00000000c7100000|  0%| F|  |TAMS 0x00000000c7000000, 0x00000000c7000000| Untracked 
|  69|0x00000000c7100000, 0x00000000c7100000, 0x00000000c7200000|  0%| F|  |TAMS 0x00000000c7100000, 0x00000000c7100000| Untracked 
|  70|0x00000000c7200000, 0x00000000c7200000, 0x00000000c7300000|  0%| F|  |TAMS 0x00000000c7200000, 0x00000000c7200000| Untracked 
|  71|0x00000000c7300000, 0x00000000c7300000, 0x00000000c7400000|  0%| F|  |TAMS 0x00000000c7300000, 0x00000000c7300000| Untracked 
|  72|0x00000000c7400000, 0x00000000c7400000, 0x00000000c7500000|  0%| F|  |TAMS 0x00000000c7400000, 0x00000000c7400000| Untracked 
|  73|0x00000000c7500000, 0x00000000c7500000, 0x00000000c7600000|  0%| F|  |TAMS 0x00000000c7500000, 0x00000000c7500000| Untracked 
|  74|0x00000000c7600000, 0x00000000c7600000, 0x00000000c7700000|  0%| F|  |TAMS 0x00000000c7600000, 0x00000000c7600000| Untracked 
|  75|0x00000000c7700000, 0x00000000c7700000, 0x00000000c7800000|  0%| F|  |TAMS 0x00000000c7700000, 0x00000000c7700000| Untracked 
|  76|0x00000000c7800000, 0x00000000c7800000, 0x00000000c7900000|  0%| F|  |TAMS 0x00000000c7800000, 0x00000000c7800000| Untracked 
|  77|0x00000000c7900000, 0x00000000c7900000, 0x00000000c7a00000|  0%| F|  |TAMS 0x00000000c7900000, 0x00000000c7900000| Untracked 
|  78|0x00000000c7a00000, 0x00000000c7a00000, 0x00000000c7b00000|  0%| F|  |TAMS 0x00000000c7a00000, 0x00000000c7a00000| Untracked 
|  79|0x00000000c7b00000, 0x00000000c7b00000, 0x00000000c7c00000|  0%| F|  |TAMS 0x00000000c7b00000, 0x00000000c7b00000| Untracked 
|  80|0x00000000c7c00000, 0x00000000c7c00000, 0x00000000c7d00000|  0%| F|  |TAMS 0x00000000c7c00000, 0x00000000c7c00000| Untracked 
|  81|0x00000000c7d00000, 0x00000000c7d00000, 0x00000000c7e00000|  0%| F|  |TAMS 0x00000000c7d00000, 0x00000000c7d00000| Untracked 
|  82|0x00000000c7e00000, 0x00000000c7e00000, 0x00000000c7f00000|  0%| F|  |TAMS 0x00000000c7e00000, 0x00000000c7e00000| Untracked 
|  83|0x00000000c7f00000, 0x00000000c7f00000, 0x00000000c8000000|  0%| F|  |TAMS 0x00000000c7f00000, 0x00000000c7f00000| Untracked 
|  84|0x00000000c8000000, 0x00000000c8000000, 0x00000000c8100000|  0%| F|  |TAMS 0x00000000c8000000, 0x00000000c8000000| Untracked 
|  85|0x00000000c8100000, 0x00000000c8100000, 0x00000000c8200000|  0%| F|  |TAMS 0x00000000c8100000, 0x00000000c8100000| Untracked 
|  86|0x00000000c8200000, 0x00000000c8200000, 0x00000000c8300000|  0%| F|  |TAMS 0x00000000c8200000, 0x00000000c8200000| Untracked 
|  87|0x00000000c8300000, 0x00000000c8300000, 0x00000000c8400000|  0%| F|  |TAMS 0x00000000c8300000, 0x00000000c8300000| Untracked 
|  88|0x00000000c8400000, 0x00000000c8400000, 0x00000000c8500000|  0%| F|  |TAMS 0x00000000c8400000, 0x00000000c8400000| Untracked 
|  89|0x00000000c8500000, 0x00000000c8500000, 0x00000000c8600000|  0%| F|  |TAMS 0x00000000c8500000, 0x00000000c8500000| Untracked 
|  90|0x00000000c8600000, 0x00000000c8600000, 0x00000000c8700000|  0%| F|  |TAMS 0x00000000c8600000, 0x00000000c8600000| Untracked 
|  91|0x00000000c8700000, 0x00000000c8700000, 0x00000000c8800000|  0%| F|  |TAMS 0x00000000c8700000, 0x00000000c8700000| Untracked 
|  92|0x00000000c8800000, 0x00000000c8800000, 0x00000000c8900000|  0%| F|  |TAMS 0x00000000c8800000, 0x00000000c8800000| Untracked 
|  93|0x00000000c8900000, 0x00000000c8900000, 0x00000000c8a00000|  0%| F|  |TAMS 0x00000000c8900000, 0x00000000c8900000| Untracked 
|  94|0x00000000c8a00000, 0x00000000c8a00000, 0x00000000c8b00000|  0%| F|  |TAMS 0x00000000c8a00000, 0x00000000c8a00000| Untracked 
|  95|0x00000000c8b00000, 0x00000000c8b00000, 0x00000000c8c00000|  0%| F|  |TAMS 0x00000000c8b00000, 0x00000000c8b00000| Untracked 
|  96|0x00000000c8c00000, 0x00000000c8c00000, 0x00000000c8d00000|  0%| F|  |TAMS 0x00000000c8c00000, 0x00000000c8c00000| Untracked 
|  97|0x00000000c8d00000, 0x00000000c8d00000, 0x00000000c8e00000|  0%| F|  |TAMS 0x00000000c8d00000, 0x00000000c8d00000| Untracked 
|  98|0x00000000c8e00000, 0x00000000c8e00000, 0x00000000c8f00000|  0%| F|  |TAMS 0x00000000c8e00000, 0x00000000c8e00000| Untracked 
|  99|0x00000000c8f00000, 0x00000000c8f00000, 0x00000000c9000000|  0%| F|  |TAMS 0x00000000c8f00000, 0x00000000c8f00000| Untracked 
| 100|0x00000000c9000000, 0x00000000c9000000, 0x00000000c9100000|  0%| F|  |TAMS 0x00000000c9000000, 0x00000000c9000000| Untracked 
| 101|0x00000000c9100000, 0x00000000c9100000, 0x00000000c9200000|  0%| F|  |TAMS 0x00000000c9100000, 0x00000000c9100000| Untracked 
| 102|0x00000000c9200000, 0x00000000c92266b0, 0x00000000c9300000| 15%| S|CS|TAMS 0x00000000c9200000, 0x00000000c9200000| Complete 
| 103|0x00000000c9300000, 0x00000000c9400000, 0x00000000c9400000|100%| S|CS|TAMS 0x00000000c9300000, 0x00000000c9300000| Complete 
| 104|0x00000000c9400000, 0x00000000c9400000, 0x00000000c9500000|  0%| F|  |TAMS 0x00000000c9400000, 0x00000000c9400000| Untracked 
| 105|0x00000000c9500000, 0x00000000c9500000, 0x00000000c9600000|  0%| F|  |TAMS 0x00000000c9500000, 0x00000000c9500000| Untracked 
| 106|0x00000000c9600000, 0x00000000c9700000, 0x00000000c9700000|100%| E|CS|TAMS 0x00000000c9600000, 0x00000000c9600000| Complete 
| 107|0x00000000c9700000, 0x00000000c9700000, 0x00000000c9800000|  0%| F|  |TAMS 0x00000000c9700000, 0x00000000c9700000| Untracked 
| 108|0x00000000c9800000, 0x00000000c9800000, 0x00000000c9900000|  0%| F|  |TAMS 0x00000000c9800000, 0x00000000c9800000| Untracked 
| 109|0x00000000c9900000, 0x00000000c9900000, 0x00000000c9a00000|  0%| F|  |TAMS 0x00000000c9900000, 0x00000000c9900000| Untracked 
| 110|0x00000000c9a00000, 0x00000000c9a00000, 0x00000000c9b00000|  0%| F|  |TAMS 0x00000000c9a00000, 0x00000000c9a00000| Untracked 
| 111|0x00000000c9b00000, 0x00000000c9bf3ea8, 0x00000000c9c00000| 95%| E|  |TAMS 0x00000000c9b00000, 0x00000000c9b00000| Complete 
| 112|0x00000000c9c00000, 0x00000000c9d00000, 0x00000000c9d00000|100%| E|CS|TAMS 0x00000000c9c00000, 0x00000000c9c00000| Complete 
| 113|0x00000000c9d00000, 0x00000000c9e00000, 0x00000000c9e00000|100%| E|CS|TAMS 0x00000000c9d00000, 0x00000000c9d00000| Complete 

Card table byte_map: [0x0000017d44f60000,0x0000017d45150000] _byte_map_base: 0x0000017d4494a000

Marking Bits (Prev, Next): (CMBitMap*) 0x0000017d2c7333e0, (CMBitMap*) 0x0000017d2c733420
 Prev Bits: [0x0000017d45340000, 0x0000017d46290000)
 Next Bits: [0x0000017d46290000, 0x0000017d471e0000)

Polling page: 0x0000017d2c5d0000

Metaspace:

Usage:
  Non-class:     14.59 MB used.
      Class:      2.52 MB used.
       Both:     17.11 MB used.

Virtual space:
  Non-class space:       16.00 MB reserved,      14.69 MB ( 92%) committed,  2 nodes.
      Class space:        1.00 GB reserved,       2.69 MB ( <1%) committed,  1 nodes.
             Both:        1.02 GB reserved,      17.38 MB (  2%) committed. 

Chunk freelists:
   Non-Class:  1.31 MB
       Class:  1.22 MB
        Both:  2.53 MB

MaxMetaspaceSize: unlimited
CompressedClassSpaceSize: 1.00 GB
Initial GC threshold: 21.00 MB
Current GC threshold: 27.31 MB
CDS: on
MetaspaceReclaimPolicy: balanced
 - commit_granule_bytes: 65536.
 - commit_granule_words: 8192.
 - virtual_space_node_default_size: 1048576.
 - enlarge_chunks_in_place: 1.
 - new_chunks_are_fully_committed: 0.
 - uncommit_free_chunks: 1.
 - use_allocation_guard: 0.
 - handle_deallocations: 1.


Internal statistics:

num_allocs_failed_limit: 0.
num_arena_births: 294.
num_arena_deaths: 0.
num_vsnodes_births: 3.
num_vsnodes_deaths: 0.
num_space_committed: 278.
num_space_uncommitted: 0.
num_chunks_returned_to_freelist: 0.
num_chunks_taken_from_freelist: 930.
num_chunk_merges: 0.
num_chunk_splits: 604.
num_chunks_enlarged: 425.
num_purges: 0.
num_inconsistent_stats: 0.

CodeHeap 'non-profiled nmethods': size=120000Kb used=1053Kb max_used=1053Kb free=118946Kb
 bounds [0x0000017d3d210000, 0x0000017d3d480000, 0x0000017d44740000]
CodeHeap 'profiled nmethods': size=120000Kb used=7098Kb max_used=7098Kb free=112901Kb
 bounds [0x0000017d35ce0000, 0x0000017d363d0000, 0x0000017d3d210000]
CodeHeap 'non-nmethods': size=5760Kb used=1406Kb max_used=1406Kb free=4353Kb
 bounds [0x0000017d35740000, 0x0000017d359b0000, 0x0000017d35ce0000]
 total_blobs=4298 nmethods=3539 adapters=671
 compilation: enabled
              stopped_count=0, restarted_count=0
 full_count=0

Compilation events (20 events):
Event: 4.491 Thread 0x0000017d2c7d4db0 3565       2       java.lang.invoke.LambdaFormEditor$TransformKey::<init> (15 bytes)
Event: 4.491 Thread 0x0000017d2c7d4db0 nmethod 3565 0x0000017d363cca90 code [0x0000017d363ccc20, 0x0000017d363ccd58]
Event: 4.512 Thread 0x0000017d2c7d4db0 3566       2       java.nio.Buffer::nextPutIndex (30 bytes)
Event: 4.512 Thread 0x0000017d2c7d4db0 nmethod 3566 0x0000017d363cce10 code [0x0000017d363ccfc0, 0x0000017d363cd128]
Event: 4.512 Thread 0x0000017d2c7d4db0 3567       1       com.sun.prism.paint.Color::getAlpha (5 bytes)
Event: 4.512 Thread 0x0000017d2c7d4db0 nmethod 3567 0x0000017d3d317110 code [0x0000017d3d3172a0, 0x0000017d3d317378]
Event: 4.535 Thread 0x0000017d2c7d4db0 3568       2       com.sun.prism.paint.Color::getBluePremult (10 bytes)
Event: 4.535 Thread 0x0000017d2c7d4db0 nmethod 3568 0x0000017d363cd210 code [0x0000017d363cd3a0, 0x0000017d363cd4b8]
Event: 4.535 Thread 0x0000017d2c7d4db0 3569       2       com.sun.prism.paint.Color::getGreenPremult (10 bytes)
Event: 4.535 Thread 0x0000017d2c7d4db0 nmethod 3569 0x0000017d363cd590 code [0x0000017d363cd720, 0x0000017d363cd838]
Event: 4.535 Thread 0x0000017d2c7d4db0 3570       2       com.sun.prism.paint.Color::getRedPremult (10 bytes)
Event: 4.536 Thread 0x0000017d2c7d4db0 nmethod 3570 0x0000017d363cd910 code [0x0000017d363cdaa0, 0x0000017d363cdbb8]
Event: 4.615 Thread 0x0000017d2c7d4db0 3571       2       java.util.concurrent.ConcurrentHashMap::sumCount (60 bytes)
Event: 4.615 Thread 0x0000017d2c7d4db0 nmethod 3571 0x0000017d363cdc90 code [0x0000017d363cde20, 0x0000017d363cdfd8]
Event: 4.625 Thread 0x0000017d2c7d4db0 3572       1       com.sun.prism.PixelFormat$DataType::getSizeInBytes (5 bytes)
Event: 4.626 Thread 0x0000017d2c7d4db0 nmethod 3572 0x0000017d3d317410 code [0x0000017d3d3175a0, 0x0000017d3d317678]
Event: 4.629 Thread 0x0000017d2c7d4db0 3573       2       jdk.internal.misc.VM::isModuleSystemInited (13 bytes)
Event: 4.629 Thread 0x0000017d2c7d4db0 nmethod 3573 0x0000017d363ce110 code [0x0000017d363ce2a0, 0x0000017d363ce3b8]
Event: 4.630 Thread 0x0000017d2c7d4db0 3574       2       java.nio.CharBuffer::arrayOffset (35 bytes)
Event: 4.630 Thread 0x0000017d2c7d4db0 nmethod 3574 0x0000017d363ce410 code [0x0000017d363ce5c0, 0x0000017d363ce7f8]

GC Heap History (20 events):
Event: 1.337 GC heap before
{Heap before GC invocations=1 (full 0):
 garbage-first heap   total 63488K, used 19160K [0x00000000c2c00000, 0x0000000100000000)
  region size 1024K, 19 young (19456K), 2 survivors (2048K)
 Metaspace       used 7082K, committed 7296K, reserved 1056768K
  class space    used 849K, committed 960K, reserved 1048576K
}
Event: 1.345 GC heap after
{Heap after GC invocations=2 (full 0):
 garbage-first heap   total 63488K, used 6207K [0x00000000c2c00000, 0x0000000100000000)
  region size 1024K, 3 young (3072K), 3 survivors (3072K)
 Metaspace       used 7082K, committed 7296K, reserved 1056768K
  class space    used 849K, committed 960K, reserved 1048576K
}
Event: 1.962 GC heap before
{Heap before GC invocations=2 (full 0):
 garbage-first heap   total 63488K, used 42047K [0x00000000c2c00000, 0x0000000100000000)
  region size 1024K, 15 young (15360K), 3 survivors (3072K)
 Metaspace       used 10004K, committed 10240K, reserved 1064960K
  class space    used 1342K, committed 1472K, reserved 1048576K
}
Event: 1.969 GC heap after
{Heap after GC invocations=3 (full 0):
 garbage-first heap   total 63488K, used 25433K [0x00000000c2c00000, 0x0000000100000000)
  region size 1024K, 2 young (2048K), 2 survivors (2048K)
 Metaspace       used 10004K, committed 10240K, reserved 1064960K
  class space    used 1342K, committed 1472K, reserved 1048576K
}
Event: 1.996 GC heap before
{Heap before GC invocations=3 (full 0):
 garbage-first heap   total 63488K, used 30553K [0x00000000c2c00000, 0x0000000100000000)
  region size 1024K, 3 young (3072K), 2 survivors (2048K)
 Metaspace       used 10038K, committed 10304K, reserved 1064960K
  class space    used 1343K, committed 1472K, reserved 1048576K
}
Event: 1.999 GC heap after
{Heap after GC invocations=4 (full 0):
 garbage-first heap   total 63488K, used 28793K [0x00000000c2c00000, 0x0000000100000000)
  region size 1024K, 1 young (1024K), 1 survivors (1024K)
 Metaspace       used 10038K, committed 10304K, reserved 1064960K
  class space    used 1343K, committed 1472K, reserved 1048576K
}
Event: 2.444 GC heap before
{Heap before GC invocations=5 (full 0):
 garbage-first heap   total 63488K, used 58489K [0x00000000c2c00000, 0x0000000100000000)
  region size 1024K, 10 young (10240K), 1 survivors (1024K)
 Metaspace       used 10605K, committed 10880K, reserved 1064960K
  class space    used 1416K, committed 1536K, reserved 1048576K
}
Event: 2.446 GC heap after
{Heap after GC invocations=6 (full 0):
 garbage-first heap   total 63488K, used 43729K [0x00000000c2c00000, 0x0000000100000000)
  region size 1024K, 1 young (1024K), 1 survivors (1024K)
 Metaspace       used 10605K, committed 10880K, reserved 1064960K
  class space    used 1416K, committed 1536K, reserved 1048576K
}
Event: 2.522 GC heap before
{Heap before GC invocations=6 (full 0):
 garbage-first heap   total 63488K, used 59089K [0x00000000c2c00000, 0x0000000100000000)
  region size 1024K, 2 young (2048K), 1 survivors (1024K)
 Metaspace       used 10657K, committed 10944K, reserved 1064960K
  class space    used 1418K, committed 1536K, reserved 1048576K
}
Event: 2.526 GC heap after
{Heap after GC invocations=7 (full 0):
 garbage-first heap   total 63488K, used 53909K [0x00000000c2c00000, 0x0000000100000000)
  region size 1024K, 1 young (1024K), 1 survivors (1024K)
 Metaspace       used 10657K, committed 10944K, reserved 1064960K
  class space    used 1418K, committed 1536K, reserved 1048576K
}
Event: 2.536 GC heap before
{Heap before GC invocations=7 (full 0):
 garbage-first heap   total 63488K, used 54933K [0x00000000c2c00000, 0x0000000100000000)
  region size 1024K, 2 young (2048K), 1 survivors (1024K)
 Metaspace       used 10657K, committed 10944K, reserved 1064960K
  class space    used 1418K, committed 1536K, reserved 1048576K
}
Event: 2.538 GC heap after
{Heap after GC invocations=8 (full 0):
 garbage-first heap   total 76800K, used 54852K [0x00000000c2c00000, 0x0000000100000000)
  region size 1024K, 1 young (1024K), 1 survivors (1024K)
 Metaspace       used 10657K, committed 10944K, reserved 1064960K
  class space    used 1418K, committed 1536K, reserved 1048576K
}
Event: 2.832 GC heap before
{Heap before GC invocations=9 (full 0):
 garbage-first heap   total 99328K, used 66116K [0x00000000c2c00000, 0x0000000100000000)
  region size 1024K, 10 young (10240K), 1 survivors (1024K)
 Metaspace       used 11912K, committed 12160K, reserved 1064960K
  class space    used 1642K, committed 1792K, reserved 1048576K
}
Event: 2.835 GC heap after
{Heap after GC invocations=10 (full 0):
 garbage-first heap   total 99328K, used 56492K [0x00000000c2c00000, 0x0000000100000000)
  region size 1024K, 1 young (1024K), 1 survivors (1024K)
 Metaspace       used 11912K, committed 12160K, reserved 1064960K
  class space    used 1642K, committed 1792K, reserved 1048576K
}
Event: 3.016 GC heap before
{Heap before GC invocations=10 (full 0):
 garbage-first heap   total 99328K, used 61612K [0x00000000c2c00000, 0x0000000100000000)
  region size 1024K, 4 young (4096K), 1 survivors (1024K)
 Metaspace       used 12770K, committed 13056K, reserved 1064960K
  class space    used 1756K, committed 1920K, reserved 1048576K
}
Event: 3.021 GC heap after
{Heap after GC invocations=11 (full 0):
 garbage-first heap   total 99328K, used 58543K [0x00000000c2c00000, 0x0000000100000000)
  region size 1024K, 1 young (1024K), 1 survivors (1024K)
 Metaspace       used 12770K, committed 13056K, reserved 1064960K
  class space    used 1756K, committed 1920K, reserved 1048576K
}
Event: 4.115 GC heap before
{Heap before GC invocations=11 (full 0):
 garbage-first heap   total 99328K, used 83119K [0x00000000c2c00000, 0x0000000100000000)
  region size 1024K, 25 young (25600K), 1 survivors (1024K)
 Metaspace       used 16489K, committed 16704K, reserved 1064960K
  class space    used 2463K, committed 2560K, reserved 1048576K
}
Event: 4.127 GC heap after
{Heap after GC invocations=12 (full 0):
 garbage-first heap   total 99328K, used 64142K [0x00000000c2c00000, 0x0000000100000000)
  region size 1024K, 4 young (4096K), 4 survivors (4096K)
 Metaspace       used 16489K, committed 16704K, reserved 1064960K
  class space    used 2463K, committed 2560K, reserved 1048576K
}
Event: 4.257 GC heap before
{Heap before GC invocations=13 (full 0):
 garbage-first heap   total 109568K, used 67214K [0x00000000c2c00000, 0x0000000100000000)
  region size 1024K, 8 young (8192K), 4 survivors (4096K)
 Metaspace       used 16621K, committed 16832K, reserved 1064960K
  class space    used 2472K, committed 2560K, reserved 1048576K
}
Event: 4.268 GC heap after
{Heap after GC invocations=14 (full 0):
 garbage-first heap   total 109568K, used 65457K [0x00000000c2c00000, 0x0000000100000000)
  region size 1024K, 2 young (2048K), 2 survivors (2048K)
 Metaspace       used 16621K, committed 16832K, reserved 1064960K
  class space    used 2472K, committed 2560K, reserved 1048576K
}

Deoptimization events (20 events):
Event: 4.213 Thread 0x0000017d4ae19db0 DEOPT PACKING pc=0x0000017d3611515a sp=0x00000066ccffc8e0
Event: 4.213 Thread 0x0000017d4ae19db0 DEOPT UNPACKING pc=0x0000017d35792b24 sp=0x00000066ccffbdd0 mode 0
Event: 4.220 Thread 0x0000017d4ae19db0 DEOPT PACKING pc=0x0000017d3611515a sp=0x00000066ccffce70
Event: 4.220 Thread 0x0000017d4ae19db0 DEOPT UNPACKING pc=0x0000017d35792b24 sp=0x00000066ccffc360 mode 0
Event: 4.492 Thread 0x0000017d4a977530 Uncommon trap: trap_request=0xffffffde fr.pc=0x0000017d3d2cca9c relative=0x000000000000055c
Event: 4.492 Thread 0x0000017d4a977530 Uncommon trap: reason=class_check action=maybe_recompile pc=0x0000017d3d2cca9c method=java.io.BufferedInputStream.read1([BII)I @ 39 c2
Event: 4.492 Thread 0x0000017d4a977530 DEOPT PACKING pc=0x0000017d3d2cca9c sp=0x00000066ccdfd180
Event: 4.492 Thread 0x0000017d4a977530 DEOPT UNPACKING pc=0x0000017d3579239d sp=0x00000066ccdfd138 mode 2
Event: 4.510 Thread 0x0000017d4a977530 Uncommon trap: trap_request=0xffffffde fr.pc=0x0000017d3d2cca9c relative=0x000000000000055c
Event: 4.510 Thread 0x0000017d4a977530 Uncommon trap: reason=class_check action=maybe_recompile pc=0x0000017d3d2cca9c method=java.io.BufferedInputStream.read1([BII)I @ 39 c2
Event: 4.510 Thread 0x0000017d4a977530 DEOPT PACKING pc=0x0000017d3d2cca9c sp=0x00000066ccdfc890
Event: 4.510 Thread 0x0000017d4a977530 DEOPT UNPACKING pc=0x0000017d3579239d sp=0x00000066ccdfc848 mode 2
Event: 4.521 Thread 0x0000017d4a977530 Uncommon trap: trap_request=0xffffffde fr.pc=0x0000017d3d2cca9c relative=0x000000000000055c
Event: 4.521 Thread 0x0000017d4a977530 Uncommon trap: reason=class_check action=maybe_recompile pc=0x0000017d3d2cca9c method=java.io.BufferedInputStream.read1([BII)I @ 39 c2
Event: 4.521 Thread 0x0000017d4a977530 DEOPT PACKING pc=0x0000017d3d2cca9c sp=0x00000066ccdfc820
Event: 4.521 Thread 0x0000017d4a977530 DEOPT UNPACKING pc=0x0000017d3579239d sp=0x00000066ccdfc7d8 mode 2
Event: 4.534 Thread 0x0000017d4a977530 Uncommon trap: trap_request=0xffffffde fr.pc=0x0000017d3d2cca9c relative=0x000000000000055c
Event: 4.534 Thread 0x0000017d4a977530 Uncommon trap: reason=class_check action=maybe_recompile pc=0x0000017d3d2cca9c method=java.io.BufferedInputStream.read1([BII)I @ 39 c2
Event: 4.534 Thread 0x0000017d4a977530 DEOPT PACKING pc=0x0000017d3d2cca9c sp=0x00000066ccdfc6d0
Event: 4.534 Thread 0x0000017d4a977530 DEOPT UNPACKING pc=0x0000017d3579239d sp=0x00000066ccdfc688 mode 2

Classes unloaded (0 events):
No events

Classes redefined (0 events):
No events

Internal exceptions (20 events):
Event: 1.410 Thread 0x0000017d4ae19db0 Exception <a 'java/lang/NoSuchMethodError'{0x00000000c67d6e78}: 'void java.lang.invoke.DirectMethodHandle$Holder.invokeSpecial(java.lang.Object, java.lang.Object, java.lang.Object, java.lang.Object, java.lang.Object)'> (0x00000000c67d6e78) 
thrown [t:\workspace\open\src\hotspot\share\interpreter\linkResolver.cpp, line 766]
Event: 2.700 Thread 0x0000017d4ae19db0 Exception <a 'java/io/FileNotFoundException'{0x00000000c88b65b8}> (0x00000000c88b65b8) 
thrown [t:\workspace\open\src\hotspot\share\prims\jni.cpp, line 516]
Event: 2.768 Thread 0x0000017d4ae19db0 Exception <a 'java/io/FileNotFoundException'{0x00000000c86b1118}> (0x00000000c86b1118) 
thrown [t:\workspace\open\src\hotspot\share\prims\jni.cpp, line 516]
Event: 2.788 Thread 0x0000017d4ae19db0 Exception <a 'java/io/FileNotFoundException'{0x00000000c86ff760}> (0x00000000c86ff760) 
thrown [t:\workspace\open\src\hotspot\share\prims\jni.cpp, line 516]
Event: 2.796 Thread 0x0000017d4ae19db0 Exception <a 'java/io/FileNotFoundException'{0x00000000c8527780}> (0x00000000c8527780) 
thrown [t:\workspace\open\src\hotspot\share\prims\jni.cpp, line 516]
Event: 2.818 Thread 0x0000017d4ae19db0 Exception <a 'java/io/FileNotFoundException'{0x00000000c85a1668}> (0x00000000c85a1668) 
thrown [t:\workspace\open\src\hotspot\share\prims\jni.cpp, line 516]
Event: 2.823 Thread 0x0000017d4ae19db0 Exception <a 'java/io/FileNotFoundException'{0x00000000c85c3c98}> (0x00000000c85c3c98) 
thrown [t:\workspace\open\src\hotspot\share\prims\jni.cpp, line 516]
Event: 3.042 Thread 0x0000017d4ae19db0 Exception <a 'java/lang/NoSuchMethodError'{0x00000000c8c91ce8}: 'java.lang.Object java.lang.invoke.DirectMethodHandle$Holder.invokeInterface(java.lang.Object, java.lang.Object, java.lang.Object)'> (0x00000000c8c91ce8) 
thrown [t:\workspace\open\src\hotspot\share\interpreter\linkResolver.cpp, line 766]
Event: 3.042 Thread 0x0000017d4ae19db0 Exception <a 'java/lang/IncompatibleClassChangeError'{0x00000000c8c95670}: Found class java.lang.Object, but interface was expected> (0x00000000c8c95670) 
thrown [t:\workspace\open\src\hotspot\share\interpreter\linkResolver.cpp, line 833]
Event: 3.142 Thread 0x0000017d4ae19db0 Exception <a 'java/lang/ClassNotFoundException'{0x00000000c8afea80}: com/sun/javafx/scene/control/skin/resources/controls> (0x00000000c8afea80) 
thrown [t:\workspace\open\src\hotspot\share\prims\jni.cpp, line 535]
Event: 3.143 Thread 0x0000017d4ae19db0 Exception <a 'java/lang/ClassNotFoundException'{0x00000000c880f3a0}: com/sun/javafx/scene/control/skin/resources/controls_ru> (0x00000000c880f3a0) 
thrown [t:\workspace\open\src\hotspot\share\prims\jni.cpp, line 535]
Event: 3.144 Thread 0x0000017d4ae19db0 Exception <a 'java/lang/ClassNotFoundException'{0x00000000c8810d20}: com/sun/javafx/scene/control/skin/resources/controls_ru_RU> (0x00000000c8810d20) 
thrown [t:\workspace\open\src\hotspot\share\prims\jni.cpp, line 535]
Event: 3.163 Thread 0x0000017d4ae19db0 Implicit null exception at 0x0000017d3d2dbb58 to 0x0000017d3d2dbbee
Event: 3.167 Thread 0x0000017d4ae19db0 Implicit null exception at 0x0000017d3d2d7a11 to 0x0000017d3d2d7d88
Event: 3.188 Thread 0x0000017d4ae19db0 Implicit null exception at 0x0000017d3d2d3291 to 0x0000017d3d2d3614
Event: 3.188 Thread 0x0000017d4ae19db0 Implicit null exception at 0x0000017d3d2d670f to 0x0000017d3d2d6789
Event: 3.404 Thread 0x0000017d4ae19db0 Exception <a 'java/lang/NoSuchMethodError'{0x00000000c83fe278}: 'void java.lang.invoke.DirectMethodHandle$Holder.invokeSpecial(java.lang.Object, java.lang.Object, java.lang.Object, java.lang.Object, java.lang.Object, java.lang.Object)'> (0x00000000c83fe278) 
thrown [t:\workspace\open\src\hotspot\share\interpreter\linkResolver.cpp, line 766]
Event: 4.245 Thread 0x0000017d4ae19db0 Exception <a 'java/lang/NoSuchMethodError'{0x00000000c95ef040}: 'java.lang.Object java.lang.invoke.DirectMethodHandle$Holder.newInvokeSpecial(java.lang.Object, java.lang.Object, int)'> (0x00000000c95ef040) 
thrown [t:\workspace\open\src\hotspot\share\interpreter\linkResolver.cpp, line 766]
Event: 4.451 Thread 0x0000017d4a977530 Exception <a 'java/lang/NoSuchMethodError'{0x00000000c9c17610}: 'int java.lang.invoke.DirectMethodHandle$Holder.invokeStaticInit(java.lang.Object, java.lang.Object)'> (0x00000000c9c17610) 
thrown [t:\workspace\open\src\hotspot\share\interpreter\linkResolver.cpp, line 766]
Event: 4.474 Thread 0x0000017d4a977530 Exception <a 'java/lang/NoSuchMethodError'{0x00000000c9cb3c58}: 'java.lang.Object java.lang.invoke.DirectMethodHandle$Holder.invokeStaticInit(java.lang.Object, int)'> (0x00000000c9cb3c58) 
thrown [t:\workspace\open\src\hotspot\share\interpreter\linkResolver.cpp, line 766]

VM Operations (20 events):
Event: 3.165 Executing VM operation: HandshakeAllThreads
Event: 3.165 Executing VM operation: HandshakeAllThreads done
Event: 3.167 Executing VM operation: HandshakeAllThreads
Event: 3.167 Executing VM operation: HandshakeAllThreads done
Event: 3.405 Executing VM operation: ICBufferFull
Event: 3.405 Executing VM operation: ICBufferFull done
Event: 3.730 Executing VM operation: ICBufferFull
Event: 3.730 Executing VM operation: ICBufferFull done
Event: 4.115 Executing VM operation: G1CollectForAllocation
Event: 4.128 Executing VM operation: G1CollectForAllocation done
Event: 4.158 Executing VM operation: G1Concurrent
Event: 4.171 Executing VM operation: G1Concurrent done
Event: 4.186 Executing VM operation: G1Concurrent
Event: 4.186 Executing VM operation: G1Concurrent done
Event: 4.257 Executing VM operation: G1TryInitiateConcMark
Event: 4.268 Executing VM operation: G1TryInitiateConcMark done
Event: 4.304 Executing VM operation: G1Concurrent
Event: 4.307 Executing VM operation: G1Concurrent done
Event: 4.339 Executing VM operation: G1Concurrent
Event: 4.339 Executing VM operation: G1Concurrent done

Events (20 events):
Event: 4.296 loading class java/nio/HeapIntBuffer
Event: 4.296 loading class java/nio/HeapIntBuffer done
Event: 4.328 loading class java/util/EnumMap$Values
Event: 4.328 loading class java/util/EnumMap$Values done
Event: 4.329 loading class java/util/EnumMap$ValueIterator
Event: 4.329 loading class java/util/EnumMap$EnumMapIterator
Event: 4.329 loading class java/util/EnumMap$EnumMapIterator done
Event: 4.329 loading class java/util/EnumMap$ValueIterator done
Event: 4.492 loading class java/nio/DirectByteBuffer$Deallocator
Event: 4.492 loading class java/nio/DirectByteBuffer$Deallocator done
Event: 4.507 loading class java/nio/ShortBuffer
Event: 4.508 loading class java/nio/ShortBuffer done
Event: 4.508 loading class java/nio/DoubleBuffer
Event: 4.508 loading class java/nio/DoubleBuffer done
Event: 4.508 loading class java/nio/DirectFloatBufferU
Event: 4.508 loading class java/nio/DirectFloatBufferU done
Event: 4.628 loading class java/lang/Throwable$WrappedPrintStream
Event: 4.628 loading class java/lang/Throwable$PrintStreamOrWriter
Event: 4.628 loading class java/lang/Throwable$PrintStreamOrWriter done
Event: 4.628 loading class java/lang/Throwable$WrappedPrintStream done


Dynamic libraries:
0x00007ff6143e0000 - 0x00007ff6143f0000 	C:\Program Files\Java\jdk-17.0.2\bin\java.exe
0x00007ffb41090000 - 0x00007ffb41286000 	C:\Windows\SYSTEM32\ntdll.dll
0x00007ffb3fbe0000 - 0x00007ffb3fc9d000 	C:\Windows\System32\KERNEL32.DLL
0x00007ffb3ed70000 - 0x00007ffb3f039000 	C:\Windows\System32\KERNELBASE.dll
0x00007ffb3ec40000 - 0x00007ffb3ed40000 	C:\Windows\System32\ucrtbase.dll
0x00007ffb35260000 - 0x00007ffb35278000 	C:\Program Files\Java\jdk-17.0.2\bin\jli.dll
0x00007ffb358f0000 - 0x00007ffb3590a000 	C:\Program Files\Java\jdk-17.0.2\bin\VCRUNTIME140.dll
0x00007ffb3fca0000 - 0x00007ffb3fd4c000 	C:\Windows\System32\ADVAPI32.dll
0x00007ffb3ffd0000 - 0x00007ffb4006e000 	C:\Windows\System32\msvcrt.dll
0x00007ffb40480000 - 0x00007ffb4051c000 	C:\Windows\System32\sechost.dll
0x00007ffb3f0f0000 - 0x00007ffb3f21b000 	C:\Windows\System32\RPCRT4.dll
0x00007ffb40100000 - 0x00007ffb402a0000 	C:\Windows\System32\USER32.dll
0x00007ffb3ed40000 - 0x00007ffb3ed62000 	C:\Windows\System32\win32u.dll
0x00007ffb2a7b0000 - 0x00007ffb2aa4b000 	C:\Windows\WinSxS\amd64_microsoft.windows.common-controls_6595b64144ccf1df_6.0.19041.746_none_ca02b4b61b8320a4\COMCTL32.dll
0x00007ffb40450000 - 0x00007ffb4047a000 	C:\Windows\System32\GDI32.dll
0x00007ffb3e7d0000 - 0x00007ffb3e8db000 	C:\Windows\System32\gdi32full.dll
0x00007ffb3eba0000 - 0x00007ffb3ec3d000 	C:\Windows\System32\msvcp_win.dll
0x00007ffb37250000 - 0x00007ffb3725a000 	C:\Windows\SYSTEM32\VERSION.dll
0x00007ffb40e70000 - 0x00007ffb40ea0000 	C:\Windows\System32\IMM32.DLL
0x00007ffb36990000 - 0x00007ffb3699c000 	C:\Program Files\Java\jdk-17.0.2\bin\vcruntime140_1.dll
0x00007ffb26c60000 - 0x00007ffb26ced000 	C:\Program Files\Java\jdk-17.0.2\bin\msvcp140.dll
0x00007ffafdb60000 - 0x00007ffafe721000 	C:\Program Files\Java\jdk-17.0.2\bin\server\jvm.dll
0x00007ffb3fb00000 - 0x00007ffb3fb08000 	C:\Windows\System32\PSAPI.DLL
0x00007ffb399f0000 - 0x00007ffb399f9000 	C:\Windows\SYSTEM32\WSOCK32.dll
0x00007ffb2d1c0000 - 0x00007ffb2d1e7000 	C:\Windows\SYSTEM32\WINMM.dll
0x00007ffb3fe80000 - 0x00007ffb3feeb000 	C:\Windows\System32\WS2_32.dll
0x00007ffb3d0b0000 - 0x00007ffb3d0c2000 	C:\Windows\SYSTEM32\kernel.appcore.dll
0x00007ffb36830000 - 0x00007ffb3683a000 	C:\Program Files\Java\jdk-17.0.2\bin\jimage.dll
0x00007ffb3cdc0000 - 0x00007ffb3cfa4000 	C:\Windows\SYSTEM32\DBGHELP.DLL
0x00007ffb27f00000 - 0x00007ffb27f2c000 	C:\Windows\SYSTEM32\dbgcore.DLL
0x00007ffb3eb20000 - 0x00007ffb3eba0000 	C:\Windows\System32\bcryptPrimitives.dll
0x00007ffb2d430000 - 0x00007ffb2d455000 	C:\Program Files\Java\jdk-17.0.2\bin\java.dll
0x00007ffb125b0000 - 0x00007ffb12686000 	C:\Program Files\Java\jdk-17.0.2\bin\jsvml.dll
0x00007ffb3f280000 - 0x00007ffb3f9c3000 	C:\Windows\System32\SHELL32.dll
0x00007ffb3c630000 - 0x00007ffb3cdbf000 	C:\Windows\SYSTEM32\windows.storage.dll
0x00007ffb405d0000 - 0x00007ffb40926000 	C:\Windows\System32\combase.dll
0x00007ffb3e160000 - 0x00007ffb3e18c000 	C:\Windows\SYSTEM32\Wldp.dll
0x00007ffb40520000 - 0x00007ffb405ce000 	C:\Windows\System32\SHCORE.dll
0x00007ffb3f9d0000 - 0x00007ffb3fa25000 	C:\Windows\System32\shlwapi.dll
0x00007ffb3e700000 - 0x00007ffb3e726000 	C:\Windows\SYSTEM32\profapi.dll
0x00007ffb2d4a0000 - 0x00007ffb2d4b9000 	C:\Program Files\Java\jdk-17.0.2\bin\net.dll
0x00007ffb36fd0000 - 0x00007ffb370d0000 	C:\Windows\SYSTEM32\WINHTTP.dll
0x00007ffb3dee0000 - 0x00007ffb3df4a000 	C:\Windows\system32\mswsock.dll
0x00007ffb2d410000 - 0x00007ffb2d426000 	C:\Program Files\Java\jdk-17.0.2\bin\nio.dll
0x00007ffb351f0000 - 0x00007ffb35208000 	C:\Program Files\Java\jdk-17.0.2\bin\zip.dll
0x0000017d49960000 - 0x0000017d49963000 	C:\Users\Pavel\.openjfx\cache\19-ea+3\api-ms-win-core-console-l1-1-0.dll
0x0000017d49970000 - 0x0000017d49973000 	C:\Users\Pavel\.openjfx\cache\19-ea+3\api-ms-win-core-console-l1-2-0.dll
0x0000017d49980000 - 0x0000017d49983000 	C:\Users\Pavel\.openjfx\cache\19-ea+3\api-ms-win-core-datetime-l1-1-0.dll
0x0000017d49990000 - 0x0000017d49993000 	C:\Users\Pavel\.openjfx\cache\19-ea+3\api-ms-win-core-debug-l1-1-0.dll
0x0000017d499a0000 - 0x0000017d499a3000 	C:\Users\Pavel\.openjfx\cache\19-ea+3\api-ms-win-core-errorhandling-l1-1-0.dll
0x0000017d499b0000 - 0x0000017d499b4000 	C:\Users\Pavel\.openjfx\cache\19-ea+3\api-ms-win-core-file-l1-1-0.dll
0x0000017d499c0000 - 0x0000017d499c3000 	C:\Users\Pavel\.openjfx\cache\19-ea+3\api-ms-win-core-file-l1-2-0.dll
0x0000017d499d0000 - 0x0000017d499d3000 	C:\Users\Pavel\.openjfx\cache\19-ea+3\api-ms-win-core-file-l2-1-0.dll
0x0000017d499e0000 - 0x0000017d499e3000 	C:\Users\Pavel\.openjfx\cache\19-ea+3\api-ms-win-core-handle-l1-1-0.dll
0x0000017d499f0000 - 0x0000017d499f3000 	C:\Users\Pavel\.openjfx\cache\19-ea+3\api-ms-win-core-heap-l1-1-0.dll
0x0000017d49a00000 - 0x0000017d49a03000 	C:\Users\Pavel\.openjfx\cache\19-ea+3\api-ms-win-core-interlocked-l1-1-0.dll
0x0000017d49a10000 - 0x0000017d49a13000 	C:\Users\Pavel\.openjfx\cache\19-ea+3\api-ms-win-core-libraryloader-l1-1-0.dll
0x0000017d49a20000 - 0x0000017d49a23000 	C:\Users\Pavel\.openjfx\cache\19-ea+3\api-ms-win-core-localization-l1-2-0.dll
0x0000017d49a30000 - 0x0000017d49a33000 	C:\Users\Pavel\.openjfx\cache\19-ea+3\api-ms-win-core-memory-l1-1-0.dll
0x0000017d49a40000 - 0x0000017d49a43000 	C:\Users\Pavel\.openjfx\cache\19-ea+3\api-ms-win-core-namedpipe-l1-1-0.dll
0x0000017d49a50000 - 0x0000017d49a53000 	C:\Users\Pavel\.openjfx\cache\19-ea+3\api-ms-win-core-processenvironment-l1-1-0.dll
0x0000017d49a60000 - 0x0000017d49a63000 	C:\Users\Pavel\.openjfx\cache\19-ea+3\api-ms-win-core-processthreads-l1-1-0.dll
0x0000017d49a70000 - 0x0000017d49a73000 	C:\Users\Pavel\.openjfx\cache\19-ea+3\api-ms-win-core-processthreads-l1-1-1.dll
0x0000017d49a80000 - 0x0000017d49a83000 	C:\Users\Pavel\.openjfx\cache\19-ea+3\api-ms-win-core-profile-l1-1-0.dll
0x0000017d49a90000 - 0x0000017d49a93000 	C:\Users\Pavel\.openjfx\cache\19-ea+3\api-ms-win-core-rtlsupport-l1-1-0.dll
0x0000017d49aa0000 - 0x0000017d49aa3000 	C:\Users\Pavel\.openjfx\cache\19-ea+3\api-ms-win-core-string-l1-1-0.dll
0x0000017d49ab0000 - 0x0000017d49ab3000 	C:\Users\Pavel\.openjfx\cache\19-ea+3\api-ms-win-core-synch-l1-1-0.dll
0x0000017d49ac0000 - 0x0000017d49ac3000 	C:\Users\Pavel\.openjfx\cache\19-ea+3\api-ms-win-core-synch-l1-2-0.dll
0x0000017d49ad0000 - 0x0000017d49ad3000 	C:\Users\Pavel\.openjfx\cache\19-ea+3\api-ms-win-core-sysinfo-l1-1-0.dll
0x0000017d49ae0000 - 0x0000017d49ae3000 	C:\Users\Pavel\.openjfx\cache\19-ea+3\api-ms-win-core-timezone-l1-1-0.dll
0x0000017d49af0000 - 0x0000017d49af3000 	C:\Users\Pavel\.openjfx\cache\19-ea+3\api-ms-win-core-util-l1-1-0.dll
0x0000017d49b00000 - 0x0000017d49b03000 	C:\Users\Pavel\.openjfx\cache\19-ea+3\api-ms-win-crt-conio-l1-1-0.dll
0x0000017d49b10000 - 0x0000017d49b14000 	C:\Users\Pavel\.openjfx\cache\19-ea+3\api-ms-win-crt-convert-l1-1-0.dll
0x0000017d49b20000 - 0x0000017d49b23000 	C:\Users\Pavel\.openjfx\cache\19-ea+3\api-ms-win-crt-environment-l1-1-0.dll
0x0000017d49b30000 - 0x0000017d49b33000 	C:\Users\Pavel\.openjfx\cache\19-ea+3\api-ms-win-crt-filesystem-l1-1-0.dll
0x0000017d49b40000 - 0x0000017d49b43000 	C:\Users\Pavel\.openjfx\cache\19-ea+3\api-ms-win-crt-heap-l1-1-0.dll
0x0000017d49b50000 - 0x0000017d49b53000 	C:\Users\Pavel\.openjfx\cache\19-ea+3\api-ms-win-crt-locale-l1-1-0.dll
0x0000017d49b60000 - 0x0000017d49b65000 	C:\Users\Pavel\.openjfx\cache\19-ea+3\api-ms-win-crt-math-l1-1-0.dll
0x0000017d49b70000 - 0x0000017d49b75000 	C:\Users\Pavel\.openjfx\cache\19-ea+3\api-ms-win-crt-multibyte-l1-1-0.dll
0x0000017d49b80000 - 0x0000017d49b90000 	C:\Users\Pavel\.openjfx\cache\19-ea+3\api-ms-win-crt-private-l1-1-0.dll
0x0000017d49b90000 - 0x0000017d49b93000 	C:\Users\Pavel\.openjfx\cache\19-ea+3\api-ms-win-crt-process-l1-1-0.dll
0x0000017d49ba0000 - 0x0000017d49ba4000 	C:\Users\Pavel\.openjfx\cache\19-ea+3\api-ms-win-crt-runtime-l1-1-0.dll
0x0000017d49bb0000 - 0x0000017d49bb4000 	C:\Users\Pavel\.openjfx\cache\19-ea+3\api-ms-win-crt-stdio-l1-1-0.dll
0x0000017d49bc0000 - 0x0000017d49bc4000 	C:\Users\Pavel\.openjfx\cache\19-ea+3\api-ms-win-crt-string-l1-1-0.dll
0x0000017d49bd0000 - 0x0000017d49bd3000 	C:\Users\Pavel\.openjfx\cache\19-ea+3\api-ms-win-crt-time-l1-1-0.dll
0x0000017d49be0000 - 0x0000017d49be3000 	C:\Users\Pavel\.openjfx\cache\19-ea+3\api-ms-win-crt-utility-l1-1-0.dll
0x00007ffb0f6c0000 - 0x00007ffb0f7bc000 	C:\Users\Pavel\.openjfx\cache\19-ea+3\ucrtbase.dll
0x00007ffb2c8e0000 - 0x00007ffb2c8fa000 	C:\Users\Pavel\.openjfx\cache\19-ea+3\vcruntime140.dll
0x00007ffb2c8d0000 - 0x00007ffb2c8dc000 	C:\Users\Pavel\.openjfx\cache\19-ea+3\vcruntime140_1.dll
0x00007ffb25690000 - 0x00007ffb2571d000 	C:\Users\Pavel\.openjfx\cache\19-ea+3\msvcp140.dll
0x00007ffb285f0000 - 0x00007ffb2861c000 	C:\Users\Pavel\.openjfx\cache\19-ea+3\prism_d3d.dll
0x00007ffb06540000 - 0x00007ffb0670f000 	C:\Windows\system32\d3d9.dll
0x00007ffb3c0a0000 - 0x00007ffb3c0cf000 	C:\Windows\SYSTEM32\dwmapi.dll
0x00007ffb3b6f0000 - 0x00007ffb3b78e000 	C:\Windows\system32\uxtheme.dll
0x00007ffb08010000 - 0x00007ffb08172000 	C:\Windows\System32\DriverStore\FileRepository\iigd_dch.inf_amd64_9c1ab568b4fa57de\igdumdim64.dll
0x00007ffb31a50000 - 0x00007ffb31ba4000 	C:\Windows\System32\DriverStore\FileRepository\iigd_dch.inf_amd64_9c1ab568b4fa57de\igdgmm64.dll
0x00007ffb275a0000 - 0x00007ffb275e2000 	C:\Users\Pavel\.openjfx\cache\19-ea+3\glass.dll
0x00007ffb3fef0000 - 0x00007ffb3ffcb000 	C:\Windows\System32\COMDLG32.dll
0x00007ffb40320000 - 0x00007ffb4044a000 	C:\Windows\System32\ole32.dll
0x00007ffb3fb10000 - 0x00007ffb3fbdd000 	C:\Windows\System32\OLEAUT32.dll
0x00007ffb3fd50000 - 0x00007ffb3fe66000 	C:\Windows\System32\MSCTF.dll
0x00007ffaf9f40000 - 0x00007ffafdb59000 	C:\Windows\System32\DriverStore\FileRepository\iigd_dch.inf_amd64_9c1ab568b4fa57de\igd9dxva64.dll
0x00007ffb273f0000 - 0x00007ffb27412000 	C:\Windows\System32\DriverStore\FileRepository\iigd_dch.inf_amd64_9c1ab568b4fa57de\igdinfo64.dll
0x00007ffb2f6a0000 - 0x00007ffb31a1d000 	C:\Windows\System32\DriverStore\FileRepository\iigd_dch.inf_amd64_9c1ab568b4fa57de\igc64.dll
0x00007ffb337a0000 - 0x00007ffb337db000 	C:\Windows\SYSTEM32\dxcore.dll
0x00007ffb3e940000 - 0x00007ffb3e98e000 	C:\Windows\System32\cfgmgr32.dll
0x00007ffb29af0000 - 0x00007ffb29b04000 	C:\Users\Pavel\.openjfx\cache\19-ea+3\javafx_font.dll
0x00007ffb2d960000 - 0x00007ffb2dbdf000 	C:\Windows\SYSTEM32\dwrite.dll
0x00007ffb3fa50000 - 0x00007ffb3faf9000 	C:\Windows\System32\clbcatq.dll
0x00007ffb35960000 - 0x00007ffb35b14000 	C:\Windows\SYSTEM32\WindowsCodecs.dll
0x00007ffb3e990000 - 0x00007ffb3e9b7000 	C:\Windows\System32\bcrypt.dll
0x00007ffb19bd0000 - 0x00007ffb19c0e000 	C:\Windows\system32\dataexchange.dll
0x00007ffb3a030000 - 0x00007ffb3a294000 	C:\Windows\system32\d3d11.dll
0x00007ffb3aaa0000 - 0x00007ffb3ac87000 	C:\Windows\system32\dcomp.dll
0x00007ffb3d120000 - 0x00007ffb3d213000 	C:\Windows\system32\dxgi.dll
0x00007ffb35e40000 - 0x00007ffb36041000 	C:\Windows\system32\twinapi.appcore.dll
0x00007ffb27380000 - 0x00007ffb273b4000 	C:\Program Files\Common Files\Microsoft Shared\Ink\rtscom.dll
0x00007ffb31d30000 - 0x00007ffb31e2b000 	C:\Windows\SYSTEM32\textinputframework.dll
0x00007ffb3b010000 - 0x00007ffb3b36e000 	C:\Windows\System32\CoreUIComponents.dll
0x00007ffb3b370000 - 0x00007ffb3b462000 	C:\Windows\System32\CoreMessaging.dll
0x00007ffb3d510000 - 0x00007ffb3d543000 	C:\Windows\SYSTEM32\ntmarta.dll
0x00007ffb3a940000 - 0x00007ffb3aa94000 	C:\Windows\SYSTEM32\wintypes.dll
0x00007ffb3a2a0000 - 0x00007ffb3a860000 	C:\Windows\SYSTEM32\d2d1.dll
0x00007ffb337e0000 - 0x00007ffb33ed6000 	C:\Windows\SYSTEM32\D3D10Warp.dll

dbghelp: loaded successfully - version: 4.0.5 - missing functions: none
symbol engine: initialized successfully - sym options: 0x614 - pdb path: .;C:\Program Files\Java\jdk-17.0.2\bin;C:\Windows\SYSTEM32;C:\Windows\WinSxS\amd64_microsoft.windows.common-controls_6595b64144ccf1df_6.0.19041.746_none_ca02b4b61b8320a4;C:\Program Files\Java\jdk-17.0.2\bin\server;C:\Users\Pavel\.openjfx\cache\19-ea+3;C:\Windows\System32\DriverStore\FileRepository\iigd_dch.inf_amd64_9c1ab568b4fa57de;C:\Program Files\Common Files\Microsoft Shared\Ink

VM Arguments:
jvm_args: --module-path=C:\Users\Pavel\.m2\repository\org\openjfx\javafx-base\19-ea+3\javafx-base-19-ea+3-win.jar;C:\Users\Pavel\.m2\repository\org\openjfx\javafx-base\19-ea+3\javafx-base-19-ea+3.jar;C:\Users\Pavel\.m2\repository\org\openjfx\javafx-controls\19-ea+3\javafx-controls-19-ea+3-win.jar;C:\Users\Pavel\.m2\repository\org\openjfx\javafx-controls\19-ea+3\javafx-controls-19-ea+3.jar;C:\Users\Pavel\.m2\repository\org\openjfx\javafx-fxml\19-ea+3\javafx-fxml-19-ea+3-win.jar;C:\Users\Pavel\.m2\repository\org\openjfx\javafx-fxml\19-ea+3\javafx-fxml-19-ea+3.jar;C:\Users\Pavel\.m2\repository\org\openjfx\javafx-graphics\19-ea+3\javafx-graphics-19-ea+3-win.jar;C:\Users\Pavel\.m2\repository\org\openjfx\javafx-graphics\19-ea+3\javafx-graphics-19-ea+3.jar;C:\Users\Pavel\.m2\repository\org\openjfx\javafx-media\19-ea+3\javafx-media-19-ea+3-win.jar;C:\Users\Pavel\.m2\repository\org\openjfx\javafx-media\19-ea+3\javafx-media-19-ea+3.jar;C:\Users\Pavel\.m2\repository\org\openjfx\javafx-swing\19-ea+3\javafx-swing-19-ea+3-win.jar;C:\Users\Pavel\.m2\repository\org\openjfx\javafx-swing\19-ea+3\javafx-swing-19-ea+3.jar;C:\Users\Pavel\.m2\repository\org\openjfx\javafx-web\19-ea+3\javafx-web-19-ea+3-win.jar;C:\Users\Pavel\.m2\repository\org\openjfx\javafx-web\19-ea+3\javafx-web-19-ea+3.jar --add-modules=javafx.base,javafx.controls,javafx.fxml,javafx.graphics,javafx.media,javafx.swing,javafx.web 
java_command: com.lifehouse.raceth.Main
java_class_path (initial): C:\Users\Pavel\IdeaProjects\RaceTH\target\classes;C:\Users\Pavel\.m2\repository\antlr\antlr\2.7.7\antlr-2.7.7.jar;C:\Users\Pavel\.m2\repository\com\fasterxml\classmate\1.5.1\classmate-1.5.1.jar;C:\Users\Pavel\.m2\repository\com\sun\istack\istack-commons-runtime\3.0.7\istack-commons-runtime-3.0.7.jar;C:\Users\Pavel\.m2\repository\com\sun\xml\fastinfoset\FastInfoset\1.2.15\FastInfoset-1.2.15.jar;C:\Users\Pavel\.m2\repository\javax\activation\javax.activation-api\1.2.0\javax.activation-api-1.2.0.jar;C:\Users\Pavel\.m2\repository\javax\persistence\javax.persistence-api\2.2\javax.persistence-api-2.2.jar;C:\Users\Pavel\.m2\repository\javax\xml\bind\jaxb-api\2.3.1\jaxb-api-2.3.1.jar;C:\Users\Pavel\.m2\repository\net\bytebuddy\byte-buddy\1.12.7\byte-buddy-1.12.7.jar;C:\Users\Pavel\.m2\repository\org\checkerframework\checker-qual\3.5.0\checker-qual-3.5.0.jar;C:\Users\Pavel\.m2\repository\org\glassfish\jaxb\jaxb-runtime\2.3.1\jaxb-runtime-2.3.1.jar;C:\Users\Pavel\.m2\repository\org\glassfish\jaxb\txw2\2.3.1\txw2-2.3.1.jar;C:\Users\Pavel\.m2\repository\org\hibernate\hibernate-core\5.6.5.Final\hibernate-core-5.6.5.Final.jar;C:\Users\Pavel\.m2\repository\org\hibernate\common\hibernate-commons-annotations\5.1.2.Final\hibernate-commons-annotations-5.1.2.Final.jar;C:\Users\Pavel\.m2\repository\org\jboss\jandex\2.4.2.Final\jandex-2.4.2.Final.jar;C:\Users\Pavel\.m2\repository\org\jboss\logging\jboss-logging\3.4.3.Final\jboss-logging-3.4.3.Final.jar;C:\Users\Pavel\.m2\repository\org\jboss\spec\javax\transaction\jboss-transaction-api_1.2_spec\1.1.1.Final\jboss-transaction-api_1.2_spec-1.1.1.Final.jar;C:\Users\Pavel\.m2\repository\org\jvnet\staxex\stax-ex\1.8\stax-ex-1.8.jar;C:\Users\Pavel\.m2\repository\org\postgresql\postgresql\42.3.3\postgresql-42.3.3.jar;C:\Users\Pavel\.m2\repository\org\projectlombok\lombok\1.18.22\lombok-1.18.22.jar
Launcher Type: SUN_STANDARD

[Global flags]
     intx CICompilerCount                          = 3                                         {product} {ergonomic}
     uint ConcGCThreads                            = 1                                         {product} {ergonomic}
     uint G1ConcRefinementThreads                  = 4                                         {product} {ergonomic}
   size_t G1HeapRegionSize                         = 1048576                                   {product} {ergonomic}
    uintx GCDrainStackTargetSize                   = 64                                        {product} {ergonomic}
   size_t InitialHeapSize                          = 65011712                                  {product} {ergonomic}
   size_t MarkStackSize                            = 4194304                                   {product} {ergonomic}
   size_t MaxHeapSize                              = 1027604480                                {product} {ergonomic}
   size_t MaxNewSize                               = 616562688                                 {product} {ergonomic}
   size_t MinHeapDeltaBytes                        = 1048576                                   {product} {ergonomic}
   size_t MinHeapSize                              = 8388608                                   {product} {ergonomic}
    uintx NonNMethodCodeHeapSize                   = 5832780                                {pd product} {ergonomic}
    uintx NonProfiledCodeHeapSize                  = 122912730                              {pd product} {ergonomic}
    uintx ProfiledCodeHeapSize                     = 122912730                              {pd product} {ergonomic}
    uintx ReservedCodeCacheSize                    = 251658240                              {pd product} {ergonomic}
     bool SegmentedCodeCache                       = true                                      {product} {ergonomic}
   size_t SoftMaxHeapSize                          = 1027604480                             {manageable} {ergonomic}
     bool UseCompressedClassPointers               = true                           {product lp64_product} {ergonomic}
     bool UseCompressedOops                        = true                           {product lp64_product} {ergonomic}
     bool UseG1GC                                  = true                                      {product} {ergonomic}
     bool UseLargePagesIndividualAllocation        = false                                  {pd product} {ergonomic}

Logging:
Log output configuration:
 #0: stdout all=warning uptime,level,tags
 #1: stderr all=off uptime,level,tags

Environment Variables:
PATH=C:\Program Files\Common Files\Oracle\Java\javapath;C:\Program Files (x86)\Common Files\Oracle\Java\javapath;C:\Program Files (x86)\Intel\TXE Components\iCLS\;C:\Program Files\Intel\TXE Components\iCLS\;C:\Windows\system32;C:\Windows;C:\Windows\System32\Wbem;C:\Windows\System32\WindowsPowerShell\v1.0\;C:\Windows\System32\OpenSSH\;C:\Program Files\Intel\TXE Components\DAL\;C:\Program Files (x86)\Intel\TXE Components\DAL\;C:\Program Files\Intel\TXE Components\IPT\;C:\Program Files (x86)\Intel\TXE Components\IPT\;C:\Program Files\dotnet\;C:\Program Files\Microsoft SQL Server\130\Tools\Binn\;C:\Program Files\Microsoft SQL Server\Client SDK\ODBC\170\Tools\Binn\;C:\Program Files\Git\cmd;C:\Program Files\MySQL\MySQL Shell 8.0\bin\;C:\Users\Pavel\AppData\Local\Programs\Python\Python39\Scripts\;C:\Users\Pavel\AppData\Local\Programs\Python\Python39\;C:\Users\Pavel\AppData\Local\Microsoft\WindowsApps;C:\Users\Pavel\.dotnet\tools;C:\Windows\Microsoft.NET\Framework\v4.0.30319;;C:\Program Files\JetBrains\IntelliJ IDEA Community Edition 2021.3.2\bin;
USERNAME=Pavel
OS=Windows_NT
PROCESSOR_IDENTIFIER=Intel64 Family 6 Model 122 Stepping 1, GenuineIntel



---------------  S Y S T E M  ---------------

OS:
 Windows 10 , 64 bit Build 19041 (10.0.19041.662)
OS uptime: 0 days 4:59 hours

CPU: total 4 (initial active 4) (4 cores per cpu, 1 threads per core) family 6 model 122 stepping 1 microcode 0x32, cx8, cmov, fxsr, mmx, 3dnowpref, sse, sse2, sse3, ssse3, sse4.1, sse4.2, popcnt, tsc, tscinvbit, aes, erms, clmul, sha, clflush, clflushopt

Memory: 4k page, system-wide physical 3919M (315M free)
TotalPageFile size 5967M (AvailPageFile size 4M)
current process WorkingSet (physical memory assigned to process): 224M, peak: 224M
current process commit charge ("private bytes"): 280M, peak: 282M

vm_info: Java HotSpot(TM) 64-Bit Server VM (17.0.2+8-LTS-86) for windows-amd64 JRE (17.0.2+8-LTS-86), built on Dec  7 2021 21:51:03 by "mach5one" with MS VC++ 16.8 / 16.9 (VS2019)

END.
