#
# There is insufficient memory for the Java Runtime Environment to continue.
# Native memory allocation (malloc) failed to allocate 1048576 bytes for AllocateHeap
# Possible reasons:
#   The system is out of physical RAM or swap space
#   The process is running with CompressedOops enabled, and the Java Heap may be blocking the growth of the native heap
# Possible solutions:
#   Reduce memory load on the system
#   Increase physical memory or swap space
#   Check if swap backing store is full
#   Decrease Java heap size (-Xmx/-Xms)
#   Decrease number of Java threads
#   Decrease Java thread stack sizes (-Xss)
#   Set larger code cache with -XX:ReservedCodeCacheSize=
#   JVM is running with Unscaled Compressed Oops mode in which the Java heap is
#     placed in the first 4GB address space. The Java Heap base address is the
#     maximum limit for the native heap growth. Please use -XX:HeapBaseMinAddress
#     to set the Java Heap base and to place the Java Heap above 4GB virtual address.
# This output file may be truncated or incomplete.
#
#  Out of Memory Error (allocation.cpp:44), pid=1976, tid=4352
#
# JRE version:  (17.0.2+8) (build )
# Java VM: Java HotSpot(TM) 64-Bit Server VM (17.0.2+8-LTS-86, mixed mode, sharing, tiered, compressed oops, compressed class ptrs, g1 gc, windows-amd64)
# No core dump will be written. Minidumps are not enabled by default on client versions of Windows
#

---------------  S U M M A R Y ------------

Command Line: --module-path=C:\Users\Pavel\.m2\repository\org\openjfx\javafx-base\19-ea+3\javafx-base-19-ea+3-win.jar;C:\Users\Pavel\.m2\repository\org\openjfx\javafx-base\19-ea+3\javafx-base-19-ea+3.jar;C:\Users\Pavel\.m2\repository\org\openjfx\javafx-controls\19-ea+3\javafx-controls-19-ea+3-win.jar;C:\Users\Pavel\.m2\repository\org\openjfx\javafx-controls\19-ea+3\javafx-controls-19-ea+3.jar;C:\Users\Pavel\.m2\repository\org\openjfx\javafx-fxml\19-ea+3\javafx-fxml-19-ea+3-win.jar;C:\Users\Pavel\.m2\repository\org\openjfx\javafx-fxml\19-ea+3\javafx-fxml-19-ea+3.jar;C:\Users\Pavel\.m2\repository\org\openjfx\javafx-graphics\19-ea+3\javafx-graphics-19-ea+3-win.jar;C:\Users\Pavel\.m2\repository\org\openjfx\javafx-graphics\19-ea+3\javafx-graphics-19-ea+3.jar;C:\Users\Pavel\.m2\repository\org\openjfx\javafx-media\19-ea+3\javafx-media-19-ea+3-win.jar;C:\Users\Pavel\.m2\repository\org\openjfx\javafx-media\19-ea+3\javafx-media-19-ea+3.jar;C:\Users\Pavel\.m2\repository\org\openjfx\javafx-swing\19-ea+3\javafx-swing-19-ea+3-win.jar;C:\Users\Pavel\.m2\repository\org\openjfx\javafx-swing\19-ea+3\javafx-swing-19-ea+3.jar;C:\Users\Pavel\.m2\repository\org\openjfx\javafx-web\19-ea+3\javafx-web-19-ea+3-win.jar;C:\Users\Pavel\.m2\repository\org\openjfx\javafx-web\19-ea+3\javafx-web-19-ea+3.jar --add-modules=javafx.base,javafx.controls,javafx.fxml,javafx.graphics,javafx.media,javafx.swing,javafx.web com.lifehouse.raceth.Main

Host: Intel(R) Pentium(R) Silver N5000 CPU @ 1.10GHz, 4 cores, 3G,  Windows 10 , 64 bit Build 19041 (10.0.19041.662)
Time: Sat Apr 23 15:19:29 2022 RTZ 2 (s 10 , 64 bit Build 19041 (10.0.19041.662) elapsed time: 0.019966 seconds (0d 0h 0m 0s)

---------------  T H R E A D  ---------------

Current thread (0x0000022d35384070):  JavaThread "Unknown thread" [_thread_in_vm, id=4352, stack(0x0000006fe9b00000,0x0000006fe9c00000)]

Stack: [0x0000006fe9b00000,0x0000006fe9c00000]
Native frames: (J=compiled Java code, j=interpreted, Vv=VM code, C=native code)
V  [jvm.dll+0x670baa]
V  [jvm.dll+0x7cfcb4]
V  [jvm.dll+0x7d145e]
V  [jvm.dll+0x7d1ac3]
V  [jvm.dll+0x242bc5]
V  [jvm.dll+0xa4b93]
V  [jvm.dll+0x2e0f37]
V  [jvm.dll+0x2d8e0b]
V  [jvm.dll+0x7a18c1]
V  [jvm.dll+0x365a91]
V  [jvm.dll+0x780d2c]
V  [jvm.dll+0x3e845f]
V  [jvm.dll+0x3e9f01]
C  [jli.dll+0x527b]
C  [ucrtbase.dll+0x214c2]
C  [KERNEL32.DLL+0x17034]
C  [ntdll.dll+0x4d0d1]


---------------  P R O C E S S  ---------------

Threads class SMR info:
_java_thread_list=0x00007ffafe5f9858, length=0, elements={
}

Java Threads: ( => current thread )

Other Threads:
  0x0000022d353b2550 GCTaskThread "GC Thread#0" [stack: 0x0000006fe9c00000,0x0000006fe9d00000] [id=4772]

[error occurred during error reporting (printing all threads), id 0xc0000005, EXCEPTION_ACCESS_VIOLATION (0xc0000005) at pc=0x00007ffafde45e80]

VM state: not at safepoint (not fully initialized)

VM Mutex/Monitor currently owned by a thread:  ([mutex/lock_event])
[0x0000022d3537fe20] Heap_lock - owner thread: 0x0000022d35384070

Heap address: 0x00000000c2c00000, size: 980 MB, Compressed Oops mode: 32-bit

CDS archive(s) mapped at: [0x0000000000000000-0x0000000000000000-0x0000000000000000), size 0, SharedBaseAddress: 0x0000000800000000, ArchiveRelocationMode: 0.
Narrow klass base: 0x0000000000000000, Narrow klass shift: 0, Narrow klass range: 0x0

GC Precious Log:
<Empty>

Heap:
 garbage-first heap   total 0K, used 0K [0x00000000c2c00000, 0x0000000100000000)
  region size 1024K, 0 young (0K), 0 survivors (0K)

[error occurred during error reporting (printing heap information), id 0xc0000005, EXCEPTION_ACCESS_VIOLATION (0xc0000005) at pc=0x00007ffafe229f19]

GC Heap History (0 events):
No events

Deoptimization events (0 events):
No events

Classes unloaded (0 events):
No events

Classes redefined (0 events):
No events

Internal exceptions (0 events):
No events

VM Operations (0 events):
No events

Events (1 events):
Event: 0.012 Loaded shared library C:\Program Files\Java\jdk-17.0.2\bin\java.dll


Dynamic libraries:
0x00007ff6143e0000 - 0x00007ff6143f0000 	C:\Program Files\Java\jdk-17.0.2\bin\java.exe
0x00007ffb41090000 - 0x00007ffb41286000 	C:\Windows\SYSTEM32\ntdll.dll
0x00007ffb3fbe0000 - 0x00007ffb3fc9d000 	C:\Windows\System32\KERNEL32.DLL
0x00007ffb3ed70000 - 0x00007ffb3f039000 	C:\Windows\System32\KERNELBASE.dll
0x00007ffb3ec40000 - 0x00007ffb3ed40000 	C:\Windows\System32\ucrtbase.dll
0x00007ffb358f0000 - 0x00007ffb3590a000 	C:\Program Files\Java\jdk-17.0.2\bin\VCRUNTIME140.dll
0x00007ffb35260000 - 0x00007ffb35278000 	C:\Program Files\Java\jdk-17.0.2\bin\jli.dll
0x00007ffb3fca0000 - 0x00007ffb3fd4c000 	C:\Windows\System32\ADVAPI32.dll
0x00007ffb3ffd0000 - 0x00007ffb4006e000 	C:\Windows\System32\msvcrt.dll
0x00007ffb40480000 - 0x00007ffb4051c000 	C:\Windows\System32\sechost.dll
0x00007ffb3f0f0000 - 0x00007ffb3f21b000 	C:\Windows\System32\RPCRT4.dll
0x00007ffb40100000 - 0x00007ffb402a0000 	C:\Windows\System32\USER32.dll
0x00007ffb3ed40000 - 0x00007ffb3ed62000 	C:\Windows\System32\win32u.dll
0x00007ffb40450000 - 0x00007ffb4047a000 	C:\Windows\System32\GDI32.dll
0x00007ffb3e7d0000 - 0x00007ffb3e8db000 	C:\Windows\System32\gdi32full.dll
0x00007ffb2a7b0000 - 0x00007ffb2aa4b000 	C:\Windows\WinSxS\amd64_microsoft.windows.common-controls_6595b64144ccf1df_6.0.19041.746_none_ca02b4b61b8320a4\COMCTL32.dll
0x00007ffb3eba0000 - 0x00007ffb3ec3d000 	C:\Windows\System32\msvcp_win.dll
0x00007ffb37250000 - 0x00007ffb3725a000 	C:\Windows\SYSTEM32\VERSION.dll
0x00007ffb40e70000 - 0x00007ffb40ea0000 	C:\Windows\System32\IMM32.DLL
0x00007ffb36990000 - 0x00007ffb3699c000 	C:\Program Files\Java\jdk-17.0.2\bin\vcruntime140_1.dll
0x00007ffb25690000 - 0x00007ffb2571d000 	C:\Program Files\Java\jdk-17.0.2\bin\msvcp140.dll
0x00007ffafdb60000 - 0x00007ffafe721000 	C:\Program Files\Java\jdk-17.0.2\bin\server\jvm.dll
0x00007ffb3fb00000 - 0x00007ffb3fb08000 	C:\Windows\System32\PSAPI.DLL
0x00007ffb399f0000 - 0x00007ffb399f9000 	C:\Windows\SYSTEM32\WSOCK32.dll
0x00007ffb3fe80000 - 0x00007ffb3feeb000 	C:\Windows\System32\WS2_32.dll
0x00007ffb2d1c0000 - 0x00007ffb2d1e7000 	C:\Windows\SYSTEM32\WINMM.dll
0x00007ffb3d0b0000 - 0x00007ffb3d0c2000 	C:\Windows\SYSTEM32\kernel.appcore.dll
0x00007ffb36830000 - 0x00007ffb3683a000 	C:\Program Files\Java\jdk-17.0.2\bin\jimage.dll
0x00007ffb3cdc0000 - 0x00007ffb3cfa4000 	C:\Windows\SYSTEM32\DBGHELP.DLL
0x00007ffb27f00000 - 0x00007ffb27f2c000 	C:\Windows\SYSTEM32\dbgcore.DLL
0x00007ffb3eb20000 - 0x00007ffb3eba0000 	C:\Windows\System32\bcryptPrimitives.dll
0x00007ffb2d520000 - 0x00007ffb2d545000 	C:\Program Files\Java\jdk-17.0.2\bin\java.dll

dbghelp: loaded successfully - version: 4.0.5 - missing functions: none
symbol engine: initialized successfully - sym options: 0x614 - pdb path: .;C:\Program Files\Java\jdk-17.0.2\bin;C:\Windows\SYSTEM32;C:\Windows\WinSxS\amd64_microsoft.windows.common-controls_6595b64144ccf1df_6.0.19041.746_none_ca02b4b61b8320a4;C:\Program Files\Java\jdk-17.0.2\bin\server

VM Arguments:
jvm_args: --module-path=C:\Users\Pavel\.m2\repository\org\openjfx\javafx-base\19-ea+3\javafx-base-19-ea+3-win.jar;C:\Users\Pavel\.m2\repository\org\openjfx\javafx-base\19-ea+3\javafx-base-19-ea+3.jar;C:\Users\Pavel\.m2\repository\org\openjfx\javafx-controls\19-ea+3\javafx-controls-19-ea+3-win.jar;C:\Users\Pavel\.m2\repository\org\openjfx\javafx-controls\19-ea+3\javafx-controls-19-ea+3.jar;C:\Users\Pavel\.m2\repository\org\openjfx\javafx-fxml\19-ea+3\javafx-fxml-19-ea+3-win.jar;C:\Users\Pavel\.m2\repository\org\openjfx\javafx-fxml\19-ea+3\javafx-fxml-19-ea+3.jar;C:\Users\Pavel\.m2\repository\org\openjfx\javafx-graphics\19-ea+3\javafx-graphics-19-ea+3-win.jar;C:\Users\Pavel\.m2\repository\org\openjfx\javafx-graphics\19-ea+3\javafx-graphics-19-ea+3.jar;C:\Users\Pavel\.m2\repository\org\openjfx\javafx-media\19-ea+3\javafx-media-19-ea+3-win.jar;C:\Users\Pavel\.m2\repository\org\openjfx\javafx-media\19-ea+3\javafx-media-19-ea+3.jar;C:\Users\Pavel\.m2\repository\org\openjfx\javafx-swing\19-ea+3\javafx-swing-19-ea+3-win.jar;C:\Users\Pavel\.m2\repository\org\openjfx\javafx-swing\19-ea+3\javafx-swing-19-ea+3.jar;C:\Users\Pavel\.m2\repository\org\openjfx\javafx-web\19-ea+3\javafx-web-19-ea+3-win.jar;C:\Users\Pavel\.m2\repository\org\openjfx\javafx-web\19-ea+3\javafx-web-19-ea+3.jar --add-modules=javafx.base,javafx.controls,javafx.fxml,javafx.graphics,javafx.media,javafx.swing,javafx.web 
java_command: com.lifehouse.raceth.Main
java_class_path (initial): C:\Users\Pavel\IdeaProjects\RaceTH\target\classes;C:\Users\Pavel\.m2\repository\antlr\antlr\2.7.7\antlr-2.7.7.jar;C:\Users\Pavel\.m2\repository\com\fasterxml\classmate\1.5.1\classmate-1.5.1.jar;C:\Users\Pavel\.m2\repository\com\sun\istack\istack-commons-runtime\3.0.7\istack-commons-runtime-3.0.7.jar;C:\Users\Pavel\.m2\repository\com\sun\xml\fastinfoset\FastInfoset\1.2.15\FastInfoset-1.2.15.jar;C:\Users\Pavel\.m2\repository\javax\activation\javax.activation-api\1.2.0\javax.activation-api-1.2.0.jar;C:\Users\Pavel\.m2\repository\javax\persistence\javax.persistence-api\2.2\javax.persistence-api-2.2.jar;C:\Users\Pavel\.m2\repository\javax\xml\bind\jaxb-api\2.3.1\jaxb-api-2.3.1.jar;C:\Users\Pavel\.m2\repository\net\bytebuddy\byte-buddy\1.12.7\byte-buddy-1.12.7.jar;C:\Users\Pavel\.m2\repository\org\checkerframework\checker-qual\3.5.0\checker-qual-3.5.0.jar;C:\Users\Pavel\.m2\repository\org\glassfish\jaxb\jaxb-runtime\2.3.1\jaxb-runtime-2.3.1.jar;C:\Users\Pavel\.m2\repository\org\glassfish\jaxb\txw2\2.3.1\txw2-2.3.1.jar;C:\Users\Pavel\.m2\repository\org\hibernate\hibernate-core\5.6.5.Final\hibernate-core-5.6.5.Final.jar;C:\Users\Pavel\.m2\repository\org\hibernate\common\hibernate-commons-annotations\5.1.2.Final\hibernate-commons-annotations-5.1.2.Final.jar;C:\Users\Pavel\.m2\repository\org\jboss\jandex\2.4.2.Final\jandex-2.4.2.Final.jar;C:\Users\Pavel\.m2\repository\org\jboss\logging\jboss-logging\3.4.3.Final\jboss-logging-3.4.3.Final.jar;C:\Users\Pavel\.m2\repository\org\jboss\spec\javax\transaction\jboss-transaction-api_1.2_spec\1.1.1.Final\jboss-transaction-api_1.2_spec-1.1.1.Final.jar;C:\Users\Pavel\.m2\repository\org\jvnet\staxex\stax-ex\1.8\stax-ex-1.8.jar;C:\Users\Pavel\.m2\repository\org\postgresql\postgresql\42.3.3\postgresql-42.3.3.jar;C:\Users\Pavel\.m2\repository\org\projectlombok\lombok\1.18.22\lombok-1.18.22.jar
Launcher Type: SUN_STANDARD

[Global flags]
     intx CICompilerCount                          = 3                                         {product} {ergonomic}
     uint ConcGCThreads                            = 1                                         {product} {ergonomic}
     uint G1ConcRefinementThreads                  = 4                                         {product} {ergonomic}
   size_t G1HeapRegionSize                         = 1048576                                   {product} {ergonomic}
    uintx GCDrainStackTargetSize                   = 64                                        {product} {ergonomic}
   size_t InitialHeapSize                          = 65011712                                  {product} {ergonomic}
   size_t MarkStackSize                            = 4194304                                   {product} {ergonomic}
   size_t MaxHeapSize                              = 1027604480                                {product} {ergonomic}
   size_t MinHeapDeltaBytes                        = 1048576                                   {product} {ergonomic}
   size_t MinHeapSize                              = 8388608                                   {product} {ergonomic}
    uintx NonNMethodCodeHeapSize                   = 5832780                                {pd product} {ergonomic}
    uintx NonProfiledCodeHeapSize                  = 122912730                              {pd product} {ergonomic}
    uintx ProfiledCodeHeapSize                     = 122912730                              {pd product} {ergonomic}
    uintx ReservedCodeCacheSize                    = 251658240                              {pd product} {ergonomic}
     bool SegmentedCodeCache                       = true                                      {product} {ergonomic}
   size_t SoftMaxHeapSize                          = 1027604480                             {manageable} {ergonomic}
     bool UseCompressedClassPointers               = true                           {product lp64_product} {ergonomic}
     bool UseCompressedOops                        = true                           {product lp64_product} {ergonomic}
     bool UseG1GC                                  = true                                      {product} {ergonomic}
     bool UseLargePagesIndividualAllocation        = false                                  {pd product} {ergonomic}

Logging:
Log output configuration:
 #0: stdout all=warning uptime,level,tags
 #1: stderr all=off uptime,level,tags

Environment Variables:
PATH=C:\Program Files\Common Files\Oracle\Java\javapath;C:\Program Files (x86)\Common Files\Oracle\Java\javapath;C:\Program Files (x86)\Intel\TXE Components\iCLS\;C:\Program Files\Intel\TXE Components\iCLS\;C:\Windows\system32;C:\Windows;C:\Windows\System32\Wbem;C:\Windows\System32\WindowsPowerShell\v1.0\;C:\Windows\System32\OpenSSH\;C:\Program Files\Intel\TXE Components\DAL\;C:\Program Files (x86)\Intel\TXE Components\DAL\;C:\Program Files\Intel\TXE Components\IPT\;C:\Program Files (x86)\Intel\TXE Components\IPT\;C:\Program Files\dotnet\;C:\Program Files\Microsoft SQL Server\130\Tools\Binn\;C:\Program Files\Microsoft SQL Server\Client SDK\ODBC\170\Tools\Binn\;C:\Program Files\Git\cmd;C:\Program Files\MySQL\MySQL Shell 8.0\bin\;C:\Users\Pavel\AppData\Local\Programs\Python\Python39\Scripts\;C:\Users\Pavel\AppData\Local\Programs\Python\Python39\;C:\Users\Pavel\AppData\Local\Microsoft\WindowsApps;C:\Users\Pavel\.dotnet\tools;C:\Windows\Microsoft.NET\Framework\v4.0.30319;;C:\Program Files\JetBrains\IntelliJ IDEA Community Edition 2021.3.2\bin;
USERNAME=Pavel
OS=Windows_NT
PROCESSOR_IDENTIFIER=Intel64 Family 6 Model 122 Stepping 1, GenuineIntel



---------------  S Y S T E M  ---------------

OS:
 Windows 10 , 64 bit Build 19041 (10.0.19041.662)
OS uptime: 0 days 5:04 hours

CPU: total 4 (initial active 4) (4 cores per cpu, 1 threads per core) family 6 model 122 stepping 1 microcode 0x32, cx8, cmov, fxsr, mmx, 3dnowpref, sse, sse2, sse3, ssse3, sse4.1, sse4.2, popcnt, tsc, tscinvbit, aes, erms, clmul, sha, clflush, clflushopt

Memory: 4k page, system-wide physical 3919M (343M free)
TotalPageFile size 5967M (AvailPageFile size 4M)
current process WorkingSet (physical memory assigned to process): 9M, peak: 9M
current process commit charge ("private bytes"): 47M, peak: 48M

vm_info: Java HotSpot(TM) 64-Bit Server VM (17.0.2+8-LTS-86) for windows-amd64 JRE (17.0.2+8-LTS-86), built on Dec  7 2021 21:51:03 by "mach5one" with MS VC++ 16.8 / 16.9 (VS2019)

END.
