#
# There is insufficient memory for the Java Runtime Environment to continue.
# Native memory allocation (malloc) failed to allocate 1366480 bytes for Chunk::new
# Possible reasons:
#   The system is out of physical RAM or swap space
#   The process is running with CompressedOops enabled, and the Java Heap may be blocking the growth of the native heap
# Possible solutions:
#   Reduce memory load on the system
#   Increase physical memory or swap space
#   Check if swap backing store is full
#   Decrease Java heap size (-Xmx/-Xms)
#   Decrease number of Java threads
#   Decrease Java thread stack sizes (-Xss)
#   Set larger code cache with -XX:ReservedCodeCacheSize=
#   JVM is running with Unscaled Compressed Oops mode in which the Java heap is
#     placed in the first 4GB address space. The Java Heap base address is the
#     maximum limit for the native heap growth. Please use -XX:HeapBaseMinAddress
#     to set the Java Heap base and to place the Java Heap above 4GB virtual address.
# This output file may be truncated or incomplete.
#
#  Out of Memory Error (arena.cpp:189), pid=8004, tid=9952
#
# JRE version: Java(TM) SE Runtime Environment (17.0.2+8) (build 17.0.2+8-LTS-86)
# Java VM: Java HotSpot(TM) 64-Bit Server VM (17.0.2+8-LTS-86, mixed mode, sharing, tiered, compressed oops, compressed class ptrs, g1 gc, windows-amd64)
# No core dump will be written. Minidumps are not enabled by default on client versions of Windows
#

---------------  S U M M A R Y ------------

Command Line: --module-path=C:\Users\Pavel\.m2\repository\org\openjfx\javafx-base\19-ea+3\javafx-base-19-ea+3-win.jar;C:\Users\Pavel\.m2\repository\org\openjfx\javafx-base\19-ea+3\javafx-base-19-ea+3.jar;C:\Users\Pavel\.m2\repository\org\openjfx\javafx-controls\19-ea+3\javafx-controls-19-ea+3-win.jar;C:\Users\Pavel\.m2\repository\org\openjfx\javafx-controls\19-ea+3\javafx-controls-19-ea+3.jar;C:\Users\Pavel\.m2\repository\org\openjfx\javafx-fxml\19-ea+3\javafx-fxml-19-ea+3-win.jar;C:\Users\Pavel\.m2\repository\org\openjfx\javafx-fxml\19-ea+3\javafx-fxml-19-ea+3.jar;C:\Users\Pavel\.m2\repository\org\openjfx\javafx-graphics\19-ea+3\javafx-graphics-19-ea+3-win.jar;C:\Users\Pavel\.m2\repository\org\openjfx\javafx-graphics\19-ea+3\javafx-graphics-19-ea+3.jar;C:\Users\Pavel\.m2\repository\org\openjfx\javafx-media\19-ea+3\javafx-media-19-ea+3-win.jar;C:\Users\Pavel\.m2\repository\org\openjfx\javafx-media\19-ea+3\javafx-media-19-ea+3.jar;C:\Users\Pavel\.m2\repository\org\openjfx\javafx-swing\19-ea+3\javafx-swing-19-ea+3-win.jar;C:\Users\Pavel\.m2\repository\org\openjfx\javafx-swing\19-ea+3\javafx-swing-19-ea+3.jar;C:\Users\Pavel\.m2\repository\org\openjfx\javafx-web\19-ea+3\javafx-web-19-ea+3-win.jar;C:\Users\Pavel\.m2\repository\org\openjfx\javafx-web\19-ea+3\javafx-web-19-ea+3.jar --add-modules=javafx.base,javafx.controls,javafx.fxml,javafx.graphics,javafx.media,javafx.swing,javafx.web com.lifehouse.raceth.Main

Host: Intel(R) Pentium(R) Silver N5000 CPU @ 1.10GHz, 4 cores, 3G,  Windows 10 , 64 bit Build 19041 (10.0.19041.662)
Time: Sat Apr 23 16:03:33 2022 RTZ 2 (s 10 , 64 bit Build 19041 (10.0.19041.662) elapsed time: 4.080054 seconds (0d 0h 0m 4s)

---------------  T H R E A D  ---------------

Current thread (0x00000287968ef710):  JavaThread "C2 CompilerThread0" daemon [_thread_in_native, id=9952, stack(0x0000009b59c00000,0x0000009b59d00000)]


Current CompileTask:
C2:   4080 2565       4       com.sun.javafx.css.StyleMap::getCascadingStyles (384 bytes)

Stack: [0x0000009b59c00000,0x0000009b59d00000]
Native frames: (J=compiled Java code, j=interpreted, Vv=VM code, C=native code)
V  [jvm.dll+0x670baa]
V  [jvm.dll+0x7cfcb4]
V  [jvm.dll+0x7d145e]
V  [jvm.dll+0x7d1ac3]
V  [jvm.dll+0x242bc5]
V  [jvm.dll+0xaa57b]
V  [jvm.dll+0xaab0c]
V  [jvm.dll+0x35fd07]
V  [jvm.dll+0x32a331]
V  [jvm.dll+0x3297da]
V  [jvm.dll+0x215c91]
V  [jvm.dll+0x2150b1]
V  [jvm.dll+0x1a1bbd]
V  [jvm.dll+0x224908]
V  [jvm.dll+0x222a6c]
V  [jvm.dll+0x7859bb]
V  [jvm.dll+0x77ff7a]
V  [jvm.dll+0x66fa35]
C  [ucrtbase.dll+0x214c2]
C  [KERNEL32.DLL+0x17034]
C  [ntdll.dll+0x4d0d1]


---------------  P R O C E S S  ---------------

Threads class SMR info:
_java_thread_list=0x00000287b2f1a720, length=19, elements={
0x0000028796823670, 0x00000287968d4200, 0x00000287968d4db0, 0x00000287968e8d00,
0x00000287968eb6c0, 0x00000287968ec070, 0x00000287968eea30, 0x00000287968ef710,
0x00000287b1965fc0, 0x00000287b19764b0, 0x00000287b24287a0, 0x00000287b24effe0,
0x00000287b277fae0, 0x00000287b2b434a0, 0x00000287b2b44510, 0x00000287b2d59520,
0x00000287b2dbd310, 0x00000287b88c6b30, 0x00000287b8c895b0
}

Java Threads: ( => current thread )
  0x0000028796823670 JavaThread "main" [_thread_blocked, id=8960, stack(0x0000009b58f00000,0x0000009b59000000)]
  0x00000287968d4200 JavaThread "Reference Handler" daemon [_thread_blocked, id=6996, stack(0x0000009b59600000,0x0000009b59700000)]
  0x00000287968d4db0 JavaThread "Finalizer" daemon [_thread_blocked, id=8032, stack(0x0000009b59700000,0x0000009b59800000)]
  0x00000287968e8d00 JavaThread "Signal Dispatcher" daemon [_thread_blocked, id=3484, stack(0x0000009b59800000,0x0000009b59900000)]
  0x00000287968eb6c0 JavaThread "Attach Listener" daemon [_thread_blocked, id=10948, stack(0x0000009b59900000,0x0000009b59a00000)]
  0x00000287968ec070 JavaThread "Service Thread" daemon [_thread_blocked, id=12264, stack(0x0000009b59a00000,0x0000009b59b00000)]
  0x00000287968eea30 JavaThread "Monitor Deflation Thread" daemon [_thread_blocked, id=11844, stack(0x0000009b59b00000,0x0000009b59c00000)]
=>0x00000287968ef710 JavaThread "C2 CompilerThread0" daemon [_thread_in_native, id=9952, stack(0x0000009b59c00000,0x0000009b59d00000)]
  0x00000287b1965fc0 JavaThread "C1 CompilerThread0" daemon [_thread_blocked, id=4772, stack(0x0000009b59d00000,0x0000009b59e00000)]
  0x00000287b19764b0 JavaThread "Sweeper thread" daemon [_thread_blocked, id=3824, stack(0x0000009b59e00000,0x0000009b59f00000)]
  0x00000287b24287a0 JavaThread "Common-Cleaner" daemon [_thread_blocked, id=9052, stack(0x0000009b59f00000,0x0000009b5a000000)]
  0x00000287b24effe0 JavaThread "Notification Thread" daemon [_thread_blocked, id=9072, stack(0x0000009b5a100000,0x0000009b5a200000)]
  0x00000287b277fae0 JavaThread "QuantumRenderer-0" daemon [_thread_blocked, id=6200, stack(0x0000009b5a500000,0x0000009b5a600000)]
  0x00000287b2b434a0 JavaThread "InvokeLaterDispatcher" daemon [_thread_blocked, id=5984, stack(0x0000009b5a600000,0x0000009b5a700000)]
  0x00000287b2b44510 JavaThread "JavaFX Application Thread" [_thread_in_Java, id=1648, stack(0x0000009b5a700000,0x0000009b5a800000)]
  0x00000287b2d59520 JavaThread "Thread-1" daemon [_thread_in_native, id=11064, stack(0x0000009b5ab00000,0x0000009b5ac00000)]
  0x00000287b2dbd310 JavaThread "JavaFX-Launcher" [_thread_blocked, id=7336, stack(0x0000009b5ac00000,0x0000009b5ad00000)]
  0x00000287b88c6b30 JavaThread "Prism Font Disposer" daemon [_thread_blocked, id=6796, stack(0x0000009b5b100000,0x0000009b5b200000)]
  0x00000287b8c895b0 JavaThread "C2 CompilerThread1" daemon [_thread_in_native, id=3616, stack(0x0000009b5ad00000,0x0000009b5ae00000)]

Other Threads:
  0x00000287968cd750 VMThread "VM Thread" [stack: 0x0000009b59500000,0x0000009b59600000] [id=10264]
  0x00000287968d9870 WatcherThread [stack: 0x0000009b5a200000,0x0000009b5a300000] [id=10944]
  0x000002879684fe60 GCTaskThread "GC Thread#0" [stack: 0x0000009b59000000,0x0000009b59100000] [id=68]
  0x00000287b29fb070 GCTaskThread "GC Thread#1" [stack: 0x0000009b5a000000,0x0000009b5a100000] [id=11496]
  0x00000287b2a52b10 GCTaskThread "GC Thread#2" [stack: 0x0000009b5a300000,0x0000009b5a400000] [id=12172]
  0x00000287b2939a10 GCTaskThread "GC Thread#3" [stack: 0x0000009b5a400000,0x0000009b5a500000] [id=1076]
  0x0000028796859830 ConcurrentGCThread "G1 Main Marker" [stack: 0x0000009b59100000,0x0000009b59200000] [id=2644]
  0x000002879685b250 ConcurrentGCThread "G1 Conc#0" [stack: 0x0000009b59200000,0x0000009b59300000] [id=1500]
  0x000002879689bf10 ConcurrentGCThread "G1 Refine#0" [stack: 0x0000009b59300000,0x0000009b59400000] [id=4116]
  0x000002879689dbe0 ConcurrentGCThread "G1 Service" [stack: 0x0000009b59400000,0x0000009b59500000] [id=8436]

Threads with active compile tasks:
C2 CompilerThread0     4151 2565       4       com.sun.javafx.css.StyleMap::getCascadingStyles (384 bytes)
C2 CompilerThread1     4151 2631       4       javafx.scene.CssStyleHelper::getStyle (162 bytes)

VM state: not at safepoint (normal execution)

VM Mutex/Monitor currently owned by a thread: None

Heap address: 0x00000000c2c00000, size: 980 MB, Compressed Oops mode: 32-bit

CDS archive(s) mapped at: [0x0000000800000000-0x0000000800bc0000-0x0000000800bc0000), size 12320768, SharedBaseAddress: 0x0000000800000000, ArchiveRelocationMode: 0.
Compressed class space mapped at: 0x0000000800c00000-0x0000000840c00000, reserved size: 1073741824
Narrow klass base: 0x0000000800000000, Narrow klass shift: 0, Narrow klass range: 0x100000000

GC Precious Log:
 CPUs: 4 total, 4 available
 Memory: 3919M
 Large Page Support: Disabled
 NUMA Support: Disabled
 Compressed Oops: Enabled (32-bit)
 Heap Region Size: 1M
 Heap Min Capacity: 8M
 Heap Initial Capacity: 62M
 Heap Max Capacity: 980M
 Pre-touch: Disabled
 Parallel Workers: 4
 Concurrent Workers: 1
 Concurrent Refinement Workers: 4
 Periodic GC: Disabled

Heap:
 garbage-first heap   total 108544K, used 80649K [0x00000000c2c00000, 0x0000000100000000)
  region size 1024K, 24 young (24576K), 1 survivors (1024K)
 Metaspace       used 15684K, committed 15936K, reserved 1064960K
  class space    used 2359K, committed 2496K, reserved 1048576K

Heap Regions: E=young(eden), S=young(survivor), O=old, HS=humongous(starts), HC=humongous(continues), CS=collection set, F=free, OA=open archive, CA=closed archive, TAMS=top-at-mark-start (previous, next)
|   0|0x00000000c2c00000, 0x00000000c2d00000, 0x00000000c2d00000|100%|HS|  |TAMS 0x00000000c2d00000, 0x00000000c2c00000| Complete 
|   1|0x00000000c2d00000, 0x00000000c2d00000, 0x00000000c2e00000|  0%| F|  |TAMS 0x00000000c2d00000, 0x00000000c2d00000| Untracked 
|   2|0x00000000c2e00000, 0x00000000c2f00000, 0x00000000c2f00000|100%| O|  |TAMS 0x00000000c2f00000, 0x00000000c2e00000| Untracked 
|   3|0x00000000c2f00000, 0x00000000c3000000, 0x00000000c3000000|100%| O|  |TAMS 0x00000000c3000000, 0x00000000c2f00000| Untracked 
|   4|0x00000000c3000000, 0x00000000c3100000, 0x00000000c3100000|100%|HS|  |TAMS 0x00000000c3100000, 0x00000000c3000000| Complete 
|   5|0x00000000c3100000, 0x00000000c3200000, 0x00000000c3200000|100%|HC|  |TAMS 0x00000000c3200000, 0x00000000c3100000| Complete 
|   6|0x00000000c3200000, 0x00000000c3200000, 0x00000000c3300000|  0%| F|  |TAMS 0x00000000c3200000, 0x00000000c3200000| Untracked 
|   7|0x00000000c3300000, 0x00000000c3400000, 0x00000000c3400000|100%|HS|  |TAMS 0x00000000c3400000, 0x00000000c3300000| Complete 
|   8|0x00000000c3400000, 0x00000000c3500000, 0x00000000c3500000|100%|HC|  |TAMS 0x00000000c3500000, 0x00000000c3400000| Complete 
|   9|0x00000000c3500000, 0x00000000c3600000, 0x00000000c3600000|100%| O|  |TAMS 0x00000000c3600000, 0x00000000c3500000| Complete 
|  10|0x00000000c3600000, 0x00000000c3700000, 0x00000000c3700000|100%|HS|  |TAMS 0x00000000c3700000, 0x00000000c3600000| Complete 
|  11|0x00000000c3700000, 0x00000000c3800000, 0x00000000c3800000|100%|HC|  |TAMS 0x00000000c3800000, 0x00000000c3700000| Complete 
|  12|0x00000000c3800000, 0x00000000c3800000, 0x00000000c3900000|  0%| F|  |TAMS 0x00000000c3800000, 0x00000000c3800000| Untracked 
|  13|0x00000000c3900000, 0x00000000c3a00000, 0x00000000c3a00000|100%|HS|  |TAMS 0x00000000c3a00000, 0x00000000c3900000| Complete 
|  14|0x00000000c3a00000, 0x00000000c3b00000, 0x00000000c3b00000|100%|HC|  |TAMS 0x00000000c3b00000, 0x00000000c3a00000| Complete 
|  15|0x00000000c3b00000, 0x00000000c3b00000, 0x00000000c3c00000|  0%| F|  |TAMS 0x00000000c3b00000, 0x00000000c3b00000| Untracked 
|  16|0x00000000c3c00000, 0x00000000c3d00000, 0x00000000c3d00000|100%|HS|  |TAMS 0x00000000c3d00000, 0x00000000c3c00000| Complete 
|  17|0x00000000c3d00000, 0x00000000c3e00000, 0x00000000c3e00000|100%|HC|  |TAMS 0x00000000c3e00000, 0x00000000c3d00000| Complete 
|  18|0x00000000c3e00000, 0x00000000c3e00000, 0x00000000c3f00000|  0%| F|  |TAMS 0x00000000c3e00000, 0x00000000c3e00000| Untracked 
|  19|0x00000000c3f00000, 0x00000000c4000000, 0x00000000c4000000|100%|HS|  |TAMS 0x00000000c4000000, 0x00000000c3f00000| Complete 
|  20|0x00000000c4000000, 0x00000000c4100000, 0x00000000c4100000|100%|HC|  |TAMS 0x00000000c4100000, 0x00000000c4000000| Complete 
|  21|0x00000000c4100000, 0x00000000c4100000, 0x00000000c4200000|  0%| F|  |TAMS 0x00000000c4100000, 0x00000000c4100000| Untracked 
|  22|0x00000000c4200000, 0x00000000c4300000, 0x00000000c4300000|100%|HS|  |TAMS 0x00000000c4300000, 0x00000000c4200000| Complete 
|  23|0x00000000c4300000, 0x00000000c4400000, 0x00000000c4400000|100%|HC|  |TAMS 0x00000000c4400000, 0x00000000c4300000| Complete 
|  24|0x00000000c4400000, 0x00000000c4500000, 0x00000000c4500000|100%| O|  |TAMS 0x00000000c4500000, 0x00000000c4400000| Untracked 
|  25|0x00000000c4500000, 0x00000000c4600000, 0x00000000c4600000|100%|HS|  |TAMS 0x00000000c4600000, 0x00000000c4500000| Complete 
|  26|0x00000000c4600000, 0x00000000c4700000, 0x00000000c4700000|100%|HC|  |TAMS 0x00000000c4700000, 0x00000000c4600000| Complete 
|  27|0x00000000c4700000, 0x00000000c4786600, 0x00000000c4800000| 52%| O|  |TAMS 0x00000000c4786600, 0x00000000c4700000| Untracked 
|  28|0x00000000c4800000, 0x00000000c4900000, 0x00000000c4900000|100%| O|  |TAMS 0x00000000c4900000, 0x00000000c4800000| Untracked 
|  29|0x00000000c4900000, 0x00000000c4a00000, 0x00000000c4a00000|100%| O|  |TAMS 0x00000000c4a00000, 0x00000000c4900000| Untracked 
|  30|0x00000000c4a00000, 0x00000000c4b00000, 0x00000000c4b00000|100%| O|  |TAMS 0x00000000c4b00000, 0x00000000c4a00000| Untracked 
|  31|0x00000000c4b00000, 0x00000000c4c00000, 0x00000000c4c00000|100%|HS|  |TAMS 0x00000000c4c00000, 0x00000000c4b00000| Complete 
|  32|0x00000000c4c00000, 0x00000000c4d00000, 0x00000000c4d00000|100%|HC|  |TAMS 0x00000000c4d00000, 0x00000000c4c00000| Complete 
|  33|0x00000000c4d00000, 0x00000000c4e00000, 0x00000000c4e00000|100%|HS|  |TAMS 0x00000000c4e00000, 0x00000000c4d00000| Complete 
|  34|0x00000000c4e00000, 0x00000000c4f00000, 0x00000000c4f00000|100%|HC|  |TAMS 0x00000000c4f00000, 0x00000000c4e00000| Complete 
|  35|0x00000000c4f00000, 0x00000000c5000000, 0x00000000c5000000|100%|HS|  |TAMS 0x00000000c5000000, 0x00000000c4f00000| Complete 
|  36|0x00000000c5000000, 0x00000000c5100000, 0x00000000c5100000|100%|HC|  |TAMS 0x00000000c5100000, 0x00000000c5000000| Complete 
|  37|0x00000000c5100000, 0x00000000c5200000, 0x00000000c5200000|100%|HS|  |TAMS 0x00000000c5200000, 0x00000000c5100000| Complete 
|  38|0x00000000c5200000, 0x00000000c5300000, 0x00000000c5300000|100%|HC|  |TAMS 0x00000000c5300000, 0x00000000c5200000| Complete 
|  39|0x00000000c5300000, 0x00000000c5400000, 0x00000000c5400000|100%|HS|  |TAMS 0x00000000c5400000, 0x00000000c5300000| Complete 
|  40|0x00000000c5400000, 0x00000000c5500000, 0x00000000c5500000|100%|HC|  |TAMS 0x00000000c5500000, 0x00000000c5400000| Complete 
|  41|0x00000000c5500000, 0x00000000c5600000, 0x00000000c5600000|100%|HS|  |TAMS 0x00000000c5600000, 0x00000000c5500000| Complete 
|  42|0x00000000c5600000, 0x00000000c5700000, 0x00000000c5700000|100%|HC|  |TAMS 0x00000000c5700000, 0x00000000c5600000| Complete 
|  43|0x00000000c5700000, 0x00000000c5800000, 0x00000000c5800000|100%|HS|  |TAMS 0x00000000c5800000, 0x00000000c5700000| Complete 
|  44|0x00000000c5800000, 0x00000000c5900000, 0x00000000c5900000|100%|HC|  |TAMS 0x00000000c5900000, 0x00000000c5800000| Complete 
|  45|0x00000000c5900000, 0x00000000c5a00000, 0x00000000c5a00000|100%|HS|  |TAMS 0x00000000c5a00000, 0x00000000c5900000| Complete 
|  46|0x00000000c5a00000, 0x00000000c5b00000, 0x00000000c5b00000|100%|HC|  |TAMS 0x00000000c5b00000, 0x00000000c5a00000| Complete 
|  47|0x00000000c5b00000, 0x00000000c5c00000, 0x00000000c5c00000|100%|HS|  |TAMS 0x00000000c5c00000, 0x00000000c5b00000| Complete 
|  48|0x00000000c5c00000, 0x00000000c5d00000, 0x00000000c5d00000|100%|HC|  |TAMS 0x00000000c5d00000, 0x00000000c5c00000| Complete 
|  49|0x00000000c5d00000, 0x00000000c5e00000, 0x00000000c5e00000|100%|HS|  |TAMS 0x00000000c5d00000, 0x00000000c5d00000| Complete 
|  50|0x00000000c5e00000, 0x00000000c5f00000, 0x00000000c5f00000|100%|HC|  |TAMS 0x00000000c5e00000, 0x00000000c5e00000| Complete 
|  51|0x00000000c5f00000, 0x00000000c5f3c028, 0x00000000c6000000| 23%| S|CS|TAMS 0x00000000c5f00000, 0x00000000c5f00000| Complete 
|  52|0x00000000c6000000, 0x00000000c6100000, 0x00000000c6100000|100%|HS|  |TAMS 0x00000000c6100000, 0x00000000c6000000| Complete 
|  53|0x00000000c6100000, 0x00000000c6200000, 0x00000000c6200000|100%|HC|  |TAMS 0x00000000c6200000, 0x00000000c6100000| Complete 
|  54|0x00000000c6200000, 0x00000000c6300000, 0x00000000c6300000|100%|HS|  |TAMS 0x00000000c6300000, 0x00000000c6200000| Complete 
|  55|0x00000000c6300000, 0x00000000c6400000, 0x00000000c6400000|100%|HC|  |TAMS 0x00000000c6400000, 0x00000000c6300000| Complete 
|  56|0x00000000c6400000, 0x00000000c6500000, 0x00000000c6500000|100%|HS|  |TAMS 0x00000000c6500000, 0x00000000c6400000| Complete 
|  57|0x00000000c6500000, 0x00000000c6600000, 0x00000000c6600000|100%|HC|  |TAMS 0x00000000c6600000, 0x00000000c6500000| Complete 
|  58|0x00000000c6600000, 0x00000000c6700000, 0x00000000c6700000|100%|HS|  |TAMS 0x00000000c6700000, 0x00000000c6600000| Complete 
|  59|0x00000000c6700000, 0x00000000c6800000, 0x00000000c6800000|100%|HC|  |TAMS 0x00000000c6800000, 0x00000000c6700000| Complete 
|  60|0x00000000c6800000, 0x00000000c6800000, 0x00000000c6900000|  0%| F|  |TAMS 0x00000000c6800000, 0x00000000c6800000| Untracked 
|  61|0x00000000c6900000, 0x00000000c6900000, 0x00000000c6a00000|  0%| F|  |TAMS 0x00000000c6900000, 0x00000000c6900000| Untracked 
|  62|0x00000000c6a00000, 0x00000000c6b00000, 0x00000000c6b00000|100%|HS|  |TAMS 0x00000000c6b00000, 0x00000000c6a00000| Complete 
|  63|0x00000000c6b00000, 0x00000000c6c00000, 0x00000000c6c00000|100%|HC|  |TAMS 0x00000000c6c00000, 0x00000000c6b00000| Complete 
|  64|0x00000000c6c00000, 0x00000000c6d00000, 0x00000000c6d00000|100%|HS|  |TAMS 0x00000000c6d00000, 0x00000000c6c00000| Complete 
|  65|0x00000000c6d00000, 0x00000000c6e00000, 0x00000000c6e00000|100%|HC|  |TAMS 0x00000000c6e00000, 0x00000000c6d00000| Complete 
|  66|0x00000000c6e00000, 0x00000000c6e00000, 0x00000000c6f00000|  0%| F|  |TAMS 0x00000000c6e00000, 0x00000000c6e00000| Untracked 
|  67|0x00000000c6f00000, 0x00000000c6f00000, 0x00000000c7000000|  0%| F|  |TAMS 0x00000000c6f00000, 0x00000000c6f00000| Untracked 
|  68|0x00000000c7000000, 0x00000000c7000000, 0x00000000c7100000|  0%| F|  |TAMS 0x00000000c7000000, 0x00000000c7000000| Untracked 
|  69|0x00000000c7100000, 0x00000000c7100000, 0x00000000c7200000|  0%| F|  |TAMS 0x00000000c7100000, 0x00000000c7100000| Untracked 
|  70|0x00000000c7200000, 0x00000000c7200000, 0x00000000c7300000|  0%| F|  |TAMS 0x00000000c7200000, 0x00000000c7200000| Untracked 
|  71|0x00000000c7300000, 0x00000000c7300000, 0x00000000c7400000|  0%| F|  |TAMS 0x00000000c7300000, 0x00000000c7300000| Untracked 
|  72|0x00000000c7400000, 0x00000000c7400000, 0x00000000c7500000|  0%| F|  |TAMS 0x00000000c7400000, 0x00000000c7400000| Untracked 
|  73|0x00000000c7500000, 0x00000000c7500000, 0x00000000c7600000|  0%| F|  |TAMS 0x00000000c7500000, 0x00000000c7500000| Untracked 
|  74|0x00000000c7600000, 0x00000000c7600000, 0x00000000c7700000|  0%| F|  |TAMS 0x00000000c7600000, 0x00000000c7600000| Untracked 
|  75|0x00000000c7700000, 0x00000000c7700000, 0x00000000c7800000|  0%| F|  |TAMS 0x00000000c7700000, 0x00000000c7700000| Untracked 
|  76|0x00000000c7800000, 0x00000000c7800000, 0x00000000c7900000|  0%| F|  |TAMS 0x00000000c7800000, 0x00000000c7800000| Untracked 
|  77|0x00000000c7900000, 0x00000000c7900000, 0x00000000c7a00000|  0%| F|  |TAMS 0x00000000c7900000, 0x00000000c7900000| Untracked 
|  78|0x00000000c7a00000, 0x00000000c7a00000, 0x00000000c7b00000|  0%| F|  |TAMS 0x00000000c7a00000, 0x00000000c7a00000| Untracked 
|  79|0x00000000c7b00000, 0x00000000c7b00000, 0x00000000c7c00000|  0%| F|  |TAMS 0x00000000c7b00000, 0x00000000c7b00000| Untracked 
|  80|0x00000000c7c00000, 0x00000000c7c00000, 0x00000000c7d00000|  0%| F|  |TAMS 0x00000000c7c00000, 0x00000000c7c00000| Untracked 
|  81|0x00000000c7d00000, 0x00000000c7d00000, 0x00000000c7e00000|  0%| F|  |TAMS 0x00000000c7d00000, 0x00000000c7d00000| Untracked 
|  82|0x00000000c7e00000, 0x00000000c7e00000, 0x00000000c7f00000|  0%| F|  |TAMS 0x00000000c7e00000, 0x00000000c7e00000| Untracked 
|  83|0x00000000c7f00000, 0x00000000c8000000, 0x00000000c8000000|100%| E|  |TAMS 0x00000000c7f00000, 0x00000000c7f00000| Complete 
|  84|0x00000000c8000000, 0x00000000c8100000, 0x00000000c8100000|100%| E|CS|TAMS 0x00000000c8000000, 0x00000000c8000000| Complete 
|  85|0x00000000c8100000, 0x00000000c8200000, 0x00000000c8200000|100%| E|CS|TAMS 0x00000000c8100000, 0x00000000c8100000| Complete 
|  86|0x00000000c8200000, 0x00000000c8300000, 0x00000000c8300000|100%| E|CS|TAMS 0x00000000c8200000, 0x00000000c8200000| Complete 
|  87|0x00000000c8300000, 0x00000000c8400000, 0x00000000c8400000|100%| E|CS|TAMS 0x00000000c8300000, 0x00000000c8300000| Complete 
|  88|0x00000000c8400000, 0x00000000c8500000, 0x00000000c8500000|100%| E|CS|TAMS 0x00000000c8400000, 0x00000000c8400000| Complete 
|  89|0x00000000c8500000, 0x00000000c8600000, 0x00000000c8600000|100%| E|CS|TAMS 0x00000000c8500000, 0x00000000c8500000| Complete 
|  90|0x00000000c8600000, 0x00000000c8700000, 0x00000000c8700000|100%| E|CS|TAMS 0x00000000c8600000, 0x00000000c8600000| Complete 
|  91|0x00000000c8700000, 0x00000000c8800000, 0x00000000c8800000|100%| E|CS|TAMS 0x00000000c8700000, 0x00000000c8700000| Complete 
|  92|0x00000000c8800000, 0x00000000c8900000, 0x00000000c8900000|100%| E|CS|TAMS 0x00000000c8800000, 0x00000000c8800000| Complete 
|  93|0x00000000c8900000, 0x00000000c8a00000, 0x00000000c8a00000|100%| E|CS|TAMS 0x00000000c8900000, 0x00000000c8900000| Complete 
|  94|0x00000000c8a00000, 0x00000000c8b00000, 0x00000000c8b00000|100%| E|CS|TAMS 0x00000000c8a00000, 0x00000000c8a00000| Complete 
|  95|0x00000000c8b00000, 0x00000000c8c00000, 0x00000000c8c00000|100%| E|CS|TAMS 0x00000000c8b00000, 0x00000000c8b00000| Complete 
|  96|0x00000000c8c00000, 0x00000000c8d00000, 0x00000000c8d00000|100%| E|CS|TAMS 0x00000000c8c00000, 0x00000000c8c00000| Complete 
|  97|0x00000000c8d00000, 0x00000000c8e00000, 0x00000000c8e00000|100%| E|CS|TAMS 0x00000000c8d00000, 0x00000000c8d00000| Complete 
|  98|0x00000000c8e00000, 0x00000000c8f00000, 0x00000000c8f00000|100%| E|CS|TAMS 0x00000000c8e00000, 0x00000000c8e00000| Complete 
|  99|0x00000000c8f00000, 0x00000000c9000000, 0x00000000c9000000|100%| E|CS|TAMS 0x00000000c8f00000, 0x00000000c8f00000| Complete 
| 100|0x00000000c9000000, 0x00000000c9100000, 0x00000000c9100000|100%| E|CS|TAMS 0x00000000c9000000, 0x00000000c9000000| Complete 
| 101|0x00000000c9100000, 0x00000000c9200000, 0x00000000c9200000|100%| E|CS|TAMS 0x00000000c9100000, 0x00000000c9100000| Complete 
| 102|0x00000000c9200000, 0x00000000c9300000, 0x00000000c9300000|100%| E|CS|TAMS 0x00000000c9200000, 0x00000000c9200000| Complete 
| 103|0x00000000c9300000, 0x00000000c9400000, 0x00000000c9400000|100%| E|CS|TAMS 0x00000000c9300000, 0x00000000c9300000| Complete 
| 104|0x00000000c9400000, 0x00000000c9500000, 0x00000000c9500000|100%| E|CS|TAMS 0x00000000c9400000, 0x00000000c9400000| Complete 
| 105|0x00000000c9500000, 0x00000000c9600000, 0x00000000c9600000|100%| E|CS|TAMS 0x00000000c9500000, 0x00000000c9500000| Complete 

Card table byte_map: [0x00000287ad270000,0x00000287ad460000] _byte_map_base: 0x00000287acc5a000

Marking Bits (Prev, Next): (CMBitMap*) 0x0000028796851480, (CMBitMap*) 0x00000287968514c0
 Prev Bits: [0x00000287ad650000, 0x00000287ae5a0000)
 Next Bits: [0x00000287ae5a0000, 0x00000287af4f0000)

Polling page: 0x00000287949d0000

Metaspace:

Usage:
  Non-class:     13.01 MB used.
      Class:      2.30 MB used.
       Both:     15.32 MB used.

Virtual space:
  Non-class space:       16.00 MB reserved,      13.12 MB ( 82%) committed,  2 nodes.
      Class space:        1.00 GB reserved,       2.44 MB ( <1%) committed,  1 nodes.
             Both:        1.02 GB reserved,      15.56 MB (  1%) committed. 

Chunk freelists:
   Non-Class:  2.61 MB
       Class:  1.41 MB
        Both:  4.02 MB

MaxMetaspaceSize: unlimited
CompressedClassSpaceSize: 1.00 GB
Initial GC threshold: 21.00 MB
Current GC threshold: 21.00 MB
CDS: on
MetaspaceReclaimPolicy: balanced
 - commit_granule_bytes: 65536.
 - commit_granule_words: 8192.
 - virtual_space_node_default_size: 1048576.
 - enlarge_chunks_in_place: 1.
 - new_chunks_are_fully_committed: 0.
 - uncommit_free_chunks: 1.
 - use_allocation_guard: 0.
 - handle_deallocations: 1.


Internal statistics:

num_allocs_failed_limit: 0.
num_arena_births: 286.
num_arena_deaths: 0.
num_vsnodes_births: 3.
num_vsnodes_deaths: 0.
num_space_committed: 249.
num_space_uncommitted: 0.
num_chunks_returned_to_freelist: 0.
num_chunks_taken_from_freelist: 849.
num_chunk_merges: 0.
num_chunk_splits: 560.
num_chunks_enlarged: 388.
num_purges: 0.
num_inconsistent_stats: 0.

CodeHeap 'non-profiled nmethods': size=120000Kb used=964Kb max_used=964Kb free=119035Kb
 bounds [0x00000287a5b50000, 0x00000287a5dc0000, 0x00000287ad080000]
CodeHeap 'profiled nmethods': size=120000Kb used=5926Kb max_used=5926Kb free=114073Kb
 bounds [0x000002879e620000, 0x000002879ebf0000, 0x00000287a5b50000]
CodeHeap 'non-nmethods': size=5760Kb used=1368Kb max_used=1393Kb free=4391Kb
 bounds [0x000002879e080000, 0x000002879e2f0000, 0x000002879e620000]
 total_blobs=3507 nmethods=2796 adapters=623
 compilation: enabled
              stopped_count=0, restarted_count=0
 full_count=0

Compilation events (20 events):
Event: 4.072 Thread 0x00000287b8c895b0 nmethod 2673 0x00000287a5c3a810 code [0x00000287a5c3ab00, 0x00000287a5c3bd40]
Event: 4.072 Thread 0x00000287b1965fc0 nmethod 2734 0x000002879ebb9e90 code [0x000002879ebba0c0, 0x000002879ebba9a8]
Event: 4.072 Thread 0x00000287b1965fc0 2733   !   3       com.sun.javafx.css.StyleManager::gatherParentStylesheets (52 bytes)
Event: 4.073 Thread 0x00000287b8c895b0 2729       4       com.sun.javafx.css.BitSet::addAll (338 bytes)
Event: 4.073 Thread 0x00000287b1965fc0 nmethod 2733 0x000002879ebbac90 code [0x000002879ebbaea0, 0x000002879ebbb5d8]
Event: 4.073 Thread 0x00000287b1965fc0 2738       3       javafx.css.StyleableObjectProperty::applyStyle (11 bytes)
Event: 4.073 Thread 0x00000287b1965fc0 nmethod 2738 0x000002879ebbb890 code [0x000002879ebbba40, 0x000002879ebbbc68]
Event: 4.073 Thread 0x00000287b1965fc0 2736       3       com.sun.javafx.css.StyleCache$Key::<init> (29 bytes)
Event: 4.073 Thread 0x00000287b1965fc0 nmethod 2736 0x000002879ebbbd10 code [0x000002879ebbbec0, 0x000002879ebbc1e8]
Event: 4.074 Thread 0x00000287b1965fc0 2739       1       com.sun.javafx.css.SubCssMetaData::getStyleableProperty (2 bytes)
Event: 4.074 Thread 0x00000287b1965fc0 nmethod 2739 0x00000287a5c3cf10 code [0x00000287a5c3d0a0, 0x00000287a5c3d178]
Event: 4.074 Thread 0x00000287b1965fc0 2740       3       javafx.scene.CssStyleHelper::lookupInheritedFontProperty (158 bytes)
Event: 4.075 Thread 0x00000287b1965fc0 nmethod 2740 0x000002879ebbc310 code [0x000002879ebbc580, 0x000002879ebbd1b8]
Event: 4.075 Thread 0x00000287b1965fc0 2741       3       javafx.css.converter.InsetsConverter::convert (7 bytes)
Event: 4.075 Thread 0x00000287b1965fc0 nmethod 2741 0x000002879ebbd690 code [0x000002879ebbd820, 0x000002879ebbd968]
Event: 4.075 Thread 0x00000287b1965fc0 2732       3       com.sun.javafx.collections.VetoableListDecorator::<init> (25 bytes)
Event: 4.076 Thread 0x00000287b1965fc0 nmethod 2732 0x000002879ebbda10 code [0x000002879ebbdc20, 0x000002879ebbe358]
Event: 4.076 Thread 0x00000287b1965fc0 2742   !   3       javafx.collections.ModifiableObservableListBase::addAll (27 bytes)
Event: 4.076 Thread 0x00000287b1965fc0 nmethod 2742 0x000002879ebbe610 code [0x000002879ebbe800, 0x000002879ebbeb88]
Event: 4.077 Thread 0x00000287b1965fc0 2743       3       javafx.scene.paint.Color::hashCode (66 bytes)

GC Heap History (16 events):
Event: 0.787 GC heap before
{Heap before GC invocations=0 (full 0):
 garbage-first heap   total 63488K, used 13312K [0x00000000c2c00000, 0x0000000100000000)
  region size 1024K, 13 young (13312K), 0 survivors (0K)
 Metaspace       used 2053K, committed 2176K, reserved 1056768K
  class space    used 209K, committed 256K, reserved 1048576K
}
Event: 0.793 GC heap after
{Heap after GC invocations=1 (full 0):
 garbage-first heap   total 63488K, used 1752K [0x00000000c2c00000, 0x0000000100000000)
  region size 1024K, 2 young (2048K), 2 survivors (2048K)
 Metaspace       used 2053K, committed 2176K, reserved 1056768K
  class space    used 209K, committed 256K, reserved 1048576K
}
Event: 1.399 GC heap before
{Heap before GC invocations=1 (full 0):
 garbage-first heap   total 63488K, used 19160K [0x00000000c2c00000, 0x0000000100000000)
  region size 1024K, 19 young (19456K), 2 survivors (2048K)
 Metaspace       used 7080K, committed 7296K, reserved 1056768K
  class space    used 851K, committed 960K, reserved 1048576K
}
Event: 1.408 GC heap after
{Heap after GC invocations=2 (full 0):
 garbage-first heap   total 63488K, used 6423K [0x00000000c2c00000, 0x0000000100000000)
  region size 1024K, 3 young (3072K), 3 survivors (3072K)
 Metaspace       used 7080K, committed 7296K, reserved 1056768K
  class space    used 851K, committed 960K, reserved 1048576K
}
Event: 2.050 GC heap before
{Heap before GC invocations=2 (full 0):
 garbage-first heap   total 63488K, used 42263K [0x00000000c2c00000, 0x0000000100000000)
  region size 1024K, 15 young (15360K), 3 survivors (3072K)
 Metaspace       used 10012K, committed 10240K, reserved 1064960K
  class space    used 1345K, committed 1472K, reserved 1048576K
}
Event: 2.057 GC heap after
{Heap after GC invocations=3 (full 0):
 garbage-first heap   total 63488K, used 25607K [0x00000000c2c00000, 0x0000000100000000)
  region size 1024K, 2 young (2048K), 2 survivors (2048K)
 Metaspace       used 10012K, committed 10240K, reserved 1064960K
  class space    used 1345K, committed 1472K, reserved 1048576K
}
Event: 2.073 GC heap before
{Heap before GC invocations=3 (full 0):
 garbage-first heap   total 63488K, used 28679K [0x00000000c2c00000, 0x0000000100000000)
  region size 1024K, 3 young (3072K), 2 survivors (2048K)
 Metaspace       used 10034K, committed 10304K, reserved 1064960K
  class space    used 1345K, committed 1472K, reserved 1048576K
}
Event: 2.077 GC heap after
{Heap after GC invocations=4 (full 0):
 garbage-first heap   total 63488K, used 27940K [0x00000000c2c00000, 0x0000000100000000)
  region size 1024K, 1 young (1024K), 1 survivors (1024K)
 Metaspace       used 10034K, committed 10304K, reserved 1064960K
  class space    used 1345K, committed 1472K, reserved 1048576K
}
Event: 2.085 GC heap before
{Heap before GC invocations=4 (full 0):
 garbage-first heap   total 63488K, used 29988K [0x00000000c2c00000, 0x0000000100000000)
  region size 1024K, 2 young (2048K), 1 survivors (1024K)
 Metaspace       used 10043K, committed 10304K, reserved 1064960K
  class space    used 1346K, committed 1472K, reserved 1048576K
}
Event: 2.086 GC heap after
{Heap after GC invocations=5 (full 0):
 garbage-first heap   total 63488K, used 28703K [0x00000000c2c00000, 0x0000000100000000)
  region size 1024K, 1 young (1024K), 1 survivors (1024K)
 Metaspace       used 10043K, committed 10304K, reserved 1064960K
  class space    used 1346K, committed 1472K, reserved 1048576K
}
Event: 2.760 GC heap before
{Heap before GC invocations=6 (full 0):
 garbage-first heap   total 63488K, used 59423K [0x00000000c2c00000, 0x0000000100000000)
  region size 1024K, 10 young (10240K), 1 survivors (1024K)
 Metaspace       used 10633K, committed 10880K, reserved 1064960K
  class space    used 1420K, committed 1536K, reserved 1048576K
}
Event: 2.762 GC heap after
{Heap after GC invocations=7 (full 0):
 garbage-first heap   total 63488K, used 44917K [0x00000000c2c00000, 0x0000000100000000)
  region size 1024K, 1 young (1024K), 1 survivors (1024K)
 Metaspace       used 10633K, committed 10880K, reserved 1064960K
  class space    used 1420K, committed 1536K, reserved 1048576K
}
Event: 2.878 GC heap before
{Heap before GC invocations=7 (full 0):
 garbage-first heap   total 67584K, used 64373K [0x00000000c2c00000, 0x0000000100000000)
  region size 1024K, 3 young (3072K), 1 survivors (1024K)
 Metaspace       used 10750K, committed 11072K, reserved 1064960K
  class space    used 1426K, committed 1600K, reserved 1048576K
}
Event: 2.883 GC heap after
{Heap after GC invocations=8 (full 0):
 garbage-first heap   total 67584K, used 56061K [0x00000000c2c00000, 0x0000000100000000)
  region size 1024K, 1 young (1024K), 1 survivors (1024K)
 Metaspace       used 10750K, committed 11072K, reserved 1064960K
  class space    used 1426K, committed 1600K, reserved 1048576K
}
Event: 2.924 GC heap before
{Heap before GC invocations=8 (full 0):
 garbage-first heap   total 67584K, used 58109K [0x00000000c2c00000, 0x0000000100000000)
  region size 1024K, 3 young (3072K), 1 survivors (1024K)
 Metaspace       used 10806K, committed 11072K, reserved 1064960K
  class space    used 1441K, committed 1600K, reserved 1048576K
}
Event: 2.926 GC heap after
{Heap after GC invocations=9 (full 0):
 garbage-first heap   total 108544K, used 56073K [0x00000000c2c00000, 0x0000000100000000)
  region size 1024K, 1 young (1024K), 1 survivors (1024K)
 Metaspace       used 10806K, committed 11072K, reserved 1064960K
  class space    used 1441K, committed 1600K, reserved 1048576K
}

Deoptimization events (20 events):
Event: 3.609 Thread 0x00000287b2b44510 Uncommon trap: trap_request=0xffffff45 fr.pc=0x00000287a5b71798 relative=0x0000000000000098
Event: 3.609 Thread 0x00000287b2b44510 Uncommon trap: reason=unstable_if action=reinterpret pc=0x00000287a5b71798 method=java.util.HashMap.hash(Ljava/lang/Object;)I @ 1 c2
Event: 3.609 Thread 0x00000287b2b44510 DEOPT PACKING pc=0x00000287a5b71798 sp=0x0000009b5a7fcd60
Event: 3.609 Thread 0x00000287b2b44510 DEOPT UNPACKING pc=0x000002879e0d239d sp=0x0000009b5a7fccf8 mode 2
Event: 3.716 Thread 0x00000287b2b44510 Uncommon trap: trap_request=0xffffffd6 fr.pc=0x00000287a5c2d260 relative=0x0000000000000a80
Event: 3.716 Thread 0x00000287b2b44510 Uncommon trap: reason=array_check action=maybe_recompile pc=0x00000287a5c2d260 method=javafx.css.SimpleSelector.applies(Ljavafx/css/Styleable;[Ljava/util/Set;I)Z @ 37 c2
Event: 3.716 Thread 0x00000287b2b44510 DEOPT PACKING pc=0x00000287a5c2d260 sp=0x0000009b5a7fc960
Event: 3.716 Thread 0x00000287b2b44510 DEOPT UNPACKING pc=0x000002879e0d239d sp=0x0000009b5a7fc958 mode 2
Event: 3.716 Thread 0x00000287b2b44510 Uncommon trap: trap_request=0xffffffd6 fr.pc=0x00000287a5c2d260 relative=0x0000000000000a80
Event: 3.716 Thread 0x00000287b2b44510 Uncommon trap: reason=array_check action=maybe_recompile pc=0x00000287a5c2d260 method=javafx.css.SimpleSelector.applies(Ljavafx/css/Styleable;[Ljava/util/Set;I)Z @ 37 c2
Event: 3.716 Thread 0x00000287b2b44510 DEOPT PACKING pc=0x00000287a5c2d260 sp=0x0000009b5a7fc960
Event: 3.716 Thread 0x00000287b2b44510 DEOPT UNPACKING pc=0x000002879e0d239d sp=0x0000009b5a7fc958 mode 2
Event: 3.716 Thread 0x00000287b2b44510 Uncommon trap: trap_request=0xffffffd6 fr.pc=0x00000287a5c2d260 relative=0x0000000000000a80
Event: 3.716 Thread 0x00000287b2b44510 Uncommon trap: reason=array_check action=maybe_recompile pc=0x00000287a5c2d260 method=javafx.css.SimpleSelector.applies(Ljavafx/css/Styleable;[Ljava/util/Set;I)Z @ 37 c2
Event: 3.717 Thread 0x00000287b2b44510 DEOPT PACKING pc=0x00000287a5c2d260 sp=0x0000009b5a7fc9f0
Event: 3.717 Thread 0x00000287b2b44510 DEOPT UNPACKING pc=0x000002879e0d239d sp=0x0000009b5a7fc9e8 mode 2
Event: 3.717 Thread 0x00000287b2b44510 Uncommon trap: trap_request=0xffffffd6 fr.pc=0x00000287a5c2d260 relative=0x0000000000000a80
Event: 3.717 Thread 0x00000287b2b44510 Uncommon trap: reason=array_check action=maybe_recompile pc=0x00000287a5c2d260 method=javafx.css.SimpleSelector.applies(Ljavafx/css/Styleable;[Ljava/util/Set;I)Z @ 37 c2
Event: 3.717 Thread 0x00000287b2b44510 DEOPT PACKING pc=0x00000287a5c2d260 sp=0x0000009b5a7fc9f0
Event: 3.717 Thread 0x00000287b2b44510 DEOPT UNPACKING pc=0x000002879e0d239d sp=0x0000009b5a7fc9e8 mode 2

Classes unloaded (0 events):
No events

Classes redefined (0 events):
No events

Internal exceptions (20 events):
Event: 1.323 Thread 0x00000287b2b44510 Exception <a 'java/lang/ClassNotFoundException'{0x00000000c5969228}: com/sun/glass/ui/win/themes_ru> (0x00000000c5969228) 
thrown [t:\workspace\open\src\hotspot\share\prims\jni.cpp, line 535]
Event: 1.323 Thread 0x00000287b2b44510 Exception <a 'java/lang/ClassNotFoundException'{0x00000000c596a918}: com/sun/glass/ui/win/themes_ru_RU> (0x00000000c596a918) 
thrown [t:\workspace\open\src\hotspot\share\prims\jni.cpp, line 535]
Event: 1.471 Thread 0x00000287b2b44510 Exception <a 'java/lang/NoSuchMethodError'{0x00000000c67ae808}: 'void java.lang.invoke.DirectMethodHandle$Holder.invokeStaticInit(java.lang.Object, java.lang.Object)'> (0x00000000c67ae808) 
thrown [t:\workspace\open\src\hotspot\share\interpreter\linkResolver.cpp, line 766]
Event: 1.477 Thread 0x00000287b2b44510 Exception <a 'java/lang/NoSuchMethodError'{0x00000000c67e4638}: 'void java.lang.invoke.DirectMethodHandle$Holder.invokeSpecial(java.lang.Object, java.lang.Object, java.lang.Object, java.lang.Object, java.lang.Object)'> (0x00000000c67e4638) 
thrown [t:\workspace\open\src\hotspot\share\interpreter\linkResolver.cpp, line 766]
Event: 3.017 Thread 0x00000287b2b44510 Exception <a 'java/io/FileNotFoundException'{0x00000000c9372598}> (0x00000000c9372598) 
thrown [t:\workspace\open\src\hotspot\share\prims\jni.cpp, line 516]
Event: 3.087 Thread 0x00000287b2b44510 Exception <a 'java/io/FileNotFoundException'{0x00000000c916af50}> (0x00000000c916af50) 
thrown [t:\workspace\open\src\hotspot\share\prims\jni.cpp, line 516]
Event: 3.115 Thread 0x00000287b2b44510 Exception <a 'java/io/FileNotFoundException'{0x00000000c91b8b28}> (0x00000000c91b8b28) 
thrown [t:\workspace\open\src\hotspot\share\prims\jni.cpp, line 516]
Event: 3.123 Thread 0x00000287b2b44510 Exception <a 'java/io/FileNotFoundException'{0x00000000c91dfd48}> (0x00000000c91dfd48) 
thrown [t:\workspace\open\src\hotspot\share\prims\jni.cpp, line 516]
Event: 3.149 Thread 0x00000287b2b44510 Exception <a 'java/io/FileNotFoundException'{0x00000000c9059a38}> (0x00000000c9059a38) 
thrown [t:\workspace\open\src\hotspot\share\prims\jni.cpp, line 516]
Event: 3.155 Thread 0x00000287b2b44510 Exception <a 'java/io/FileNotFoundException'{0x00000000c907be10}> (0x00000000c907be10) 
thrown [t:\workspace\open\src\hotspot\share\prims\jni.cpp, line 516]
Event: 3.407 Thread 0x00000287b2b44510 Exception <a 'java/lang/NoSuchMethodError'{0x00000000c8c42070}: 'java.lang.Object java.lang.invoke.DirectMethodHandle$Holder.invokeInterface(java.lang.Object, java.lang.Object, java.lang.Object)'> (0x00000000c8c42070) 
thrown [t:\workspace\open\src\hotspot\share\interpreter\linkResolver.cpp, line 766]
Event: 3.407 Thread 0x00000287b2b44510 Exception <a 'java/lang/IncompatibleClassChangeError'{0x00000000c8c459f8}: Found class java.lang.Object, but interface was expected> (0x00000000c8c459f8) 
thrown [t:\workspace\open\src\hotspot\share\interpreter\linkResolver.cpp, line 833]
Event: 3.550 Thread 0x00000287b2b44510 Exception <a 'java/lang/ClassNotFoundException'{0x00000000c8a70a00}: com/sun/javafx/scene/control/skin/resources/controls> (0x00000000c8a70a00) 
thrown [t:\workspace\open\src\hotspot\share\prims\jni.cpp, line 535]
Event: 3.552 Thread 0x00000287b2b44510 Exception <a 'java/lang/ClassNotFoundException'{0x00000000c8a7e9a0}: com/sun/javafx/scene/control/skin/resources/controls_ru> (0x00000000c8a7e9a0) 
thrown [t:\workspace\open\src\hotspot\share\prims\jni.cpp, line 535]
Event: 3.552 Thread 0x00000287b2b44510 Exception <a 'java/lang/ClassNotFoundException'{0x00000000c8a80320}: com/sun/javafx/scene/control/skin/resources/controls_ru_RU> (0x00000000c8a80320) 
thrown [t:\workspace\open\src\hotspot\share\prims\jni.cpp, line 535]
Event: 3.576 Thread 0x00000287b2b44510 Implicit null exception at 0x00000287a5b71a58 to 0x00000287a5b71aee
Event: 3.581 Thread 0x00000287b2b44510 Implicit null exception at 0x00000287a5c17e91 to 0x00000287a5c1820c
Event: 3.609 Thread 0x00000287b2b44510 Implicit null exception at 0x00000287a5c12591 to 0x00000287a5c12914
Event: 3.609 Thread 0x00000287b2b44510 Implicit null exception at 0x00000287a5b7170f to 0x00000287a5b71789
Event: 3.822 Thread 0x00000287b2b44510 Exception <a 'java/lang/NoSuchMethodError'{0x00000000c846d798}: 'void java.lang.invoke.DirectMethodHandle$Holder.invokeSpecial(java.lang.Object, java.lang.Object, java.lang.Object, java.lang.Object, java.lang.Object, java.lang.Object)'> (0x00000000c846d798) 
thrown [t:\workspace\open\src\hotspot\share\interpreter\linkResolver.cpp, line 766]

VM Operations (20 events):
Event: 2.759 Executing VM operation: G1CollectForAllocation
Event: 2.762 Executing VM operation: G1CollectForAllocation done
Event: 2.878 Executing VM operation: G1CollectForAllocation
Event: 2.883 Executing VM operation: G1CollectForAllocation done
Event: 2.924 Executing VM operation: G1CollectForAllocation
Event: 2.927 Executing VM operation: G1CollectForAllocation done
Event: 2.945 Executing VM operation: G1Concurrent
Event: 2.947 Executing VM operation: G1Concurrent done
Event: 2.959 Executing VM operation: G1Concurrent
Event: 2.959 Executing VM operation: G1Concurrent done
Event: 2.990 Executing VM operation: HandshakeAllThreads
Event: 2.990 Executing VM operation: HandshakeAllThreads done
Event: 3.578 Executing VM operation: HandshakeAllThreads
Event: 3.578 Executing VM operation: HandshakeAllThreads done
Event: 3.581 Executing VM operation: HandshakeAllThreads
Event: 3.581 Executing VM operation: HandshakeAllThreads done
Event: 3.598 Executing VM operation: ICBufferFull
Event: 3.599 Executing VM operation: ICBufferFull done
Event: 4.012 Executing VM operation: ICBufferFull
Event: 4.021 Executing VM operation: ICBufferFull done

Events (20 events):
Event: 3.021 loading class java/io/CharArrayReader done
Event: 3.044 loading class java/lang/System$Logger$Level
Event: 3.044 loading class java/lang/System$Logger$Level done
Event: 3.081 Thread 0x00000287b85ab770 Thread exited: 0x00000287b85ab770
Event: 3.183 loading class java/util/ConcurrentModificationException
Event: 3.183 loading class java/util/ConcurrentModificationException done
Event: 3.184 Thread 0x00000287b8452a80 Thread added: 0x00000287b8452a80
Event: 3.192 loading class java/util/ResourceBundle$3
Event: 3.192 loading class java/util/ResourceBundle$3 done
Event: 3.263 loading class java/lang/StrictMath
Event: 3.264 loading class java/lang/StrictMath done
Event: 3.317 loading class jdk/jfr/FlightRecorder
Event: 3.319 loading class jdk/jfr/FlightRecorder done
Event: 3.390 Thread 0x00000287b88c6b30 Thread added: 0x00000287b88c6b30
Event: 3.643 Thread 0x00000287b8452a80 Thread exited: 0x00000287b8452a80
Event: 3.903 loading class java/lang/FdLibm$Hypot
Event: 3.903 loading class java/lang/FdLibm$Hypot done
Event: 3.903 loading class java/lang/FdLibm
Event: 3.903 loading class java/lang/FdLibm done
Event: 3.943 Thread 0x00000287b8c895b0 Thread added: 0x00000287b8c895b0


Dynamic libraries:
0x00007ff6056f0000 - 0x00007ff605700000 	C:\Program Files\Java\jdk-17.0.2\bin\java.exe
0x00007ffb41090000 - 0x00007ffb41286000 	C:\Windows\SYSTEM32\ntdll.dll
0x00007ffb3fbe0000 - 0x00007ffb3fc9d000 	C:\Windows\System32\KERNEL32.DLL
0x00007ffb3ed70000 - 0x00007ffb3f039000 	C:\Windows\System32\KERNELBASE.dll
0x00007ffb3ec40000 - 0x00007ffb3ed40000 	C:\Windows\System32\ucrtbase.dll
0x00007ffb358f0000 - 0x00007ffb3590a000 	C:\Program Files\Java\jdk-17.0.2\bin\VCRUNTIME140.dll
0x00007ffb35260000 - 0x00007ffb35278000 	C:\Program Files\Java\jdk-17.0.2\bin\jli.dll
0x00007ffb3fca0000 - 0x00007ffb3fd4c000 	C:\Windows\System32\ADVAPI32.dll
0x00007ffb3ffd0000 - 0x00007ffb4006e000 	C:\Windows\System32\msvcrt.dll
0x00007ffb40480000 - 0x00007ffb4051c000 	C:\Windows\System32\sechost.dll
0x00007ffb3f0f0000 - 0x00007ffb3f21b000 	C:\Windows\System32\RPCRT4.dll
0x00007ffb40100000 - 0x00007ffb402a0000 	C:\Windows\System32\USER32.dll
0x00007ffb3ed40000 - 0x00007ffb3ed62000 	C:\Windows\System32\win32u.dll
0x00007ffb40450000 - 0x00007ffb4047a000 	C:\Windows\System32\GDI32.dll
0x00007ffb3e7d0000 - 0x00007ffb3e8db000 	C:\Windows\System32\gdi32full.dll
0x00007ffb2a7b0000 - 0x00007ffb2aa4b000 	C:\Windows\WinSxS\amd64_microsoft.windows.common-controls_6595b64144ccf1df_6.0.19041.746_none_ca02b4b61b8320a4\COMCTL32.dll
0x00007ffb3eba0000 - 0x00007ffb3ec3d000 	C:\Windows\System32\msvcp_win.dll
0x00007ffb37250000 - 0x00007ffb3725a000 	C:\Windows\SYSTEM32\VERSION.dll
0x00007ffb40e70000 - 0x00007ffb40ea0000 	C:\Windows\System32\IMM32.DLL
0x00007ffb37d70000 - 0x00007ffb37d7c000 	C:\Program Files\Java\jdk-17.0.2\bin\vcruntime140_1.dll
0x00007ffb275c0000 - 0x00007ffb2764d000 	C:\Program Files\Java\jdk-17.0.2\bin\msvcp140.dll
0x00007ffb050a0000 - 0x00007ffb05c61000 	C:\Program Files\Java\jdk-17.0.2\bin\server\jvm.dll
0x00007ffb3fb00000 - 0x00007ffb3fb08000 	C:\Windows\System32\PSAPI.DLL
0x00007ffb39a00000 - 0x00007ffb39a09000 	C:\Windows\SYSTEM32\WSOCK32.dll
0x00007ffb3fe80000 - 0x00007ffb3feeb000 	C:\Windows\System32\WS2_32.dll
0x00007ffb2d1c0000 - 0x00007ffb2d1e7000 	C:\Windows\SYSTEM32\WINMM.dll
0x00007ffb3d0b0000 - 0x00007ffb3d0c2000 	C:\Windows\SYSTEM32\kernel.appcore.dll
0x00007ffb36990000 - 0x00007ffb3699a000 	C:\Program Files\Java\jdk-17.0.2\bin\jimage.dll
0x00007ffb3cdc0000 - 0x00007ffb3cfa4000 	C:\Windows\SYSTEM32\DBGHELP.DLL
0x00007ffb27f00000 - 0x00007ffb27f2c000 	C:\Windows\SYSTEM32\dbgcore.DLL
0x00007ffb3eb20000 - 0x00007ffb3eba0000 	C:\Windows\System32\bcryptPrimitives.dll
0x00007ffb2d4e0000 - 0x00007ffb2d505000 	C:\Program Files\Java\jdk-17.0.2\bin\java.dll
0x00007ffb26c10000 - 0x00007ffb26ce6000 	C:\Program Files\Java\jdk-17.0.2\bin\jsvml.dll
0x00007ffb3f280000 - 0x00007ffb3f9c3000 	C:\Windows\System32\SHELL32.dll
0x00007ffb3c630000 - 0x00007ffb3cdbf000 	C:\Windows\SYSTEM32\windows.storage.dll
0x00007ffb405d0000 - 0x00007ffb40926000 	C:\Windows\System32\combase.dll
0x00007ffb3e160000 - 0x00007ffb3e18c000 	C:\Windows\SYSTEM32\Wldp.dll
0x00007ffb40520000 - 0x00007ffb405ce000 	C:\Windows\System32\SHCORE.dll
0x00007ffb3f9d0000 - 0x00007ffb3fa25000 	C:\Windows\System32\shlwapi.dll
0x00007ffb3e700000 - 0x00007ffb3e726000 	C:\Windows\SYSTEM32\profapi.dll
0x00007ffb2d4c0000 - 0x00007ffb2d4d9000 	C:\Program Files\Java\jdk-17.0.2\bin\net.dll
0x00007ffb36fd0000 - 0x00007ffb370d0000 	C:\Windows\SYSTEM32\WINHTTP.dll
0x00007ffb3dee0000 - 0x00007ffb3df4a000 	C:\Windows\system32\mswsock.dll
0x00007ffb2d420000 - 0x00007ffb2d436000 	C:\Program Files\Java\jdk-17.0.2\bin\nio.dll
0x00007ffb351f0000 - 0x00007ffb35208000 	C:\Program Files\Java\jdk-17.0.2\bin\zip.dll
0x0000028796790000 - 0x0000028796793000 	C:\Users\Pavel\.openjfx\cache\19-ea+3\api-ms-win-core-console-l1-1-0.dll
0x00000287967a0000 - 0x00000287967a3000 	C:\Users\Pavel\.openjfx\cache\19-ea+3\api-ms-win-core-console-l1-2-0.dll
0x00000287967b0000 - 0x00000287967b3000 	C:\Users\Pavel\.openjfx\cache\19-ea+3\api-ms-win-core-datetime-l1-1-0.dll
0x00000287967c0000 - 0x00000287967c3000 	C:\Users\Pavel\.openjfx\cache\19-ea+3\api-ms-win-core-debug-l1-1-0.dll
0x00000287967d0000 - 0x00000287967d3000 	C:\Users\Pavel\.openjfx\cache\19-ea+3\api-ms-win-core-errorhandling-l1-1-0.dll
0x00000287967e0000 - 0x00000287967e4000 	C:\Users\Pavel\.openjfx\cache\19-ea+3\api-ms-win-core-file-l1-1-0.dll
0x00000287967f0000 - 0x00000287967f3000 	C:\Users\Pavel\.openjfx\cache\19-ea+3\api-ms-win-core-file-l1-2-0.dll
0x00000287b1b50000 - 0x00000287b1b53000 	C:\Users\Pavel\.openjfx\cache\19-ea+3\api-ms-win-core-file-l2-1-0.dll
0x00000287b1b60000 - 0x00000287b1b63000 	C:\Users\Pavel\.openjfx\cache\19-ea+3\api-ms-win-core-handle-l1-1-0.dll
0x00000287b1b70000 - 0x00000287b1b73000 	C:\Users\Pavel\.openjfx\cache\19-ea+3\api-ms-win-core-heap-l1-1-0.dll
0x00000287b1b80000 - 0x00000287b1b83000 	C:\Users\Pavel\.openjfx\cache\19-ea+3\api-ms-win-core-interlocked-l1-1-0.dll
0x00000287b1b90000 - 0x00000287b1b93000 	C:\Users\Pavel\.openjfx\cache\19-ea+3\api-ms-win-core-libraryloader-l1-1-0.dll
0x00000287b1ba0000 - 0x00000287b1ba3000 	C:\Users\Pavel\.openjfx\cache\19-ea+3\api-ms-win-core-localization-l1-2-0.dll
0x00000287b1bb0000 - 0x00000287b1bb3000 	C:\Users\Pavel\.openjfx\cache\19-ea+3\api-ms-win-core-memory-l1-1-0.dll
0x00000287b1bc0000 - 0x00000287b1bc3000 	C:\Users\Pavel\.openjfx\cache\19-ea+3\api-ms-win-core-namedpipe-l1-1-0.dll
0x00000287b1bd0000 - 0x00000287b1bd3000 	C:\Users\Pavel\.openjfx\cache\19-ea+3\api-ms-win-core-processenvironment-l1-1-0.dll
0x00000287b1be0000 - 0x00000287b1be3000 	C:\Users\Pavel\.openjfx\cache\19-ea+3\api-ms-win-core-processthreads-l1-1-0.dll
0x00000287b1bf0000 - 0x00000287b1bf3000 	C:\Users\Pavel\.openjfx\cache\19-ea+3\api-ms-win-core-processthreads-l1-1-1.dll
0x00000287b3000000 - 0x00000287b3003000 	C:\Users\Pavel\.openjfx\cache\19-ea+3\api-ms-win-core-profile-l1-1-0.dll
0x00000287b3010000 - 0x00000287b3013000 	C:\Users\Pavel\.openjfx\cache\19-ea+3\api-ms-win-core-rtlsupport-l1-1-0.dll
0x00000287b3020000 - 0x00000287b3023000 	C:\Users\Pavel\.openjfx\cache\19-ea+3\api-ms-win-core-string-l1-1-0.dll
0x00000287b3030000 - 0x00000287b3033000 	C:\Users\Pavel\.openjfx\cache\19-ea+3\api-ms-win-core-synch-l1-1-0.dll
0x00000287b3040000 - 0x00000287b3043000 	C:\Users\Pavel\.openjfx\cache\19-ea+3\api-ms-win-core-synch-l1-2-0.dll
0x00000287b3050000 - 0x00000287b3053000 	C:\Users\Pavel\.openjfx\cache\19-ea+3\api-ms-win-core-sysinfo-l1-1-0.dll
0x00000287b3060000 - 0x00000287b3063000 	C:\Users\Pavel\.openjfx\cache\19-ea+3\api-ms-win-core-timezone-l1-1-0.dll
0x00000287b3070000 - 0x00000287b3073000 	C:\Users\Pavel\.openjfx\cache\19-ea+3\api-ms-win-core-util-l1-1-0.dll
0x00000287b3080000 - 0x00000287b3083000 	C:\Users\Pavel\.openjfx\cache\19-ea+3\api-ms-win-crt-conio-l1-1-0.dll
0x00000287b3090000 - 0x00000287b3094000 	C:\Users\Pavel\.openjfx\cache\19-ea+3\api-ms-win-crt-convert-l1-1-0.dll
0x00000287b30a0000 - 0x00000287b30a3000 	C:\Users\Pavel\.openjfx\cache\19-ea+3\api-ms-win-crt-environment-l1-1-0.dll
0x00000287b30b0000 - 0x00000287b30b3000 	C:\Users\Pavel\.openjfx\cache\19-ea+3\api-ms-win-crt-filesystem-l1-1-0.dll
0x00000287b30c0000 - 0x00000287b30c3000 	C:\Users\Pavel\.openjfx\cache\19-ea+3\api-ms-win-crt-heap-l1-1-0.dll
0x00000287b30d0000 - 0x00000287b30d3000 	C:\Users\Pavel\.openjfx\cache\19-ea+3\api-ms-win-crt-locale-l1-1-0.dll
0x00000287b30e0000 - 0x00000287b30e5000 	C:\Users\Pavel\.openjfx\cache\19-ea+3\api-ms-win-crt-math-l1-1-0.dll
0x00000287b30f0000 - 0x00000287b30f5000 	C:\Users\Pavel\.openjfx\cache\19-ea+3\api-ms-win-crt-multibyte-l1-1-0.dll
0x00000287b3100000 - 0x00000287b3110000 	C:\Users\Pavel\.openjfx\cache\19-ea+3\api-ms-win-crt-private-l1-1-0.dll
0x00000287b3110000 - 0x00000287b3113000 	C:\Users\Pavel\.openjfx\cache\19-ea+3\api-ms-win-crt-process-l1-1-0.dll
0x00000287b3120000 - 0x00000287b3124000 	C:\Users\Pavel\.openjfx\cache\19-ea+3\api-ms-win-crt-runtime-l1-1-0.dll
0x00000287b3130000 - 0x00000287b3134000 	C:\Users\Pavel\.openjfx\cache\19-ea+3\api-ms-win-crt-stdio-l1-1-0.dll
0x00000287b3140000 - 0x00000287b3144000 	C:\Users\Pavel\.openjfx\cache\19-ea+3\api-ms-win-crt-string-l1-1-0.dll
0x00000287b3150000 - 0x00000287b3153000 	C:\Users\Pavel\.openjfx\cache\19-ea+3\api-ms-win-crt-time-l1-1-0.dll
0x00000287b3160000 - 0x00000287b3163000 	C:\Users\Pavel\.openjfx\cache\19-ea+3\api-ms-win-crt-utility-l1-1-0.dll
0x00007ffb1d250000 - 0x00007ffb1d34c000 	C:\Users\Pavel\.openjfx\cache\19-ea+3\ucrtbase.dll
0x00007ffb2d3b0000 - 0x00007ffb2d3ca000 	C:\Users\Pavel\.openjfx\cache\19-ea+3\vcruntime140.dll
0x00007ffb2d3a0000 - 0x00007ffb2d3ac000 	C:\Users\Pavel\.openjfx\cache\19-ea+3\vcruntime140_1.dll
0x00007ffb27530000 - 0x00007ffb275bd000 	C:\Users\Pavel\.openjfx\cache\19-ea+3\msvcp140.dll
0x00007ffb2d370000 - 0x00007ffb2d39c000 	C:\Users\Pavel\.openjfx\cache\19-ea+3\prism_d3d.dll
0x00007ffb154f0000 - 0x00007ffb156bf000 	C:\Windows\system32\d3d9.dll
0x00007ffb3c0a0000 - 0x00007ffb3c0cf000 	C:\Windows\SYSTEM32\dwmapi.dll
0x00007ffb3b6f0000 - 0x00007ffb3b78e000 	C:\Windows\system32\uxtheme.dll
0x00007ffb14de0000 - 0x00007ffb14f42000 	C:\Windows\System32\DriverStore\FileRepository\iigd_dch.inf_amd64_9c1ab568b4fa57de\igdumdim64.dll
0x00007ffb31a50000 - 0x00007ffb31ba4000 	C:\Windows\System32\DriverStore\FileRepository\iigd_dch.inf_amd64_9c1ab568b4fa57de\igdgmm64.dll
0x00007ffb2d290000 - 0x00007ffb2d2d2000 	C:\Users\Pavel\.openjfx\cache\19-ea+3\glass.dll
0x00007ffb3fef0000 - 0x00007ffb3ffcb000 	C:\Windows\System32\COMDLG32.dll
0x00007ffb40320000 - 0x00007ffb4044a000 	C:\Windows\System32\ole32.dll
0x00007ffb3fb10000 - 0x00007ffb3fbdd000 	C:\Windows\System32\OLEAUT32.dll
0x00007ffb3fd50000 - 0x00007ffb3fe66000 	C:\Windows\System32\MSCTF.dll
0x00007ffb01480000 - 0x00007ffb05099000 	C:\Windows\System32\DriverStore\FileRepository\iigd_dch.inf_amd64_9c1ab568b4fa57de\igd9dxva64.dll
0x00007ffb2c900000 - 0x00007ffb2c922000 	C:\Windows\System32\DriverStore\FileRepository\iigd_dch.inf_amd64_9c1ab568b4fa57de\igdinfo64.dll
0x00007ffb2f6a0000 - 0x00007ffb31a1d000 	C:\Windows\System32\DriverStore\FileRepository\iigd_dch.inf_amd64_9c1ab568b4fa57de\igc64.dll
0x00007ffb337a0000 - 0x00007ffb337db000 	C:\Windows\SYSTEM32\dxcore.dll
0x00007ffb3e940000 - 0x00007ffb3e98e000 	C:\Windows\System32\cfgmgr32.dll
0x00007ffb2c8e0000 - 0x00007ffb2c8f4000 	C:\Users\Pavel\.openjfx\cache\19-ea+3\javafx_font.dll
0x00007ffb2d960000 - 0x00007ffb2dbdf000 	C:\Windows\SYSTEM32\dwrite.dll
0x00007ffb3fa50000 - 0x00007ffb3faf9000 	C:\Windows\System32\clbcatq.dll
0x00007ffb35960000 - 0x00007ffb35b14000 	C:\Windows\SYSTEM32\WindowsCodecs.dll
0x00007ffb3e990000 - 0x00007ffb3e9b7000 	C:\Windows\System32\bcrypt.dll
0x00007ffb19bd0000 - 0x00007ffb19c0e000 	C:\Windows\system32\dataexchange.dll
0x00007ffb3aaa0000 - 0x00007ffb3ac87000 	C:\Windows\system32\dcomp.dll
0x00007ffb3a030000 - 0x00007ffb3a294000 	C:\Windows\system32\d3d11.dll
0x00007ffb3d120000 - 0x00007ffb3d213000 	C:\Windows\system32\dxgi.dll
0x00007ffb35e40000 - 0x00007ffb36041000 	C:\Windows\system32\twinapi.appcore.dll
0x00007ffb26bd0000 - 0x00007ffb26c04000 	C:\Program Files\Common Files\Microsoft Shared\Ink\rtscom.dll
0x00007ffb31d30000 - 0x00007ffb31e2b000 	C:\Windows\SYSTEM32\textinputframework.dll
0x00007ffb3b010000 - 0x00007ffb3b36e000 	C:\Windows\System32\CoreUIComponents.dll
0x00007ffb3b370000 - 0x00007ffb3b462000 	C:\Windows\System32\CoreMessaging.dll
0x00007ffb3d510000 - 0x00007ffb3d543000 	C:\Windows\SYSTEM32\ntmarta.dll
0x00007ffb3a940000 - 0x00007ffb3aa94000 	C:\Windows\SYSTEM32\wintypes.dll

dbghelp: loaded successfully - version: 4.0.5 - missing functions: none
symbol engine: initialized successfully - sym options: 0x614 - pdb path: .;C:\Program Files\Java\jdk-17.0.2\bin;C:\Windows\SYSTEM32;C:\Windows\WinSxS\amd64_microsoft.windows.common-controls_6595b64144ccf1df_6.0.19041.746_none_ca02b4b61b8320a4;C:\Program Files\Java\jdk-17.0.2\bin\server;C:\Users\Pavel\.openjfx\cache\19-ea+3;C:\Windows\System32\DriverStore\FileRepository\iigd_dch.inf_amd64_9c1ab568b4fa57de;C:\Program Files\Common Files\Microsoft Shared\Ink

VM Arguments:
jvm_args: --module-path=C:\Users\Pavel\.m2\repository\org\openjfx\javafx-base\19-ea+3\javafx-base-19-ea+3-win.jar;C:\Users\Pavel\.m2\repository\org\openjfx\javafx-base\19-ea+3\javafx-base-19-ea+3.jar;C:\Users\Pavel\.m2\repository\org\openjfx\javafx-controls\19-ea+3\javafx-controls-19-ea+3-win.jar;C:\Users\Pavel\.m2\repository\org\openjfx\javafx-controls\19-ea+3\javafx-controls-19-ea+3.jar;C:\Users\Pavel\.m2\repository\org\openjfx\javafx-fxml\19-ea+3\javafx-fxml-19-ea+3-win.jar;C:\Users\Pavel\.m2\repository\org\openjfx\javafx-fxml\19-ea+3\javafx-fxml-19-ea+3.jar;C:\Users\Pavel\.m2\repository\org\openjfx\javafx-graphics\19-ea+3\javafx-graphics-19-ea+3-win.jar;C:\Users\Pavel\.m2\repository\org\openjfx\javafx-graphics\19-ea+3\javafx-graphics-19-ea+3.jar;C:\Users\Pavel\.m2\repository\org\openjfx\javafx-media\19-ea+3\javafx-media-19-ea+3-win.jar;C:\Users\Pavel\.m2\repository\org\openjfx\javafx-media\19-ea+3\javafx-media-19-ea+3.jar;C:\Users\Pavel\.m2\repository\org\openjfx\javafx-swing\19-ea+3\javafx-swing-19-ea+3-win.jar;C:\Users\Pavel\.m2\repository\org\openjfx\javafx-swing\19-ea+3\javafx-swing-19-ea+3.jar;C:\Users\Pavel\.m2\repository\org\openjfx\javafx-web\19-ea+3\javafx-web-19-ea+3-win.jar;C:\Users\Pavel\.m2\repository\org\openjfx\javafx-web\19-ea+3\javafx-web-19-ea+3.jar --add-modules=javafx.base,javafx.controls,javafx.fxml,javafx.graphics,javafx.media,javafx.swing,javafx.web 
java_command: com.lifehouse.raceth.Main
java_class_path (initial): C:\Users\Pavel\IdeaProjects\RaceTH\target\classes;C:\Users\Pavel\.m2\repository\antlr\antlr\2.7.7\antlr-2.7.7.jar;C:\Users\Pavel\.m2\repository\com\fasterxml\classmate\1.5.1\classmate-1.5.1.jar;C:\Users\Pavel\.m2\repository\com\sun\istack\istack-commons-runtime\3.0.7\istack-commons-runtime-3.0.7.jar;C:\Users\Pavel\.m2\repository\com\sun\xml\fastinfoset\FastInfoset\1.2.15\FastInfoset-1.2.15.jar;C:\Users\Pavel\.m2\repository\javax\activation\javax.activation-api\1.2.0\javax.activation-api-1.2.0.jar;C:\Users\Pavel\.m2\repository\javax\persistence\javax.persistence-api\2.2\javax.persistence-api-2.2.jar;C:\Users\Pavel\.m2\repository\javax\xml\bind\jaxb-api\2.3.1\jaxb-api-2.3.1.jar;C:\Users\Pavel\.m2\repository\net\bytebuddy\byte-buddy\1.12.7\byte-buddy-1.12.7.jar;C:\Users\Pavel\.m2\repository\org\checkerframework\checker-qual\3.5.0\checker-qual-3.5.0.jar;C:\Users\Pavel\.m2\repository\org\glassfish\jaxb\jaxb-runtime\2.3.1\jaxb-runtime-2.3.1.jar;C:\Users\Pavel\.m2\repository\org\glassfish\jaxb\txw2\2.3.1\txw2-2.3.1.jar;C:\Users\Pavel\.m2\repository\org\hibernate\hibernate-core\5.6.5.Final\hibernate-core-5.6.5.Final.jar;C:\Users\Pavel\.m2\repository\org\hibernate\common\hibernate-commons-annotations\5.1.2.Final\hibernate-commons-annotations-5.1.2.Final.jar;C:\Users\Pavel\.m2\repository\org\jboss\jandex\2.4.2.Final\jandex-2.4.2.Final.jar;C:\Users\Pavel\.m2\repository\org\jboss\logging\jboss-logging\3.4.3.Final\jboss-logging-3.4.3.Final.jar;C:\Users\Pavel\.m2\repository\org\jboss\spec\javax\transaction\jboss-transaction-api_1.2_spec\1.1.1.Final\jboss-transaction-api_1.2_spec-1.1.1.Final.jar;C:\Users\Pavel\.m2\repository\org\jvnet\staxex\stax-ex\1.8\stax-ex-1.8.jar;C:\Users\Pavel\.m2\repository\org\postgresql\postgresql\42.3.3\postgresql-42.3.3.jar;C:\Users\Pavel\.m2\repository\org\projectlombok\lombok\1.18.22\lombok-1.18.22.jar
Launcher Type: SUN_STANDARD

[Global flags]
     intx CICompilerCount                          = 3                                         {product} {ergonomic}
     uint ConcGCThreads                            = 1                                         {product} {ergonomic}
     uint G1ConcRefinementThreads                  = 4                                         {product} {ergonomic}
   size_t G1HeapRegionSize                         = 1048576                                   {product} {ergonomic}
    uintx GCDrainStackTargetSize                   = 64                                        {product} {ergonomic}
   size_t InitialHeapSize                          = 65011712                                  {product} {ergonomic}
   size_t MarkStackSize                            = 4194304                                   {product} {ergonomic}
   size_t MaxHeapSize                              = 1027604480                                {product} {ergonomic}
   size_t MaxNewSize                               = 616562688                                 {product} {ergonomic}
   size_t MinHeapDeltaBytes                        = 1048576                                   {product} {ergonomic}
   size_t MinHeapSize                              = 8388608                                   {product} {ergonomic}
    uintx NonNMethodCodeHeapSize                   = 5832780                                {pd product} {ergonomic}
    uintx NonProfiledCodeHeapSize                  = 122912730                              {pd product} {ergonomic}
    uintx ProfiledCodeHeapSize                     = 122912730                              {pd product} {ergonomic}
    uintx ReservedCodeCacheSize                    = 251658240                              {pd product} {ergonomic}
     bool SegmentedCodeCache                       = true                                      {product} {ergonomic}
   size_t SoftMaxHeapSize                          = 1027604480                             {manageable} {ergonomic}
     bool UseCompressedClassPointers               = true                           {product lp64_product} {ergonomic}
     bool UseCompressedOops                        = true                           {product lp64_product} {ergonomic}
     bool UseG1GC                                  = true                                      {product} {ergonomic}
     bool UseLargePagesIndividualAllocation        = false                                  {pd product} {ergonomic}

Logging:
Log output configuration:
 #0: stdout all=warning uptime,level,tags
 #1: stderr all=off uptime,level,tags

Environment Variables:
PATH=C:\Program Files\Common Files\Oracle\Java\javapath;C:\Program Files (x86)\Common Files\Oracle\Java\javapath;C:\Program Files (x86)\Intel\TXE Components\iCLS\;C:\Program Files\Intel\TXE Components\iCLS\;C:\Windows\system32;C:\Windows;C:\Windows\System32\Wbem;C:\Windows\System32\WindowsPowerShell\v1.0\;C:\Windows\System32\OpenSSH\;C:\Program Files\Intel\TXE Components\DAL\;C:\Program Files (x86)\Intel\TXE Components\DAL\;C:\Program Files\Intel\TXE Components\IPT\;C:\Program Files (x86)\Intel\TXE Components\IPT\;C:\Program Files\dotnet\;C:\Program Files\Microsoft SQL Server\130\Tools\Binn\;C:\Program Files\Microsoft SQL Server\Client SDK\ODBC\170\Tools\Binn\;C:\Program Files\Git\cmd;C:\Program Files\MySQL\MySQL Shell 8.0\bin\;C:\Users\Pavel\AppData\Local\Programs\Python\Python39\Scripts\;C:\Users\Pavel\AppData\Local\Programs\Python\Python39\;C:\Users\Pavel\AppData\Local\Microsoft\WindowsApps;C:\Users\Pavel\.dotnet\tools;C:\Windows\Microsoft.NET\Framework\v4.0.30319;;C:\Program Files\JetBrains\IntelliJ IDEA Community Edition 2021.3.2\bin;
USERNAME=Pavel
OS=Windows_NT
PROCESSOR_IDENTIFIER=Intel64 Family 6 Model 122 Stepping 1, GenuineIntel



---------------  S Y S T E M  ---------------

OS:
 Windows 10 , 64 bit Build 19041 (10.0.19041.662)
OS uptime: 0 days 5:48 hours

CPU: total 4 (initial active 4) (4 cores per cpu, 1 threads per core) family 6 model 122 stepping 1 microcode 0x32, cx8, cmov, fxsr, mmx, 3dnowpref, sse, sse2, sse3, ssse3, sse4.1, sse4.2, popcnt, tsc, tscinvbit, aes, erms, clmul, sha, clflush, clflushopt

Memory: 4k page, system-wide physical 3919M (399M free)
TotalPageFile size 5967M (AvailPageFile size 5M)
current process WorkingSet (physical memory assigned to process): 189M, peak: 189M
current process commit charge ("private bytes"): 252M, peak: 252M

vm_info: Java HotSpot(TM) 64-Bit Server VM (17.0.2+8-LTS-86) for windows-amd64 JRE (17.0.2+8-LTS-86), built on Dec  7 2021 21:51:03 by "mach5one" with MS VC++ 16.8 / 16.9 (VS2019)

END.
