#
# There is insufficient memory for the Java Runtime Environment to continue.
# Native memory allocation (mmap) failed to map 100663296 bytes for G1 virtual space
# Possible reasons:
#   The system is out of physical RAM or swap space
#   The process is running with CompressedOops enabled, and the Java Heap may be blocking the growth of the native heap
# Possible solutions:
#   Reduce memory load on the system
#   Increase physical memory or swap space
#   Check if swap backing store is full
#   Decrease Java heap size (-Xmx/-Xms)
#   Decrease number of Java threads
#   Decrease Java thread stack sizes (-Xss)
#   Set larger code cache with -XX:ReservedCodeCacheSize=
#   JVM is running with Unscaled Compressed Oops mode in which the Java heap is
#     placed in the first 4GB address space. The Java Heap base address is the
#     maximum limit for the native heap growth. Please use -XX:HeapBaseMinAddress
#     to set the Java Heap base and to place the Java Heap above 4GB virtual address.
# This output file may be truncated or incomplete.
#
#  Out of Memory Error (os_windows.cpp:3532), pid=856, tid=7536
#
# JRE version: Java(TM) SE Runtime Environment (17.0.2+8) (build 17.0.2+8-LTS-86)
# Java VM: Java HotSpot(TM) 64-Bit Server VM (17.0.2+8-LTS-86, mixed mode, sharing, tiered, compressed oops, compressed class ptrs, g1 gc, windows-amd64)
# No core dump will be written. Minidumps are not enabled by default on client versions of Windows
#

---------------  S U M M A R Y ------------

Command Line: --module-path=C:\Users\Pavel\.m2\repository\org\openjfx\javafx-base\19-ea+3\javafx-base-19-ea+3-win.jar;C:\Users\Pavel\.m2\repository\org\openjfx\javafx-base\19-ea+3\javafx-base-19-ea+3.jar;C:\Users\Pavel\.m2\repository\org\openjfx\javafx-controls\19-ea+3\javafx-controls-19-ea+3-win.jar;C:\Users\Pavel\.m2\repository\org\openjfx\javafx-controls\19-ea+3\javafx-controls-19-ea+3.jar;C:\Users\Pavel\.m2\repository\org\openjfx\javafx-fxml\19-ea+3\javafx-fxml-19-ea+3-win.jar;C:\Users\Pavel\.m2\repository\org\openjfx\javafx-fxml\19-ea+3\javafx-fxml-19-ea+3.jar;C:\Users\Pavel\.m2\repository\org\openjfx\javafx-graphics\19-ea+3\javafx-graphics-19-ea+3-win.jar;C:\Users\Pavel\.m2\repository\org\openjfx\javafx-graphics\19-ea+3\javafx-graphics-19-ea+3.jar;C:\Users\Pavel\.m2\repository\org\openjfx\javafx-media\19-ea+3\javafx-media-19-ea+3-win.jar;C:\Users\Pavel\.m2\repository\org\openjfx\javafx-media\19-ea+3\javafx-media-19-ea+3.jar;C:\Users\Pavel\.m2\repository\org\openjfx\javafx-swing\19-ea+3\javafx-swing-19-ea+3-win.jar;C:\Users\Pavel\.m2\repository\org\openjfx\javafx-swing\19-ea+3\javafx-swing-19-ea+3.jar;C:\Users\Pavel\.m2\repository\org\openjfx\javafx-web\19-ea+3\javafx-web-19-ea+3-win.jar;C:\Users\Pavel\.m2\repository\org\openjfx\javafx-web\19-ea+3\javafx-web-19-ea+3.jar --add-modules=javafx.base,javafx.controls,javafx.fxml,javafx.graphics,javafx.media,javafx.swing,javafx.web com.lifehouse.raceth.Main

Host: Intel(R) Pentium(R) Silver N5000 CPU @ 1.10GHz, 4 cores, 3G,  Windows 10 , 64 bit Build 19041 (10.0.19041.662)
Time: Sat Apr 23 15:14:56 2022 RTZ 2 (s 10 , 64 bit Build 19041 (10.0.19041.662) elapsed time: 2.645188 seconds (0d 0h 0m 2s)

---------------  T H R E A D  ---------------

Current thread (0x000001f856614a90):  VMThread "VM Thread" [stack: 0x0000008a09800000,0x0000008a09900000] [id=7536]

Stack: [0x0000008a09800000,0x0000008a09900000]
Native frames: (J=compiled Java code, j=interpreted, Vv=VM code, C=native code)
V  [jvm.dll+0x670baa]
V  [jvm.dll+0x7cfcb4]
V  [jvm.dll+0x7d145e]
V  [jvm.dll+0x7d1ac3]
V  [jvm.dll+0x242bc5]
V  [jvm.dll+0x66dac9]
V  [jvm.dll+0x662412]
V  [jvm.dll+0x300c0b]
V  [jvm.dll+0x3081a6]
V  [jvm.dll+0x357d0e]
V  [jvm.dll+0x357f3f]
V  [jvm.dll+0x2d7ec8]
V  [jvm.dll+0x2d6194]
V  [jvm.dll+0x2d579c]
V  [jvm.dll+0x319411]
V  [jvm.dll+0x7d5f9b]
V  [jvm.dll+0x7d6cd4]
V  [jvm.dll+0x7d71ec]
V  [jvm.dll+0x7d75c4]
V  [jvm.dll+0x7d7690]
V  [jvm.dll+0x77ff7a]
V  [jvm.dll+0x66fa35]
C  [ucrtbase.dll+0x214c2]
C  [KERNEL32.DLL+0x17034]
C  [ntdll.dll+0x4d0d1]

VM_Operation (0x0000008a0aafd550): G1TryInitiateConcMark, mode: safepoint, requested by thread 0x000001f8578b12c0


---------------  P R O C E S S  ---------------

Threads class SMR info:
_java_thread_list=0x000001f857b543f0, length=17, elements={
0x000001f83b4f4940, 0x000001f856619e30, 0x000001f85661d060, 0x000001f85662f830,
0x000001f856632e10, 0x000001f856633b70, 0x000001f8566348d0, 0x000001f85663d6c0,
0x000001f85663ecd0, 0x000001f856651a60, 0x000001f83b5c76f0, 0x000001f8571775b0,
0x000001f857835bf0, 0x000001f8578b0650, 0x000001f8578b12c0, 0x000001f857a3cc90,
0x000001f857b54bb0
}

Java Threads: ( => current thread )
  0x000001f83b4f4940 JavaThread "main" [_thread_blocked, id=11388, stack(0x0000008a09200000,0x0000008a09300000)]
  0x000001f856619e30 JavaThread "Reference Handler" daemon [_thread_blocked, id=12252, stack(0x0000008a09900000,0x0000008a09a00000)]
  0x000001f85661d060 JavaThread "Finalizer" daemon [_thread_blocked, id=4428, stack(0x0000008a09a00000,0x0000008a09b00000)]
  0x000001f85662f830 JavaThread "Signal Dispatcher" daemon [_thread_blocked, id=11824, stack(0x0000008a09b00000,0x0000008a09c00000)]
  0x000001f856632e10 JavaThread "Attach Listener" daemon [_thread_blocked, id=12160, stack(0x0000008a09c00000,0x0000008a09d00000)]
  0x000001f856633b70 JavaThread "Service Thread" daemon [_thread_blocked, id=8428, stack(0x0000008a09d00000,0x0000008a09e00000)]
  0x000001f8566348d0 JavaThread "Monitor Deflation Thread" daemon [_thread_blocked, id=5436, stack(0x0000008a09e00000,0x0000008a09f00000)]
  0x000001f85663d6c0 JavaThread "C2 CompilerThread0" daemon [_thread_blocked, id=6960, stack(0x0000008a09f00000,0x0000008a0a000000)]
  0x000001f85663ecd0 JavaThread "C1 CompilerThread0" daemon [_thread_blocked, id=8840, stack(0x0000008a0a000000,0x0000008a0a100000)]
  0x000001f856651a60 JavaThread "Sweeper thread" daemon [_thread_blocked, id=5284, stack(0x0000008a0a100000,0x0000008a0a200000)]
  0x000001f83b5c76f0 JavaThread "Common-Cleaner" daemon [_thread_blocked, id=8424, stack(0x0000008a0a200000,0x0000008a0a300000)]
  0x000001f8571775b0 JavaThread "Notification Thread" daemon [_thread_blocked, id=11700, stack(0x0000008a0a400000,0x0000008a0a500000)]
  0x000001f857835bf0 JavaThread "QuantumRenderer-0" daemon [_thread_blocked, id=364, stack(0x0000008a0a800000,0x0000008a0a900000)]
  0x000001f8578b0650 JavaThread "InvokeLaterDispatcher" daemon [_thread_blocked, id=7232, stack(0x0000008a0a900000,0x0000008a0aa00000)]
  0x000001f8578b12c0 JavaThread "JavaFX Application Thread" [_thread_blocked, id=9516, stack(0x0000008a0aa00000,0x0000008a0ab00000)]
  0x000001f857a3cc90 JavaThread "JavaFX-Launcher" [_thread_blocked, id=8084, stack(0x0000008a0af00000,0x0000008a0b000000)]
  0x000001f857b54bb0 JavaThread "Thread-2" daemon [_thread_blocked, id=5300, stack(0x0000008a0ae00000,0x0000008a0af00000)]

Other Threads:
=>0x000001f856614a90 VMThread "VM Thread" [stack: 0x0000008a09800000,0x0000008a09900000] [id=7536]
  0x000001f85713ac00 WatcherThread [stack: 0x0000008a0a500000,0x0000008a0a600000] [id=1296]
  0x000001f83b5200f0 GCTaskThread "GC Thread#0" [stack: 0x0000008a09300000,0x0000008a09400000] [id=7312]
  0x000001f85781cd30 GCTaskThread "GC Thread#1" [stack: 0x0000008a0a300000,0x0000008a0a400000] [id=11472]
  0x000001f85781d3e0 GCTaskThread "GC Thread#2" [stack: 0x0000008a0a600000,0x0000008a0a700000] [id=5580]
  0x000001f85781d690 GCTaskThread "GC Thread#3" [stack: 0x0000008a0a700000,0x0000008a0a800000] [id=3836]
  0x000001f83b528ab0 ConcurrentGCThread "G1 Main Marker" [stack: 0x0000008a09400000,0x0000008a09500000] [id=7100]
  0x000001f83b529c60 ConcurrentGCThread "G1 Conc#0" [stack: 0x0000008a09500000,0x0000008a09600000] [id=1416]
  0x000001f83b5a2b00 ConcurrentGCThread "G1 Refine#0" [stack: 0x0000008a09600000,0x0000008a09700000] [id=8036]
  0x000001f83b5a5140 ConcurrentGCThread "G1 Service" [stack: 0x0000008a09700000,0x0000008a09800000] [id=9740]

Threads with active compile tasks:
C2 CompilerThread0     2700 2202       4       java.util.HashMap::resize (356 bytes)

VM state: at safepoint (normal execution)

VM Mutex/Monitor currently owned by a thread:  ([mutex/lock_event])
[0x000001f83b4f2970] Threads_lock - owner thread: 0x000001f856614a90
[0x000001f83b4f2a00] Heap_lock - owner thread: 0x000001f8578b12c0

Heap address: 0x00000000c2c00000, size: 980 MB, Compressed Oops mode: 32-bit

CDS archive(s) mapped at: [0x0000000800000000-0x0000000800bc0000-0x0000000800bc0000), size 12320768, SharedBaseAddress: 0x0000000800000000, ArchiveRelocationMode: 0.
Compressed class space mapped at: 0x0000000800c00000-0x0000000840c00000, reserved size: 1073741824
Narrow klass base: 0x0000000800000000, Narrow klass shift: 0, Narrow klass range: 0x100000000

GC Precious Log:
 CPUs: 4 total, 4 available
 Memory: 3919M
 Large Page Support: Disabled
 NUMA Support: Disabled
 Compressed Oops: Enabled (32-bit)
 Heap Region Size: 1M
 Heap Min Capacity: 8M
 Heap Initial Capacity: 62M
 Heap Max Capacity: 980M
 Pre-touch: Disabled
 Parallel Workers: 4
 Concurrent Workers: 1
 Concurrent Refinement Workers: 4
 Periodic GC: Disabled

Heap:
 garbage-first heap   total 97280K, used 56459K [0x00000000c2c00000, 0x0000000100000000)
  region size 1024K, 2 young (2048K), 2 survivors (2048K)
 Metaspace       used 11923K, committed 12224K, reserved 1064960K
  class space    used 1642K, committed 1792K, reserved 1048576K

Heap Regions: E=young(eden), S=young(survivor), O=old, HS=humongous(starts), HC=humongous(continues), CS=collection set, F=free, OA=open archive, CA=closed archive, TAMS=top-at-mark-start (previous, next)
|   0|0x00000000c2c00000, 0x00000000c2d00000, 0x00000000c2d00000|100%|HS|  |TAMS 0x00000000c2d00000, 0x00000000c2d00000| Complete 
|   1|0x00000000c2d00000, 0x00000000c2e00000, 0x00000000c2e00000|100%| O|  |TAMS 0x00000000c2e00000, 0x00000000c2e00000| Untracked 
|   2|0x00000000c2e00000, 0x00000000c2f00000, 0x00000000c2f00000|100%| O|  |TAMS 0x00000000c2f00000, 0x00000000c2f00000| Untracked 
|   3|0x00000000c2f00000, 0x00000000c3000000, 0x00000000c3000000|100%|HS|  |TAMS 0x00000000c3000000, 0x00000000c3000000| Complete 
|   4|0x00000000c3000000, 0x00000000c3100000, 0x00000000c3100000|100%|HC|  |TAMS 0x00000000c3100000, 0x00000000c3100000| Complete 
|   5|0x00000000c3100000, 0x00000000c3100000, 0x00000000c3200000|  0%| F|  |TAMS 0x00000000c3100000, 0x00000000c3100000| Untracked 
|   6|0x00000000c3200000, 0x00000000c3300000, 0x00000000c3300000|100%|HS|  |TAMS 0x00000000c3300000, 0x00000000c3300000| Complete 
|   7|0x00000000c3300000, 0x00000000c3400000, 0x00000000c3400000|100%|HC|  |TAMS 0x00000000c3400000, 0x00000000c3400000| Complete 
|   8|0x00000000c3400000, 0x00000000c3500000, 0x00000000c3500000|100%| O|  |TAMS 0x00000000c3500000, 0x00000000c3500000| Untracked 
|   9|0x00000000c3500000, 0x00000000c3600000, 0x00000000c3600000|100%|HS|  |TAMS 0x00000000c3600000, 0x00000000c3600000| Complete 
|  10|0x00000000c3600000, 0x00000000c3700000, 0x00000000c3700000|100%|HC|  |TAMS 0x00000000c3700000, 0x00000000c3700000| Complete 
|  11|0x00000000c3700000, 0x00000000c379a400, 0x00000000c3800000| 60%| O|  |TAMS 0x00000000c379a400, 0x00000000c379a400| Untracked 
|  12|0x00000000c3800000, 0x00000000c3900000, 0x00000000c3900000|100%|HS|  |TAMS 0x00000000c3900000, 0x00000000c3900000| Complete 
|  13|0x00000000c3900000, 0x00000000c3a00000, 0x00000000c3a00000|100%|HC|  |TAMS 0x00000000c3a00000, 0x00000000c3a00000| Complete 
|  14|0x00000000c3a00000, 0x00000000c3a00000, 0x00000000c3b00000|  0%| F|  |TAMS 0x00000000c3a00000, 0x00000000c3a00000| Untracked 
|  15|0x00000000c3b00000, 0x00000000c3c00000, 0x00000000c3c00000|100%|HS|  |TAMS 0x00000000c3c00000, 0x00000000c3c00000| Complete 
|  16|0x00000000c3c00000, 0x00000000c3d00000, 0x00000000c3d00000|100%|HC|  |TAMS 0x00000000c3d00000, 0x00000000c3d00000| Complete 
|  17|0x00000000c3d00000, 0x00000000c3d00000, 0x00000000c3e00000|  0%| F|  |TAMS 0x00000000c3d00000, 0x00000000c3d00000| Untracked 
|  18|0x00000000c3e00000, 0x00000000c3f00000, 0x00000000c3f00000|100%|HS|  |TAMS 0x00000000c3f00000, 0x00000000c3f00000| Complete 
|  19|0x00000000c3f00000, 0x00000000c4000000, 0x00000000c4000000|100%|HC|  |TAMS 0x00000000c4000000, 0x00000000c4000000| Complete 
|  20|0x00000000c4000000, 0x00000000c4000000, 0x00000000c4100000|  0%| F|  |TAMS 0x00000000c4000000, 0x00000000c4000000| Untracked 
|  21|0x00000000c4100000, 0x00000000c4200000, 0x00000000c4200000|100%|HS|  |TAMS 0x00000000c4200000, 0x00000000c4200000| Complete 
|  22|0x00000000c4200000, 0x00000000c4300000, 0x00000000c4300000|100%|HC|  |TAMS 0x00000000c4300000, 0x00000000c4300000| Complete 
|  23|0x00000000c4300000, 0x00000000c4300000, 0x00000000c4400000|  0%| F|  |TAMS 0x00000000c4300000, 0x00000000c4300000| Untracked 
|  24|0x00000000c4400000, 0x00000000c4500000, 0x00000000c4500000|100%|HS|  |TAMS 0x00000000c4500000, 0x00000000c4500000| Complete 
|  25|0x00000000c4500000, 0x00000000c4600000, 0x00000000c4600000|100%|HC|  |TAMS 0x00000000c4600000, 0x00000000c4600000| Complete 
|  26|0x00000000c4600000, 0x00000000c4600000, 0x00000000c4700000|  0%| F|  |TAMS 0x00000000c4600000, 0x00000000c4600000| Untracked 
|  27|0x00000000c4700000, 0x00000000c4800000, 0x00000000c4800000|100%| O|  |TAMS 0x00000000c4800000, 0x00000000c4800000| Untracked 
|  28|0x00000000c4800000, 0x00000000c4900000, 0x00000000c4900000|100%| O|  |TAMS 0x00000000c4900000, 0x00000000c4900000| Untracked 
|  29|0x00000000c4900000, 0x00000000c4a00000, 0x00000000c4a00000|100%| O|  |TAMS 0x00000000c4a00000, 0x00000000c4a00000| Untracked 
|  30|0x00000000c4a00000, 0x00000000c4b00000, 0x00000000c4b00000|100%|HS|  |TAMS 0x00000000c4b00000, 0x00000000c4b00000| Complete 
|  31|0x00000000c4b00000, 0x00000000c4c00000, 0x00000000c4c00000|100%|HC|  |TAMS 0x00000000c4c00000, 0x00000000c4c00000| Complete 
|  32|0x00000000c4c00000, 0x00000000c4d00000, 0x00000000c4d00000|100%|HS|  |TAMS 0x00000000c4d00000, 0x00000000c4d00000| Complete 
|  33|0x00000000c4d00000, 0x00000000c4e00000, 0x00000000c4e00000|100%|HC|  |TAMS 0x00000000c4e00000, 0x00000000c4e00000| Complete 
|  34|0x00000000c4e00000, 0x00000000c4f00000, 0x00000000c4f00000|100%|HS|  |TAMS 0x00000000c4f00000, 0x00000000c4f00000| Complete 
|  35|0x00000000c4f00000, 0x00000000c5000000, 0x00000000c5000000|100%|HC|  |TAMS 0x00000000c5000000, 0x00000000c5000000| Complete 
|  36|0x00000000c5000000, 0x00000000c5100000, 0x00000000c5100000|100%|HS|  |TAMS 0x00000000c5100000, 0x00000000c5100000| Complete 
|  37|0x00000000c5100000, 0x00000000c5200000, 0x00000000c5200000|100%|HC|  |TAMS 0x00000000c5200000, 0x00000000c5200000| Complete 
|  38|0x00000000c5200000, 0x00000000c5300000, 0x00000000c5300000|100%|HS|  |TAMS 0x00000000c5300000, 0x00000000c5300000| Complete 
|  39|0x00000000c5300000, 0x00000000c5400000, 0x00000000c5400000|100%|HC|  |TAMS 0x00000000c5400000, 0x00000000c5400000| Complete 
|  40|0x00000000c5400000, 0x00000000c5500000, 0x00000000c5500000|100%|HS|  |TAMS 0x00000000c5500000, 0x00000000c5500000| Complete 
|  41|0x00000000c5500000, 0x00000000c5600000, 0x00000000c5600000|100%|HC|  |TAMS 0x00000000c5600000, 0x00000000c5600000| Complete 
|  42|0x00000000c5600000, 0x00000000c5700000, 0x00000000c5700000|100%|HS|  |TAMS 0x00000000c5700000, 0x00000000c5700000| Complete 
|  43|0x00000000c5700000, 0x00000000c5800000, 0x00000000c5800000|100%|HC|  |TAMS 0x00000000c5800000, 0x00000000c5800000| Complete 
|  44|0x00000000c5800000, 0x00000000c5900000, 0x00000000c5900000|100%|HS|  |TAMS 0x00000000c5900000, 0x00000000c5900000| Complete 
|  45|0x00000000c5900000, 0x00000000c5a00000, 0x00000000c5a00000|100%|HC|  |TAMS 0x00000000c5a00000, 0x00000000c5a00000| Complete 
|  46|0x00000000c5a00000, 0x00000000c5b00000, 0x00000000c5b00000|100%|HS|  |TAMS 0x00000000c5b00000, 0x00000000c5b00000| Complete 
|  47|0x00000000c5b00000, 0x00000000c5c00000, 0x00000000c5c00000|100%|HC|  |TAMS 0x00000000c5c00000, 0x00000000c5c00000| Complete 
|  48|0x00000000c5c00000, 0x00000000c5d00000, 0x00000000c5d00000|100%|HS|  |TAMS 0x00000000c5d00000, 0x00000000c5d00000| Complete 
|  49|0x00000000c5d00000, 0x00000000c5e00000, 0x00000000c5e00000|100%|HC|  |TAMS 0x00000000c5e00000, 0x00000000c5e00000| Complete 
|  50|0x00000000c5e00000, 0x00000000c5f00000, 0x00000000c5f00000|100%|HS|  |TAMS 0x00000000c5f00000, 0x00000000c5f00000| Complete 
|  51|0x00000000c5f00000, 0x00000000c6000000, 0x00000000c6000000|100%|HC|  |TAMS 0x00000000c6000000, 0x00000000c6000000| Complete 
|  52|0x00000000c6000000, 0x00000000c6100000, 0x00000000c6100000|100%|HS|  |TAMS 0x00000000c6100000, 0x00000000c6100000| Complete 
|  53|0x00000000c6100000, 0x00000000c6200000, 0x00000000c6200000|100%|HC|  |TAMS 0x00000000c6200000, 0x00000000c6200000| Complete 
|  54|0x00000000c6200000, 0x00000000c6300000, 0x00000000c6300000|100%|HS|  |TAMS 0x00000000c6300000, 0x00000000c6300000| Complete 
|  55|0x00000000c6300000, 0x00000000c6400000, 0x00000000c6400000|100%|HC|  |TAMS 0x00000000c6400000, 0x00000000c6400000| Complete 
|  56|0x00000000c6400000, 0x00000000c6500000, 0x00000000c6500000|100%|HS|  |TAMS 0x00000000c6500000, 0x00000000c6500000| Complete 
|  57|0x00000000c6500000, 0x00000000c6600000, 0x00000000c6600000|100%|HC|  |TAMS 0x00000000c6600000, 0x00000000c6600000| Complete 
|  58|0x00000000c6600000, 0x00000000c6700000, 0x00000000c6700000|100%|HS|  |TAMS 0x00000000c6600000, 0x00000000c6700000| Complete 
|  59|0x00000000c6700000, 0x00000000c6800000, 0x00000000c6800000|100%|HC|  |TAMS 0x00000000c6700000, 0x00000000c6800000| Complete 
|  60|0x00000000c6800000, 0x00000000c6800000, 0x00000000c6900000|  0%| F|  |TAMS 0x00000000c6800000, 0x00000000c6800000| Untracked 
|  61|0x00000000c6900000, 0x00000000c6900000, 0x00000000c6a00000|  0%| F|  |TAMS 0x00000000c6900000, 0x00000000c6900000| Untracked 
|  62|0x00000000c6a00000, 0x00000000c6a00000, 0x00000000c6b00000|  0%| F|  |TAMS 0x00000000c6a00000, 0x00000000c6a00000| Untracked 
|  63|0x00000000c6b00000, 0x00000000c6b00000, 0x00000000c6c00000|  0%| F|  |TAMS 0x00000000c6b00000, 0x00000000c6b00000| Untracked 
|  64|0x00000000c6c00000, 0x00000000c6c00000, 0x00000000c6d00000|  0%| F|  |TAMS 0x00000000c6c00000, 0x00000000c6c00000| Untracked 
|  65|0x00000000c6d00000, 0x00000000c6d00000, 0x00000000c6e00000|  0%| F|  |TAMS 0x00000000c6d00000, 0x00000000c6d00000| Untracked 
|  66|0x00000000c6e00000, 0x00000000c6e00000, 0x00000000c6f00000|  0%| F|  |TAMS 0x00000000c6e00000, 0x00000000c6e00000| Untracked 
|  67|0x00000000c6f00000, 0x00000000c6f00000, 0x00000000c7000000|  0%| F|  |TAMS 0x00000000c6f00000, 0x00000000c6f00000| Untracked 
|  68|0x00000000c7000000, 0x00000000c7000000, 0x00000000c7100000|  0%| F|  |TAMS 0x00000000c7000000, 0x00000000c7000000| Untracked 
|  69|0x00000000c7100000, 0x00000000c7100000, 0x00000000c7200000|  0%| F|  |TAMS 0x00000000c7100000, 0x00000000c7100000| Untracked 
|  70|0x00000000c7200000, 0x00000000c7200000, 0x00000000c7300000|  0%| F|  |TAMS 0x00000000c7200000, 0x00000000c7200000| Untracked 
|  71|0x00000000c7300000, 0x00000000c7300000, 0x00000000c7400000|  0%| F|  |TAMS 0x00000000c7300000, 0x00000000c7300000| Untracked 
|  72|0x00000000c7400000, 0x00000000c7400000, 0x00000000c7500000|  0%| F|  |TAMS 0x00000000c7400000, 0x00000000c7400000| Untracked 
|  73|0x00000000c7500000, 0x00000000c7500000, 0x00000000c7600000|  0%| F|  |TAMS 0x00000000c7500000, 0x00000000c7500000| Untracked 
|  74|0x00000000c7600000, 0x00000000c7600000, 0x00000000c7700000|  0%| F|  |TAMS 0x00000000c7600000, 0x00000000c7600000| Untracked 
|  75|0x00000000c7700000, 0x00000000c7700000, 0x00000000c7800000|  0%| F|  |TAMS 0x00000000c7700000, 0x00000000c7700000| Untracked 
|  76|0x00000000c7800000, 0x00000000c7800000, 0x00000000c7900000|  0%| F|  |TAMS 0x00000000c7800000, 0x00000000c7800000| Untracked 
|  77|0x00000000c7900000, 0x00000000c7900000, 0x00000000c7a00000|  0%| F|  |TAMS 0x00000000c7900000, 0x00000000c7900000| Untracked 
|  78|0x00000000c7a00000, 0x00000000c7a00000, 0x00000000c7b00000|  0%| F|  |TAMS 0x00000000c7a00000, 0x00000000c7a00000| Untracked 
|  79|0x00000000c7b00000, 0x00000000c7b00000, 0x00000000c7c00000|  0%| F|  |TAMS 0x00000000c7b00000, 0x00000000c7b00000| Untracked 
|  80|0x00000000c7c00000, 0x00000000c7c00000, 0x00000000c7d00000|  0%| F|  |TAMS 0x00000000c7c00000, 0x00000000c7c00000| Untracked 
|  81|0x00000000c7d00000, 0x00000000c7d00000, 0x00000000c7e00000|  0%| F|  |TAMS 0x00000000c7d00000, 0x00000000c7d00000| Untracked 
|  82|0x00000000c7e00000, 0x00000000c7e88820, 0x00000000c7f00000| 53%| S|CS|TAMS 0x00000000c7e00000, 0x00000000c7e00000| Complete 
|  83|0x00000000c7f00000, 0x00000000c8000000, 0x00000000c8000000|100%| S|CS|TAMS 0x00000000c7f00000, 0x00000000c7f00000| Complete 
|  84|0x00000000c8000000, 0x00000000c8000000, 0x00000000c8100000|  0%| F|  |TAMS 0x00000000c8000000, 0x00000000c8000000| Untracked 
|  85|0x00000000c8100000, 0x00000000c8100000, 0x00000000c8200000|  0%| F|  |TAMS 0x00000000c8100000, 0x00000000c8100000| Untracked 
|  86|0x00000000c8200000, 0x00000000c8200000, 0x00000000c8300000|  0%| F|  |TAMS 0x00000000c8200000, 0x00000000c8200000| Untracked 
|  87|0x00000000c8300000, 0x00000000c8300000, 0x00000000c8400000|  0%| F|  |TAMS 0x00000000c8300000, 0x00000000c8300000| Untracked 
|  88|0x00000000c8400000, 0x00000000c8400000, 0x00000000c8500000|  0%| F|  |TAMS 0x00000000c8400000, 0x00000000c8400000| Untracked 
|  89|0x00000000c8500000, 0x00000000c8500000, 0x00000000c8600000|  0%| F|  |TAMS 0x00000000c8500000, 0x00000000c8500000| Untracked 
|  90|0x00000000c8600000, 0x00000000c8600000, 0x00000000c8700000|  0%| F|  |TAMS 0x00000000c8600000, 0x00000000c8600000| Untracked 
|  91|0x00000000c8700000, 0x00000000c8700000, 0x00000000c8800000|  0%| F|  |TAMS 0x00000000c8700000, 0x00000000c8700000| Untracked 
|  92|0x00000000c8800000, 0x00000000c8800000, 0x00000000c8900000|  0%| F|  |TAMS 0x00000000c8800000, 0x00000000c8800000| Untracked 
|  93|0x00000000c8900000, 0x00000000c8900000, 0x00000000c8a00000|  0%| F|  |TAMS 0x00000000c8900000, 0x00000000c8900000| Untracked 
|  94|0x00000000c8a00000, 0x00000000c8a00000, 0x00000000c8b00000|  0%| F|  |TAMS 0x00000000c8a00000, 0x00000000c8a00000| Untracked 

Card table byte_map: [0x000001f851f40000,0x000001f852130000] _byte_map_base: 0x000001f85192a000

Marking Bits (Prev, Next): (CMBitMap*) 0x000001f83b520740, (CMBitMap*) 0x000001f83b520700
 Prev Bits: [0x000001f853270000, 0x000001f8541c0000)
 Next Bits: [0x000001f852320000, 0x000001f853270000)

Polling page: 0x000001f839460000

Metaspace:

Usage:
  Non-class:     10.04 MB used.
      Class:      1.60 MB used.
       Both:     11.64 MB used.

Virtual space:
  Non-class space:       16.00 MB reserved,      10.19 MB ( 64%) committed,  2 nodes.
      Class space:        1.00 GB reserved,       1.75 MB ( <1%) committed,  1 nodes.
             Both:        1.02 GB reserved,      11.94 MB (  1%) committed. 

Chunk freelists:
   Non-Class:  1.30 MB
       Class:  2.10 MB
        Both:  3.40 MB

MaxMetaspaceSize: unlimited
CompressedClassSpaceSize: 1.00 GB
Initial GC threshold: 21.00 MB
Current GC threshold: 21.00 MB
CDS: on
MetaspaceReclaimPolicy: balanced
 - commit_granule_bytes: 65536.
 - commit_granule_words: 8192.
 - virtual_space_node_default_size: 1048576.
 - enlarge_chunks_in_place: 1.
 - new_chunks_are_fully_committed: 0.
 - uncommit_free_chunks: 1.
 - use_allocation_guard: 0.
 - handle_deallocations: 1.


Internal statistics:

num_allocs_failed_limit: 0.
num_arena_births: 280.
num_arena_deaths: 0.
num_vsnodes_births: 3.
num_vsnodes_deaths: 0.
num_space_committed: 191.
num_space_uncommitted: 0.
num_chunks_returned_to_freelist: 0.
num_chunks_taken_from_freelist: 705.
num_chunk_merges: 0.
num_chunk_splits: 447.
num_chunks_enlarged: 284.
num_purges: 0.
num_inconsistent_stats: 0.

CodeHeap 'non-profiled nmethods': size=120000Kb used=736Kb max_used=736Kb free=119263Kb
 bounds [0x000001f84a820000, 0x000001f84aa90000, 0x000001f851d50000]
CodeHeap 'profiled nmethods': size=120000Kb used=4336Kb max_used=4336Kb free=115663Kb
 bounds [0x000001f8432f0000, 0x000001f843730000, 0x000001f84a820000]
CodeHeap 'non-nmethods': size=5760Kb used=1281Kb max_used=1296Kb free=4478Kb
 bounds [0x000001f842d50000, 0x000001f842fc0000, 0x000001f8432f0000]
 total_blobs=2817 nmethods=2209 adapters=521
 compilation: enabled
              stopped_count=0, restarted_count=0
 full_count=0

Compilation events (20 events):
Event: 2.628 Thread 0x000001f85663ecd0 2203       3       javafx.css.CssParser::term (485 bytes)
Event: 2.631 Thread 0x000001f85663ecd0 nmethod 2203 0x000001f843724110 code [0x000001f843724500, 0x000001f8437267d8]
Event: 2.631 Thread 0x000001f85663ecd0 2209       3       java.io.FilterInputStream::read (9 bytes)
Event: 2.631 Thread 0x000001f85663ecd0 nmethod 2209 0x000001f843727110 code [0x000001f8437272c0, 0x000001f8437274a8]
Event: 2.631 Thread 0x000001f85663ecd0 2204       3       javafx.css.CssParser$Term::<init> (30 bytes)
Event: 2.631 Thread 0x000001f85663ecd0 nmethod 2204 0x000001f843727590 code [0x000001f843727740, 0x000001f8437279d8]
Event: 2.631 Thread 0x000001f85663ecd0 2205       3       javafx.collections.ModifiableObservableListBase$SubObservableList::iterator (10 bytes)
Event: 2.631 Thread 0x000001f85663ecd0 nmethod 2205 0x000001f843727a90 code [0x000001f843727c40, 0x000001f843727e08]
Event: 2.631 Thread 0x000001f85663ecd0 2206       3       java.util.AbstractList::subListRangeCheck (110 bytes)
Event: 2.633 Thread 0x000001f85663ecd0 nmethod 2206 0x000001f843727f10 code [0x000001f8437282c0, 0x000001f843729608]
Event: 2.633 Thread 0x000001f85663ecd0 2207       3       javafx.collections.ListChangeListener$Change::getAddedSubList (31 bytes)
Event: 2.634 Thread 0x000001f85663ecd0 nmethod 2207 0x000001f843729d10 code [0x000001f843729f40, 0x000001f84372aa28]
Event: 2.634 Thread 0x000001f85663ecd0 2208       3       javafx.collections.ModifiableObservableListBase::subList (15 bytes)
Event: 2.634 Thread 0x000001f85663ecd0 nmethod 2208 0x000001f84372ac10 code [0x000001f84372adc0, 0x000001f84372b0e8]
Event: 2.636 Thread 0x000001f85663ecd0 2210       3       jdk.internal.module.SystemModuleFinders$SystemImage::reader (4 bytes)
Event: 2.636 Thread 0x000001f85663ecd0 nmethod 2210 0x000001f84372b210 code [0x000001f84372b3a0, 0x000001f84372b498]
Event: 2.636 Thread 0x000001f85663ecd0 2211       3       jdk.internal.jimage.ImageReader::requireOpen (18 bytes)
Event: 2.636 Thread 0x000001f85663ecd0 nmethod 2211 0x000001f84372b510 code [0x000001f84372b6c0, 0x000001f84372b8e8]
Event: 2.636 Thread 0x000001f85663ecd0 2212       3       jdk.internal.jimage.BasicImageReader::getLocationIndex (52 bytes)
Event: 2.636 Thread 0x000001f85663ecd0 nmethod 2212 0x000001f84372ba10 code [0x000001f84372bc00, 0x000001f84372c098]

GC Heap History (20 events):
Event: 1.777 GC heap after
{Heap after GC invocations=3 (full 0):
 garbage-first heap   total 63488K, used 25163K [0x00000000c2c00000, 0x0000000100000000)
  region size 1024K, 2 young (2048K), 2 survivors (2048K)
 Metaspace       used 10008K, committed 10240K, reserved 1064960K
  class space    used 1342K, committed 1472K, reserved 1048576K
}
Event: 1.802 GC heap before
{Heap before GC invocations=3 (full 0):
 garbage-first heap   total 63488K, used 30283K [0x00000000c2c00000, 0x0000000100000000)
  region size 1024K, 3 young (3072K), 2 survivors (2048K)
 Metaspace       used 10043K, committed 10304K, reserved 1064960K
  class space    used 1343K, committed 1472K, reserved 1048576K
}
Event: 1.806 GC heap after
{Heap after GC invocations=4 (full 0):
 garbage-first heap   total 63488K, used 28513K [0x00000000c2c00000, 0x0000000100000000)
  region size 1024K, 1 young (1024K), 1 survivors (1024K)
 Metaspace       used 10043K, committed 10304K, reserved 1064960K
  class space    used 1343K, committed 1472K, reserved 1048576K
}
Event: 1.845 GC heap before
{Heap before GC invocations=5 (full 0):
 garbage-first heap   total 63488K, used 31585K [0x00000000c2c00000, 0x0000000100000000)
  region size 1024K, 2 young (2048K), 1 survivors (1024K)
 Metaspace       used 10077K, committed 10304K, reserved 1064960K
  class space    used 1345K, committed 1472K, reserved 1048576K
}
Event: 1.846 GC heap after
{Heap after GC invocations=6 (full 0):
 garbage-first heap   total 63488K, used 30421K [0x00000000c2c00000, 0x0000000100000000)
  region size 1024K, 1 young (1024K), 1 survivors (1024K)
 Metaspace       used 10077K, committed 10304K, reserved 1064960K
  class space    used 1345K, committed 1472K, reserved 1048576K
}
Event: 1.872 GC heap before
{Heap before GC invocations=7 (full 0):
 garbage-first heap   total 63488K, used 34517K [0x00000000c2c00000, 0x0000000100000000)
  region size 1024K, 2 young (2048K), 1 survivors (1024K)
 Metaspace       used 10078K, committed 10304K, reserved 1064960K
  class space    used 1345K, committed 1472K, reserved 1048576K
}
Event: 1.873 GC heap after
{Heap after GC invocations=8 (full 0):
 garbage-first heap   total 63488K, used 33476K [0x00000000c2c00000, 0x0000000100000000)
  region size 1024K, 1 young (1024K), 1 survivors (1024K)
 Metaspace       used 10078K, committed 10304K, reserved 1064960K
  class space    used 1345K, committed 1472K, reserved 1048576K
}
Event: 1.996 GC heap before
{Heap before GC invocations=9 (full 0):
 garbage-first heap   total 68608K, used 41668K [0x00000000c2c00000, 0x0000000100000000)
  region size 1024K, 5 young (5120K), 1 survivors (1024K)
 Metaspace       used 10329K, committed 10560K, reserved 1064960K
  class space    used 1383K, committed 1536K, reserved 1048576K
}
Event: 1.998 GC heap after
{Heap after GC invocations=10 (full 0):
 garbage-first heap   total 68608K, used 36764K [0x00000000c2c00000, 0x0000000100000000)
  region size 1024K, 1 young (1024K), 1 survivors (1024K)
 Metaspace       used 10329K, committed 10560K, reserved 1064960K
  class space    used 1383K, committed 1536K, reserved 1048576K
}
Event: 2.026 GC heap before
{Heap before GC invocations=11 (full 0):
 garbage-first heap   total 70656K, used 40860K [0x00000000c2c00000, 0x0000000100000000)
  region size 1024K, 2 young (2048K), 1 survivors (1024K)
 Metaspace       used 10353K, committed 10624K, reserved 1064960K
  class space    used 1387K, committed 1536K, reserved 1048576K
}
Event: 2.028 GC heap after
{Heap after GC invocations=12 (full 0):
 garbage-first heap   total 70656K, used 39875K [0x00000000c2c00000, 0x0000000100000000)
  region size 1024K, 1 young (1024K), 1 survivors (1024K)
 Metaspace       used 10353K, committed 10624K, reserved 1064960K
  class space    used 1387K, committed 1536K, reserved 1048576K
}
Event: 2.206 GC heap before
{Heap before GC invocations=13 (full 0):
 garbage-first heap   total 75776K, used 48067K [0x00000000c2c00000, 0x0000000100000000)
  region size 1024K, 5 young (5120K), 1 survivors (1024K)
 Metaspace       used 10631K, committed 10880K, reserved 1064960K
  class space    used 1416K, committed 1536K, reserved 1048576K
}
Event: 2.208 GC heap after
{Heap after GC invocations=14 (full 0):
 garbage-first heap   total 75776K, used 43539K [0x00000000c2c00000, 0x0000000100000000)
  region size 1024K, 1 young (1024K), 1 survivors (1024K)
 Metaspace       used 10631K, committed 10880K, reserved 1064960K
  class space    used 1416K, committed 1536K, reserved 1048576K
}
Event: 2.238 GC heap before
{Heap before GC invocations=15 (full 0):
 garbage-first heap   total 81920K, used 49683K [0x00000000c2c00000, 0x0000000100000000)
  region size 1024K, 2 young (2048K), 1 survivors (1024K)
 Metaspace       used 10648K, committed 10880K, reserved 1064960K
  class space    used 1417K, committed 1536K, reserved 1048576K
}
Event: 2.241 GC heap after
{Heap after GC invocations=16 (full 0):
 garbage-first heap   total 81920K, used 47678K [0x00000000c2c00000, 0x0000000100000000)
  region size 1024K, 1 young (1024K), 1 survivors (1024K)
 Metaspace       used 10648K, committed 10880K, reserved 1064960K
  class space    used 1417K, committed 1536K, reserved 1048576K
}
Event: 2.267 GC heap before
{Heap before GC invocations=17 (full 0):
 garbage-first heap   total 89088K, used 51774K [0x00000000c2c00000, 0x0000000100000000)
  region size 1024K, 2 young (2048K), 1 survivors (1024K)
 Metaspace       used 10652K, committed 10880K, reserved 1064960K
  class space    used 1417K, committed 1536K, reserved 1048576K
}
Event: 2.269 GC heap after
{Heap after GC invocations=18 (full 0):
 garbage-first heap   total 89088K, used 50726K [0x00000000c2c00000, 0x0000000100000000)
  region size 1024K, 1 young (1024K), 1 survivors (1024K)
 Metaspace       used 10652K, committed 10880K, reserved 1064960K
  class space    used 1417K, committed 1536K, reserved 1048576K
}
Event: 2.298 GC heap before
{Heap before GC invocations=19 (full 0):
 garbage-first heap   total 96256K, used 56870K [0x00000000c2c00000, 0x0000000100000000)
  region size 1024K, 2 young (2048K), 1 survivors (1024K)
 Metaspace       used 10663K, committed 10944K, reserved 1064960K
  class space    used 1418K, committed 1536K, reserved 1048576K
}
Event: 2.300 GC heap after
{Heap after GC invocations=20 (full 0):
 garbage-first heap   total 96256K, used 54889K [0x00000000c2c00000, 0x0000000100000000)
  region size 1024K, 1 young (1024K), 1 survivors (1024K)
 Metaspace       used 10663K, committed 10944K, reserved 1064960K
  class space    used 1418K, committed 1536K, reserved 1048576K
}
Event: 2.637 GC heap before
{Heap before GC invocations=21 (full 0):
 garbage-first heap   total 97280K, used 66153K [0x00000000c2c00000, 0x0000000100000000)
  region size 1024K, 11 young (11264K), 1 survivors (1024K)
 Metaspace       used 11923K, committed 12224K, reserved 1064960K
  class space    used 1642K, committed 1792K, reserved 1048576K
}

Deoptimization events (20 events):
Event: 2.467 Thread 0x000001f8578b12c0 Uncommon trap: trap_request=0xffffff45 fr.pc=0x000001f84a86f8bc relative=0x000000000000011c
Event: 2.467 Thread 0x000001f8578b12c0 Uncommon trap: reason=unstable_if action=reinterpret pc=0x000001f84a86f8bc method=java.lang.AbstractStringBuilder.putStringAt(ILjava/lang/String;II)V @ 8 c2
Event: 2.467 Thread 0x000001f8578b12c0 DEOPT PACKING pc=0x000001f84a86f8bc sp=0x0000008a0aafc6a0
Event: 2.467 Thread 0x000001f8578b12c0 DEOPT UNPACKING pc=0x000001f842da239d sp=0x0000008a0aafc5e8 mode 2
Event: 2.599 Thread 0x000001f8578b12c0 Uncommon trap: trap_request=0xffffffc6 fr.pc=0x000001f84a884348 relative=0x0000000000000408
Event: 2.600 Thread 0x000001f8578b12c0 Uncommon trap: reason=bimorphic_or_optimized_type_check action=maybe_recompile pc=0x000001f84a884348 method=java.util.HashMap.getNode(Ljava/lang/Object;)Ljava/util/HashMap$Node; @ 128 c2
Event: 2.600 Thread 0x000001f8578b12c0 DEOPT PACKING pc=0x000001f84a884348 sp=0x0000008a0aafcfe0
Event: 2.600 Thread 0x000001f8578b12c0 DEOPT UNPACKING pc=0x000001f842da239d sp=0x0000008a0aafcef8 mode 2
Event: 2.600 Thread 0x000001f8578b12c0 Uncommon trap: trap_request=0xffffffc6 fr.pc=0x000001f84a884348 relative=0x0000000000000408
Event: 2.600 Thread 0x000001f8578b12c0 Uncommon trap: reason=bimorphic_or_optimized_type_check action=maybe_recompile pc=0x000001f84a884348 method=java.util.HashMap.getNode(Ljava/lang/Object;)Ljava/util/HashMap$Node; @ 128 c2
Event: 2.600 Thread 0x000001f8578b12c0 DEOPT PACKING pc=0x000001f84a884348 sp=0x0000008a0aafcfe0
Event: 2.600 Thread 0x000001f8578b12c0 DEOPT UNPACKING pc=0x000001f842da239d sp=0x0000008a0aafcef8 mode 2
Event: 2.609 Thread 0x000001f8578b12c0 Uncommon trap: trap_request=0xffffffc6 fr.pc=0x000001f84a884348 relative=0x0000000000000408
Event: 2.609 Thread 0x000001f8578b12c0 Uncommon trap: reason=bimorphic_or_optimized_type_check action=maybe_recompile pc=0x000001f84a884348 method=java.util.HashMap.getNode(Ljava/lang/Object;)Ljava/util/HashMap$Node; @ 128 c2
Event: 2.609 Thread 0x000001f8578b12c0 DEOPT PACKING pc=0x000001f84a884348 sp=0x0000008a0aafce50
Event: 2.609 Thread 0x000001f8578b12c0 DEOPT UNPACKING pc=0x000001f842da239d sp=0x0000008a0aafcd68 mode 2
Event: 2.609 Thread 0x000001f8578b12c0 Uncommon trap: trap_request=0xffffffc6 fr.pc=0x000001f84a882db8 relative=0x00000000000003f8
Event: 2.609 Thread 0x000001f8578b12c0 Uncommon trap: reason=bimorphic_or_optimized_type_check action=maybe_recompile pc=0x000001f84a882db8 method=java.util.HashMap.getNode(Ljava/lang/Object;)Ljava/util/HashMap$Node; @ 128 c2
Event: 2.609 Thread 0x000001f8578b12c0 DEOPT PACKING pc=0x000001f84a882db8 sp=0x0000008a0aafcde0
Event: 2.609 Thread 0x000001f8578b12c0 DEOPT UNPACKING pc=0x000001f842da239d sp=0x0000008a0aafcd68 mode 2

Classes unloaded (0 events):
No events

Classes redefined (0 events):
No events

Internal exceptions (20 events):
Event: 0.758 Thread 0x000001f83b4f4940 Exception <a 'java/lang/NoSuchMethodError'{0x00000000c69e12c8}: 'int java.lang.invoke.DirectMethodHandle$Holder.invokeStaticInit(java.lang.Object, java.lang.Object, java.lang.Object)'> (0x00000000c69e12c8) 
thrown [t:\workspace\open\src\hotspot\share\interpreter\linkResolver.cpp, line 766]
Event: 0.789 Thread 0x000001f83b4f4940 Exception <a 'java/lang/NoSuchMethodError'{0x00000000c672ae98}: 'java.lang.Object java.lang.invoke.DirectMethodHandle$Holder.newInvokeSpecial(java.lang.Object, java.lang.Object, int, java.lang.Object)'> (0x00000000c672ae98) 
thrown [t:\workspace\open\src\hotspot\share\interpreter\linkResolver.cpp, line 766]
Event: 0.789 Thread 0x000001f83b4f4940 Exception <a 'java/lang/NoSuchMethodError'{0x00000000c672f278}: 'java.lang.Object java.lang.invoke.DirectMethodHandle$Holder.invokeSpecial(java.lang.Object, java.lang.Object, java.lang.Object, int, java.lang.Object)'> (0x00000000c672f278) 
thrown [t:\workspace\open\src\hotspot\share\interpreter\linkResolver.cpp, line 766]
Event: 0.880 Thread 0x000001f8578b12c0 Exception <a 'java/lang/NoSuchMethodError'{0x00000000c65c24a8}: 'void java.lang.invoke.DirectMethodHandle$Holder.invokeStaticInit(java.lang.Object)'> (0x00000000c65c24a8) 
thrown [t:\workspace\open\src\hotspot\share\interpreter\linkResolver.cpp, line 766]
Event: 0.885 Thread 0x000001f83b4f4940 Exception <a 'java/lang/NoSuchMethodError'{0x00000000c6744310}: 'java.lang.Object java.lang.invoke.DirectMethodHandle$Holder.newInvokeSpecial(java.lang.Object, java.lang.Object, java.lang.Object, java.lang.Object, java.lang.Object, java.lang.Object)'> (0x00000000c6744310) 
thrown [t:\workspace\open\src\hotspot\share\interpreter\linkResolver.cpp, line 766]
Event: 0.902 Thread 0x000001f83b4f4940 Exception <a 'java/lang/NoSuchMethodError'{0x00000000c647d7e0}: 'java.lang.Object java.lang.invoke.DirectMethodHandle$Holder.newInvokeSpecial(java.lang.Object, java.lang.Object, java.lang.Object, java.lang.Object, java.lang.Object)'> (0x00000000c647d7e0) 
thrown [t:\workspace\open\src\hotspot\share\interpreter\linkResolver.cpp, line 766]
Event: 0.904 Thread 0x000001f857a3cc90 Exception <a 'java/lang/NoSuchMethodError'{0x00000000c64c7c68}: 'void java.lang.invoke.DirectMethodHandle$Holder.invokeStatic(java.lang.Object, java.lang.Object, java.lang.Object, java.lang.Object)'> (0x00000000c64c7c68) 
thrown [t:\workspace\open\src\hotspot\share\interpreter\linkResolver.cpp, line 766]
Event: 1.075 Thread 0x000001f8578b12c0 Exception <a 'java/lang/NoSuchMethodError'{0x00000000c5d5a648}: 'java.lang.Object java.lang.invoke.DirectMethodHandle$Holder.invokeStaticInit(java.lang.Object, java.lang.Object, java.lang.Object, java.lang.Object)'> (0x00000000c5d5a648) 
thrown [t:\workspace\open\src\hotspot\share\interpreter\linkResolver.cpp, line 766]
Event: 1.076 Thread 0x000001f8578b12c0 Exception <a 'java/lang/NullPointerException'{0x00000000c5d66320}> (0x00000000c5d66320) 
thrown [t:\workspace\open\src\hotspot\share\interpreter\linkResolver.cpp, line 1357]
Event: 1.129 Thread 0x000001f8578b12c0 Exception <a 'java/lang/ClassNotFoundException'{0x00000000c598b0d0}: com/sun/glass/ui/win/themes> (0x00000000c598b0d0) 
thrown [t:\workspace\open\src\hotspot\share\prims\jni.cpp, line 535]
Event: 1.131 Thread 0x000001f8578b12c0 Exception <a 'java/lang/ClassNotFoundException'{0x00000000c5997508}: com/sun/glass/ui/win/themes_ru> (0x00000000c5997508) 
thrown [t:\workspace\open\src\hotspot\share\prims\jni.cpp, line 535]
Event: 1.132 Thread 0x000001f8578b12c0 Exception <a 'java/lang/ClassNotFoundException'{0x00000000c5998bf8}: com/sun/glass/ui/win/themes_ru_RU> (0x00000000c5998bf8) 
thrown [t:\workspace\open\src\hotspot\share\prims\jni.cpp, line 535]
Event: 1.257 Thread 0x000001f8578b12c0 Exception <a 'java/lang/NoSuchMethodError'{0x00000000c6619388}: 'void java.lang.invoke.DirectMethodHandle$Holder.invokeStaticInit(java.lang.Object, java.lang.Object)'> (0x00000000c6619388) 
thrown [t:\workspace\open\src\hotspot\share\interpreter\linkResolver.cpp, line 766]
Event: 1.262 Thread 0x000001f8578b12c0 Exception <a 'java/lang/NoSuchMethodError'{0x00000000c664e700}: 'void java.lang.invoke.DirectMethodHandle$Holder.invokeSpecial(java.lang.Object, java.lang.Object, java.lang.Object, java.lang.Object, java.lang.Object)'> (0x00000000c664e700) 
thrown [t:\workspace\open\src\hotspot\share\interpreter\linkResolver.cpp, line 766]
Event: 2.467 Thread 0x000001f8578b12c0 Exception <a 'java/io/FileNotFoundException'{0x00000000c84ce068}> (0x00000000c84ce068) 
thrown [t:\workspace\open\src\hotspot\share\prims\jni.cpp, line 516]
Event: 2.571 Thread 0x000001f8578b12c0 Exception <a 'java/io/FileNotFoundException'{0x00000000c82c7690}> (0x00000000c82c7690) 
thrown [t:\workspace\open\src\hotspot\share\prims\jni.cpp, line 516]
Event: 2.593 Thread 0x000001f8578b12c0 Exception <a 'java/io/FileNotFoundException'{0x00000000c8115798}> (0x00000000c8115798) 
thrown [t:\workspace\open\src\hotspot\share\prims\jni.cpp, line 516]
Event: 2.601 Thread 0x000001f8578b12c0 Exception <a 'java/io/FileNotFoundException'{0x00000000c813c8c0}> (0x00000000c813c8c0) 
thrown [t:\workspace\open\src\hotspot\share\prims\jni.cpp, line 516]
Event: 2.622 Thread 0x000001f8578b12c0 Exception <a 'java/io/FileNotFoundException'{0x00000000c81b6430}> (0x00000000c81b6430) 
thrown [t:\workspace\open\src\hotspot\share\prims\jni.cpp, line 516]
Event: 2.627 Thread 0x000001f8578b12c0 Exception <a 'java/io/FileNotFoundException'{0x00000000c81d8808}> (0x00000000c81d8808) 
thrown [t:\workspace\open\src\hotspot\share\prims\jni.cpp, line 516]

VM Operations (20 events):
Event: 2.241 Executing VM operation: G1TryInitiateConcMark done
Event: 2.257 Executing VM operation: G1Concurrent
Event: 2.259 Executing VM operation: G1Concurrent done
Event: 2.265 Executing VM operation: G1Concurrent
Event: 2.266 Executing VM operation: G1Concurrent done
Event: 2.267 Executing VM operation: G1TryInitiateConcMark
Event: 2.270 Executing VM operation: G1TryInitiateConcMark done
Event: 2.286 Executing VM operation: G1Concurrent
Event: 2.288 Executing VM operation: G1Concurrent done
Event: 2.294 Executing VM operation: G1Concurrent
Event: 2.294 Executing VM operation: G1Concurrent done
Event: 2.298 Executing VM operation: G1TryInitiateConcMark
Event: 2.300 Executing VM operation: G1TryInitiateConcMark done
Event: 2.317 Executing VM operation: G1Concurrent
Event: 2.319 Executing VM operation: G1Concurrent done
Event: 2.325 Executing VM operation: G1Concurrent
Event: 2.325 Executing VM operation: G1Concurrent done
Event: 2.442 Executing VM operation: HandshakeAllThreads
Event: 2.442 Executing VM operation: HandshakeAllThreads done
Event: 2.637 Executing VM operation: G1TryInitiateConcMark

Events (20 events):
Event: 2.453 loading class jdk/internal/logger/LazyLoggers
Event: 2.453 loading class jdk/internal/logger/LazyLoggers done
Event: 2.453 loading class jdk/internal/logger/LazyLoggers$1
Event: 2.453 loading class jdk/internal/logger/LazyLoggers$1 done
Event: 2.453 loading class jdk/internal/logger/LazyLoggers$LazyLoggerFactories
Event: 2.453 loading class jdk/internal/logger/LazyLoggers$LazyLoggerFactories done
Event: 2.454 loading class jdk/internal/logger/LoggerFinderLoader
Event: 2.454 loading class jdk/internal/logger/LoggerFinderLoader done
Event: 2.454 loading class java/io/FilePermission$1
Event: 2.454 loading class jdk/internal/access/JavaIOFilePermissionAccess
Event: 2.454 loading class jdk/internal/access/JavaIOFilePermissionAccess done
Event: 2.454 loading class java/io/FilePermission$1 done
Event: 2.462 loading class sun/util/logging/internal/LoggingProviderImpl$JULWrapper
Event: 2.462 loading class sun/util/logging/PlatformLogger$ConfigurableBridge$LoggerConfiguration
Event: 2.462 loading class sun/util/logging/PlatformLogger$ConfigurableBridge$LoggerConfiguration done
Event: 2.462 loading class sun/util/logging/internal/LoggingProviderImpl$JULWrapper done
Event: 2.470 loading class java/io/CharArrayReader
Event: 2.470 loading class java/io/CharArrayReader done
Event: 2.500 loading class java/lang/System$Logger$Level
Event: 2.500 loading class java/lang/System$Logger$Level done


Dynamic libraries:
0x00007ff6143e0000 - 0x00007ff6143f0000 	C:\Program Files\Java\jdk-17.0.2\bin\java.exe
0x00007ffb41090000 - 0x00007ffb41286000 	C:\Windows\SYSTEM32\ntdll.dll
0x00007ffb3fbe0000 - 0x00007ffb3fc9d000 	C:\Windows\System32\KERNEL32.DLL
0x00007ffb3ed70000 - 0x00007ffb3f039000 	C:\Windows\System32\KERNELBASE.dll
0x00007ffb3ec40000 - 0x00007ffb3ed40000 	C:\Windows\System32\ucrtbase.dll
0x00007ffb351f0000 - 0x00007ffb35208000 	C:\Program Files\Java\jdk-17.0.2\bin\jli.dll
0x00007ffb3fca0000 - 0x00007ffb3fd4c000 	C:\Windows\System32\ADVAPI32.dll
0x00007ffb3ffd0000 - 0x00007ffb4006e000 	C:\Windows\System32\msvcrt.dll
0x00007ffb40480000 - 0x00007ffb4051c000 	C:\Windows\System32\sechost.dll
0x00007ffb35260000 - 0x00007ffb3527a000 	C:\Program Files\Java\jdk-17.0.2\bin\VCRUNTIME140.dll
0x00007ffb3f0f0000 - 0x00007ffb3f21b000 	C:\Windows\System32\RPCRT4.dll
0x00007ffb40100000 - 0x00007ffb402a0000 	C:\Windows\System32\USER32.dll
0x00007ffb3ed40000 - 0x00007ffb3ed62000 	C:\Windows\System32\win32u.dll
0x00007ffb40450000 - 0x00007ffb4047a000 	C:\Windows\System32\GDI32.dll
0x00007ffb3e7d0000 - 0x00007ffb3e8db000 	C:\Windows\System32\gdi32full.dll
0x00007ffb2a7b0000 - 0x00007ffb2aa4b000 	C:\Windows\WinSxS\amd64_microsoft.windows.common-controls_6595b64144ccf1df_6.0.19041.746_none_ca02b4b61b8320a4\COMCTL32.dll
0x00007ffb3eba0000 - 0x00007ffb3ec3d000 	C:\Windows\System32\msvcp_win.dll
0x00007ffb37250000 - 0x00007ffb3725a000 	C:\Windows\SYSTEM32\VERSION.dll
0x00007ffb40e70000 - 0x00007ffb40ea0000 	C:\Windows\System32\IMM32.DLL
0x00007ffb36830000 - 0x00007ffb3683c000 	C:\Program Files\Java\jdk-17.0.2\bin\vcruntime140_1.dll
0x00007ffb25690000 - 0x00007ffb2571d000 	C:\Program Files\Java\jdk-17.0.2\bin\msvcp140.dll
0x00007ffafa5a0000 - 0x00007ffafb161000 	C:\Program Files\Java\jdk-17.0.2\bin\server\jvm.dll
0x00007ffb3fb00000 - 0x00007ffb3fb08000 	C:\Windows\System32\PSAPI.DLL
0x00007ffb399f0000 - 0x00007ffb399f9000 	C:\Windows\SYSTEM32\WSOCK32.dll
0x00007ffb3fe80000 - 0x00007ffb3feeb000 	C:\Windows\System32\WS2_32.dll
0x00007ffb2d1c0000 - 0x00007ffb2d1e7000 	C:\Windows\SYSTEM32\WINMM.dll
0x00007ffb3d0b0000 - 0x00007ffb3d0c2000 	C:\Windows\SYSTEM32\kernel.appcore.dll
0x00007ffb367b0000 - 0x00007ffb367ba000 	C:\Program Files\Java\jdk-17.0.2\bin\jimage.dll
0x00007ffb3cdc0000 - 0x00007ffb3cfa4000 	C:\Windows\SYSTEM32\DBGHELP.DLL
0x00007ffb27f00000 - 0x00007ffb27f2c000 	C:\Windows\SYSTEM32\dbgcore.DLL
0x00007ffb3eb20000 - 0x00007ffb3eba0000 	C:\Windows\System32\bcryptPrimitives.dll
0x00007ffb2d510000 - 0x00007ffb2d535000 	C:\Program Files\Java\jdk-17.0.2\bin\java.dll
0x00007ffb0f6e0000 - 0x00007ffb0f7b6000 	C:\Program Files\Java\jdk-17.0.2\bin\jsvml.dll
0x00007ffb3f280000 - 0x00007ffb3f9c3000 	C:\Windows\System32\SHELL32.dll
0x00007ffb3c630000 - 0x00007ffb3cdbf000 	C:\Windows\SYSTEM32\windows.storage.dll
0x00007ffb405d0000 - 0x00007ffb40926000 	C:\Windows\System32\combase.dll
0x00007ffb3e160000 - 0x00007ffb3e18c000 	C:\Windows\SYSTEM32\Wldp.dll
0x00007ffb40520000 - 0x00007ffb405ce000 	C:\Windows\System32\SHCORE.dll
0x00007ffb3f9d0000 - 0x00007ffb3fa25000 	C:\Windows\System32\shlwapi.dll
0x00007ffb3e700000 - 0x00007ffb3e726000 	C:\Windows\SYSTEM32\profapi.dll
0x00007ffb2d420000 - 0x00007ffb2d439000 	C:\Program Files\Java\jdk-17.0.2\bin\net.dll
0x00007ffb36fd0000 - 0x00007ffb370d0000 	C:\Windows\SYSTEM32\WINHTTP.dll
0x00007ffb3dee0000 - 0x00007ffb3df4a000 	C:\Windows\system32\mswsock.dll
0x00007ffb2d400000 - 0x00007ffb2d416000 	C:\Program Files\Java\jdk-17.0.2\bin\nio.dll
0x00007ffb2d440000 - 0x00007ffb2d458000 	C:\Program Files\Java\jdk-17.0.2\bin\zip.dll
0x000001f8394d0000 - 0x000001f8394d3000 	C:\Users\Pavel\.openjfx\cache\19-ea+3\api-ms-win-core-console-l1-1-0.dll
0x000001f8394e0000 - 0x000001f8394e3000 	C:\Users\Pavel\.openjfx\cache\19-ea+3\api-ms-win-core-console-l1-2-0.dll
0x000001f8394f0000 - 0x000001f8394f3000 	C:\Users\Pavel\.openjfx\cache\19-ea+3\api-ms-win-core-datetime-l1-1-0.dll
0x000001f839500000 - 0x000001f839503000 	C:\Users\Pavel\.openjfx\cache\19-ea+3\api-ms-win-core-debug-l1-1-0.dll
0x000001f839510000 - 0x000001f839513000 	C:\Users\Pavel\.openjfx\cache\19-ea+3\api-ms-win-core-errorhandling-l1-1-0.dll
0x000001f83b410000 - 0x000001f83b414000 	C:\Users\Pavel\.openjfx\cache\19-ea+3\api-ms-win-core-file-l1-1-0.dll
0x000001f83b420000 - 0x000001f83b423000 	C:\Users\Pavel\.openjfx\cache\19-ea+3\api-ms-win-core-file-l1-2-0.dll
0x000001f83b430000 - 0x000001f83b433000 	C:\Users\Pavel\.openjfx\cache\19-ea+3\api-ms-win-core-file-l2-1-0.dll
0x000001f83b440000 - 0x000001f83b443000 	C:\Users\Pavel\.openjfx\cache\19-ea+3\api-ms-win-core-handle-l1-1-0.dll
0x000001f83b450000 - 0x000001f83b453000 	C:\Users\Pavel\.openjfx\cache\19-ea+3\api-ms-win-core-heap-l1-1-0.dll
0x000001f83b460000 - 0x000001f83b463000 	C:\Users\Pavel\.openjfx\cache\19-ea+3\api-ms-win-core-interlocked-l1-1-0.dll
0x000001f83b470000 - 0x000001f83b473000 	C:\Users\Pavel\.openjfx\cache\19-ea+3\api-ms-win-core-libraryloader-l1-1-0.dll
0x000001f83b480000 - 0x000001f83b483000 	C:\Users\Pavel\.openjfx\cache\19-ea+3\api-ms-win-core-localization-l1-2-0.dll
0x000001f83b490000 - 0x000001f83b493000 	C:\Users\Pavel\.openjfx\cache\19-ea+3\api-ms-win-core-memory-l1-1-0.dll
0x000001f83b4a0000 - 0x000001f83b4a3000 	C:\Users\Pavel\.openjfx\cache\19-ea+3\api-ms-win-core-namedpipe-l1-1-0.dll
0x000001f83b4b0000 - 0x000001f83b4b3000 	C:\Users\Pavel\.openjfx\cache\19-ea+3\api-ms-win-core-processenvironment-l1-1-0.dll
0x000001f83b4c0000 - 0x000001f83b4c3000 	C:\Users\Pavel\.openjfx\cache\19-ea+3\api-ms-win-core-processthreads-l1-1-0.dll
0x000001f857c00000 - 0x000001f857c03000 	C:\Users\Pavel\.openjfx\cache\19-ea+3\api-ms-win-core-processthreads-l1-1-1.dll
0x000001f857c10000 - 0x000001f857c13000 	C:\Users\Pavel\.openjfx\cache\19-ea+3\api-ms-win-core-profile-l1-1-0.dll
0x000001f857c20000 - 0x000001f857c23000 	C:\Users\Pavel\.openjfx\cache\19-ea+3\api-ms-win-core-rtlsupport-l1-1-0.dll
0x000001f857c30000 - 0x000001f857c33000 	C:\Users\Pavel\.openjfx\cache\19-ea+3\api-ms-win-core-string-l1-1-0.dll
0x000001f857c40000 - 0x000001f857c43000 	C:\Users\Pavel\.openjfx\cache\19-ea+3\api-ms-win-core-synch-l1-1-0.dll
0x000001f857c50000 - 0x000001f857c53000 	C:\Users\Pavel\.openjfx\cache\19-ea+3\api-ms-win-core-synch-l1-2-0.dll
0x000001f857c60000 - 0x000001f857c63000 	C:\Users\Pavel\.openjfx\cache\19-ea+3\api-ms-win-core-sysinfo-l1-1-0.dll
0x000001f857c70000 - 0x000001f857c73000 	C:\Users\Pavel\.openjfx\cache\19-ea+3\api-ms-win-core-timezone-l1-1-0.dll
0x000001f857c80000 - 0x000001f857c83000 	C:\Users\Pavel\.openjfx\cache\19-ea+3\api-ms-win-core-util-l1-1-0.dll
0x000001f857c90000 - 0x000001f857c93000 	C:\Users\Pavel\.openjfx\cache\19-ea+3\api-ms-win-crt-conio-l1-1-0.dll
0x000001f857ca0000 - 0x000001f857ca4000 	C:\Users\Pavel\.openjfx\cache\19-ea+3\api-ms-win-crt-convert-l1-1-0.dll
0x000001f857cb0000 - 0x000001f857cb3000 	C:\Users\Pavel\.openjfx\cache\19-ea+3\api-ms-win-crt-environment-l1-1-0.dll
0x000001f857cc0000 - 0x000001f857cc3000 	C:\Users\Pavel\.openjfx\cache\19-ea+3\api-ms-win-crt-filesystem-l1-1-0.dll
0x000001f857cd0000 - 0x000001f857cd3000 	C:\Users\Pavel\.openjfx\cache\19-ea+3\api-ms-win-crt-heap-l1-1-0.dll
0x000001f857ce0000 - 0x000001f857ce3000 	C:\Users\Pavel\.openjfx\cache\19-ea+3\api-ms-win-crt-locale-l1-1-0.dll
0x000001f857cf0000 - 0x000001f857cf5000 	C:\Users\Pavel\.openjfx\cache\19-ea+3\api-ms-win-crt-math-l1-1-0.dll
0x000001f857d00000 - 0x000001f857d05000 	C:\Users\Pavel\.openjfx\cache\19-ea+3\api-ms-win-crt-multibyte-l1-1-0.dll
0x000001f857d10000 - 0x000001f857d20000 	C:\Users\Pavel\.openjfx\cache\19-ea+3\api-ms-win-crt-private-l1-1-0.dll
0x000001f857d20000 - 0x000001f857d23000 	C:\Users\Pavel\.openjfx\cache\19-ea+3\api-ms-win-crt-process-l1-1-0.dll
0x000001f857d30000 - 0x000001f857d34000 	C:\Users\Pavel\.openjfx\cache\19-ea+3\api-ms-win-crt-runtime-l1-1-0.dll
0x000001f857d40000 - 0x000001f857d44000 	C:\Users\Pavel\.openjfx\cache\19-ea+3\api-ms-win-crt-stdio-l1-1-0.dll
0x000001f857d50000 - 0x000001f857d54000 	C:\Users\Pavel\.openjfx\cache\19-ea+3\api-ms-win-crt-string-l1-1-0.dll
0x000001f857d60000 - 0x000001f857d63000 	C:\Users\Pavel\.openjfx\cache\19-ea+3\api-ms-win-crt-time-l1-1-0.dll
0x000001f857d70000 - 0x000001f857d73000 	C:\Users\Pavel\.openjfx\cache\19-ea+3\api-ms-win-crt-utility-l1-1-0.dll
0x00007ffb08fe0000 - 0x00007ffb090dc000 	C:\Users\Pavel\.openjfx\cache\19-ea+3\ucrtbase.dll
0x00007ffb285e0000 - 0x00007ffb285fa000 	C:\Users\Pavel\.openjfx\cache\19-ea+3\vcruntime140.dll
0x00007ffb27dc0000 - 0x00007ffb27dcc000 	C:\Users\Pavel\.openjfx\cache\19-ea+3\vcruntime140_1.dll
0x00007ffb1cff0000 - 0x00007ffb1d07d000 	C:\Users\Pavel\.openjfx\cache\19-ea+3\msvcp140.dll
0x00007ffb275c0000 - 0x00007ffb275ec000 	C:\Users\Pavel\.openjfx\cache\19-ea+3\prism_d3d.dll
0x00007ffb06180000 - 0x00007ffb0634f000 	C:\Windows\system32\d3d9.dll
0x00007ffb3c0a0000 - 0x00007ffb3c0cf000 	C:\Windows\SYSTEM32\dwmapi.dll
0x00007ffb3b6f0000 - 0x00007ffb3b78e000 	C:\Windows\system32\uxtheme.dll
0x00007ffb08010000 - 0x00007ffb08172000 	C:\Windows\System32\DriverStore\FileRepository\iigd_dch.inf_amd64_9c1ab568b4fa57de\igdumdim64.dll
0x00007ffb31a50000 - 0x00007ffb31ba4000 	C:\Windows\System32\DriverStore\FileRepository\iigd_dch.inf_amd64_9c1ab568b4fa57de\igdgmm64.dll
0x00007ffb27370000 - 0x00007ffb273b2000 	C:\Users\Pavel\.openjfx\cache\19-ea+3\glass.dll
0x00007ffb3fef0000 - 0x00007ffb3ffcb000 	C:\Windows\System32\COMDLG32.dll
0x00007ffb40320000 - 0x00007ffb4044a000 	C:\Windows\System32\ole32.dll
0x00007ffb3fb10000 - 0x00007ffb3fbdd000 	C:\Windows\System32\OLEAUT32.dll
0x00007ffb3fd50000 - 0x00007ffb3fe66000 	C:\Windows\System32\MSCTF.dll
0x00007ffaeaeb0000 - 0x00007ffaeeac9000 	C:\Windows\System32\DriverStore\FileRepository\iigd_dch.inf_amd64_9c1ab568b4fa57de\igd9dxva64.dll
0x00007ffb27590000 - 0x00007ffb275b2000 	C:\Windows\System32\DriverStore\FileRepository\iigd_dch.inf_amd64_9c1ab568b4fa57de\igdinfo64.dll
0x00007ffb2f6a0000 - 0x00007ffb31a1d000 	C:\Windows\System32\DriverStore\FileRepository\iigd_dch.inf_amd64_9c1ab568b4fa57de\igc64.dll
0x00007ffb337a0000 - 0x00007ffb337db000 	C:\Windows\SYSTEM32\dxcore.dll
0x00007ffb3e940000 - 0x00007ffb3e98e000 	C:\Windows\System32\cfgmgr32.dll
0x00007ffb27400000 - 0x00007ffb27414000 	C:\Users\Pavel\.openjfx\cache\19-ea+3\javafx_font.dll
0x00007ffb2d960000 - 0x00007ffb2dbdf000 	C:\Windows\SYSTEM32\dwrite.dll

dbghelp: loaded successfully - version: 4.0.5 - missing functions: none
symbol engine: initialized successfully - sym options: 0x614 - pdb path: .;C:\Program Files\Java\jdk-17.0.2\bin;C:\Windows\SYSTEM32;C:\Windows\WinSxS\amd64_microsoft.windows.common-controls_6595b64144ccf1df_6.0.19041.746_none_ca02b4b61b8320a4;C:\Program Files\Java\jdk-17.0.2\bin\server;C:\Users\Pavel\.openjfx\cache\19-ea+3;C:\Windows\System32\DriverStore\FileRepository\iigd_dch.inf_amd64_9c1ab568b4fa57de

VM Arguments:
jvm_args: --module-path=C:\Users\Pavel\.m2\repository\org\openjfx\javafx-base\19-ea+3\javafx-base-19-ea+3-win.jar;C:\Users\Pavel\.m2\repository\org\openjfx\javafx-base\19-ea+3\javafx-base-19-ea+3.jar;C:\Users\Pavel\.m2\repository\org\openjfx\javafx-controls\19-ea+3\javafx-controls-19-ea+3-win.jar;C:\Users\Pavel\.m2\repository\org\openjfx\javafx-controls\19-ea+3\javafx-controls-19-ea+3.jar;C:\Users\Pavel\.m2\repository\org\openjfx\javafx-fxml\19-ea+3\javafx-fxml-19-ea+3-win.jar;C:\Users\Pavel\.m2\repository\org\openjfx\javafx-fxml\19-ea+3\javafx-fxml-19-ea+3.jar;C:\Users\Pavel\.m2\repository\org\openjfx\javafx-graphics\19-ea+3\javafx-graphics-19-ea+3-win.jar;C:\Users\Pavel\.m2\repository\org\openjfx\javafx-graphics\19-ea+3\javafx-graphics-19-ea+3.jar;C:\Users\Pavel\.m2\repository\org\openjfx\javafx-media\19-ea+3\javafx-media-19-ea+3-win.jar;C:\Users\Pavel\.m2\repository\org\openjfx\javafx-media\19-ea+3\javafx-media-19-ea+3.jar;C:\Users\Pavel\.m2\repository\org\openjfx\javafx-swing\19-ea+3\javafx-swing-19-ea+3-win.jar;C:\Users\Pavel\.m2\repository\org\openjfx\javafx-swing\19-ea+3\javafx-swing-19-ea+3.jar;C:\Users\Pavel\.m2\repository\org\openjfx\javafx-web\19-ea+3\javafx-web-19-ea+3-win.jar;C:\Users\Pavel\.m2\repository\org\openjfx\javafx-web\19-ea+3\javafx-web-19-ea+3.jar --add-modules=javafx.base,javafx.controls,javafx.fxml,javafx.graphics,javafx.media,javafx.swing,javafx.web 
java_command: com.lifehouse.raceth.Main
java_class_path (initial): C:\Users\Pavel\IdeaProjects\RaceTH\target\classes;C:\Users\Pavel\.m2\repository\antlr\antlr\2.7.7\antlr-2.7.7.jar;C:\Users\Pavel\.m2\repository\com\fasterxml\classmate\1.5.1\classmate-1.5.1.jar;C:\Users\Pavel\.m2\repository\com\sun\istack\istack-commons-runtime\3.0.7\istack-commons-runtime-3.0.7.jar;C:\Users\Pavel\.m2\repository\com\sun\xml\fastinfoset\FastInfoset\1.2.15\FastInfoset-1.2.15.jar;C:\Users\Pavel\.m2\repository\javax\activation\javax.activation-api\1.2.0\javax.activation-api-1.2.0.jar;C:\Users\Pavel\.m2\repository\javax\persistence\javax.persistence-api\2.2\javax.persistence-api-2.2.jar;C:\Users\Pavel\.m2\repository\javax\xml\bind\jaxb-api\2.3.1\jaxb-api-2.3.1.jar;C:\Users\Pavel\.m2\repository\net\bytebuddy\byte-buddy\1.12.7\byte-buddy-1.12.7.jar;C:\Users\Pavel\.m2\repository\org\checkerframework\checker-qual\3.5.0\checker-qual-3.5.0.jar;C:\Users\Pavel\.m2\repository\org\glassfish\jaxb\jaxb-runtime\2.3.1\jaxb-runtime-2.3.1.jar;C:\Users\Pavel\.m2\repository\org\glassfish\jaxb\txw2\2.3.1\txw2-2.3.1.jar;C:\Users\Pavel\.m2\repository\org\hibernate\hibernate-core\5.6.5.Final\hibernate-core-5.6.5.Final.jar;C:\Users\Pavel\.m2\repository\org\hibernate\common\hibernate-commons-annotations\5.1.2.Final\hibernate-commons-annotations-5.1.2.Final.jar;C:\Users\Pavel\.m2\repository\org\jboss\jandex\2.4.2.Final\jandex-2.4.2.Final.jar;C:\Users\Pavel\.m2\repository\org\jboss\logging\jboss-logging\3.4.3.Final\jboss-logging-3.4.3.Final.jar;C:\Users\Pavel\.m2\repository\org\jboss\spec\javax\transaction\jboss-transaction-api_1.2_spec\1.1.1.Final\jboss-transaction-api_1.2_spec-1.1.1.Final.jar;C:\Users\Pavel\.m2\repository\org\jvnet\staxex\stax-ex\1.8\stax-ex-1.8.jar;C:\Users\Pavel\.m2\repository\org\postgresql\postgresql\42.3.3\postgresql-42.3.3.jar;C:\Users\Pavel\.m2\repository\org\projectlombok\lombok\1.18.22\lombok-1.18.22.jar
Launcher Type: SUN_STANDARD

[Global flags]
     intx CICompilerCount                          = 3                                         {product} {ergonomic}
     uint ConcGCThreads                            = 1                                         {product} {ergonomic}
     uint G1ConcRefinementThreads                  = 4                                         {product} {ergonomic}
   size_t G1HeapRegionSize                         = 1048576                                   {product} {ergonomic}
    uintx GCDrainStackTargetSize                   = 64                                        {product} {ergonomic}
   size_t InitialHeapSize                          = 65011712                                  {product} {ergonomic}
   size_t MarkStackSize                            = 4194304                                   {product} {ergonomic}
   size_t MaxHeapSize                              = 1027604480                                {product} {ergonomic}
   size_t MaxNewSize                               = 616562688                                 {product} {ergonomic}
   size_t MinHeapDeltaBytes                        = 1048576                                   {product} {ergonomic}
   size_t MinHeapSize                              = 8388608                                   {product} {ergonomic}
    uintx NonNMethodCodeHeapSize                   = 5832780                                {pd product} {ergonomic}
    uintx NonProfiledCodeHeapSize                  = 122912730                              {pd product} {ergonomic}
    uintx ProfiledCodeHeapSize                     = 122912730                              {pd product} {ergonomic}
    uintx ReservedCodeCacheSize                    = 251658240                              {pd product} {ergonomic}
     bool SegmentedCodeCache                       = true                                      {product} {ergonomic}
   size_t SoftMaxHeapSize                          = 1027604480                             {manageable} {ergonomic}
     bool UseCompressedClassPointers               = true                           {product lp64_product} {ergonomic}
     bool UseCompressedOops                        = true                           {product lp64_product} {ergonomic}
     bool UseG1GC                                  = true                                      {product} {ergonomic}
     bool UseLargePagesIndividualAllocation        = false                                  {pd product} {ergonomic}

Logging:
Log output configuration:
 #0: stdout all=warning uptime,level,tags
 #1: stderr all=off uptime,level,tags

Environment Variables:
PATH=C:\Program Files\Common Files\Oracle\Java\javapath;C:\Program Files (x86)\Common Files\Oracle\Java\javapath;C:\Program Files (x86)\Intel\TXE Components\iCLS\;C:\Program Files\Intel\TXE Components\iCLS\;C:\Windows\system32;C:\Windows;C:\Windows\System32\Wbem;C:\Windows\System32\WindowsPowerShell\v1.0\;C:\Windows\System32\OpenSSH\;C:\Program Files\Intel\TXE Components\DAL\;C:\Program Files (x86)\Intel\TXE Components\DAL\;C:\Program Files\Intel\TXE Components\IPT\;C:\Program Files (x86)\Intel\TXE Components\IPT\;C:\Program Files\dotnet\;C:\Program Files\Microsoft SQL Server\130\Tools\Binn\;C:\Program Files\Microsoft SQL Server\Client SDK\ODBC\170\Tools\Binn\;C:\Program Files\Git\cmd;C:\Program Files\MySQL\MySQL Shell 8.0\bin\;C:\Users\Pavel\AppData\Local\Programs\Python\Python39\Scripts\;C:\Users\Pavel\AppData\Local\Programs\Python\Python39\;C:\Users\Pavel\AppData\Local\Microsoft\WindowsApps;C:\Users\Pavel\.dotnet\tools;C:\Windows\Microsoft.NET\Framework\v4.0.30319;;C:\Program Files\JetBrains\IntelliJ IDEA Community Edition 2021.3.2\bin;
USERNAME=Pavel
OS=Windows_NT
PROCESSOR_IDENTIFIER=Intel64 Family 6 Model 122 Stepping 1, GenuineIntel



---------------  S Y S T E M  ---------------

OS:
 Windows 10 , 64 bit Build 19041 (10.0.19041.662)
OS uptime: 0 days 5:00 hours

CPU: total 4 (initial active 4) (4 cores per cpu, 1 threads per core) family 6 model 122 stepping 1 microcode 0x32, cx8, cmov, fxsr, mmx, 3dnowpref, sse, sse2, sse3, ssse3, sse4.1, sse4.2, popcnt, tsc, tscinvbit, aes, erms, clmul, sha, clflush, clflushopt

Memory: 4k page, system-wide physical 3919M (342M free)
TotalPageFile size 5967M (AvailPageFile size 40M)
current process WorkingSet (physical memory assigned to process): 154M, peak: 154M
current process commit charge ("private bytes"): 217M, peak: 313M

vm_info: Java HotSpot(TM) 64-Bit Server VM (17.0.2+8-LTS-86) for windows-amd64 JRE (17.0.2+8-LTS-86), built on Dec  7 2021 21:51:03 by "mach5one" with MS VC++ 16.8 / 16.9 (VS2019)

END.
