#
# There is insufficient memory for the Java Runtime Environment to continue.
# Native memory allocation (malloc) failed to allocate 972944 bytes for Chunk::new
# Possible reasons:
#   The system is out of physical RAM or swap space
#   The process is running with CompressedOops enabled, and the Java Heap may be blocking the growth of the native heap
# Possible solutions:
#   Reduce memory load on the system
#   Increase physical memory or swap space
#   Check if swap backing store is full
#   Decrease Java heap size (-Xmx/-Xms)
#   Decrease number of Java threads
#   Decrease Java thread stack sizes (-Xss)
#   Set larger code cache with -XX:ReservedCodeCacheSize=
#   JVM is running with Unscaled Compressed Oops mode in which the Java heap is
#     placed in the first 4GB address space. The Java Heap base address is the
#     maximum limit for the native heap growth. Please use -XX:HeapBaseMinAddress
#     to set the Java Heap base and to place the Java Heap above 4GB virtual address.
# This output file may be truncated or incomplete.
#
#  Out of Memory Error (arena.cpp:189), pid=4836, tid=9980
#
# JRE version: Java(TM) SE Runtime Environment (17.0.2+8) (build 17.0.2+8-LTS-86)
# Java VM: Java HotSpot(TM) 64-Bit Server VM (17.0.2+8-LTS-86, mixed mode, sharing, tiered, compressed oops, compressed class ptrs, g1 gc, windows-amd64)
# No core dump will be written. Minidumps are not enabled by default on client versions of Windows
#

---------------  S U M M A R Y ------------

Command Line: --module-path=C:\Users\Pavel\.m2\repository\org\openjfx\javafx-base\19-ea+3\javafx-base-19-ea+3-win.jar;C:\Users\Pavel\.m2\repository\org\openjfx\javafx-base\19-ea+3\javafx-base-19-ea+3.jar;C:\Users\Pavel\.m2\repository\org\openjfx\javafx-controls\19-ea+3\javafx-controls-19-ea+3-win.jar;C:\Users\Pavel\.m2\repository\org\openjfx\javafx-controls\19-ea+3\javafx-controls-19-ea+3.jar;C:\Users\Pavel\.m2\repository\org\openjfx\javafx-fxml\19-ea+3\javafx-fxml-19-ea+3-win.jar;C:\Users\Pavel\.m2\repository\org\openjfx\javafx-fxml\19-ea+3\javafx-fxml-19-ea+3.jar;C:\Users\Pavel\.m2\repository\org\openjfx\javafx-graphics\19-ea+3\javafx-graphics-19-ea+3-win.jar;C:\Users\Pavel\.m2\repository\org\openjfx\javafx-graphics\19-ea+3\javafx-graphics-19-ea+3.jar;C:\Users\Pavel\.m2\repository\org\openjfx\javafx-media\19-ea+3\javafx-media-19-ea+3-win.jar;C:\Users\Pavel\.m2\repository\org\openjfx\javafx-media\19-ea+3\javafx-media-19-ea+3.jar;C:\Users\Pavel\.m2\repository\org\openjfx\javafx-swing\19-ea+3\javafx-swing-19-ea+3-win.jar;C:\Users\Pavel\.m2\repository\org\openjfx\javafx-swing\19-ea+3\javafx-swing-19-ea+3.jar;C:\Users\Pavel\.m2\repository\org\openjfx\javafx-web\19-ea+3\javafx-web-19-ea+3-win.jar;C:\Users\Pavel\.m2\repository\org\openjfx\javafx-web\19-ea+3\javafx-web-19-ea+3.jar --add-modules=javafx.base,javafx.controls,javafx.fxml,javafx.graphics,javafx.media,javafx.swing,javafx.web com.lifehouse.raceth.Main

Host: Intel(R) Pentium(R) Silver N5000 CPU @ 1.10GHz, 4 cores, 3G,  Windows 10 , 64 bit Build 19041 (10.0.19041.662)
Time: Sat Apr 23 14:54:12 2022 RTZ 2 (s 10 , 64 bit Build 19041 (10.0.19041.662) elapsed time: 31.773058 seconds (0d 0h 0m 31s)

---------------  T H R E A D  ---------------

Current thread (0x0000022e56289da0):  JavaThread "C2 CompilerThread1" daemon [_thread_in_native, id=9980, stack(0x000000a81a900000,0x000000a81aa00000)]


Current CompileTask:
C2:  31773 5634       4       com.sun.javafx.css.SelectorPartitioning::match (696 bytes)

Stack: [0x000000a81a900000,0x000000a81aa00000]
Native frames: (J=compiled Java code, j=interpreted, Vv=VM code, C=native code)
V  [jvm.dll+0x670baa]
V  [jvm.dll+0x7cfcb4]
V  [jvm.dll+0x7d145e]
V  [jvm.dll+0x7d1ac3]
V  [jvm.dll+0x242bc5]
V  [jvm.dll+0xaa57b]
V  [jvm.dll+0xaab0c]
V  [jvm.dll+0x35fd07]
V  [jvm.dll+0x1b9b68]
V  [jvm.dll+0x215de9]
V  [jvm.dll+0x2150b1]
V  [jvm.dll+0x1a1bbd]
V  [jvm.dll+0x224908]
V  [jvm.dll+0x222a6c]
V  [jvm.dll+0x7859bb]
V  [jvm.dll+0x77ff7a]
V  [jvm.dll+0x66fa35]
C  [ucrtbase.dll+0x214c2]
C  [KERNEL32.DLL+0x17034]
C  [ntdll.dll+0x4d0d1]


---------------  P R O C E S S  ---------------

Threads class SMR info:
_java_thread_list=0x0000022e559f6d50, length=20, elements={
0x0000022e3205bfe0, 0x0000022e4f32f410, 0x0000022e4f330a90, 0x0000022e4f345350,
0x0000022e4f346d10, 0x0000022e4f3476c0, 0x0000022e4f348070, 0x0000022e4f349e10,
0x0000022e4f3b6f00, 0x0000022e4f3bbcc0, 0x0000022e4f31b010, 0x0000022e503f1b30,
0x0000022e506e8a50, 0x0000022e5076b320, 0x0000022e5076bf90, 0x0000022e509b67c0,
0x0000022e509b6c90, 0x0000022e55445250, 0x0000022e50b61d90, 0x0000022e56289da0
}

Java Threads: ( => current thread )
  0x0000022e3205bfe0 JavaThread "main" [_thread_blocked, id=1048, stack(0x000000a818a00000,0x000000a818b00000)]
  0x0000022e4f32f410 JavaThread "Reference Handler" daemon [_thread_blocked, id=9700, stack(0x000000a819100000,0x000000a819200000)]
  0x0000022e4f330a90 JavaThread "Finalizer" daemon [_thread_blocked, id=3796, stack(0x000000a819200000,0x000000a819300000)]
  0x0000022e4f345350 JavaThread "Signal Dispatcher" daemon [_thread_blocked, id=7080, stack(0x000000a819300000,0x000000a819400000)]
  0x0000022e4f346d10 JavaThread "Attach Listener" daemon [_thread_blocked, id=2400, stack(0x000000a819400000,0x000000a819500000)]
  0x0000022e4f3476c0 JavaThread "Service Thread" daemon [_thread_blocked, id=4940, stack(0x000000a819500000,0x000000a819600000)]
  0x0000022e4f348070 JavaThread "Monitor Deflation Thread" daemon [_thread_blocked, id=3532, stack(0x000000a819600000,0x000000a819700000)]
  0x0000022e4f349e10 JavaThread "C2 CompilerThread0" daemon [_thread_in_native, id=11440, stack(0x000000a819700000,0x000000a819800000)]
  0x0000022e4f3b6f00 JavaThread "C1 CompilerThread0" daemon [_thread_blocked, id=3452, stack(0x000000a819800000,0x000000a819900000)]
  0x0000022e4f3bbcc0 JavaThread "Sweeper thread" daemon [_thread_blocked, id=6980, stack(0x000000a819900000,0x000000a819a00000)]
  0x0000022e4f31b010 JavaThread "Common-Cleaner" daemon [_thread_blocked, id=7456, stack(0x000000a819a00000,0x000000a819b00000)]
  0x0000022e503f1b30 JavaThread "Notification Thread" daemon [_thread_blocked, id=9436, stack(0x000000a819c00000,0x000000a819d00000)]
  0x0000022e506e8a50 JavaThread "QuantumRenderer-0" daemon [_thread_blocked, id=4812, stack(0x000000a81a000000,0x000000a81a100000)]
  0x0000022e5076b320 JavaThread "InvokeLaterDispatcher" daemon [_thread_blocked, id=9608, stack(0x000000a81a200000,0x000000a81a300000)]
  0x0000022e5076bf90 JavaThread "JavaFX Application Thread" [_thread_in_native, id=3180, stack(0x000000a81a300000,0x000000a81a400000)]
  0x0000022e509b67c0 JavaThread "JavaFX-Launcher" [_thread_blocked, id=2000, stack(0x000000a81a800000,0x000000a81a900000)]
  0x0000022e509b6c90 JavaThread "Thread-2" daemon [_thread_in_native, id=10924, stack(0x000000a81a700000,0x000000a81a800000)]
  0x0000022e55445250 JavaThread "Prism Font Disposer" daemon [_thread_blocked, id=7180, stack(0x000000a81ad00000,0x000000a81ae00000)]
  0x0000022e50b61d90 JavaThread "Cleaner-0" daemon [_thread_blocked, id=8304, stack(0x000000a81b100000,0x000000a81b200000)]
=>0x0000022e56289da0 JavaThread "C2 CompilerThread1" daemon [_thread_in_native, id=9980, stack(0x000000a81a900000,0x000000a81aa00000)]

Other Threads:
  0x0000022e4f326050 VMThread "VM Thread" [stack: 0x000000a819000000,0x000000a819100000] [id=6644]
  0x0000022e5004a5c0 WatcherThread [stack: 0x000000a819d00000,0x000000a819e00000] [id=12056]
  0x0000022e3425f570 GCTaskThread "GC Thread#0" [stack: 0x000000a818b00000,0x000000a818c00000] [id=1944]
  0x0000022e503dd300 GCTaskThread "GC Thread#1" [stack: 0x000000a819b00000,0x000000a819c00000] [id=2600]
  0x0000022e5071c1e0 GCTaskThread "GC Thread#2" [stack: 0x000000a819e00000,0x000000a819f00000] [id=9820]
  0x0000022e5071c490 GCTaskThread "GC Thread#3" [stack: 0x000000a819f00000,0x000000a81a000000] [id=3788]
  0x0000022e34268f40 ConcurrentGCThread "G1 Main Marker" [stack: 0x000000a818c00000,0x000000a818d00000] [id=11504]
  0x0000022e34269950 ConcurrentGCThread "G1 Conc#0" [stack: 0x000000a818d00000,0x000000a818e00000] [id=10176]
  0x0000022e342a6ad0 ConcurrentGCThread "G1 Refine#0" [stack: 0x000000a818e00000,0x000000a818f00000] [id=6108]
  0x0000022e57e95fe0 ConcurrentGCThread "G1 Refine#1" [stack: 0x000000a81ae00000,0x000000a81af00000] [id=11700]
  0x0000022e342a74f0 ConcurrentGCThread "G1 Service" [stack: 0x000000a818f00000,0x000000a819000000] [id=4832]

Threads with active compile tasks:
C2 CompilerThread0    31823 5612       4       com.sun.javafx.sg.prism.NGRegion::renderBackgroundRectanglesDirectly (346 bytes)
C2 CompilerThread1    31823 5634       4       com.sun.javafx.css.SelectorPartitioning::match (696 bytes)

VM state: not at safepoint (normal execution)

VM Mutex/Monitor currently owned by a thread: None

Heap address: 0x00000000c2c00000, size: 980 MB, Compressed Oops mode: 32-bit

CDS archive(s) mapped at: [0x0000000800000000-0x0000000800bc0000-0x0000000800bc0000), size 12320768, SharedBaseAddress: 0x0000000800000000, ArchiveRelocationMode: 0.
Compressed class space mapped at: 0x0000000800c00000-0x0000000840c00000, reserved size: 1073741824
Narrow klass base: 0x0000000800000000, Narrow klass shift: 0, Narrow klass range: 0x100000000

GC Precious Log:
 CPUs: 4 total, 4 available
 Memory: 3919M
 Large Page Support: Disabled
 NUMA Support: Disabled
 Compressed Oops: Enabled (32-bit)
 Heap Region Size: 1M
 Heap Min Capacity: 8M
 Heap Initial Capacity: 62M
 Heap Max Capacity: 980M
 Pre-touch: Disabled
 Parallel Workers: 4
 Concurrent Workers: 1
 Concurrent Refinement Workers: 4
 Periodic GC: Disabled

Heap:
 garbage-first heap   total 114688K, used 87348K [0x00000000c2c00000, 0x0000000100000000)
  region size 1024K, 19 young (19456K), 1 survivors (1024K)
 Metaspace       used 19925K, committed 20224K, reserved 1073152K
  class space    used 2771K, committed 2944K, reserved 1048576K

Heap Regions: E=young(eden), S=young(survivor), O=old, HS=humongous(starts), HC=humongous(continues), CS=collection set, F=free, OA=open archive, CA=closed archive, TAMS=top-at-mark-start (previous, next)
|   0|0x00000000c2c00000, 0x00000000c2d00000, 0x00000000c2d00000|100%|HS|  |TAMS 0x00000000c2d00000, 0x00000000c2c00000| Complete 
|   1|0x00000000c2d00000, 0x00000000c2e00000, 0x00000000c2e00000|100%| O|  |TAMS 0x00000000c2e00000, 0x00000000c2d00000| Untracked 
|   2|0x00000000c2e00000, 0x00000000c2f00000, 0x00000000c2f00000|100%| O|  |TAMS 0x00000000c2f00000, 0x00000000c2e00000| Untracked 
|   3|0x00000000c2f00000, 0x00000000c3000000, 0x00000000c3000000|100%|HS|  |TAMS 0x00000000c3000000, 0x00000000c2f00000| Complete 
|   4|0x00000000c3000000, 0x00000000c3100000, 0x00000000c3100000|100%|HC|  |TAMS 0x00000000c3100000, 0x00000000c3000000| Complete 
|   5|0x00000000c3100000, 0x00000000c3200000, 0x00000000c3200000|100%| O|  |TAMS 0x00000000c3100000, 0x00000000c3100000| Untracked 
|   6|0x00000000c3200000, 0x00000000c3300000, 0x00000000c3300000|100%|HS|  |TAMS 0x00000000c3300000, 0x00000000c3200000| Complete 
|   7|0x00000000c3300000, 0x00000000c3400000, 0x00000000c3400000|100%|HC|  |TAMS 0x00000000c3400000, 0x00000000c3300000| Complete 
|   8|0x00000000c3400000, 0x00000000c3500000, 0x00000000c3500000|100%| O|  |TAMS 0x00000000c3500000, 0x00000000c3400000| Untracked 
|   9|0x00000000c3500000, 0x00000000c3600000, 0x00000000c3600000|100%|HS|  |TAMS 0x00000000c3600000, 0x00000000c3500000| Complete 
|  10|0x00000000c3600000, 0x00000000c3700000, 0x00000000c3700000|100%|HC|  |TAMS 0x00000000c3700000, 0x00000000c3600000| Complete 
|  11|0x00000000c3700000, 0x00000000c3700000, 0x00000000c3800000|  0%| F|  |TAMS 0x00000000c3700000, 0x00000000c3700000| Untracked 
|  12|0x00000000c3800000, 0x00000000c3900000, 0x00000000c3900000|100%|HS|  |TAMS 0x00000000c3900000, 0x00000000c3800000| Complete 
|  13|0x00000000c3900000, 0x00000000c3a00000, 0x00000000c3a00000|100%|HC|  |TAMS 0x00000000c3a00000, 0x00000000c3900000| Complete 
|  14|0x00000000c3a00000, 0x00000000c3b00000, 0x00000000c3b00000|100%| O|  |TAMS 0x00000000c3a00000, 0x00000000c3a00000| Untracked 
|  15|0x00000000c3b00000, 0x00000000c3c00000, 0x00000000c3c00000|100%|HS|  |TAMS 0x00000000c3c00000, 0x00000000c3b00000| Complete 
|  16|0x00000000c3c00000, 0x00000000c3d00000, 0x00000000c3d00000|100%|HC|  |TAMS 0x00000000c3d00000, 0x00000000c3c00000| Complete 
|  17|0x00000000c3d00000, 0x00000000c3e00000, 0x00000000c3e00000|100%| O|  |TAMS 0x00000000c3d00000, 0x00000000c3d00000| Untracked 
|  18|0x00000000c3e00000, 0x00000000c3f00000, 0x00000000c3f00000|100%|HS|  |TAMS 0x00000000c3f00000, 0x00000000c3e00000| Complete 
|  19|0x00000000c3f00000, 0x00000000c4000000, 0x00000000c4000000|100%|HC|  |TAMS 0x00000000c4000000, 0x00000000c3f00000| Complete 
|  20|0x00000000c4000000, 0x00000000c4100000, 0x00000000c4100000|100%| O|  |TAMS 0x00000000c4000000, 0x00000000c4000000| Untracked 
|  21|0x00000000c4100000, 0x00000000c4200000, 0x00000000c4200000|100%|HS|  |TAMS 0x00000000c4200000, 0x00000000c4100000| Complete 
|  22|0x00000000c4200000, 0x00000000c4300000, 0x00000000c4300000|100%|HC|  |TAMS 0x00000000c4300000, 0x00000000c4200000| Complete 
|  23|0x00000000c4300000, 0x00000000c4400000, 0x00000000c4400000|100%| O|  |TAMS 0x00000000c4300000, 0x00000000c4300000| Untracked 
|  24|0x00000000c4400000, 0x00000000c4500000, 0x00000000c4500000|100%|HS|  |TAMS 0x00000000c4500000, 0x00000000c4400000| Complete 
|  25|0x00000000c4500000, 0x00000000c4600000, 0x00000000c4600000|100%|HC|  |TAMS 0x00000000c4600000, 0x00000000c4500000| Complete 
|  26|0x00000000c4600000, 0x00000000c4700000, 0x00000000c4700000|100%| O|  |TAMS 0x00000000c4600000, 0x00000000c4600000| Untracked 
|  27|0x00000000c4700000, 0x00000000c4800000, 0x00000000c4800000|100%| O|  |TAMS 0x00000000c4800000, 0x00000000c4700000| Untracked 
|  28|0x00000000c4800000, 0x00000000c4900000, 0x00000000c4900000|100%| O|  |TAMS 0x00000000c4900000, 0x00000000c4800000| Untracked 
|  29|0x00000000c4900000, 0x00000000c4a00000, 0x00000000c4a00000|100%| O|  |TAMS 0x00000000c4a00000, 0x00000000c4900000| Untracked 
|  30|0x00000000c4a00000, 0x00000000c4b00000, 0x00000000c4b00000|100%|HS|  |TAMS 0x00000000c4b00000, 0x00000000c4a00000| Complete 
|  31|0x00000000c4b00000, 0x00000000c4c00000, 0x00000000c4c00000|100%|HC|  |TAMS 0x00000000c4c00000, 0x00000000c4b00000| Complete 
|  32|0x00000000c4c00000, 0x00000000c4d00000, 0x00000000c4d00000|100%|HS|  |TAMS 0x00000000c4d00000, 0x00000000c4c00000| Complete 
|  33|0x00000000c4d00000, 0x00000000c4e00000, 0x00000000c4e00000|100%|HC|  |TAMS 0x00000000c4e00000, 0x00000000c4d00000| Complete 
|  34|0x00000000c4e00000, 0x00000000c4f00000, 0x00000000c4f00000|100%|HS|  |TAMS 0x00000000c4f00000, 0x00000000c4e00000| Complete 
|  35|0x00000000c4f00000, 0x00000000c5000000, 0x00000000c5000000|100%|HC|  |TAMS 0x00000000c5000000, 0x00000000c4f00000| Complete 
|  36|0x00000000c5000000, 0x00000000c5100000, 0x00000000c5100000|100%|HS|  |TAMS 0x00000000c5100000, 0x00000000c5000000| Complete 
|  37|0x00000000c5100000, 0x00000000c5200000, 0x00000000c5200000|100%|HC|  |TAMS 0x00000000c5200000, 0x00000000c5100000| Complete 
|  38|0x00000000c5200000, 0x00000000c5300000, 0x00000000c5300000|100%|HS|  |TAMS 0x00000000c5300000, 0x00000000c5200000| Complete 
|  39|0x00000000c5300000, 0x00000000c5400000, 0x00000000c5400000|100%|HC|  |TAMS 0x00000000c5400000, 0x00000000c5300000| Complete 
|  40|0x00000000c5400000, 0x00000000c5500000, 0x00000000c5500000|100%|HS|  |TAMS 0x00000000c5500000, 0x00000000c5400000| Complete 
|  41|0x00000000c5500000, 0x00000000c5600000, 0x00000000c5600000|100%|HC|  |TAMS 0x00000000c5600000, 0x00000000c5500000| Complete 
|  42|0x00000000c5600000, 0x00000000c5700000, 0x00000000c5700000|100%|HS|  |TAMS 0x00000000c5700000, 0x00000000c5600000| Complete 
|  43|0x00000000c5700000, 0x00000000c5800000, 0x00000000c5800000|100%|HC|  |TAMS 0x00000000c5800000, 0x00000000c5700000| Complete 
|  44|0x00000000c5800000, 0x00000000c5900000, 0x00000000c5900000|100%|HS|  |TAMS 0x00000000c5900000, 0x00000000c5800000| Complete 
|  45|0x00000000c5900000, 0x00000000c5a00000, 0x00000000c5a00000|100%|HC|  |TAMS 0x00000000c5a00000, 0x00000000c5900000| Complete 
|  46|0x00000000c5a00000, 0x00000000c5b00000, 0x00000000c5b00000|100%|HS|  |TAMS 0x00000000c5b00000, 0x00000000c5a00000| Complete 
|  47|0x00000000c5b00000, 0x00000000c5c00000, 0x00000000c5c00000|100%|HC|  |TAMS 0x00000000c5c00000, 0x00000000c5b00000| Complete 
|  48|0x00000000c5c00000, 0x00000000c5d00000, 0x00000000c5d00000|100%|HS|  |TAMS 0x00000000c5d00000, 0x00000000c5c00000| Complete 
|  49|0x00000000c5d00000, 0x00000000c5e00000, 0x00000000c5e00000|100%|HC|  |TAMS 0x00000000c5e00000, 0x00000000c5d00000| Complete 
|  50|0x00000000c5e00000, 0x00000000c5f00000, 0x00000000c5f00000|100%|HS|  |TAMS 0x00000000c5f00000, 0x00000000c5e00000| Complete 
|  51|0x00000000c5f00000, 0x00000000c6000000, 0x00000000c6000000|100%|HC|  |TAMS 0x00000000c6000000, 0x00000000c5f00000| Complete 
|  52|0x00000000c6000000, 0x00000000c6100000, 0x00000000c6100000|100%|HS|  |TAMS 0x00000000c6100000, 0x00000000c6000000| Complete 
|  53|0x00000000c6100000, 0x00000000c6200000, 0x00000000c6200000|100%|HC|  |TAMS 0x00000000c6200000, 0x00000000c6100000| Complete 
|  54|0x00000000c6200000, 0x00000000c6300000, 0x00000000c6300000|100%|HS|  |TAMS 0x00000000c6300000, 0x00000000c6200000| Complete 
|  55|0x00000000c6300000, 0x00000000c6400000, 0x00000000c6400000|100%|HC|  |TAMS 0x00000000c6400000, 0x00000000c6300000| Complete 
|  56|0x00000000c6400000, 0x00000000c6500000, 0x00000000c6500000|100%|HS|  |TAMS 0x00000000c6500000, 0x00000000c6400000| Complete 
|  57|0x00000000c6500000, 0x00000000c6600000, 0x00000000c6600000|100%|HC|  |TAMS 0x00000000c6600000, 0x00000000c6500000| Complete 
|  58|0x00000000c6600000, 0x00000000c6700000, 0x00000000c6700000|100%|HS|  |TAMS 0x00000000c6700000, 0x00000000c6600000| Complete 
|  59|0x00000000c6700000, 0x00000000c6800000, 0x00000000c6800000|100%|HC|  |TAMS 0x00000000c6800000, 0x00000000c6700000| Complete 
|  60|0x00000000c6800000, 0x00000000c6900000, 0x00000000c6900000|100%|HS|  |TAMS 0x00000000c6900000, 0x00000000c6800000| Complete 
|  61|0x00000000c6900000, 0x00000000c6a00000, 0x00000000c6a00000|100%|HC|  |TAMS 0x00000000c6a00000, 0x00000000c6900000| Complete 
|  62|0x00000000c6a00000, 0x00000000c6b00000, 0x00000000c6b00000|100%| O|  |TAMS 0x00000000c6a00000, 0x00000000c6a00000| Untracked 
|  63|0x00000000c6b00000, 0x00000000c6c00000, 0x00000000c6c00000|100%| O|  |TAMS 0x00000000c6b00000, 0x00000000c6b00000| Untracked 
|  64|0x00000000c6c00000, 0x00000000c6cf2800, 0x00000000c6d00000| 94%| O|  |TAMS 0x00000000c6c00000, 0x00000000c6c00000| Untracked 
|  65|0x00000000c6d00000, 0x00000000c6d00000, 0x00000000c6e00000|  0%| F|  |TAMS 0x00000000c6d00000, 0x00000000c6d00000| Untracked 
|  66|0x00000000c6e00000, 0x00000000c6e00000, 0x00000000c6f00000|  0%| F|  |TAMS 0x00000000c6e00000, 0x00000000c6e00000| Untracked 
|  67|0x00000000c6f00000, 0x00000000c6f00000, 0x00000000c7000000|  0%| F|  |TAMS 0x00000000c6f00000, 0x00000000c6f00000| Untracked 
|  68|0x00000000c7000000, 0x00000000c7000000, 0x00000000c7100000|  0%| F|  |TAMS 0x00000000c7000000, 0x00000000c7000000| Untracked 
|  69|0x00000000c7100000, 0x00000000c7100000, 0x00000000c7200000|  0%| F|  |TAMS 0x00000000c7100000, 0x00000000c7100000| Untracked 
|  70|0x00000000c7200000, 0x00000000c7200000, 0x00000000c7300000|  0%| F|  |TAMS 0x00000000c7200000, 0x00000000c7200000| Untracked 
|  71|0x00000000c7300000, 0x00000000c7300000, 0x00000000c7400000|  0%| F|  |TAMS 0x00000000c7300000, 0x00000000c7300000| Untracked 
|  72|0x00000000c7400000, 0x00000000c7400000, 0x00000000c7500000|  0%| F|  |TAMS 0x00000000c7400000, 0x00000000c7400000| Untracked 
|  73|0x00000000c7500000, 0x00000000c7600000, 0x00000000c7600000|100%|HS|  |TAMS 0x00000000c7500000, 0x00000000c7500000| Complete 
|  74|0x00000000c7600000, 0x00000000c7700000, 0x00000000c7700000|100%|HC|  |TAMS 0x00000000c7600000, 0x00000000c7600000| Complete 
|  75|0x00000000c7700000, 0x00000000c7800000, 0x00000000c7800000|100%| O|  |TAMS 0x00000000c7700000, 0x00000000c7700000| Untracked 
|  76|0x00000000c7800000, 0x00000000c7900000, 0x00000000c7900000|100%| O|  |TAMS 0x00000000c7800000, 0x00000000c7800000| Untracked 
|  77|0x00000000c7900000, 0x00000000c7900000, 0x00000000c7a00000|  0%| F|  |TAMS 0x00000000c7900000, 0x00000000c7900000| Untracked 
|  78|0x00000000c7a00000, 0x00000000c7a00000, 0x00000000c7b00000|  0%| F|  |TAMS 0x00000000c7a00000, 0x00000000c7a00000| Untracked 
|  79|0x00000000c7b00000, 0x00000000c7b00000, 0x00000000c7c00000|  0%| F|  |TAMS 0x00000000c7b00000, 0x00000000c7b00000| Untracked 
|  80|0x00000000c7c00000, 0x00000000c7c00000, 0x00000000c7d00000|  0%| F|  |TAMS 0x00000000c7c00000, 0x00000000c7c00000| Untracked 
|  81|0x00000000c7d00000, 0x00000000c7d00000, 0x00000000c7e00000|  0%| F|  |TAMS 0x00000000c7d00000, 0x00000000c7d00000| Untracked 
|  82|0x00000000c7e00000, 0x00000000c7e00000, 0x00000000c7f00000|  0%| F|  |TAMS 0x00000000c7e00000, 0x00000000c7e00000| Untracked 
|  83|0x00000000c7f00000, 0x00000000c7f00000, 0x00000000c8000000|  0%| F|  |TAMS 0x00000000c7f00000, 0x00000000c7f00000| Untracked 
|  84|0x00000000c8000000, 0x00000000c8000000, 0x00000000c8100000|  0%| F|  |TAMS 0x00000000c8000000, 0x00000000c8000000| Untracked 
|  85|0x00000000c8100000, 0x00000000c8100000, 0x00000000c8200000|  0%| F|  |TAMS 0x00000000c8100000, 0x00000000c8100000| Untracked 
|  86|0x00000000c8200000, 0x00000000c8200000, 0x00000000c8300000|  0%| F|  |TAMS 0x00000000c8200000, 0x00000000c8200000| Untracked 
|  87|0x00000000c8300000, 0x00000000c8300000, 0x00000000c8400000|  0%| F|  |TAMS 0x00000000c8300000, 0x00000000c8300000| Untracked 
|  88|0x00000000c8400000, 0x00000000c8400000, 0x00000000c8500000|  0%| F|  |TAMS 0x00000000c8400000, 0x00000000c8400000| Untracked 
|  89|0x00000000c8500000, 0x00000000c8500000, 0x00000000c8600000|  0%| F|  |TAMS 0x00000000c8500000, 0x00000000c8500000| Untracked 
|  90|0x00000000c8600000, 0x00000000c8600000, 0x00000000c8700000|  0%| F|  |TAMS 0x00000000c8600000, 0x00000000c8600000| Untracked 
|  91|0x00000000c8700000, 0x00000000c8700000, 0x00000000c8800000|  0%| F|  |TAMS 0x00000000c8700000, 0x00000000c8700000| Untracked 
|  92|0x00000000c8800000, 0x00000000c8800000, 0x00000000c8900000|  0%| F|  |TAMS 0x00000000c8800000, 0x00000000c8800000| Untracked 
|  93|0x00000000c8900000, 0x00000000c8954f78, 0x00000000c8a00000| 33%| E|  |TAMS 0x00000000c8900000, 0x00000000c8900000| Complete 
|  94|0x00000000c8a00000, 0x00000000c8b00000, 0x00000000c8b00000|100%| E|CS|TAMS 0x00000000c8a00000, 0x00000000c8a00000| Complete 
|  95|0x00000000c8b00000, 0x00000000c8c00000, 0x00000000c8c00000|100%| E|CS|TAMS 0x00000000c8b00000, 0x00000000c8b00000| Complete 
|  96|0x00000000c8c00000, 0x00000000c8d00000, 0x00000000c8d00000|100%| E|CS|TAMS 0x00000000c8c00000, 0x00000000c8c00000| Complete 
|  97|0x00000000c8d00000, 0x00000000c8e00000, 0x00000000c8e00000|100%| E|CS|TAMS 0x00000000c8d00000, 0x00000000c8d00000| Complete 
|  98|0x00000000c8e00000, 0x00000000c8f00000, 0x00000000c8f00000|100%| E|CS|TAMS 0x00000000c8e00000, 0x00000000c8e00000| Complete 
|  99|0x00000000c8f00000, 0x00000000c9000000, 0x00000000c9000000|100%| E|CS|TAMS 0x00000000c8f00000, 0x00000000c8f00000| Complete 
| 100|0x00000000c9000000, 0x00000000c9100000, 0x00000000c9100000|100%| E|CS|TAMS 0x00000000c9000000, 0x00000000c9000000| Complete 
| 101|0x00000000c9100000, 0x00000000c9200000, 0x00000000c9200000|100%| E|CS|TAMS 0x00000000c9100000, 0x00000000c9100000| Complete 
| 102|0x00000000c9200000, 0x00000000c9300000, 0x00000000c9300000|100%| E|CS|TAMS 0x00000000c9200000, 0x00000000c9200000| Complete 
| 103|0x00000000c9300000, 0x00000000c9400000, 0x00000000c9400000|100%| E|CS|TAMS 0x00000000c9300000, 0x00000000c9300000| Complete 
| 104|0x00000000c9400000, 0x00000000c9500000, 0x00000000c9500000|100%| E|CS|TAMS 0x00000000c9400000, 0x00000000c9400000| Complete 
| 105|0x00000000c9500000, 0x00000000c9600000, 0x00000000c9600000|100%| E|CS|TAMS 0x00000000c9500000, 0x00000000c9500000| Complete 
| 106|0x00000000c9600000, 0x00000000c9700000, 0x00000000c9700000|100%| E|CS|TAMS 0x00000000c9600000, 0x00000000c9600000| Complete 
| 107|0x00000000c9700000, 0x00000000c9800000, 0x00000000c9800000|100%| E|CS|TAMS 0x00000000c9700000, 0x00000000c9700000| Complete 
| 108|0x00000000c9800000, 0x00000000c9900000, 0x00000000c9900000|100%| E|CS|TAMS 0x00000000c9800000, 0x00000000c9800000| Complete 
| 109|0x00000000c9900000, 0x00000000c995abd0, 0x00000000c9a00000| 35%| S|CS|TAMS 0x00000000c9900000, 0x00000000c9900000| Complete 
| 110|0x00000000c9a00000, 0x00000000c9b00000, 0x00000000c9b00000|100%| E|CS|TAMS 0x00000000c9a00000, 0x00000000c9a00000| Complete 
| 111|0x00000000c9b00000, 0x00000000c9c00000, 0x00000000c9c00000|100%| E|CS|TAMS 0x00000000c9b00000, 0x00000000c9b00000| Complete 

Card table byte_map: [0x0000022e4ac80000,0x0000022e4ae70000] _byte_map_base: 0x0000022e4a66a000

Marking Bits (Prev, Next): (CMBitMap*) 0x0000022e34260b90, (CMBitMap*) 0x0000022e34260bd0
 Prev Bits: [0x0000022e4b060000, 0x0000022e4bfb0000)
 Next Bits: [0x0000022e4bfb0000, 0x0000022e4cf00000)

Polling page: 0x0000022e321b0000

Metaspace:

Usage:
  Non-class:     16.75 MB used.
      Class:      2.71 MB used.
       Both:     19.46 MB used.

Virtual space:
  Non-class space:       24.00 MB reserved,      16.88 MB ( 70%) committed,  3 nodes.
      Class space:        1.00 GB reserved,       2.88 MB ( <1%) committed,  1 nodes.
             Both:        1.02 GB reserved,      19.75 MB (  2%) committed. 

Chunk freelists:
   Non-Class:  2.48 MB
       Class:  1.03 MB
        Both:  3.51 MB

MaxMetaspaceSize: unlimited
CompressedClassSpaceSize: 1.00 GB
Initial GC threshold: 21.00 MB
Current GC threshold: 27.44 MB
CDS: on
MetaspaceReclaimPolicy: balanced
 - commit_granule_bytes: 65536.
 - commit_granule_words: 8192.
 - virtual_space_node_default_size: 1048576.
 - enlarge_chunks_in_place: 1.
 - new_chunks_are_fully_committed: 0.
 - uncommit_free_chunks: 1.
 - use_allocation_guard: 0.
 - handle_deallocations: 1.


Internal statistics:

num_allocs_failed_limit: 0.
num_arena_births: 340.
num_arena_deaths: 0.
num_vsnodes_births: 4.
num_vsnodes_deaths: 0.
num_space_committed: 316.
num_space_uncommitted: 0.
num_chunks_returned_to_freelist: 0.
num_chunks_taken_from_freelist: 1079.
num_chunk_merges: 0.
num_chunk_splits: 714.
num_chunks_enlarged: 500.
num_purges: 0.
num_inconsistent_stats: 0.

CodeHeap 'non-profiled nmethods': size=120000Kb used=3013Kb max_used=3013Kb free=116986Kb
 bounds [0x0000022e43560000, 0x0000022e43860000, 0x0000022e4aa90000]
CodeHeap 'profiled nmethods': size=120000Kb used=11161Kb max_used=11161Kb free=108839Kb
 bounds [0x0000022e3c030000, 0x0000022e3cb20000, 0x0000022e43560000]
CodeHeap 'non-nmethods': size=5760Kb used=1432Kb max_used=1500Kb free=4327Kb
 bounds [0x0000022e3ba90000, 0x0000022e3bd00000, 0x0000022e3c030000]
 total_blobs=6349 nmethods=5554 adapters=706
 compilation: enabled
              stopped_count=0, restarted_count=0
 full_count=0

Compilation events (20 events):
Event: 31.520 Thread 0x0000022e4f3b6f00 5662       3       javafx.scene.layout.Region::position (148 bytes)
Event: 31.523 Thread 0x0000022e4f3b6f00 nmethod 5662 0x0000022e3caf0c90 code [0x0000022e3caf10a0, 0x0000022e3caf31c8]
Event: 31.523 Thread 0x0000022e4f3b6f00 5664       3       java.lang.CharacterDataLatin1::isIdeographic (19 bytes)
Event: 31.524 Thread 0x0000022e4f3b6f00 nmethod 5664 0x0000022e3caf3e90 code [0x0000022e3caf4040, 0x0000022e3caf4258]
Event: 31.524 Thread 0x0000022e4f3b6f00 5668       3       javafx.scene.layout.Background::computeOpaqueInsets (10 bytes)
Event: 31.524 Thread 0x0000022e4f3b6f00 nmethod 5668 0x0000022e3caf4390 code [0x0000022e3caf4520, 0x0000022e3caf4668]
Event: 31.524 Thread 0x0000022e4f3b6f00 5665       3       javafx.scene.control.skin.LabeledSkinBase::layoutLabelInArea (1666 bytes)
Event: 31.590 Thread 0x0000022e4f3b6f00 nmethod 5665 0x0000022e3caf4710 code [0x0000022e3caf63c0, 0x0000022e3cb0c7a8]
Event: 31.590 Thread 0x0000022e4f3b6f00 5666       3       com.sun.javafx.scene.shape.ShapeHelper::updatePeerImpl (15 bytes)
Event: 31.591 Thread 0x0000022e4f3b6f00 nmethod 5666 0x0000022e3cb14410 code [0x0000022e3cb14600, 0x0000022e3cb14a98]
Event: 31.591 Thread 0x0000022e4f3b6f00 5667       3       javafx.scene.shape.Shape$1::doUpdatePeer (8 bytes)
Event: 31.591 Thread 0x0000022e4f3b6f00 nmethod 5667 0x0000022e3cb14d10 code [0x0000022e3cb14ec0, 0x0000022e3cb15168]
Event: 31.591 Thread 0x0000022e4f3b6f00 5671       1       com.sun.glass.ui.Window::getOutputScaleX (5 bytes)
Event: 31.591 Thread 0x0000022e4f3b6f00 nmethod 5671 0x0000022e43850e90 code [0x0000022e43851020, 0x0000022e438510f8]
Event: 31.591 Thread 0x0000022e4f3b6f00 5672       1       com.sun.glass.ui.Window::getOutputScaleY (5 bytes)
Event: 31.591 Thread 0x0000022e4f3b6f00 nmethod 5672 0x0000022e43851190 code [0x0000022e43851320, 0x0000022e438513f8]
Event: 31.591 Thread 0x0000022e4f3b6f00 5673       1       com.sun.prism.paint.Gradient::getNumStops (5 bytes)
Event: 31.592 Thread 0x0000022e4f3b6f00 nmethod 5673 0x0000022e43851490 code [0x0000022e43851620, 0x0000022e438516f8]
Event: 31.697 Thread 0x0000022e4f3b6f00 5674       3       com.sun.prism.impl.BaseResourcePool::freeDisposalRequestedAndCheckResources (156 bytes)
Event: 31.698 Thread 0x0000022e4f3b6f00 nmethod 5674 0x0000022e3cb15290 code [0x0000022e3cb154e0, 0x0000022e3cb16028]

GC Heap History (20 events):
Event: 2.242 GC heap before
{Heap before GC invocations=11 (full 0):
 garbage-first heap   total 66560K, used 40693K [0x00000000c2c00000, 0x0000000100000000)
  region size 1024K, 5 young (5120K), 1 survivors (1024K)
 Metaspace       used 10335K, committed 10560K, reserved 1064960K
  class space    used 1386K, committed 1536K, reserved 1048576K
}
Event: 2.244 GC heap after
{Heap after GC invocations=12 (full 0):
 garbage-first heap   total 66560K, used 36814K [0x00000000c2c00000, 0x0000000100000000)
  region size 1024K, 1 young (1024K), 1 survivors (1024K)
 Metaspace       used 10335K, committed 10560K, reserved 1064960K
  class space    used 1386K, committed 1536K, reserved 1048576K
}
Event: 2.276 GC heap before
{Heap before GC invocations=13 (full 0):
 garbage-first heap   total 70656K, used 40910K [0x00000000c2c00000, 0x0000000100000000)
  region size 1024K, 2 young (2048K), 1 survivors (1024K)
 Metaspace       used 10359K, committed 10624K, reserved 1064960K
  class space    used 1390K, committed 1536K, reserved 1048576K
}
Event: 2.278 GC heap after
{Heap after GC invocations=14 (full 0):
 garbage-first heap   total 70656K, used 39914K [0x00000000c2c00000, 0x0000000100000000)
  region size 1024K, 1 young (1024K), 1 survivors (1024K)
 Metaspace       used 10359K, committed 10624K, reserved 1064960K
  class space    used 1390K, committed 1536K, reserved 1048576K
}
Event: 2.463 GC heap before
{Heap before GC invocations=15 (full 0):
 garbage-first heap   total 75776K, used 48106K [0x00000000c2c00000, 0x0000000100000000)
  region size 1024K, 5 young (5120K), 1 survivors (1024K)
 Metaspace       used 10642K, committed 10880K, reserved 1064960K
  class space    used 1419K, committed 1536K, reserved 1048576K
}
Event: 2.465 GC heap after
{Heap after GC invocations=16 (full 0):
 garbage-first heap   total 75776K, used 43599K [0x00000000c2c00000, 0x0000000100000000)
  region size 1024K, 1 young (1024K), 1 survivors (1024K)
 Metaspace       used 10642K, committed 10880K, reserved 1064960K
  class space    used 1419K, committed 1536K, reserved 1048576K
}
Event: 2.493 GC heap before
{Heap before GC invocations=17 (full 0):
 garbage-first heap   total 81920K, used 49743K [0x00000000c2c00000, 0x0000000100000000)
  region size 1024K, 2 young (2048K), 1 survivors (1024K)
 Metaspace       used 10658K, committed 10880K, reserved 1064960K
  class space    used 1420K, committed 1536K, reserved 1048576K
}
Event: 2.495 GC heap after
{Heap after GC invocations=18 (full 0):
 garbage-first heap   total 81920K, used 47755K [0x00000000c2c00000, 0x0000000100000000)
  region size 1024K, 1 young (1024K), 1 survivors (1024K)
 Metaspace       used 10658K, committed 10880K, reserved 1064960K
  class space    used 1420K, committed 1536K, reserved 1048576K
}
Event: 2.523 GC heap before
{Heap before GC invocations=19 (full 0):
 garbage-first heap   total 87040K, used 51851K [0x00000000c2c00000, 0x0000000100000000)
  region size 1024K, 2 young (2048K), 1 survivors (1024K)
 Metaspace       used 10663K, committed 10880K, reserved 1064960K
  class space    used 1420K, committed 1536K, reserved 1048576K
}
Event: 2.526 GC heap after
{Heap after GC invocations=20 (full 0):
 garbage-first heap   total 104448K, used 50803K [0x00000000c2c00000, 0x0000000100000000)
  region size 1024K, 1 young (1024K), 1 survivors (1024K)
 Metaspace       used 10663K, committed 10880K, reserved 1064960K
  class space    used 1420K, committed 1536K, reserved 1048576K
}
Event: 2.555 GC heap before
{Heap before GC invocations=21 (full 0):
 garbage-first heap   total 104448K, used 56947K [0x00000000c2c00000, 0x0000000100000000)
  region size 1024K, 2 young (2048K), 1 survivors (1024K)
 Metaspace       used 10677K, committed 11008K, reserved 1064960K
  class space    used 1421K, committed 1600K, reserved 1048576K
}
Event: 2.557 GC heap after
{Heap after GC invocations=22 (full 0):
 garbage-first heap   total 104448K, used 54936K [0x00000000c2c00000, 0x0000000100000000)
  region size 1024K, 1 young (1024K), 1 survivors (1024K)
 Metaspace       used 10677K, committed 11008K, reserved 1064960K
  class space    used 1421K, committed 1600K, reserved 1048576K
}
Event: 2.872 GC heap before
{Heap before GC invocations=23 (full 0):
 garbage-first heap   total 104448K, used 66200K [0x00000000c2c00000, 0x0000000100000000)
  region size 1024K, 11 young (11264K), 1 survivors (1024K)
 Metaspace       used 11932K, committed 12224K, reserved 1064960K
  class space    used 1645K, committed 1792K, reserved 1048576K
}
Event: 2.875 GC heap after
{Heap after GC invocations=24 (full 0):
 garbage-first heap   total 104448K, used 56552K [0x00000000c2c00000, 0x0000000100000000)
  region size 1024K, 2 young (2048K), 2 survivors (2048K)
 Metaspace       used 11932K, committed 12224K, reserved 1064960K
  class space    used 1645K, committed 1792K, reserved 1048576K
}
Event: 4.380 GC heap before
{Heap before GC invocations=25 (full 0):
 garbage-first heap   total 104448K, used 89320K [0x00000000c2c00000, 0x0000000100000000)
  region size 1024K, 33 young (33792K), 2 survivors (2048K)
 Metaspace       used 16660K, committed 16832K, reserved 1064960K
  class space    used 2475K, committed 2560K, reserved 1048576K
}
Event: 4.397 GC heap after
{Heap after GC invocations=26 (full 0):
 garbage-first heap   total 104448K, used 65097K [0x00000000c2c00000, 0x0000000100000000)
  region size 1024K, 5 young (5120K), 5 survivors (5120K)
 Metaspace       used 16660K, committed 16832K, reserved 1064960K
  class space    used 2475K, committed 2560K, reserved 1048576K
}
Event: 10.250 GC heap before
{Heap before GC invocations=27 (full 0):
 garbage-first heap   total 114688K, used 90697K [0x00000000c2c00000, 0x0000000100000000)
  region size 1024K, 23 young (23552K), 5 survivors (5120K)
 Metaspace       used 19424K, committed 19776K, reserved 1073152K
  class space    used 2756K, committed 2944K, reserved 1048576K
}
Event: 10.261 GC heap after
{Heap after GC invocations=28 (full 0):
 garbage-first heap   total 114688K, used 69902K [0x00000000c2c00000, 0x0000000100000000)
  region size 1024K, 3 young (3072K), 3 survivors (3072K)
 Metaspace       used 19424K, committed 19776K, reserved 1073152K
  class space    used 2756K, committed 2944K, reserved 1048576K
}
Event: 10.293 GC heap before
{Heap before GC invocations=28 (full 0):
 garbage-first heap   total 114688K, used 71950K [0x00000000c2c00000, 0x0000000100000000)
  region size 1024K, 5 young (5120K), 3 survivors (3072K)
 Metaspace       used 19431K, committed 19776K, reserved 1073152K
  class space    used 2756K, committed 2944K, reserved 1048576K
}
Event: 10.298 GC heap after
{Heap after GC invocations=29 (full 0):
 garbage-first heap   total 114688K, used 69940K [0x00000000c2c00000, 0x0000000100000000)
  region size 1024K, 1 young (1024K), 1 survivors (1024K)
 Metaspace       used 19431K, committed 19776K, reserved 1073152K
  class space    used 2756K, committed 2944K, reserved 1048576K
}

Deoptimization events (20 events):
Event: 24.067 Thread 0x0000022e5076bf90 DEOPT PACKING pc=0x0000022e43798a38 sp=0x000000a81a3fe060
Event: 24.067 Thread 0x0000022e5076bf90 DEOPT UNPACKING pc=0x0000022e3bae239d sp=0x000000a81a3fdf80 mode 2
Event: 24.882 Thread 0x0000022e506e8a50 Uncommon trap: trap_request=0xffffff45 fr.pc=0x0000022e43799988 relative=0x0000000000000088
Event: 24.882 Thread 0x0000022e506e8a50 Uncommon trap: reason=unstable_if action=reinterpret pc=0x0000022e43799988 method=com.sun.javafx.geom.RectBounds.isEmpty()Z @ 21 c2
Event: 24.882 Thread 0x0000022e506e8a50 DEOPT PACKING pc=0x0000022e43799988 sp=0x000000a81a0fc8a0
Event: 24.882 Thread 0x0000022e506e8a50 DEOPT UNPACKING pc=0x0000022e3bae239d sp=0x000000a81a0fc828 mode 2
Event: 27.575 Thread 0x0000022e5076bf90 DEOPT PACKING pc=0x0000022e3c278a56 sp=0x000000a81a3fb800
Event: 27.575 Thread 0x0000022e5076bf90 DEOPT UNPACKING pc=0x0000022e3bae2b24 sp=0x000000a81a3faca0 mode 0
Event: 27.620 Thread 0x0000022e5076bf90 DEOPT PACKING pc=0x0000022e3c4670d0 sp=0x000000a81a3fae90
Event: 27.620 Thread 0x0000022e5076bf90 DEOPT UNPACKING pc=0x0000022e3bae2b24 sp=0x000000a81a3fa380 mode 0
Event: 27.640 Thread 0x0000022e5076bf90 DEOPT PACKING pc=0x0000022e3c4670d0 sp=0x000000a81a3faa50
Event: 27.640 Thread 0x0000022e5076bf90 DEOPT UNPACKING pc=0x0000022e3bae2b24 sp=0x000000a81a3f9f40 mode 0
Event: 31.472 Thread 0x0000022e5076bf90 Uncommon trap: trap_request=0xffffff6e fr.pc=0x0000022e438308f8 relative=0x00000000000033d8
Event: 31.472 Thread 0x0000022e5076bf90 Uncommon trap: reason=loop_limit_check action=maybe_recompile pc=0x0000022e438308f8 method=com.sun.javafx.css.SelectorPartitioning.match(Ljava/lang/String;Ljava/lang/String;Ljava/util/Set;)Ljava/util/List; @ 164 c2
Event: 31.472 Thread 0x0000022e5076bf90 DEOPT PACKING pc=0x0000022e438308f8 sp=0x000000a81a3faed0
Event: 31.472 Thread 0x0000022e5076bf90 DEOPT UNPACKING pc=0x0000022e3bae239d sp=0x000000a81a3fae88 mode 2
Event: 31.473 Thread 0x0000022e5076bf90 Uncommon trap: trap_request=0xffffff6e fr.pc=0x0000022e4381cd08 relative=0x0000000000002a88
Event: 31.473 Thread 0x0000022e5076bf90 Uncommon trap: reason=loop_limit_check action=maybe_recompile pc=0x0000022e4381cd08 method=com.sun.javafx.css.SelectorPartitioning.match(Ljava/lang/String;Ljava/lang/String;Ljava/util/Set;)Ljava/util/List; @ 164 c2
Event: 31.473 Thread 0x0000022e5076bf90 DEOPT PACKING pc=0x0000022e4381cd08 sp=0x000000a81a3fb480
Event: 31.473 Thread 0x0000022e5076bf90 DEOPT UNPACKING pc=0x0000022e3bae239d sp=0x000000a81a3fb428 mode 2

Classes unloaded (0 events):
No events

Classes redefined (0 events):
No events

Internal exceptions (20 events):
Event: 3.305 Thread 0x0000022e5076bf90 Implicit null exception at 0x0000022e43641058 to 0x0000022e436410ee
Event: 3.309 Thread 0x0000022e5076bf90 Implicit null exception at 0x0000022e43643011 to 0x0000022e43643388
Event: 3.328 Thread 0x0000022e5076bf90 Implicit null exception at 0x0000022e4363f291 to 0x0000022e4363f618
Event: 3.328 Thread 0x0000022e5076bf90 Implicit null exception at 0x0000022e4357fd0f to 0x0000022e4357fd89
Event: 3.555 Thread 0x0000022e5076bf90 Exception <a 'java/lang/NoSuchMethodError'{0x00000000c833d6b8}: 'void java.lang.invoke.DirectMethodHandle$Holder.invokeSpecial(java.lang.Object, java.lang.Object, java.lang.Object, java.lang.Object, java.lang.Object, java.lang.Object)'> (0x00000000c833d6b8) 
thrown [t:\workspace\open\src\hotspot\share\interpreter\linkResolver.cpp, line 766]
Event: 4.367 Thread 0x0000022e5076bf90 Exception <a 'java/lang/NoSuchMethodError'{0x00000000c7124040}: 'java.lang.Object java.lang.invoke.DirectMethodHandle$Holder.newInvokeSpecial(java.lang.Object, java.lang.Object, int)'> (0x00000000c7124040) 
thrown [t:\workspace\open\src\hotspot\share\interpreter\linkResolver.cpp, line 766]
Event: 4.603 Thread 0x0000022e506e8a50 Exception <a 'java/lang/NoSuchMethodError'{0x00000000c9bf6668}: 'int java.lang.invoke.DirectMethodHandle$Holder.invokeStaticInit(java.lang.Object, java.lang.Object)'> (0x00000000c9bf6668) 
thrown [t:\workspace\open\src\hotspot\share\interpreter\linkResolver.cpp, line 766]
Event: 4.628 Thread 0x0000022e506e8a50 Exception <a 'java/lang/NoSuchMethodError'{0x00000000c9a89d70}: 'java.lang.Object java.lang.invoke.DirectMethodHandle$Holder.invokeStaticInit(java.lang.Object, int)'> (0x00000000c9a89d70) 
thrown [t:\workspace\open\src\hotspot\share\interpreter\linkResolver.cpp, line 766]
Event: 7.059 Thread 0x0000022e5076bf90 Exception <a 'java/lang/NoSuchMethodError'{0x00000000c9330db0}: 'long java.lang.invoke.DirectMethodHandle$Holder.invokeStatic(java.lang.Object, java.lang.Object, java.lang.Object)'> (0x00000000c9330db0) 
thrown [t:\workspace\open\src\hotspot\share\interpreter\linkResolver.cpp, line 766]
Event: 7.060 Thread 0x0000022e5076bf90 Exception <a 'java/lang/NoSuchMethodError'{0x00000000c9334558}: 'long java.lang.invoke.DirectMethodHandle$Holder.invokeStaticInit(java.lang.Object, java.lang.Object, java.lang.Object)'> (0x00000000c9334558) 
thrown [t:\workspace\open\src\hotspot\share\interpreter\linkResolver.cpp, line 766]
Event: 7.063 Thread 0x0000022e5076bf90 Exception <a 'java/lang/NoSuchMethodError'{0x00000000c934c3b0}: 'java.lang.Object java.lang.invoke.DirectMethodHandle$Holder.newInvokeSpecial(java.lang.Object, java.lang.Object, long)'> (0x00000000c934c3b0) 
thrown [t:\workspace\open\src\hotspot\share\interpreter\linkResolver.cpp, line 766]
Event: 7.064 Thread 0x0000022e5076bf90 Exception <a 'java/lang/NoSuchMethodError'{0x00000000c934ff20}: 'java.lang.Object java.lang.invoke.Invokers$Holder.linkToTargetMethod(java.lang.Object, long, java.lang.Object)'> (0x00000000c934ff20) 
thrown [t:\workspace\open\src\hotspot\share\interpreter\linkResolver.cpp, line 766]
Event: 8.871 Thread 0x0000022e5076bf90 Exception <a 'java/lang/NoSuchMethodError'{0x00000000c8e51be0}: 'java.lang.Object java.lang.invoke.DirectMethodHandle$Holder.newInvokeSpecial(java.lang.Object, java.lang.Object, int, int, int, int, int, java.lang.Object)'> (0x00000000c8e51be0) 
thrown [t:\workspace\open\src\hotspot\share\interpreter\linkResolver.cpp, line 766]
Event: 8.873 Thread 0x0000022e5076bf90 Exception <a 'java/lang/NoSuchMethodError'{0x00000000c8e64bc0}: 'java.lang.Object java.lang.invoke.DirectMethodHandle$Holder.newInvokeSpecial(java.lang.Object, java.lang.Object, java.lang.Object, int, int, int, int, int)'> (0x00000000c8e64bc0) 
thrown [t:\workspace\open\src\hotspot\share\interpreter\linkResolver.cpp, line 766]
Event: 8.875 Thread 0x0000022e5076bf90 Exception <a 'java/lang/NoSuchMethodError'{0x00000000c8e6c420}: 'java.lang.Object java.lang.invoke.Invokers$Holder.linkToTargetMethod(java.lang.Object, java.lang.Object, int, int, int, int, int, java.lang.Object)'> (0x00000000c8e6c420) 
thrown [t:\workspace\open\src\hotspot\share\interpreter\linkResolver.cpp, line 766]
Event: 8.933 Thread 0x0000022e5076bf90 Exception <a 'java/io/FileNotFoundException'{0x00000000c8d94a20}> (0x00000000c8d94a20) 
thrown [t:\workspace\open\src\hotspot\share\prims\jni.cpp, line 516]
Event: 12.174 Thread 0x0000022e5076bf90 Exception <a 'java/lang/NullPointerException'{0x00000000c983ad70}> (0x00000000c983ad70) 
thrown [t:\workspace\open\src\hotspot\share\interpreter\linkResolver.cpp, line 1357]
Event: 17.282 Thread 0x0000022e5076bf90 Exception <a 'java/lang/NullPointerException'{0x00000000c98aac18}> (0x00000000c98aac18) 
thrown [t:\workspace\open\src\hotspot\share\interpreter\linkResolver.cpp, line 1357]
Event: 24.067 Thread 0x0000022e5076bf90 Implicit null exception at 0x0000022e43797b4e to 0x0000022e43798a28
Event: 26.327 Thread 0x0000022e5076bf90 Exception <a 'java/io/FileNotFoundException'{0x00000000c95cd7f8}> (0x00000000c95cd7f8) 
thrown [t:\workspace\open\src\hotspot\share\prims\jni.cpp, line 516]

VM Operations (20 events):
Event: 21.299 Executing VM operation: Cleanup
Event: 21.299 Executing VM operation: Cleanup done
Event: 23.084 Executing VM operation: HandshakeAllThreads
Event: 23.084 Executing VM operation: HandshakeAllThreads done
Event: 23.084 Executing VM operation: Cleanup
Event: 23.084 Executing VM operation: Cleanup done
Event: 23.088 Executing VM operation: HandshakeAllThreads
Event: 23.088 Executing VM operation: HandshakeAllThreads done
Event: 24.087 Executing VM operation: Cleanup
Event: 24.088 Executing VM operation: Cleanup done
Event: 25.088 Executing VM operation: Cleanup
Event: 25.088 Executing VM operation: Cleanup done
Event: 26.088 Executing VM operation: Cleanup
Event: 26.089 Executing VM operation: Cleanup done
Event: 27.089 Executing VM operation: Cleanup
Event: 27.089 Executing VM operation: Cleanup done
Event: 29.089 Executing VM operation: Cleanup
Event: 29.089 Executing VM operation: Cleanup done
Event: 31.091 Executing VM operation: Cleanup
Event: 31.091 Executing VM operation: Cleanup done

Events (20 events):
Event: 8.227 Thread 0x0000022e56288450 Thread exited: 0x0000022e56288450
Event: 8.299 Thread 0x0000022e56289890 Thread added: 0x0000022e56289890
Event: 8.805 Thread 0x0000022e56289890 Thread exited: 0x0000022e56289890
Event: 8.840 Thread 0x0000022e5628b6f0 Thread added: 0x0000022e5628b6f0
Event: 9.470 Thread 0x0000022e5628b6f0 Thread exited: 0x0000022e5628b6f0
Event: 10.262 Thread 0x0000022e5628a7c0 Thread added: 0x0000022e5628a7c0
Event: 10.875 Thread 0x0000022e5628a7c0 Thread exited: 0x0000022e5628a7c0
Event: 17.288 Thread 0x0000022e5628acd0 Thread added: 0x0000022e5628acd0
Event: 17.422 Thread 0x0000022e5628acd0 Thread exited: 0x0000022e5628acd0
Event: 22.930 Thread 0x0000022e56289380 Thread added: 0x0000022e56289380
Event: 23.777 Thread 0x0000022e56289380 Thread exited: 0x0000022e56289380
Event: 24.875 Thread 0x0000022e56289380 Thread added: 0x0000022e56289380
Event: 26.239 Thread 0x0000022e56289380 Thread exited: 0x0000022e56289380
Event: 26.249 Thread 0x0000022e56288450 Thread added: 0x0000022e56288450
Event: 27.039 Thread 0x0000022e56288450 Thread exited: 0x0000022e56288450
Event: 27.626 Thread 0x0000022e56289380 Thread added: 0x0000022e56289380
Event: 28.175 Thread 0x0000022e56289380 Thread exited: 0x0000022e56289380
Event: 31.366 loading class jdk/internal/access/foreign/MemorySegmentProxy
Event: 31.366 loading class jdk/internal/access/foreign/MemorySegmentProxy done
Event: 31.445 Thread 0x0000022e56289da0 Thread added: 0x0000022e56289da0


Dynamic libraries:
0x00007ff6e88d0000 - 0x00007ff6e88e0000 	C:\Program Files\Java\jdk-17.0.2\bin\java.exe
0x00007ffb41090000 - 0x00007ffb41286000 	C:\Windows\SYSTEM32\ntdll.dll
0x00007ffb3fbe0000 - 0x00007ffb3fc9d000 	C:\Windows\System32\KERNEL32.DLL
0x00007ffb3ed70000 - 0x00007ffb3f039000 	C:\Windows\System32\KERNELBASE.dll
0x00007ffb3ec40000 - 0x00007ffb3ed40000 	C:\Windows\System32\ucrtbase.dll
0x00007ffb37f60000 - 0x00007ffb37f78000 	C:\Program Files\Java\jdk-17.0.2\bin\jli.dll
0x00007ffb3fca0000 - 0x00007ffb3fd4c000 	C:\Windows\System32\ADVAPI32.dll
0x00007ffb3ffd0000 - 0x00007ffb4006e000 	C:\Windows\System32\msvcrt.dll
0x00007ffb40480000 - 0x00007ffb4051c000 	C:\Windows\System32\sechost.dll
0x00007ffb3f0f0000 - 0x00007ffb3f21b000 	C:\Windows\System32\RPCRT4.dll
0x00007ffb40100000 - 0x00007ffb402a0000 	C:\Windows\System32\USER32.dll
0x00007ffb3ed40000 - 0x00007ffb3ed62000 	C:\Windows\System32\win32u.dll
0x00007ffb40450000 - 0x00007ffb4047a000 	C:\Windows\System32\GDI32.dll
0x00007ffb3e7d0000 - 0x00007ffb3e8db000 	C:\Windows\System32\gdi32full.dll
0x00007ffb3eba0000 - 0x00007ffb3ec3d000 	C:\Windows\System32\msvcp_win.dll
0x00007ffb399e0000 - 0x00007ffb399fa000 	C:\Program Files\Java\jdk-17.0.2\bin\VCRUNTIME140.dll
0x00007ffb2a7b0000 - 0x00007ffb2aa4b000 	C:\Windows\WinSxS\amd64_microsoft.windows.common-controls_6595b64144ccf1df_6.0.19041.746_none_ca02b4b61b8320a4\COMCTL32.dll
0x00007ffb37250000 - 0x00007ffb3725a000 	C:\Windows\SYSTEM32\VERSION.dll
0x00007ffb40e70000 - 0x00007ffb40ea0000 	C:\Windows\System32\IMM32.DLL
0x00007ffb399a0000 - 0x00007ffb399ac000 	C:\Program Files\Java\jdk-17.0.2\bin\vcruntime140_1.dll
0x00007ffb27560000 - 0x00007ffb275ed000 	C:\Program Files\Java\jdk-17.0.2\bin\msvcp140.dll
0x00007ffafee80000 - 0x00007ffaffa41000 	C:\Program Files\Java\jdk-17.0.2\bin\server\jvm.dll
0x00007ffb3fb00000 - 0x00007ffb3fb08000 	C:\Windows\System32\PSAPI.DLL
0x00007ffb399b0000 - 0x00007ffb399b9000 	C:\Windows\SYSTEM32\WSOCK32.dll
0x00007ffb3fe80000 - 0x00007ffb3feeb000 	C:\Windows\System32\WS2_32.dll
0x00007ffb2d1c0000 - 0x00007ffb2d1e7000 	C:\Windows\SYSTEM32\WINMM.dll
0x00007ffb3d0b0000 - 0x00007ffb3d0c2000 	C:\Windows\SYSTEM32\kernel.appcore.dll
0x00007ffb37de0000 - 0x00007ffb37dea000 	C:\Program Files\Java\jdk-17.0.2\bin\jimage.dll
0x00007ffb3cdc0000 - 0x00007ffb3cfa4000 	C:\Windows\SYSTEM32\DBGHELP.DLL
0x00007ffb27f00000 - 0x00007ffb27f2c000 	C:\Windows\SYSTEM32\dbgcore.DLL
0x00007ffb3eb20000 - 0x00007ffb3eba0000 	C:\Windows\System32\bcryptPrimitives.dll
0x00007ffb35900000 - 0x00007ffb35925000 	C:\Program Files\Java\jdk-17.0.2\bin\java.dll
0x00007ffb1d160000 - 0x00007ffb1d236000 	C:\Program Files\Java\jdk-17.0.2\bin\jsvml.dll
0x00007ffb3f280000 - 0x00007ffb3f9c3000 	C:\Windows\System32\SHELL32.dll
0x00007ffb3c630000 - 0x00007ffb3cdbf000 	C:\Windows\SYSTEM32\windows.storage.dll
0x00007ffb405d0000 - 0x00007ffb40926000 	C:\Windows\System32\combase.dll
0x00007ffb3e160000 - 0x00007ffb3e18c000 	C:\Windows\SYSTEM32\Wldp.dll
0x00007ffb40520000 - 0x00007ffb405ce000 	C:\Windows\System32\SHCORE.dll
0x00007ffb3f9d0000 - 0x00007ffb3fa25000 	C:\Windows\System32\shlwapi.dll
0x00007ffb3e700000 - 0x00007ffb3e726000 	C:\Windows\SYSTEM32\profapi.dll
0x00007ffb2d2c0000 - 0x00007ffb2d2d9000 	C:\Program Files\Java\jdk-17.0.2\bin\net.dll
0x00007ffb36fd0000 - 0x00007ffb370d0000 	C:\Windows\SYSTEM32\WINHTTP.dll
0x00007ffb3dee0000 - 0x00007ffb3df4a000 	C:\Windows\system32\mswsock.dll
0x00007ffb2d2a0000 - 0x00007ffb2d2b6000 	C:\Program Files\Java\jdk-17.0.2\bin\nio.dll
0x00007ffb351f0000 - 0x00007ffb35208000 	C:\Program Files\Java\jdk-17.0.2\bin\zip.dll
0x0000022e32220000 - 0x0000022e32223000 	C:\Users\Pavel\.openjfx\cache\19-ea+3\api-ms-win-core-console-l1-1-0.dll
0x0000022e32230000 - 0x0000022e32233000 	C:\Users\Pavel\.openjfx\cache\19-ea+3\api-ms-win-core-console-l1-2-0.dll
0x0000022e32240000 - 0x0000022e32243000 	C:\Users\Pavel\.openjfx\cache\19-ea+3\api-ms-win-core-datetime-l1-1-0.dll
0x0000022e32250000 - 0x0000022e32253000 	C:\Users\Pavel\.openjfx\cache\19-ea+3\api-ms-win-core-debug-l1-1-0.dll
0x0000022e34140000 - 0x0000022e34143000 	C:\Users\Pavel\.openjfx\cache\19-ea+3\api-ms-win-core-errorhandling-l1-1-0.dll
0x0000022e34150000 - 0x0000022e34154000 	C:\Users\Pavel\.openjfx\cache\19-ea+3\api-ms-win-core-file-l1-1-0.dll
0x0000022e34160000 - 0x0000022e34163000 	C:\Users\Pavel\.openjfx\cache\19-ea+3\api-ms-win-core-file-l1-2-0.dll
0x0000022e34170000 - 0x0000022e34173000 	C:\Users\Pavel\.openjfx\cache\19-ea+3\api-ms-win-core-file-l2-1-0.dll
0x0000022e34180000 - 0x0000022e34183000 	C:\Users\Pavel\.openjfx\cache\19-ea+3\api-ms-win-core-handle-l1-1-0.dll
0x0000022e34190000 - 0x0000022e34193000 	C:\Users\Pavel\.openjfx\cache\19-ea+3\api-ms-win-core-heap-l1-1-0.dll
0x0000022e341a0000 - 0x0000022e341a3000 	C:\Users\Pavel\.openjfx\cache\19-ea+3\api-ms-win-core-interlocked-l1-1-0.dll
0x0000022e341b0000 - 0x0000022e341b3000 	C:\Users\Pavel\.openjfx\cache\19-ea+3\api-ms-win-core-libraryloader-l1-1-0.dll
0x0000022e341c0000 - 0x0000022e341c3000 	C:\Users\Pavel\.openjfx\cache\19-ea+3\api-ms-win-core-localization-l1-2-0.dll
0x0000022e341d0000 - 0x0000022e341d3000 	C:\Users\Pavel\.openjfx\cache\19-ea+3\api-ms-win-core-memory-l1-1-0.dll
0x0000022e341e0000 - 0x0000022e341e3000 	C:\Users\Pavel\.openjfx\cache\19-ea+3\api-ms-win-core-namedpipe-l1-1-0.dll
0x0000022e341f0000 - 0x0000022e341f3000 	C:\Users\Pavel\.openjfx\cache\19-ea+3\api-ms-win-core-processenvironment-l1-1-0.dll
0x0000022e34200000 - 0x0000022e34203000 	C:\Users\Pavel\.openjfx\cache\19-ea+3\api-ms-win-core-processthreads-l1-1-0.dll
0x0000022e4f550000 - 0x0000022e4f553000 	C:\Users\Pavel\.openjfx\cache\19-ea+3\api-ms-win-core-processthreads-l1-1-1.dll
0x0000022e4f560000 - 0x0000022e4f563000 	C:\Users\Pavel\.openjfx\cache\19-ea+3\api-ms-win-core-profile-l1-1-0.dll
0x0000022e4f570000 - 0x0000022e4f573000 	C:\Users\Pavel\.openjfx\cache\19-ea+3\api-ms-win-core-rtlsupport-l1-1-0.dll
0x0000022e4f580000 - 0x0000022e4f583000 	C:\Users\Pavel\.openjfx\cache\19-ea+3\api-ms-win-core-string-l1-1-0.dll
0x0000022e4f590000 - 0x0000022e4f593000 	C:\Users\Pavel\.openjfx\cache\19-ea+3\api-ms-win-core-synch-l1-1-0.dll
0x0000022e4f5a0000 - 0x0000022e4f5a3000 	C:\Users\Pavel\.openjfx\cache\19-ea+3\api-ms-win-core-synch-l1-2-0.dll
0x0000022e4f5b0000 - 0x0000022e4f5b3000 	C:\Users\Pavel\.openjfx\cache\19-ea+3\api-ms-win-core-sysinfo-l1-1-0.dll
0x0000022e4f5c0000 - 0x0000022e4f5c3000 	C:\Users\Pavel\.openjfx\cache\19-ea+3\api-ms-win-core-timezone-l1-1-0.dll
0x0000022e4f5d0000 - 0x0000022e4f5d3000 	C:\Users\Pavel\.openjfx\cache\19-ea+3\api-ms-win-core-util-l1-1-0.dll
0x0000022e4f5e0000 - 0x0000022e4f5e3000 	C:\Users\Pavel\.openjfx\cache\19-ea+3\api-ms-win-crt-conio-l1-1-0.dll
0x0000022e4f5f0000 - 0x0000022e4f5f4000 	C:\Users\Pavel\.openjfx\cache\19-ea+3\api-ms-win-crt-convert-l1-1-0.dll
0x0000022e4f600000 - 0x0000022e4f603000 	C:\Users\Pavel\.openjfx\cache\19-ea+3\api-ms-win-crt-environment-l1-1-0.dll
0x0000022e4f610000 - 0x0000022e4f613000 	C:\Users\Pavel\.openjfx\cache\19-ea+3\api-ms-win-crt-filesystem-l1-1-0.dll
0x0000022e4f620000 - 0x0000022e4f623000 	C:\Users\Pavel\.openjfx\cache\19-ea+3\api-ms-win-crt-heap-l1-1-0.dll
0x0000022e4f630000 - 0x0000022e4f633000 	C:\Users\Pavel\.openjfx\cache\19-ea+3\api-ms-win-crt-locale-l1-1-0.dll
0x0000022e4f640000 - 0x0000022e4f645000 	C:\Users\Pavel\.openjfx\cache\19-ea+3\api-ms-win-crt-math-l1-1-0.dll
0x0000022e4f650000 - 0x0000022e4f655000 	C:\Users\Pavel\.openjfx\cache\19-ea+3\api-ms-win-crt-multibyte-l1-1-0.dll
0x0000022e4f660000 - 0x0000022e4f670000 	C:\Users\Pavel\.openjfx\cache\19-ea+3\api-ms-win-crt-private-l1-1-0.dll
0x0000022e4f670000 - 0x0000022e4f673000 	C:\Users\Pavel\.openjfx\cache\19-ea+3\api-ms-win-crt-process-l1-1-0.dll
0x0000022e4f680000 - 0x0000022e4f684000 	C:\Users\Pavel\.openjfx\cache\19-ea+3\api-ms-win-crt-runtime-l1-1-0.dll
0x0000022e4f690000 - 0x0000022e4f694000 	C:\Users\Pavel\.openjfx\cache\19-ea+3\api-ms-win-crt-stdio-l1-1-0.dll
0x0000022e4f6a0000 - 0x0000022e4f6a4000 	C:\Users\Pavel\.openjfx\cache\19-ea+3\api-ms-win-crt-string-l1-1-0.dll
0x0000022e4f6b0000 - 0x0000022e4f6b3000 	C:\Users\Pavel\.openjfx\cache\19-ea+3\api-ms-win-crt-time-l1-1-0.dll
0x0000022e4f6c0000 - 0x0000022e4f6c3000 	C:\Users\Pavel\.openjfx\cache\19-ea+3\api-ms-win-crt-utility-l1-1-0.dll
0x00007ffb1d060000 - 0x00007ffb1d15c000 	C:\Users\Pavel\.openjfx\cache\19-ea+3\ucrtbase.dll
0x00007ffb29c40000 - 0x00007ffb29c5a000 	C:\Users\Pavel\.openjfx\cache\19-ea+3\vcruntime140.dll
0x00007ffb358f0000 - 0x00007ffb358fc000 	C:\Users\Pavel\.openjfx\cache\19-ea+3\vcruntime140_1.dll
0x00007ffb21aa0000 - 0x00007ffb21b2d000 	C:\Users\Pavel\.openjfx\cache\19-ea+3\msvcp140.dll
0x00007ffb285f0000 - 0x00007ffb2861c000 	C:\Users\Pavel\.openjfx\cache\19-ea+3\prism_d3d.dll
0x00007ffb0f5f0000 - 0x00007ffb0f7bf000 	C:\Windows\system32\d3d9.dll
0x00007ffb3c0a0000 - 0x00007ffb3c0cf000 	C:\Windows\SYSTEM32\dwmapi.dll
0x00007ffb3b6f0000 - 0x00007ffb3b78e000 	C:\Windows\system32\uxtheme.dll
0x00007ffb15850000 - 0x00007ffb159b2000 	C:\Windows\System32\DriverStore\FileRepository\iigd_dch.inf_amd64_9c1ab568b4fa57de\igdumdim64.dll
0x00007ffb31a50000 - 0x00007ffb31ba4000 	C:\Windows\System32\DriverStore\FileRepository\iigd_dch.inf_amd64_9c1ab568b4fa57de\igdgmm64.dll
0x00007ffb27840000 - 0x00007ffb27882000 	C:\Users\Pavel\.openjfx\cache\19-ea+3\glass.dll
0x00007ffb3fef0000 - 0x00007ffb3ffcb000 	C:\Windows\System32\COMDLG32.dll
0x00007ffb40320000 - 0x00007ffb4044a000 	C:\Windows\System32\ole32.dll
0x00007ffb3fb10000 - 0x00007ffb3fbdd000 	C:\Windows\System32\OLEAUT32.dll
0x00007ffb3fd50000 - 0x00007ffb3fe66000 	C:\Windows\System32\MSCTF.dll
0x00007ffafb260000 - 0x00007ffafee79000 	C:\Windows\System32\DriverStore\FileRepository\iigd_dch.inf_amd64_9c1ab568b4fa57de\igd9dxva64.dll
0x00007ffb27a80000 - 0x00007ffb27aa2000 	C:\Windows\System32\DriverStore\FileRepository\iigd_dch.inf_amd64_9c1ab568b4fa57de\igdinfo64.dll
0x00007ffb2f6a0000 - 0x00007ffb31a1d000 	C:\Windows\System32\DriverStore\FileRepository\iigd_dch.inf_amd64_9c1ab568b4fa57de\igc64.dll
0x00007ffb337a0000 - 0x00007ffb337db000 	C:\Windows\SYSTEM32\dxcore.dll
0x00007ffb3e940000 - 0x00007ffb3e98e000 	C:\Windows\System32\cfgmgr32.dll
0x00007ffb29af0000 - 0x00007ffb29b04000 	C:\Users\Pavel\.openjfx\cache\19-ea+3\javafx_font.dll
0x00007ffb2d960000 - 0x00007ffb2dbdf000 	C:\Windows\SYSTEM32\dwrite.dll
0x00007ffb3fa50000 - 0x00007ffb3faf9000 	C:\Windows\System32\clbcatq.dll
0x00007ffb35960000 - 0x00007ffb35b14000 	C:\Windows\SYSTEM32\WindowsCodecs.dll
0x00007ffb3e990000 - 0x00007ffb3e9b7000 	C:\Windows\System32\bcrypt.dll
0x00007ffb19bd0000 - 0x00007ffb19c0e000 	C:\Windows\system32\dataexchange.dll
0x00007ffb3a030000 - 0x00007ffb3a294000 	C:\Windows\system32\d3d11.dll
0x00007ffb3aaa0000 - 0x00007ffb3ac87000 	C:\Windows\system32\dcomp.dll
0x00007ffb3d120000 - 0x00007ffb3d213000 	C:\Windows\system32\dxgi.dll
0x00007ffb35e40000 - 0x00007ffb36041000 	C:\Windows\system32\twinapi.appcore.dll
0x00007ffb27520000 - 0x00007ffb27554000 	C:\Program Files\Common Files\Microsoft Shared\Ink\rtscom.dll
0x00007ffb31d30000 - 0x00007ffb31e2b000 	C:\Windows\SYSTEM32\textinputframework.dll
0x00007ffb3b010000 - 0x00007ffb3b36e000 	C:\Windows\System32\CoreUIComponents.dll
0x00007ffb3b370000 - 0x00007ffb3b462000 	C:\Windows\System32\CoreMessaging.dll
0x00007ffb3d510000 - 0x00007ffb3d543000 	C:\Windows\SYSTEM32\ntmarta.dll
0x00007ffb3a940000 - 0x00007ffb3aa94000 	C:\Windows\SYSTEM32\wintypes.dll
0x00007ffb3a2a0000 - 0x00007ffb3a860000 	C:\Windows\SYSTEM32\d2d1.dll
0x00007ffb337e0000 - 0x00007ffb33ed6000 	C:\Windows\SYSTEM32\D3D10Warp.dll

dbghelp: loaded successfully - version: 4.0.5 - missing functions: none
symbol engine: initialized successfully - sym options: 0x614 - pdb path: .;C:\Program Files\Java\jdk-17.0.2\bin;C:\Windows\SYSTEM32;C:\Windows\WinSxS\amd64_microsoft.windows.common-controls_6595b64144ccf1df_6.0.19041.746_none_ca02b4b61b8320a4;C:\Program Files\Java\jdk-17.0.2\bin\server;C:\Users\Pavel\.openjfx\cache\19-ea+3;C:\Windows\System32\DriverStore\FileRepository\iigd_dch.inf_amd64_9c1ab568b4fa57de;C:\Program Files\Common Files\Microsoft Shared\Ink

VM Arguments:
jvm_args: --module-path=C:\Users\Pavel\.m2\repository\org\openjfx\javafx-base\19-ea+3\javafx-base-19-ea+3-win.jar;C:\Users\Pavel\.m2\repository\org\openjfx\javafx-base\19-ea+3\javafx-base-19-ea+3.jar;C:\Users\Pavel\.m2\repository\org\openjfx\javafx-controls\19-ea+3\javafx-controls-19-ea+3-win.jar;C:\Users\Pavel\.m2\repository\org\openjfx\javafx-controls\19-ea+3\javafx-controls-19-ea+3.jar;C:\Users\Pavel\.m2\repository\org\openjfx\javafx-fxml\19-ea+3\javafx-fxml-19-ea+3-win.jar;C:\Users\Pavel\.m2\repository\org\openjfx\javafx-fxml\19-ea+3\javafx-fxml-19-ea+3.jar;C:\Users\Pavel\.m2\repository\org\openjfx\javafx-graphics\19-ea+3\javafx-graphics-19-ea+3-win.jar;C:\Users\Pavel\.m2\repository\org\openjfx\javafx-graphics\19-ea+3\javafx-graphics-19-ea+3.jar;C:\Users\Pavel\.m2\repository\org\openjfx\javafx-media\19-ea+3\javafx-media-19-ea+3-win.jar;C:\Users\Pavel\.m2\repository\org\openjfx\javafx-media\19-ea+3\javafx-media-19-ea+3.jar;C:\Users\Pavel\.m2\repository\org\openjfx\javafx-swing\19-ea+3\javafx-swing-19-ea+3-win.jar;C:\Users\Pavel\.m2\repository\org\openjfx\javafx-swing\19-ea+3\javafx-swing-19-ea+3.jar;C:\Users\Pavel\.m2\repository\org\openjfx\javafx-web\19-ea+3\javafx-web-19-ea+3-win.jar;C:\Users\Pavel\.m2\repository\org\openjfx\javafx-web\19-ea+3\javafx-web-19-ea+3.jar --add-modules=javafx.base,javafx.controls,javafx.fxml,javafx.graphics,javafx.media,javafx.swing,javafx.web 
java_command: com.lifehouse.raceth.Main
java_class_path (initial): C:\Users\Pavel\IdeaProjects\RaceTH\target\classes;C:\Users\Pavel\.m2\repository\antlr\antlr\2.7.7\antlr-2.7.7.jar;C:\Users\Pavel\.m2\repository\com\fasterxml\classmate\1.5.1\classmate-1.5.1.jar;C:\Users\Pavel\.m2\repository\com\sun\istack\istack-commons-runtime\3.0.7\istack-commons-runtime-3.0.7.jar;C:\Users\Pavel\.m2\repository\com\sun\xml\fastinfoset\FastInfoset\1.2.15\FastInfoset-1.2.15.jar;C:\Users\Pavel\.m2\repository\javax\activation\javax.activation-api\1.2.0\javax.activation-api-1.2.0.jar;C:\Users\Pavel\.m2\repository\javax\persistence\javax.persistence-api\2.2\javax.persistence-api-2.2.jar;C:\Users\Pavel\.m2\repository\javax\xml\bind\jaxb-api\2.3.1\jaxb-api-2.3.1.jar;C:\Users\Pavel\.m2\repository\net\bytebuddy\byte-buddy\1.12.7\byte-buddy-1.12.7.jar;C:\Users\Pavel\.m2\repository\org\checkerframework\checker-qual\3.5.0\checker-qual-3.5.0.jar;C:\Users\Pavel\.m2\repository\org\glassfish\jaxb\jaxb-runtime\2.3.1\jaxb-runtime-2.3.1.jar;C:\Users\Pavel\.m2\repository\org\glassfish\jaxb\txw2\2.3.1\txw2-2.3.1.jar;C:\Users\Pavel\.m2\repository\org\hibernate\hibernate-core\5.6.5.Final\hibernate-core-5.6.5.Final.jar;C:\Users\Pavel\.m2\repository\org\hibernate\common\hibernate-commons-annotations\5.1.2.Final\hibernate-commons-annotations-5.1.2.Final.jar;C:\Users\Pavel\.m2\repository\org\jboss\jandex\2.4.2.Final\jandex-2.4.2.Final.jar;C:\Users\Pavel\.m2\repository\org\jboss\logging\jboss-logging\3.4.3.Final\jboss-logging-3.4.3.Final.jar;C:\Users\Pavel\.m2\repository\org\jboss\spec\javax\transaction\jboss-transaction-api_1.2_spec\1.1.1.Final\jboss-transaction-api_1.2_spec-1.1.1.Final.jar;C:\Users\Pavel\.m2\repository\org\jvnet\staxex\stax-ex\1.8\stax-ex-1.8.jar;C:\Users\Pavel\.m2\repository\org\postgresql\postgresql\42.3.3\postgresql-42.3.3.jar;C:\Users\Pavel\.m2\repository\org\projectlombok\lombok\1.18.22\lombok-1.18.22.jar
Launcher Type: SUN_STANDARD

[Global flags]
     intx CICompilerCount                          = 3                                         {product} {ergonomic}
     uint ConcGCThreads                            = 1                                         {product} {ergonomic}
     uint G1ConcRefinementThreads                  = 4                                         {product} {ergonomic}
   size_t G1HeapRegionSize                         = 1048576                                   {product} {ergonomic}
    uintx GCDrainStackTargetSize                   = 64                                        {product} {ergonomic}
   size_t InitialHeapSize                          = 65011712                                  {product} {ergonomic}
   size_t MarkStackSize                            = 4194304                                   {product} {ergonomic}
   size_t MaxHeapSize                              = 1027604480                                {product} {ergonomic}
   size_t MaxNewSize                               = 616562688                                 {product} {ergonomic}
   size_t MinHeapDeltaBytes                        = 1048576                                   {product} {ergonomic}
   size_t MinHeapSize                              = 8388608                                   {product} {ergonomic}
    uintx NonNMethodCodeHeapSize                   = 5832780                                {pd product} {ergonomic}
    uintx NonProfiledCodeHeapSize                  = 122912730                              {pd product} {ergonomic}
    uintx ProfiledCodeHeapSize                     = 122912730                              {pd product} {ergonomic}
    uintx ReservedCodeCacheSize                    = 251658240                              {pd product} {ergonomic}
     bool SegmentedCodeCache                       = true                                      {product} {ergonomic}
   size_t SoftMaxHeapSize                          = 1027604480                             {manageable} {ergonomic}
     bool UseCompressedClassPointers               = true                           {product lp64_product} {ergonomic}
     bool UseCompressedOops                        = true                           {product lp64_product} {ergonomic}
     bool UseG1GC                                  = true                                      {product} {ergonomic}
     bool UseLargePagesIndividualAllocation        = false                                  {pd product} {ergonomic}

Logging:
Log output configuration:
 #0: stdout all=warning uptime,level,tags
 #1: stderr all=off uptime,level,tags

Environment Variables:
PATH=C:\Program Files\Common Files\Oracle\Java\javapath;C:\Program Files (x86)\Common Files\Oracle\Java\javapath;C:\Program Files (x86)\Intel\TXE Components\iCLS\;C:\Program Files\Intel\TXE Components\iCLS\;C:\Windows\system32;C:\Windows;C:\Windows\System32\Wbem;C:\Windows\System32\WindowsPowerShell\v1.0\;C:\Windows\System32\OpenSSH\;C:\Program Files\Intel\TXE Components\DAL\;C:\Program Files (x86)\Intel\TXE Components\DAL\;C:\Program Files\Intel\TXE Components\IPT\;C:\Program Files (x86)\Intel\TXE Components\IPT\;C:\Program Files\dotnet\;C:\Program Files\Microsoft SQL Server\130\Tools\Binn\;C:\Program Files\Microsoft SQL Server\Client SDK\ODBC\170\Tools\Binn\;C:\Program Files\Git\cmd;C:\Program Files\MySQL\MySQL Shell 8.0\bin\;C:\Users\Pavel\AppData\Local\Programs\Python\Python39\Scripts\;C:\Users\Pavel\AppData\Local\Programs\Python\Python39\;C:\Users\Pavel\AppData\Local\Microsoft\WindowsApps;C:\Users\Pavel\.dotnet\tools;C:\Windows\Microsoft.NET\Framework\v4.0.30319;;C:\Program Files\JetBrains\IntelliJ IDEA Community Edition 2021.3.2\bin;
USERNAME=Pavel
OS=Windows_NT
PROCESSOR_IDENTIFIER=Intel64 Family 6 Model 122 Stepping 1, GenuineIntel



---------------  S Y S T E M  ---------------

OS:
 Windows 10 , 64 bit Build 19041 (10.0.19041.662)
OS uptime: 0 days 4:39 hours

CPU: total 4 (initial active 4) (4 cores per cpu, 1 threads per core) family 6 model 122 stepping 1 microcode 0x32, cx8, cmov, fxsr, mmx, 3dnowpref, sse, sse2, sse3, ssse3, sse4.1, sse4.2, popcnt, tsc, tscinvbit, aes, erms, clmul, sha, clflush, clflushopt

Memory: 4k page, system-wide physical 3919M (436M free)
TotalPageFile size 5967M (AvailPageFile size 6M)
current process WorkingSet (physical memory assigned to process): 357M, peak: 361M
current process commit charge ("private bytes"): 400M, peak: 403M

vm_info: Java HotSpot(TM) 64-Bit Server VM (17.0.2+8-LTS-86) for windows-amd64 JRE (17.0.2+8-LTS-86), built on Dec  7 2021 21:51:03 by "mach5one" with MS VC++ 16.8 / 16.9 (VS2019)

END.
